#
# There is insufficient memory for the Java Runtime Environment to continue.
# Native memory allocation (malloc) failed to allocate 428016 bytes for Chunk::new
# Possible reasons:
#   The system is out of physical RAM or swap space
#   The process is running with CompressedOops enabled, and the Java Heap may be blocking the growth of the native heap
# Possible solutions:
#   Reduce memory load on the system
#   Increase physical memory or swap space
#   Check if swap backing store is full
#   Decrease Java heap size (-Xmx/-Xms)
#   Decrease number of Java threads
#   Decrease Java thread stack sizes (-Xss)
#   Set larger code cache with -XX:ReservedCodeCacheSize=
#   JVM is running with Unscaled Compressed Oops mode in which the Java heap is
#     placed in the first 4GB address space. The Java Heap base address is the
#     maximum limit for the native heap growth. Please use -XX:HeapBaseMinAddress
#     to set the Java Heap base and to place the Java Heap above 4GB virtual address.
# This output file may be truncated or incomplete.
#
#  Out of Memory Error (arena.cpp:191), pid=113484, tid=92464
#
# JRE version: OpenJDK Runtime Environment Temurin-17.0.10+7 (17.0.10+7) (build 17.0.10+7)
# Java VM: OpenJDK 64-Bit Server VM Temurin-17.0.10+7 (17.0.10+7, mixed mode, tiered, compressed oops, compressed class ptrs, parallel gc, windows-amd64)
# Core dump will be written. Default location: c:\Users\jab525\Documents\GitHub\CRSMain\hs_err_pid113484.mdmp
#

---------------  S U M M A R Y ------------

Command Line: --add-modules=ALL-SYSTEM --add-opens=java.base/java.util=ALL-UNNAMED --add-opens=java.base/java.lang=ALL-UNNAMED --add-opens=java.base/sun.nio.fs=ALL-UNNAMED -Declipse.application=org.eclipse.jdt.ls.core.id1 -Dosgi.bundles.defaultStartLevel=4 -Declipse.product=org.eclipse.jdt.ls.core.product -Djava.import.generatesMetadataFilesAtProjectRoot=false -DDetectVMInstallationsJob.disabled=true -Dfile.encoding=utf8 -XX:+UseParallelGC -XX:GCTimeRatio=4 -XX:AdaptiveSizePolicyWeight=90 -Dsun.zip.disableMemoryMapping=true -Xmx1G -Xms100m -Xlog:disable -javaagent:c:\Users\jab525\.vscode\extensions\redhat.java-1.29.0-win32-x64\lombok\lombok-1.18.32.jar c:\Users\jab525\.vscode\extensions\redhat.java-1.29.0-win32-x64\server\plugins\org.eclipse.equinox.launcher_1.6.800.v20240304-1850.jar -configuration c:\Users\jab525\AppData\Roaming\Code\User\globalStorage\redhat.java\1.29.0\config_ss_win -data c:\Users\jab525\AppData\Roaming\Code\User\workspaceStorage\5092cb17a02b7fcc3c168c651c70f762\redhat.java\ss_ws --stdio

Host: Intel(R) Xeon(R) Gold 6248R CPU @ 3.00GHz, 8 cores, 15G,  Windows Server 2019 , 64 bit Build 17763 (10.0.17763.4974)
Time: Sun Apr 21 16:39:52 2024 Eastern Daylight Time elapsed time: 1.457081 seconds (0d 0h 0m 1s)

---------------  T H R E A D  ---------------

Current thread (0x000001a124c3b480):  JavaThread "C2 CompilerThread0" daemon [_thread_in_native, id=92464, stack(0x0000005ae3800000,0x0000005ae3900000)]


Current CompileTask:
C2:   1457 1800       4       java.io.DataInputStream::readUTF (501 bytes)

Stack: [0x0000005ae3800000,0x0000005ae3900000]
Native frames: (J=compiled Java code, j=interpreted, Vv=VM code, C=native code)
V  [jvm.dll+0x67d2c9]
V  [jvm.dll+0x834afa]
V  [jvm.dll+0x8365be]
V  [jvm.dll+0x836c23]
V  [jvm.dll+0x2477ff]
V  [jvm.dll+0xac514]
V  [jvm.dll+0xacb5c]
V  [jvm.dll+0x366782]
V  [jvm.dll+0x330bfa]
V  [jvm.dll+0x33009a]
V  [jvm.dll+0x219ef1]
V  [jvm.dll+0x219311]
V  [jvm.dll+0x1a502d]
V  [jvm.dll+0x2290de]
V  [jvm.dll+0x2272ac]
V  [jvm.dll+0x7e9bb7]
V  [jvm.dll+0x7e3fba]
V  [jvm.dll+0x67c1b5]
C  [ucrtbase.dll+0x2268a]
C  [KERNEL32.DLL+0x17ac4]
C  [ntdll.dll+0x5a4e1]


---------------  P R O C E S S  ---------------

Threads class SMR info:
_java_thread_list=0x000001a12aa0cd20, length=17, elements={
0x000001a11059da20, 0x000001a10febd480, 0x000001a124bdb440, 0x000001a124c26050,
0x000001a124c26cd0, 0x000001a124c28510, 0x000001a124c33ab0, 0x000001a124c3b480,
0x000001a124c3c230, 0x000001a124c3c840, 0x000001a10fe09480, 0x000001a12a570140,
0x000001a12a9cb760, 0x000001a12a9f5660, 0x000001a12aa1de20, 0x000001a12afd7560,
0x000001a12ae9f4b0
}

Java Threads: ( => current thread )
  0x000001a11059da20 JavaThread "main" [_thread_blocked, id=63852, stack(0x0000005ae2f00000,0x0000005ae3000000)]
  0x000001a10febd480 JavaThread "Reference Handler" daemon [_thread_blocked, id=89068, stack(0x0000005ae3200000,0x0000005ae3300000)]
  0x000001a124bdb440 JavaThread "Finalizer" daemon [_thread_blocked, id=111712, stack(0x0000005ae3300000,0x0000005ae3400000)]
  0x000001a124c26050 JavaThread "Signal Dispatcher" daemon [_thread_blocked, id=100044, stack(0x0000005ae3400000,0x0000005ae3500000)]
  0x000001a124c26cd0 JavaThread "Attach Listener" daemon [_thread_blocked, id=107708, stack(0x0000005ae3500000,0x0000005ae3600000)]
  0x000001a124c28510 JavaThread "Service Thread" daemon [_thread_blocked, id=105524, stack(0x0000005ae3600000,0x0000005ae3700000)]
  0x000001a124c33ab0 JavaThread "Monitor Deflation Thread" daemon [_thread_blocked, id=97172, stack(0x0000005ae3700000,0x0000005ae3800000)]
=>0x000001a124c3b480 JavaThread "C2 CompilerThread0" daemon [_thread_in_native, id=92464, stack(0x0000005ae3800000,0x0000005ae3900000)]
  0x000001a124c3c230 JavaThread "C1 CompilerThread0" daemon [_thread_blocked, id=112280, stack(0x0000005ae3900000,0x0000005ae3a00000)]
  0x000001a124c3c840 JavaThread "Sweeper thread" daemon [_thread_blocked, id=59216, stack(0x0000005ae3a00000,0x0000005ae3b00000)]
  0x000001a10fe09480 JavaThread "Common-Cleaner" daemon [_thread_blocked, id=91300, stack(0x0000005ae3b00000,0x0000005ae3c00000)]
  0x000001a12a570140 JavaThread "Notification Thread" daemon [_thread_blocked, id=113508, stack(0x0000005ae3c00000,0x0000005ae3d00000)]
  0x000001a12a9cb760 JavaThread "Active Thread: Equinox Container: 44ccf103-1c48-4a5a-9fc7-ff595b645797" [_thread_blocked, id=94788, stack(0x0000005ae4400000,0x0000005ae4500000)]
  0x000001a12a9f5660 JavaThread "Framework Event Dispatcher: Equinox Container: 44ccf103-1c48-4a5a-9fc7-ff595b645797" daemon [_thread_blocked, id=98280, stack(0x0000005ae4500000,0x0000005ae4600000)]
  0x000001a12aa1de20 JavaThread "Start Level: Equinox Container: 44ccf103-1c48-4a5a-9fc7-ff595b645797" daemon [_thread_in_vm, id=110172, stack(0x0000005ae4600000,0x0000005ae4700000)]
  0x000001a12afd7560 JavaThread "SCR Component Actor" daemon [_thread_blocked, id=95384, stack(0x0000005ae4700000,0x0000005ae4800000)]
  0x000001a12ae9f4b0 JavaThread "SCR Component Registry" daemon [_thread_blocked, id=100940, stack(0x0000005ae4900000,0x0000005ae4a00000)]

Other Threads:
  0x000001a124bc6810 VMThread "VM Thread" [stack: 0x0000005ae3100000,0x0000005ae3200000] [id=106300]
  0x000001a12a596040 WatcherThread [stack: 0x0000005ae3d00000,0x0000005ae3e00000] [id=87668]
  0x000001a10fcdd090 GCTaskThread "GC Thread#0" [stack: 0x0000005ae3000000,0x0000005ae3100000] [id=107304]
  0x000001a12ad14340 GCTaskThread "GC Thread#1" [stack: 0x0000005ae3e00000,0x0000005ae3f00000] [id=104520]
  0x000001a12ad14600 GCTaskThread "GC Thread#2" [stack: 0x0000005ae3f00000,0x0000005ae4000000] [id=109492]
  0x000001a12ac71f20 GCTaskThread "GC Thread#3" [stack: 0x0000005ae4000000,0x0000005ae4100000] [id=80416]
  0x000001a12a8a77a0 GCTaskThread "GC Thread#4" [stack: 0x0000005ae4100000,0x0000005ae4200000] [id=112800]
  0x000001a12a8a7e60 GCTaskThread "GC Thread#5" [stack: 0x0000005ae4200000,0x0000005ae4300000] [id=107548]
  0x000001a12a944ca0 GCTaskThread "GC Thread#6" [stack: 0x0000005ae4300000,0x0000005ae4400000] [id=88380]
  0x000001a10dfc7010 GCTaskThread "GC Thread#7" [stack: 0x0000005ae4800000,0x0000005ae4900000] [id=90176]

Threads with active compile tasks:
C2 CompilerThread0     1504 1800       4       java.io.DataInputStream::readUTF (501 bytes)

VM state: not at safepoint (normal execution)

VM Mutex/Monitor currently owned by a thread: None

Heap address: 0x00000000c0000000, size: 1024 MB, Compressed Oops mode: 32-bit

CDS archive(s) not mapped
Compressed class space mapped at: 0x0000000100000000-0x0000000140000000, reserved size: 1073741824
Narrow klass base: 0x0000000000000000, Narrow klass shift: 3, Narrow klass range: 0x140000000

GC Precious Log:
 CPUs: 8 total, 8 available
 Memory: 16383M
 Large Page Support: Disabled
 NUMA Support: Disabled
 Compressed Oops: Enabled (32-bit)
 Alignments: Space 512K, Generation 512K, Heap 2M
 Heap Min Capacity: 100M
 Heap Initial Capacity: 100M
 Heap Max Capacity: 1G
 Pre-touch: Disabled
 Parallel Workers: 8

Heap:
 PSYoungGen      total 29696K, used 21264K [0x00000000eab00000, 0x00000000ecc00000, 0x0000000100000000)
  eden space 25600K, 67% used [0x00000000eab00000,0x00000000ebbc5a80,0x00000000ec400000)
  from space 4096K, 99% used [0x00000000ec800000,0x00000000ecbfe778,0x00000000ecc00000)
  to   space 4096K, 0% used [0x00000000ec400000,0x00000000ec400000,0x00000000ec800000)
 ParOldGen       total 68608K, used 716K [0x00000000c0000000, 0x00000000c4300000, 0x00000000eab00000)
  object space 68608K, 1% used [0x00000000c0000000,0x00000000c00b3350,0x00000000c4300000)
 Metaspace       used 18147K, committed 18432K, reserved 1114112K
  class space    used 1852K, committed 1984K, reserved 1048576K

Card table byte_map: [0x000001a1100c0000,0x000001a1102d0000] _byte_map_base: 0x000001a10fac0000

Marking Bits: (ParMarkBitMap*) 0x00007ffb776bd7d0
 Begin Bits: [0x000001a122190000, 0x000001a123190000)
 End Bits:   [0x000001a123190000, 0x000001a124190000)

Polling page: 0x000001a10fcb0000

Metaspace:

Usage:
  Non-class:     15.91 MB used.
      Class:      1.81 MB used.
       Both:     17.72 MB used.

Virtual space:
  Non-class space:       64.00 MB reserved,      16.06 MB ( 25%) committed,  1 nodes.
      Class space:        1.00 GB reserved,       1.94 MB ( <1%) committed,  1 nodes.
             Both:        1.06 GB reserved,      18.00 MB (  2%) committed. 

Chunk freelists:
   Non-Class:  15.45 MB
       Class:  14.01 MB
        Both:  29.46 MB

MaxMetaspaceSize: unlimited
CompressedClassSpaceSize: 1.00 GB
Initial GC threshold: 21.00 MB
Current GC threshold: 21.00 MB
CDS: off
MetaspaceReclaimPolicy: balanced
 - commit_granule_bytes: 65536.
 - commit_granule_words: 8192.
 - virtual_space_node_default_size: 8388608.
 - enlarge_chunks_in_place: 1.
 - new_chunks_are_fully_committed: 0.
 - uncommit_free_chunks: 1.
 - use_allocation_guard: 0.
 - handle_deallocations: 1.


Internal statistics:

num_allocs_failed_limit: 0.
num_arena_births: 166.
num_arena_deaths: 0.
num_vsnodes_births: 2.
num_vsnodes_deaths: 0.
num_space_committed: 288.
num_space_uncommitted: 0.
num_chunks_returned_to_freelist: 0.
num_chunks_taken_from_freelist: 515.
num_chunk_merges: 0.
num_chunk_splits: 327.
num_chunks_enlarged: 238.
num_inconsistent_stats: 0.

CodeHeap 'non-profiled nmethods': size=120000Kb used=674Kb max_used=674Kb free=119325Kb
 bounds [0x000001a11ac60000, 0x000001a11aed0000, 0x000001a122190000]
CodeHeap 'profiled nmethods': size=120000Kb used=3468Kb max_used=3468Kb free=116531Kb
 bounds [0x000001a113190000, 0x000001a113500000, 0x000001a11a6c0000]
CodeHeap 'non-nmethods': size=5760Kb used=1184Kb max_used=1194Kb free=4575Kb
 bounds [0x000001a11a6c0000, 0x000001a11a930000, 0x000001a11ac60000]
 total_blobs=2339 nmethods=1859 adapters=394
 compilation: enabled
              stopped_count=0, restarted_count=0
 full_count=0

Compilation events (20 events):
Event: 1.441 Thread 0x000001a124c3c230 nmethod 1808 0x000001a1134d8d10 code [0x000001a1134d9040, 0x000001a1134da518]
Event: 1.441 Thread 0x000001a124c3c230 1810       3       jdk.internal.org.objectweb.asm.Type::getReturnTypeOffset (64 bytes)
Event: 1.442 Thread 0x000001a124c3c230 nmethod 1810 0x000001a1134dac10 code [0x000001a1134daf40, 0x000001a1134dc318]
Event: 1.442 Thread 0x000001a124c3c230 1811       3       org.eclipse.osgi.framework.eventmgr.CopyOnWriteIdentityMap$Snapshot$EntrySet::iterator (12 bytes)
Event: 1.442 Thread 0x000001a124c3c230 nmethod 1811 0x000001a1134dca90 code [0x000001a1134dcc40, 0x000001a1134dcf18]
Event: 1.442 Thread 0x000001a124c3c230 1812       3       org.eclipse.osgi.framework.eventmgr.CopyOnWriteIdentityMap$Snapshot$EntryIterator::<init> (11 bytes)
Event: 1.442 Thread 0x000001a124c3c230 nmethod 1812 0x000001a1134dd090 code [0x000001a1134dd240, 0x000001a1134dd478]
Event: 1.442 Thread 0x000001a124c3c230 1809       3       java.lang.invoke.MethodType::insertParameterTypes (121 bytes)
Event: 1.443 Thread 0x000001a124c3c230 nmethod 1809 0x000001a1134dd590 code [0x000001a1134dd860, 0x000001a1134de628]
Event: 1.443 Thread 0x000001a124c3c230 1805       3       java.lang.Integer::compare (20 bytes)
Event: 1.443 Thread 0x000001a124c3c230 nmethod 1805 0x000001a1134deb90 code [0x000001a1134ded40, 0x000001a1134def18]
Event: 1.443 Thread 0x000001a124c3c230 1813       1       org.osgi.framework.ServiceEvent::getType (5 bytes)
Event: 1.443 Thread 0x000001a124c3c230 nmethod 1813 0x000001a11ad05a10 code [0x000001a11ad05ba0, 0x000001a11ad05c78]
Event: 1.444 Thread 0x000001a124c3c230 1815       1       org.osgi.framework.BundleEvent::getType (5 bytes)
Event: 1.444 Thread 0x000001a124c3c230 nmethod 1815 0x000001a11ad05d10 code [0x000001a11ad05ea0, 0x000001a11ad05f78]
Event: 1.444 Thread 0x000001a124c3c230 1816   !   3       org.eclipse.osgi.internal.log.ExtendedLogReaderServiceFactory::safeIsLoggable (30 bytes)
Event: 1.444 Thread 0x000001a124c3c230 nmethod 1816 0x000001a1134def90 code [0x000001a1134df1a0, 0x000001a1134df878]
Event: 1.451 Thread 0x000001a124c3c230 1817       1       sun.nio.fs.NativeBuffer::setOwner (6 bytes)
Event: 1.451 Thread 0x000001a124c3c230 nmethod 1817 0x000001a11ad06010 code [0x000001a11ad061a0, 0x000001a11ad06278]
Event: 1.453 Thread 0x000001a124c3c230 1818       3       java.io.WinNTFileSystem::resolve (275 bytes)

GC Heap History (4 events):
Event: 0.717 GC heap before
{Heap before GC invocations=1 (full 0):
 PSYoungGen      total 29696K, used 25600K [0x00000000eab00000, 0x00000000ecc00000, 0x0000000100000000)
  eden space 25600K, 100% used [0x00000000eab00000,0x00000000ec400000,0x00000000ec400000)
  from space 4096K, 0% used [0x00000000ec800000,0x00000000ec800000,0x00000000ecc00000)
  to   space 4096K, 0% used [0x00000000ec400000,0x00000000ec400000,0x00000000ec800000)
 ParOldGen       total 68608K, used 0K [0x00000000c0000000, 0x00000000c4300000, 0x00000000eab00000)
  object space 68608K, 0% used [0x00000000c0000000,0x00000000c0000000,0x00000000c4300000)
 Metaspace       used 10985K, committed 11200K, reserved 1114112K
  class space    used 1096K, committed 1216K, reserved 1048576K
}
Event: 0.723 GC heap after
{Heap after GC invocations=1 (full 0):
 PSYoungGen      total 29696K, used 3156K [0x00000000eab00000, 0x00000000ecc00000, 0x0000000100000000)
  eden space 25600K, 0% used [0x00000000eab00000,0x00000000eab00000,0x00000000ec400000)
  from space 4096K, 77% used [0x00000000ec400000,0x00000000ec715298,0x00000000ec800000)
  to   space 4096K, 0% used [0x00000000ec800000,0x00000000ec800000,0x00000000ecc00000)
 ParOldGen       total 68608K, used 16K [0x00000000c0000000, 0x00000000c4300000, 0x00000000eab00000)
  object space 68608K, 0% used [0x00000000c0000000,0x00000000c0004000,0x00000000c4300000)
 Metaspace       used 10985K, committed 11200K, reserved 1114112K
  class space    used 1096K, committed 1216K, reserved 1048576K
}
Event: 1.221 GC heap before
{Heap before GC invocations=2 (full 0):
 PSYoungGen      total 29696K, used 28756K [0x00000000eab00000, 0x00000000ecc00000, 0x0000000100000000)
  eden space 25600K, 100% used [0x00000000eab00000,0x00000000ec400000,0x00000000ec400000)
  from space 4096K, 77% used [0x00000000ec400000,0x00000000ec715298,0x00000000ec800000)
  to   space 4096K, 0% used [0x00000000ec800000,0x00000000ec800000,0x00000000ecc00000)
 ParOldGen       total 68608K, used 16K [0x00000000c0000000, 0x00000000c4300000, 0x00000000eab00000)
  object space 68608K, 0% used [0x00000000c0000000,0x00000000c0004000,0x00000000c4300000)
 Metaspace       used 14652K, committed 14848K, reserved 1114112K
  class space    used 1482K, committed 1536K, reserved 1048576K
}
Event: 1.226 GC heap after
{Heap after GC invocations=2 (full 0):
 PSYoungGen      total 29696K, used 4089K [0x00000000eab00000, 0x00000000ecc00000, 0x0000000100000000)
  eden space 25600K, 0% used [0x00000000eab00000,0x00000000eab00000,0x00000000ec400000)
  from space 4096K, 99% used [0x00000000ec800000,0x00000000ecbfe778,0x00000000ecc00000)
  to   space 4096K, 0% used [0x00000000ec400000,0x00000000ec400000,0x00000000ec800000)
 ParOldGen       total 68608K, used 716K [0x00000000c0000000, 0x00000000c4300000, 0x00000000eab00000)
  object space 68608K, 1% used [0x00000000c0000000,0x00000000c00b3350,0x00000000c4300000)
 Metaspace       used 14652K, committed 14848K, reserved 1114112K
  class space    used 1482K, committed 1536K, reserved 1048576K
}

Dll operation events (9 events):
Event: 0.010 Loaded shared library c:\Users\jab525\.vscode\extensions\redhat.java-1.29.0-win32-x64\jre\17.0.10-win32-x86_64\bin\java.dll
Event: 0.137 Loaded shared library c:\Users\jab525\.vscode\extensions\redhat.java-1.29.0-win32-x64\jre\17.0.10-win32-x86_64\bin\zip.dll
Event: 0.140 Loaded shared library C:\Users\jab525\.vscode\extensions\redhat.java-1.29.0-win32-x64\jre\17.0.10-win32-x86_64\bin\instrument.dll
Event: 0.154 Loaded shared library C:\Users\jab525\.vscode\extensions\redhat.java-1.29.0-win32-x64\jre\17.0.10-win32-x86_64\bin\net.dll
Event: 0.157 Loaded shared library C:\Users\jab525\.vscode\extensions\redhat.java-1.29.0-win32-x64\jre\17.0.10-win32-x86_64\bin\nio.dll
Event: 0.164 Loaded shared library C:\Users\jab525\.vscode\extensions\redhat.java-1.29.0-win32-x64\jre\17.0.10-win32-x86_64\bin\zip.dll
Event: 0.185 Loaded shared library C:\Users\jab525\.vscode\extensions\redhat.java-1.29.0-win32-x64\jre\17.0.10-win32-x86_64\bin\jimage.dll
Event: 0.283 Loaded shared library c:\Users\jab525\.vscode\extensions\redhat.java-1.29.0-win32-x64\jre\17.0.10-win32-x86_64\bin\verify.dll
Event: 1.145 Loaded shared library C:\Users\jab525\AppData\Roaming\Code\User\globalStorage\redhat.java\1.29.0\config_ss_win\org.eclipse.equinox.launcher\org.eclipse.equinox.launcher.win32.win32.x86_64_1.2.900.v20240213-1244\eclipse_11900.dll

Deoptimization events (20 events):
Event: 1.381 Thread 0x000001a12aa1de20 Uncommon trap: trap_request=0xffffffde fr.pc=0x000001a11acbddf8 relative=0x0000000000000498
Event: 1.381 Thread 0x000001a12aa1de20 Uncommon trap: reason=class_check action=maybe_recompile pc=0x000001a11acbddf8 method=java.io.DataInputStream.readInt()I @ 6 c2
Event: 1.381 Thread 0x000001a12aa1de20 DEOPT PACKING pc=0x000001a11acbddf8 sp=0x0000005ae46fb4f0
Event: 1.381 Thread 0x000001a12aa1de20 DEOPT UNPACKING pc=0x000001a11a7166a3 sp=0x0000005ae46fb4a8 mode 2
Event: 1.381 Thread 0x000001a12aa1de20 Uncommon trap: trap_request=0xffffffde fr.pc=0x000001a11acbaac0 relative=0x0000000000001340
Event: 1.381 Thread 0x000001a12aa1de20 Uncommon trap: reason=class_check action=maybe_recompile pc=0x000001a11acbaac0 method=java.io.DataInputStream.readUnsignedShort()I @ 6 c2
Event: 1.381 Thread 0x000001a12aa1de20 DEOPT PACKING pc=0x000001a11acbaac0 sp=0x0000005ae46fb440
Event: 1.381 Thread 0x000001a12aa1de20 DEOPT UNPACKING pc=0x000001a11a7166a3 sp=0x0000005ae46fb3c0 mode 2
Event: 1.381 Thread 0x000001a12aa1de20 Uncommon trap: trap_request=0xffffffde fr.pc=0x000001a11acbaac0 relative=0x0000000000001340
Event: 1.381 Thread 0x000001a12aa1de20 Uncommon trap: reason=class_check action=maybe_recompile pc=0x000001a11acbaac0 method=java.io.DataInputStream.readUnsignedShort()I @ 6 c2
Event: 1.381 Thread 0x000001a12aa1de20 DEOPT PACKING pc=0x000001a11acbaac0 sp=0x0000005ae46fb440
Event: 1.381 Thread 0x000001a12aa1de20 DEOPT UNPACKING pc=0x000001a11a7166a3 sp=0x0000005ae46fb3c0 mode 2
Event: 1.382 Thread 0x000001a12aa1de20 Uncommon trap: trap_request=0xffffffde fr.pc=0x000001a11acbaac0 relative=0x0000000000001340
Event: 1.382 Thread 0x000001a12aa1de20 Uncommon trap: reason=class_check action=maybe_recompile pc=0x000001a11acbaac0 method=java.io.DataInputStream.readUnsignedShort()I @ 6 c2
Event: 1.382 Thread 0x000001a12aa1de20 DEOPT PACKING pc=0x000001a11acbaac0 sp=0x0000005ae46fb440
Event: 1.382 Thread 0x000001a12aa1de20 DEOPT UNPACKING pc=0x000001a11a7166a3 sp=0x0000005ae46fb3c0 mode 2
Event: 1.382 Thread 0x000001a12aa1de20 Uncommon trap: trap_request=0xffffffde fr.pc=0x000001a11acbaac0 relative=0x0000000000001340
Event: 1.382 Thread 0x000001a12aa1de20 Uncommon trap: reason=class_check action=maybe_recompile pc=0x000001a11acbaac0 method=java.io.DataInputStream.readUnsignedShort()I @ 6 c2
Event: 1.382 Thread 0x000001a12aa1de20 DEOPT PACKING pc=0x000001a11acbaac0 sp=0x0000005ae46fb440
Event: 1.382 Thread 0x000001a12aa1de20 DEOPT UNPACKING pc=0x000001a11a7166a3 sp=0x0000005ae46fb3c0 mode 2

Classes unloaded (0 events):
No events

Classes redefined (0 events):
No events

Internal exceptions (20 events):
Event: 0.503 Thread 0x000001a11059da20 Exception <a 'java/io/FileNotFoundException'{0x00000000eb8bd248}> (0x00000000eb8bd248) 
thrown [s\src\hotspot\share\prims\jni.cpp, line 516]
Event: 0.632 Thread 0x000001a11059da20 Exception <a 'java/lang/ClassNotFoundException'{0x00000000ec0c6268}: sun/net/www/protocol/c/Handler> (0x00000000ec0c6268) 
thrown [s\src\hotspot\share\classfile\systemDictionary.cpp, line 256]
Event: 0.632 Thread 0x000001a11059da20 Exception <a 'java/lang/ClassNotFoundException'{0x00000000ec0c75c0}: sun/net/www/protocol/c/Handler> (0x00000000ec0c75c0) 
thrown [s\src\hotspot\share\classfile\systemDictionary.cpp, line 256]
Event: 0.632 Thread 0x000001a11059da20 Exception <a 'java/lang/ClassNotFoundException'{0x00000000ec0c8760}: sun/net/www/protocol/c/Handler> (0x00000000ec0c8760) 
thrown [s\src\hotspot\share\classfile\systemDictionary.cpp, line 256]
Event: 0.642 Thread 0x000001a11059da20 Exception <a 'java/io/FileNotFoundException'{0x00000000ec0ebdf0}> (0x00000000ec0ebdf0) 
thrown [s\src\hotspot\share\prims\jni.cpp, line 516]
Event: 0.710 Thread 0x000001a11059da20 Exception <a 'java/lang/NoSuchMethodError'{0x00000000ec3c3a28}: 'int java.lang.invoke.DirectMethodHandle$Holder.invokeStaticInit(java.lang.Object, java.lang.Object, java.lang.Object, java.lang.Object)'> (0x00000000ec3c3a28) 
thrown [s\src\hotspot\share\interpreter\linkResolver.cpp, line 759]
Event: 0.712 Thread 0x000001a11059da20 Exception <a 'java/lang/NoSuchMethodError'{0x00000000ec3ce098}: 'java.lang.Object java.lang.invoke.DirectMethodHandle$Holder.invokeInterface(java.lang.Object, java.lang.Object)'> (0x00000000ec3ce098) 
thrown [s\src\hotspot\share\interpreter\linkResolver.cpp, line 759]
Event: 0.712 Thread 0x000001a11059da20 Exception <a 'java/lang/IncompatibleClassChangeError'{0x00000000ec3d1890}: Found class java.lang.Object, but interface was expected> (0x00000000ec3d1890) 
thrown [s\src\hotspot\share\interpreter\linkResolver.cpp, line 826]
Event: 0.713 Thread 0x000001a11059da20 Exception <a 'java/lang/NoSuchMethodError'{0x00000000ec3d5d80}: 'void java.lang.invoke.DirectMethodHandle$Holder.invokeStatic(java.lang.Object, java.lang.Object)'> (0x00000000ec3d5d80) 
thrown [s\src\hotspot\share\interpreter\linkResolver.cpp, line 759]
Event: 0.713 Thread 0x000001a11059da20 Exception <a 'java/lang/NoSuchMethodError'{0x00000000ec3d9580}: 'void java.lang.invoke.DirectMethodHandle$Holder.invokeStaticInit(java.lang.Object, java.lang.Object)'> (0x00000000ec3d9580) 
thrown [s\src\hotspot\share\interpreter\linkResolver.cpp, line 759]
Event: 0.713 Thread 0x000001a11059da20 Exception <a 'java/lang/NoSuchMethodError'{0x00000000ec3e0990}: 'int java.lang.invoke.DirectMethodHandle$Holder.invokeStaticInit(java.lang.Object, java.lang.Object)'> (0x00000000ec3e0990) 
thrown [s\src\hotspot\share\interpreter\linkResolver.cpp, line 759]
Event: 0.777 Thread 0x000001a11059da20 Exception <a 'java/lang/NoSuchMethodError'{0x00000000eac4a5f8}: 'void java.lang.invoke.DirectMethodHandle$Holder.invokeSpecial(java.lang.Object, java.lang.Object, java.lang.Object)'> (0x00000000eac4a5f8) 
thrown [s\src\hotspot\share\interpreter\linkResolver.cpp, line 759]
Event: 1.002 Thread 0x000001a11059da20 Exception <a 'java/lang/NoSuchMethodError'{0x00000000eb946458}: 'java.lang.Object java.lang.invoke.DirectMethodHandle$Holder.newInvokeSpecial(java.lang.Object, int, java.lang.Object)'> (0x00000000eb946458) 
thrown [s\src\hotspot\share\interpreter\linkResolver.cpp, line 759]
Event: 1.142 Thread 0x000001a11059da20 Exception <a 'java/lang/UnsatisfiedLinkError'{0x00000000ebeece60}: 'void org.eclipse.equinox.launcher.JNIBridge._update_splash()'> (0x00000000ebeece60) 
thrown [s\src\hotspot\share\prims\nativeLookup.cpp, line 543]
Event: 1.180 Thread 0x000001a12aa1de20 Exception <a 'java/lang/NoSuchMethodError'{0x00000000ec1dcb20}: 'java.lang.Object java.lang.invoke.DirectMethodHandle$Holder.invokeStaticInit(java.lang.Object)'> (0x00000000ec1dcb20) 
thrown [s\src\hotspot\share\interpreter\linkResolver.cpp, line 759]
Event: 1.207 Thread 0x000001a12aa1de20 Exception <a 'java/lang/NullPointerException'{0x00000000ec322158}> (0x00000000ec322158) 
thrown [s\src\hotspot\share\interpreter\linkResolver.cpp, line 1350]
Event: 1.207 Thread 0x000001a12aa1de20 Exception <a 'java/lang/NullPointerException'{0x00000000ec322430}> (0x00000000ec322430) 
thrown [s\src\hotspot\share\interpreter\linkResolver.cpp, line 1350]
Event: 1.375 Thread 0x000001a12aa1de20 Exception <a 'java/io/FileNotFoundException'{0x00000000eb5dab78}> (0x00000000eb5dab78) 
thrown [s\src\hotspot\share\prims\jni.cpp, line 516]
Event: 1.412 Thread 0x000001a12aa1de20 Exception <a 'java/lang/NoSuchMethodError'{0x00000000eb779ac0}: 'java.lang.Object java.lang.invoke.Invokers$Holder.invokeExact_MT(java.lang.Object, java.lang.Object, java.lang.Object, java.lang.Object, java.lang.Object, java.lang.Object)'> (0x00000000eb779ac0) 
thrown [s\src\hotspot\share\interpreter\linkResolver.cpp, line 759]
Event: 1.441 Thread 0x000001a12aa1de20 Exception <a 'java/lang/NoSuchMethodError'{0x00000000eb89e1c0}: 'java.lang.Object java.lang.invoke.Invokers$Holder.linkToTargetMethod(java.lang.Object, long, java.lang.Object)'> (0x00000000eb89e1c0) 
thrown [s\src\hotspot\share\interpreter\linkResolver.cpp, line 759]

VM Operations (20 events):
Event: 0.202 Executing VM operation: HandshakeAllThreads
Event: 0.202 Executing VM operation: HandshakeAllThreads done
Event: 0.493 Executing VM operation: HandshakeAllThreads
Event: 0.493 Executing VM operation: HandshakeAllThreads done
Event: 0.717 Executing VM operation: ICBufferFull
Event: 0.717 Executing VM operation: ICBufferFull done
Event: 0.717 Executing VM operation: ParallelGCFailedAllocation
Event: 0.723 Executing VM operation: ParallelGCFailedAllocation done
Event: 0.980 Executing VM operation: HandshakeAllThreads
Event: 0.980 Executing VM operation: HandshakeAllThreads done
Event: 0.980 Executing VM operation: HandshakeAllThreads
Event: 0.980 Executing VM operation: HandshakeAllThreads done
Event: 0.985 Executing VM operation: HandshakeAllThreads
Event: 0.985 Executing VM operation: HandshakeAllThreads done
Event: 0.998 Executing VM operation: HandshakeAllThreads
Event: 0.998 Executing VM operation: HandshakeAllThreads done
Event: 1.204 Executing VM operation: HandshakeAllThreads
Event: 1.204 Executing VM operation: HandshakeAllThreads done
Event: 1.221 Executing VM operation: ParallelGCFailedAllocation
Event: 1.226 Executing VM operation: ParallelGCFailedAllocation done

Events (20 events):
Event: 1.284 loading class java/util/concurrent/locks/ReentrantLock$FairSync
Event: 1.284 loading class java/util/concurrent/locks/ReentrantLock$FairSync done
Event: 1.286 loading class java/util/Collections$ReverseComparator
Event: 1.286 loading class java/util/Collections$ReverseComparator done
Event: 1.330 loading class java/lang/CloneNotSupportedException
Event: 1.330 loading class java/lang/CloneNotSupportedException done
Event: 1.354 loading class java/util/TreeMap$Values
Event: 1.354 loading class java/util/TreeMap$Values done
Event: 1.354 loading class java/util/TreeMap$ValueIterator
Event: 1.354 loading class java/util/TreeMap$ValueIterator done
Event: 1.366 loading class java/nio/file/NoSuchFileException
Event: 1.366 loading class java/nio/file/FileSystemException
Event: 1.366 loading class java/nio/file/FileSystemException done
Event: 1.366 loading class java/nio/file/NoSuchFileException done
Event: 1.411 loading class java/lang/StackWalker$Option
Event: 1.411 loading class java/lang/StackWalker$Option done
Event: 1.413 loading class java/util/Comparators$NaturalOrderComparator
Event: 1.413 loading class java/util/Comparators$NaturalOrderComparator done
Event: 1.414 loading class java/util/Collections$ReverseComparator2
Event: 1.414 loading class java/util/Collections$ReverseComparator2 done


Dynamic libraries:
0x00007ff7aec30000 - 0x00007ff7aec3e000 	c:\Users\jab525\.vscode\extensions\redhat.java-1.29.0-win32-x64\jre\17.0.10-win32-x86_64\bin\java.exe
0x00007ffbf2120000 - 0x00007ffbf230e000 	C:\Windows\SYSTEM32\ntdll.dll
0x00007ffbf0d70000 - 0x00007ffbf0e23000 	C:\Windows\System32\KERNEL32.DLL
0x00007ffbeef40000 - 0x00007ffbef1dd000 	C:\Windows\System32\KERNELBASE.dll
0x00007ffbee5c0000 - 0x00007ffbee6ba000 	C:\Windows\System32\ucrtbase.dll
0x00007ffbba670000 - 0x00007ffbba68b000 	c:\Users\jab525\.vscode\extensions\redhat.java-1.29.0-win32-x64\jre\17.0.10-win32-x86_64\bin\VCRUNTIME140.dll
0x00007ffbc0570000 - 0x00007ffbc0587000 	c:\Users\jab525\.vscode\extensions\redhat.java-1.29.0-win32-x64\jre\17.0.10-win32-x86_64\bin\jli.dll
0x00007ffbf1c40000 - 0x00007ffbf1dd7000 	C:\Windows\System32\USER32.dll
0x00007ffbdb3e0000 - 0x00007ffbdb659000 	C:\Windows\WinSxS\amd64_microsoft.windows.common-controls_6595b64144ccf1df_6.0.17763.5329_none_de6f1d32534d4c59\COMCTL32.dll
0x00007ffbee6c0000 - 0x00007ffbee6e0000 	C:\Windows\System32\win32u.dll
0x00007ffbf1e40000 - 0x00007ffbf1e69000 	C:\Windows\System32\GDI32.dll
0x00007ffbee3c0000 - 0x00007ffbee56a000 	C:\Windows\System32\gdi32full.dll
0x00007ffbef3c0000 - 0x00007ffbef45e000 	C:\Windows\System32\msvcrt.dll
0x00007ffbef210000 - 0x00007ffbef2b0000 	C:\Windows\System32\msvcp_win.dll
0x00007ffbf1070000 - 0x00007ffbf139b000 	C:\Windows\System32\combase.dll
0x00007ffbf1fd0000 - 0x00007ffbf20ee000 	C:\Windows\System32\RPCRT4.dll
0x00007ffbef2b0000 - 0x00007ffbef332000 	C:\Windows\System32\bcryptPrimitives.dll
0x00007ffbf0f90000 - 0x00007ffbf0fbe000 	C:\Windows\System32\IMM32.DLL
0x00007ffbedf90000 - 0x00007ffbedfcb000 	C:\Program Files\Citrix\HDX\bin\MfApHook.dll
0x00007ffbedeb0000 - 0x00007ffbedee4000 	C:\Program Files\Citrix\HDX\bin\CtxMFPlugin64.dll
0x00007ffbf1b10000 - 0x00007ffbf1bb8000 	C:\Windows\System32\ADVAPI32.dll
0x00007ffbedc80000 - 0x00007ffbede81000 	C:\Windows\SYSTEM32\MFPlat.DLL
0x00007ffbede90000 - 0x00007ffbedea3000 	C:\Windows\SYSTEM32\WTSAPI32.dll
0x00007ffbef460000 - 0x00007ffbef502000 	C:\Windows\System32\sechost.dll
0x00007ffbef1e0000 - 0x00007ffbef206000 	C:\Windows\System32\bcrypt.dll
0x00007ffbee570000 - 0x00007ffbee5ba000 	C:\Windows\System32\cfgmgr32.dll
0x00007ffbf13a0000 - 0x00007ffbf1447000 	C:\Windows\System32\shcore.dll
0x00007ffbf1e70000 - 0x00007ffbf1fc6000 	C:\Windows\System32\ole32.dll
0x00007ffbee180000 - 0x00007ffbee191000 	C:\Windows\System32\kernel.appcore.dll
0x00007ffbf0e30000 - 0x00007ffbf0ef4000 	C:\Windows\System32\OLEAUT32.dll
0x00007ffbce430000 - 0x00007ffbce43c000 	c:\Users\jab525\.vscode\extensions\redhat.java-1.29.0-win32-x64\jre\17.0.10-win32-x86_64\bin\VCRUNTIME140_1.dll
0x00007ffbedc20000 - 0x00007ffbedc4f000 	C:\Windows\SYSTEM32\RTWorkQ.DLL
0x00007ffbed6f0000 - 0x00007ffbedc19000 	C:\Windows\system32\mfcore.dll
0x00007ffbee1a0000 - 0x00007ffbee39e000 	C:\Windows\System32\CRYPT32.dll
0x00007ffbee100000 - 0x00007ffbee112000 	C:\Windows\System32\MSASN1.dll
0x00007ffbee120000 - 0x00007ffbee17d000 	C:\Windows\System32\powrprof.dll
0x00007ffbed6e0000 - 0x00007ffbed6e9000 	C:\Windows\SYSTEM32\ksuser.dll
0x00007ffbed6d0000 - 0x00007ffbed6dc000 	C:\Windows\SYSTEM32\CRYPTBASE.DLL
0x00007ffbe5c10000 - 0x00007ffbe5c4a000 	C:\Program Files\Citrix\HDX\bin\mmhook.dll
0x00007ffbec0d0000 - 0x00007ffbec0ff000 	C:\Program Files\Citrix\HDX\bin\SfrHook.dll
0x00007ffbed670000 - 0x00007ffbed69d000 	C:\Program Files\Citrix\HDX\bin\ShellHook.dll
0x00007ffbf18d0000 - 0x00007ffbf1922000 	C:\Windows\System32\SHLWAPI.dll
0x00007ffbed540000 - 0x00007ffbed666000 	C:\Program Files\Citrix\HDX\bin\SCardHook.dll
0x00007ffbb84a0000 - 0x00007ffbb852d000 	c:\Users\jab525\.vscode\extensions\redhat.java-1.29.0-win32-x64\jre\17.0.10-win32-x86_64\bin\msvcp140.dll
0x00007ffb76b20000 - 0x00007ffb77782000 	c:\Users\jab525\.vscode\extensions\redhat.java-1.29.0-win32-x64\jre\17.0.10-win32-x86_64\bin\server\jvm.dll
0x00007ffbd9110000 - 0x00007ffbd9119000 	C:\Windows\SYSTEM32\WSOCK32.dll
0x00007ffbf1930000 - 0x00007ffbf199d000 	C:\Windows\System32\WS2_32.dll
0x00007ffbdbab0000 - 0x00007ffbdbad4000 	C:\Windows\SYSTEM32\WINMM.dll
0x00007ffbe7670000 - 0x00007ffbe767a000 	C:\Windows\SYSTEM32\VERSION.dll
0x00007ffbdb7c0000 - 0x00007ffbdb7ed000 	C:\Windows\SYSTEM32\WINMMBASE.dll
0x00007ffbc7c90000 - 0x00007ffbc7c9a000 	c:\Users\jab525\.vscode\extensions\redhat.java-1.29.0-win32-x64\jre\17.0.10-win32-x86_64\bin\jimage.dll
0x00007ffbdad90000 - 0x00007ffbdaf7d000 	C:\Windows\SYSTEM32\DBGHELP.DLL
0x00007ffbdad50000 - 0x00007ffbdad7a000 	C:\Windows\SYSTEM32\dbgcore.DLL
0x00007ffbc7c20000 - 0x00007ffbc7c2e000 	c:\Users\jab525\.vscode\extensions\redhat.java-1.29.0-win32-x64\jre\17.0.10-win32-x86_64\bin\instrument.dll
0x00007ffbbaa80000 - 0x00007ffbbaaa5000 	c:\Users\jab525\.vscode\extensions\redhat.java-1.29.0-win32-x64\jre\17.0.10-win32-x86_64\bin\java.dll
0x00007ffbc08d0000 - 0x00007ffbc08e8000 	c:\Users\jab525\.vscode\extensions\redhat.java-1.29.0-win32-x64\jre\17.0.10-win32-x86_64\bin\zip.dll
0x00007ffbef870000 - 0x00007ffbf0d68000 	C:\Windows\System32\SHELL32.dll
0x00007ffbee7f0000 - 0x00007ffbeef37000 	C:\Windows\System32\windows.storage.dll
0x00007ffbee0d0000 - 0x00007ffbee0f3000 	C:\Windows\System32\profapi.dll
0x00007ffbee3a0000 - 0x00007ffbee3bb000 	C:\Windows\System32\cryptsp.dll
0x00007ffbba5e0000 - 0x00007ffbba5f9000 	C:\Users\jab525\.vscode\extensions\redhat.java-1.29.0-win32-x64\jre\17.0.10-win32-x86_64\bin\net.dll
0x00007ffbe76a0000 - 0x00007ffbe779d000 	C:\Windows\SYSTEM32\WINHTTP.dll
0x00007ffbecca0000 - 0x00007ffbecd07000 	C:\Windows\system32\mswsock.dll
0x00007ffbba5c0000 - 0x00007ffbba5d6000 	C:\Users\jab525\.vscode\extensions\redhat.java-1.29.0-win32-x64\jre\17.0.10-win32-x86_64\bin\nio.dll
0x00007ffbc7bf0000 - 0x00007ffbc7c00000 	c:\Users\jab525\.vscode\extensions\redhat.java-1.29.0-win32-x64\jre\17.0.10-win32-x86_64\bin\verify.dll
0x00007ffbb8460000 - 0x00007ffbb849e000 	C:\Users\jab525\AppData\Roaming\Code\User\globalStorage\redhat.java\1.29.0\config_ss_win\org.eclipse.equinox.launcher\org.eclipse.equinox.launcher.win32.win32.x86_64_1.2.900.v20240213-1244\eclipse_11900.dll

dbghelp: loaded successfully - version: 4.0.5 - missing functions: none
symbol engine: initialized successfully - sym options: 0x614 - pdb path: .;c:\Users\jab525\.vscode\extensions\redhat.java-1.29.0-win32-x64\jre\17.0.10-win32-x86_64\bin;C:\Windows\SYSTEM32;C:\Windows\WinSxS\amd64_microsoft.windows.common-controls_6595b64144ccf1df_6.0.17763.5329_none_de6f1d32534d4c59;C:\Program Files\Citrix\HDX\bin;c:\Users\jab525\.vscode\extensions\redhat.java-1.29.0-win32-x64\jre\17.0.10-win32-x86_64\bin\server;C:\Users\jab525\AppData\Roaming\Code\User\globalStorage\redhat.java\1.29.0\config_ss_win\org.eclipse.equinox.launcher\org.eclipse.equinox.launcher.win32.win32.x86_64_1.2.900.v20240213-1244

VM Arguments:
jvm_args: --add-modules=ALL-SYSTEM --add-opens=java.base/java.util=ALL-UNNAMED --add-opens=java.base/java.lang=ALL-UNNAMED --add-opens=java.base/sun.nio.fs=ALL-UNNAMED -Declipse.application=org.eclipse.jdt.ls.core.id1 -Dosgi.bundles.defaultStartLevel=4 -Declipse.product=org.eclipse.jdt.ls.core.product -Djava.import.generatesMetadataFilesAtProjectRoot=false -DDetectVMInstallationsJob.disabled=true -Dfile.encoding=utf8 -XX:+UseParallelGC -XX:GCTimeRatio=4 -XX:AdaptiveSizePolicyWeight=90 -Dsun.zip.disableMemoryMapping=true -Xmx1G -Xms100m -Xlog:disable -javaagent:c:\Users\jab525\.vscode\extensions\redhat.java-1.29.0-win32-x64\lombok\lombok-1.18.32.jar 
java_command: c:\Users\jab525\.vscode\extensions\redhat.java-1.29.0-win32-x64\server\plugins\org.eclipse.equinox.launcher_1.6.800.v20240304-1850.jar -configuration c:\Users\jab525\AppData\Roaming\Code\User\globalStorage\redhat.java\1.29.0\config_ss_win -data c:\Users\jab525\AppData\Roaming\Code\User\workspaceStorage\5092cb17a02b7fcc3c168c651c70f762\redhat.java\ss_ws --stdio
java_class_path (initial): c:\Users\jab525\.vscode\extensions\redhat.java-1.29.0-win32-x64\server\plugins\org.eclipse.equinox.launcher_1.6.800.v20240304-1850.jar
Launcher Type: SUN_STANDARD

[Global flags]
    uintx AdaptiveSizePolicyWeight                 = 90                                        {product} {command line}
     intx CICompilerCount                          = 4                                         {product} {ergonomic}
    uintx GCTimeRatio                              = 4                                         {product} {command line}
   size_t InitialHeapSize                          = 104857600                                 {product} {command line}
   size_t MaxHeapSize                              = 1073741824                                {product} {command line}
   size_t MaxNewSize                               = 357564416                                 {product} {ergonomic}
   size_t MinHeapDeltaBytes                        = 524288                                    {product} {ergonomic}
   size_t MinHeapSize                              = 104857600                                 {product} {command line}
   size_t NewSize                                  = 34603008                                  {product} {ergonomic}
    uintx NonNMethodCodeHeapSize                   = 5839372                                {pd product} {ergonomic}
    uintx NonProfiledCodeHeapSize                  = 122909434                              {pd product} {ergonomic}
   size_t OldSize                                  = 70254592                                  {product} {ergonomic}
    uintx ProfiledCodeHeapSize                     = 122909434                              {pd product} {ergonomic}
    uintx ReservedCodeCacheSize                    = 251658240                              {pd product} {ergonomic}
     bool SegmentedCodeCache                       = true                                      {product} {ergonomic}
   size_t SoftMaxHeapSize                          = 1073741824                             {manageable} {ergonomic}
     bool UseCompressedClassPointers               = true                           {product lp64_product} {ergonomic}
     bool UseCompressedOops                        = true                           {product lp64_product} {ergonomic}
     bool UseLargePagesIndividualAllocation        = false                                  {pd product} {ergonomic}
     bool UseParallelGC                            = true                                      {product} {command line}

Logging:
Log output configuration:
 #0: stdout all=off uptime,level,tags
 #1: stderr all=off uptime,level,tags

Environment Variables:
JAVA_HOME=C:\Program Files\Microsoft\jdk-11.0.21.9-hotspot\
PATH=C:\Program Files\Microsoft\jdk-11.0.21.9-hotspot\bin;C:\Windows\system32;C:\Windows;C:\Windows\System32\Wbem;C:\Windows\System32\WindowsPowerShell\v1.0\;C:\Windows\System32\OpenSSH\;C:\Program Files (x86)\Citrix\HDX\bin\;C:\Program Files\Citrix\HDX\bin\;C:\Program Files\Microsoft VS Code\bin;C:\Program Files (x86)\Microsoft SQL Server\160\DTS\Binn\;C:\Program Files\Azure Data Studio\bin;C:\Program Files (x86)\Citrix\Workspace Environment Management Agent;C:\Program Files\AzureConnectedMachineAgent\;C:\Users\jab525\AppData\Local\Microsoft\WindowsApps;C:\Users\jab525\AppData\Local\Programs\Git\cmd;C:\Users\jab525\AppData\Local\GitHubDesktop\bin
USERNAME=jab525
OS=Windows_NT
PROCESSOR_IDENTIFIER=Intel64 Family 6 Model 85 Stepping 0, GenuineIntel
TMP=C:\Users\LOFE7E~1\Temp\162
TEMP=C:\Users\LOFE7E~1\Temp\162



Periodic native trim disabled


---------------  S Y S T E M  ---------------

OS:
 Windows Server 2019 , 64 bit Build 17763 (10.0.17763.4974)
OS uptime: 93 days 22:12 hours
VMWare virtualization detected

CPU: total 8 (initial active 8) (2 cores per cpu, 1 threads per core) family 6 model 85 stepping 0 microcode 0x5003501, cx8, cmov, fxsr, mmx, 3dnowpref, sse, sse2, sse3, ssse3, sse4.1, sse4.2, popcnt, lzcnt, tsc, tscinvbit, avx, avx2, aes, erms, clmul, bmi1, bmi2, adx, fma, vzeroupper, clflush, clflushopt, clwb, hv
Processor Information for all 8 processors :
  Max Mhz: 2993, Current Mhz: 2993, Mhz Limit: 2993

Memory: 4k page, system-wide physical 16383M (323M free)
TotalPageFile size 24479M (AvailPageFile size 5M)
current process WorkingSet (physical memory assigned to process): 97M, peak: 97M
current process commit charge ("private bytes"): 212M, peak: 212M

vm_info: OpenJDK 64-Bit Server VM (17.0.10+7) for windows-amd64 JRE (17.0.10+7), built on Jan 16 2024 23:25:11 by "admin" with MS VC++ 16.10 / 16.11 (VS2019)

END.
