#
# There is insufficient memory for the Java Runtime Environment to continue.
# Native memory allocation (malloc) failed to allocate 1647552 bytes for Chunk::new
# Possible reasons:
#   The system is out of physical RAM or swap space
#   The process is running with CompressedOops enabled, and the Java Heap may be blocking the growth of the native heap
# Possible solutions:
#   Reduce memory load on the system
#   Increase physical memory or swap space
#   Check if swap backing store is full
#   Decrease Java heap size (-Xmx/-Xms)
#   Decrease number of Java threads
#   Decrease Java thread stack sizes (-Xss)
#   Set larger code cache with -XX:ReservedCodeCacheSize=
#   JVM is running with Unscaled Compressed Oops mode in which the Java heap is
#     placed in the first 4GB address space. The Java Heap base address is the
#     maximum limit for the native heap growth. Please use -XX:HeapBaseMinAddress
#     to set the Java Heap base and to place the Java Heap above 4GB virtual address.
# This output file may be truncated or incomplete.
#
#  Out of Memory Error (arena.cpp:191), pid=89856, tid=111572
#
# JRE version: OpenJDK Runtime Environment Temurin-17.0.10+7 (17.0.10+7) (build 17.0.10+7)
# Java VM: OpenJDK 64-Bit Server VM Temurin-17.0.10+7 (17.0.10+7, mixed mode, tiered, compressed oops, compressed class ptrs, parallel gc, windows-amd64)
# Core dump will be written. Default location: c:\Users\jab525\Documents\GitHub\CRSMain\hs_err_pid89856.mdmp
#

---------------  S U M M A R Y ------------

Command Line: --add-modules=ALL-SYSTEM --add-opens=java.base/java.util=ALL-UNNAMED --add-opens=java.base/java.lang=ALL-UNNAMED --add-opens=java.base/sun.nio.fs=ALL-UNNAMED -Declipse.application=org.eclipse.jdt.ls.core.id1 -Dosgi.bundles.defaultStartLevel=4 -Declipse.product=org.eclipse.jdt.ls.core.product -Djava.import.generatesMetadataFilesAtProjectRoot=false -DDetectVMInstallationsJob.disabled=true -Dfile.encoding=utf8 -XX:+UseParallelGC -XX:GCTimeRatio=4 -XX:AdaptiveSizePolicyWeight=90 -Dsun.zip.disableMemoryMapping=true -Xmx1G -Xms100m -Xlog:disable -javaagent:c:\Users\jab525\.vscode\extensions\redhat.java-1.29.0-win32-x64\lombok\lombok-1.18.32.jar -XX:+HeapDumpOnOutOfMemoryError -XX:HeapDumpPath=c:\Users\jab525\AppData\Roaming\Code\User\workspaceStorage\5092cb17a02b7fcc3c168c651c70f762\redhat.java -Daether.dependencyCollector.impl=bf c:\Users\jab525\.vscode\extensions\redhat.java-1.29.0-win32-x64\server\plugins\org.eclipse.equinox.launcher_1.6.800.v20240304-1850.jar -configuration c:\Users\jab525\AppData\Roaming\Code\User\globalStorage\redhat.java\1.29.0\config_win -data c:\Users\jab525\AppData\Roaming\Code\User\workspaceStorage\5092cb17a02b7fcc3c168c651c70f762\redhat.java\jdt_ws --stdio

Host: Intel(R) Xeon(R) Gold 6248R CPU @ 3.00GHz, 8 cores, 15G,  Windows Server 2019 , 64 bit Build 17763 (10.0.17763.4974)
Time: Sun Apr 21 17:19:02 2024 Eastern Daylight Time elapsed time: 5.274663 seconds (0d 0h 0m 5s)

---------------  T H R E A D  ---------------

Current thread (0x000002397e12df60):  JavaThread "C2 CompilerThread0" daemon [_thread_in_native, id=111572, stack(0x0000006078300000,0x0000006078400000)]


Current CompileTask:
C2:   5274 3626       4       java.io.DataInputStream::readUTF (501 bytes)

Stack: [0x0000006078300000,0x0000006078400000]
Native frames: (J=compiled Java code, j=interpreted, Vv=VM code, C=native code)
V  [jvm.dll+0x67d2c9]
V  [jvm.dll+0x834afa]
V  [jvm.dll+0x8365be]
V  [jvm.dll+0x836c23]
V  [jvm.dll+0x2477ff]
V  [jvm.dll+0xac514]
V  [jvm.dll+0xacb5c]
V  [jvm.dll+0x3667d7]
V  [jvm.dll+0x1bcd86]
V  [jvm.dll+0x21a049]
V  [jvm.dll+0x219311]
V  [jvm.dll+0x1a502d]
V  [jvm.dll+0x2290de]
V  [jvm.dll+0x2272ac]
V  [jvm.dll+0x7e9bb7]
V  [jvm.dll+0x7e3fba]
V  [jvm.dll+0x67c1b5]
C  [ucrtbase.dll+0x2268a]
C  [KERNEL32.DLL+0x17ac4]
C  [ntdll.dll+0x5a4e1]


---------------  P R O C E S S  ---------------

Threads class SMR info:
_java_thread_list=0x00000239102151e0, length=24, elements={
0x000002397493fa50, 0x0000023974255740, 0x0000023974258150, 0x000002397425d440,
0x000002397425e0d0, 0x000002397e12ba80, 0x000002397e12d360, 0x000002397e12df60,
0x000002397e12e920, 0x000002397e131380, 0x000002397e285b70, 0x000002390f07d000,
0x000002390f7276a0, 0x000002390f7d0f10, 0x000002390f78be80, 0x000002390fbd94a0,
0x000002390febaf60, 0x000002390f986260, 0x000002391004af90, 0x000002391004b4a0,
0x000002391004a570, 0x000002391004bec0, 0x0000023910163340, 0x00000239102167d0
}

Java Threads: ( => current thread )
  0x000002397493fa50 JavaThread "main" [_thread_blocked, id=71156, stack(0x0000006077a00000,0x0000006077b00000)]
  0x0000023974255740 JavaThread "Reference Handler" daemon [_thread_blocked, id=88960, stack(0x0000006077d00000,0x0000006077e00000)]
  0x0000023974258150 JavaThread "Finalizer" daemon [_thread_blocked, id=99020, stack(0x0000006077e00000,0x0000006077f00000)]
  0x000002397425d440 JavaThread "Signal Dispatcher" daemon [_thread_blocked, id=112308, stack(0x0000006077f00000,0x0000006078000000)]
  0x000002397425e0d0 JavaThread "Attach Listener" daemon [_thread_blocked, id=100544, stack(0x0000006078000000,0x0000006078100000)]
  0x000002397e12ba80 JavaThread "Service Thread" daemon [_thread_blocked, id=85760, stack(0x0000006078100000,0x0000006078200000)]
  0x000002397e12d360 JavaThread "Monitor Deflation Thread" daemon [_thread_blocked, id=111516, stack(0x0000006078200000,0x0000006078300000)]
=>0x000002397e12df60 JavaThread "C2 CompilerThread0" daemon [_thread_in_native, id=111572, stack(0x0000006078300000,0x0000006078400000)]
  0x000002397e12e920 JavaThread "C1 CompilerThread0" daemon [_thread_blocked, id=113656, stack(0x0000006078400000,0x0000006078500000)]
  0x000002397e131380 JavaThread "Sweeper thread" daemon [_thread_blocked, id=86096, stack(0x0000006078500000,0x0000006078600000)]
  0x000002397e285b70 JavaThread "Common-Cleaner" daemon [_thread_blocked, id=113448, stack(0x0000006078600000,0x0000006078700000)]
  0x000002390f07d000 JavaThread "Notification Thread" daemon [_thread_blocked, id=79240, stack(0x0000006078800000,0x0000006078900000)]
  0x000002390f7276a0 JavaThread "Active Thread: Equinox Container: 1785f368-72ef-406e-8599-a9fbb9edf51d" [_thread_blocked, id=113548, stack(0x0000006079100000,0x0000006079200000)]
  0x000002390f7d0f10 JavaThread "Framework Event Dispatcher: Equinox Container: 1785f368-72ef-406e-8599-a9fbb9edf51d" daemon [_thread_blocked, id=105276, stack(0x0000006079200000,0x0000006079300000)]
  0x000002390f78be80 JavaThread "Start Level: Equinox Container: 1785f368-72ef-406e-8599-a9fbb9edf51d" daemon [_thread_in_Java, id=111780, stack(0x0000006079300000,0x0000006079400000)]
  0x000002390fbd94a0 JavaThread "Bundle File Closer" daemon [_thread_blocked, id=105128, stack(0x0000006078700000,0x0000006078800000)]
  0x000002390febaf60 JavaThread "SCR Component Actor" daemon [_thread_blocked, id=89108, stack(0x0000006078a00000,0x0000006078b00000)]
  0x000002390f986260 JavaThread "SCR Component Registry" daemon [_thread_blocked, id=82188, stack(0x0000006079500000,0x0000006079600000)]
  0x000002391004af90 JavaThread "Worker-JM" [_thread_blocked, id=112828, stack(0x0000006079600000,0x0000006079700000)]
  0x000002391004b4a0 JavaThread "Worker-0: Building" [_thread_blocked, id=69724, stack(0x0000006079700000,0x0000006079800000)]
  0x000002391004a570 JavaThread "Worker-1" [_thread_blocked, id=109520, stack(0x0000006079800000,0x0000006079900000)]
  0x000002391004bec0 JavaThread "Worker-2" [_thread_blocked, id=102260, stack(0x0000006079900000,0x0000006079a00000)]
  0x0000023910163340 JavaThread "C2 CompilerThread1" daemon [_thread_blocked, id=101924, stack(0x0000006079a00000,0x0000006079b00000)]
  0x00000239102167d0 JavaThread "C2 CompilerThread2" daemon [_thread_in_native, id=81316, stack(0x0000006079b00000,0x0000006079c00000)]

Other Threads:
  0x000002397e0e7b60 VMThread "VM Thread" [stack: 0x0000006077c00000,0x0000006077d00000] [id=69556]
  0x000002390f0a6d00 WatcherThread [stack: 0x0000006078900000,0x0000006078a00000] [id=96480]
  0x0000023974076500 GCTaskThread "GC Thread#0" [stack: 0x0000006077b00000,0x0000006077c00000] [id=94160]
  0x000002390f487540 GCTaskThread "GC Thread#1" [stack: 0x0000006078b00000,0x0000006078c00000] [id=96328]
  0x000002390f487800 GCTaskThread "GC Thread#2" [stack: 0x0000006078c00000,0x0000006078d00000] [id=71760]
  0x000002390f8594c0 GCTaskThread "GC Thread#3" [stack: 0x0000006078d00000,0x0000006078e00000] [id=79268]
  0x000002390f859780 GCTaskThread "GC Thread#4" [stack: 0x0000006078e00000,0x0000006078f00000] [id=80672]
  0x000002390f859e40 GCTaskThread "GC Thread#5" [stack: 0x0000006078f00000,0x0000006079000000] [id=88688]
  0x000002390f8dc8c0 GCTaskThread "GC Thread#6" [stack: 0x0000006079000000,0x0000006079100000] [id=111260]
  0x000002390f7cd450 GCTaskThread "GC Thread#7" [stack: 0x0000006079400000,0x0000006079500000] [id=108456]

Threads with active compile tasks:
C2 CompilerThread0     5320 3626       4       java.io.DataInputStream::readUTF (501 bytes)
C2 CompilerThread2     5320 3631       4       org.lombokweb.asm.ClassReader::readMethod (1066 bytes)

VM state: not at safepoint (normal execution)

VM Mutex/Monitor currently owned by a thread: None

Heap address: 0x00000000c0000000, size: 1024 MB, Compressed Oops mode: 32-bit

CDS archive(s) not mapped
Compressed class space mapped at: 0x0000000100000000-0x0000000140000000, reserved size: 1073741824
Narrow klass base: 0x0000000000000000, Narrow klass shift: 3, Narrow klass range: 0x140000000

GC Precious Log:
 CPUs: 8 total, 8 available
 Memory: 16383M
 Large Page Support: Disabled
 NUMA Support: Disabled
 Compressed Oops: Enabled (32-bit)
 Alignments: Space 512K, Generation 512K, Heap 2M
 Heap Min Capacity: 100M
 Heap Initial Capacity: 100M
 Heap Max Capacity: 1G
 Pre-touch: Disabled
 Parallel Workers: 8

Heap:
 PSYoungGen      total 25600K, used 4638K [0x00000000eab00000, 0x00000000ec980000, 0x0000000100000000)
  eden space 24064K, 13% used [0x00000000eab00000,0x00000000eae0e5a0,0x00000000ec280000)
  from space 1536K, 98% used [0x00000000ec800000,0x00000000ec979490,0x00000000ec980000)
  to   space 3072K, 0% used [0x00000000ec380000,0x00000000ec380000,0x00000000ec680000)
 ParOldGen       total 68608K, used 11726K [0x00000000c0000000, 0x00000000c4300000, 0x00000000eab00000)
  object space 68608K, 17% used [0x00000000c0000000,0x00000000c0b73bc0,0x00000000c4300000)
 Metaspace       used 30248K, committed 30912K, reserved 1114112K
  class space    used 2996K, committed 3264K, reserved 1048576K

Card table byte_map: [0x0000023974460000,0x0000023974670000] _byte_map_base: 0x0000023973e60000

Marking Bits: (ParMarkBitMap*) 0x00007ffb7510d7d0
 Begin Bits: [0x0000023977530000, 0x0000023978530000)
 End Bits:   [0x0000023978530000, 0x0000023979530000)

Polling page: 0x0000023974050000

Metaspace:

Usage:
  Non-class:     26.61 MB used.
      Class:      2.93 MB used.
       Both:     29.54 MB used.

Virtual space:
  Non-class space:       64.00 MB reserved,      27.00 MB ( 42%) committed,  1 nodes.
      Class space:        1.00 GB reserved,       3.19 MB ( <1%) committed,  1 nodes.
             Both:        1.06 GB reserved,      30.19 MB (  3%) committed. 

Chunk freelists:
   Non-Class:  4.73 MB
       Class:  12.83 MB
        Both:  17.56 MB

MaxMetaspaceSize: unlimited
CompressedClassSpaceSize: 1.00 GB
Initial GC threshold: 21.00 MB
Current GC threshold: 35.00 MB
CDS: off
MetaspaceReclaimPolicy: balanced
 - commit_granule_bytes: 65536.
 - commit_granule_words: 8192.
 - virtual_space_node_default_size: 8388608.
 - enlarge_chunks_in_place: 1.
 - new_chunks_are_fully_committed: 0.
 - uncommit_free_chunks: 1.
 - use_allocation_guard: 0.
 - handle_deallocations: 1.


Internal statistics:

num_allocs_failed_limit: 3.
num_arena_births: 352.
num_arena_deaths: 0.
num_vsnodes_births: 2.
num_vsnodes_deaths: 0.
num_space_committed: 483.
num_space_uncommitted: 0.
num_chunks_returned_to_freelist: 3.
num_chunks_taken_from_freelist: 1226.
num_chunk_merges: 0.
num_chunk_splits: 796.
num_chunks_enlarged: 539.
num_inconsistent_stats: 0.

CodeHeap 'non-profiled nmethods': size=120000Kb used=1599Kb max_used=1599Kb free=118400Kb
 bounds [0x0000023907ad0000, 0x0000023907d40000, 0x000002390f000000]
CodeHeap 'profiled nmethods': size=120000Kb used=7569Kb max_used=7569Kb free=112430Kb
 bounds [0x0000023900000000, 0x0000023900770000, 0x0000023907530000]
CodeHeap 'non-nmethods': size=5760Kb used=1235Kb max_used=1249Kb free=4524Kb
 bounds [0x0000023907530000, 0x00000239077a0000, 0x0000023907ad0000]
 total_blobs=4211 nmethods=3660 adapters=464
 compilation: enabled
              stopped_count=0, restarted_count=0
 full_count=0

Compilation events (20 events):
Event: 5.230 Thread 0x0000023910163340 3632       4       org.eclipse.osgi.storage.bundlefile.ZipBundleFile::findEntry (62 bytes)
Event: 5.239 Thread 0x0000023910163340 nmethod 3632 0x0000023907c59b90 code [0x0000023907c59d80, 0x0000023907c5a560]
Event: 5.239 Thread 0x0000023910163340 3633   !   4       org.eclipse.osgi.storage.bundlefile.CloseableBundleFile::getEntry (28 bytes)
Event: 5.256 Thread 0x0000023910163340 nmethod 3633 0x0000023907c5ad10 code [0x0000023907c5afe0, 0x0000023907c5c328]
Event: 5.261 Thread 0x000002397e12e920 3634       3       java.util.regex.Matcher::groupCount (10 bytes)
Event: 5.261 Thread 0x0000023910163340 3635       4       java.util.regex.Pattern$BitClass::is (22 bytes)
Event: 5.261 Thread 0x000002397e12e920 nmethod 3634 0x0000023900756490 code [0x0000023900756620, 0x0000023900756738]
Event: 5.261 Thread 0x000002397e12e920 3637       3       org.lombokweb.asm.ByteVector::putUTF8 (144 bytes)
Event: 5.261 Thread 0x0000023910163340 nmethod 3635 0x0000023907c5d590 code [0x0000023907c5d700, 0x0000023907c5d7d8]
Event: 5.262 Thread 0x000002397e12e920 nmethod 3637 0x0000023900756810 code [0x0000023900756a80, 0x0000023900757588]
Event: 5.262 Thread 0x000002397e12e920 3636       3       lombok.patcher.Hook::convertType (64 bytes)
Event: 5.262 Thread 0x000002397e12e920 nmethod 3636 0x0000023900757a90 code [0x0000023900757ce0, 0x0000023900758498]
Event: 5.262 Thread 0x000002397e12e920 3638       3       org.lombokweb.asm.SymbolTable::hash (14 bytes)
Event: 5.262 Thread 0x000002397e12e920 nmethod 3638 0x0000023900758810 code [0x00000239007589a0, 0x0000023900758a98]
Event: 5.265 Thread 0x000002397e12e920 3639       3       java.util.zip.ZipFile$CleanableResource::<init> (63 bytes)
Event: 5.265 Thread 0x000002397e12e920 nmethod 3639 0x0000023900758b10 code [0x0000023900758d40, 0x0000023900759498]
Event: 5.265 Thread 0x000002397e12e920 3640   !   3       sun.nio.fs.WindowsPath::getPathForWin32Calls (135 bytes)
Event: 5.266 Thread 0x000002397e12e920 nmethod 3640 0x0000023900759790 code [0x0000023900759a20, 0x000002390075a758]
Event: 5.266 Thread 0x000002397e12e920 3641       3       jdk.internal.misc.Unsafe::weakCompareAndSetLong (11 bytes)
Event: 5.266 Thread 0x000002397e12e920 nmethod 3641 0x000002390075ab90 code [0x000002390075ad20, 0x000002390075ae58]

GC Heap History (16 events):
Event: 1.028 GC heap before
{Heap before GC invocations=1 (full 0):
 PSYoungGen      total 29696K, used 25600K [0x00000000eab00000, 0x00000000ecc00000, 0x0000000100000000)
  eden space 25600K, 100% used [0x00000000eab00000,0x00000000ec400000,0x00000000ec400000)
  from space 4096K, 0% used [0x00000000ec800000,0x00000000ec800000,0x00000000ecc00000)
  to   space 4096K, 0% used [0x00000000ec400000,0x00000000ec400000,0x00000000ec800000)
 ParOldGen       total 68608K, used 0K [0x00000000c0000000, 0x00000000c4300000, 0x00000000eab00000)
  object space 68608K, 0% used [0x00000000c0000000,0x00000000c0000000,0x00000000c4300000)
 Metaspace       used 10988K, committed 11200K, reserved 1114112K
  class space    used 1096K, committed 1216K, reserved 1048576K
}
Event: 1.036 GC heap after
{Heap after GC invocations=1 (full 0):
 PSYoungGen      total 29696K, used 3204K [0x00000000eab00000, 0x00000000ecc00000, 0x0000000100000000)
  eden space 25600K, 0% used [0x00000000eab00000,0x00000000eab00000,0x00000000ec400000)
  from space 4096K, 78% used [0x00000000ec400000,0x00000000ec721288,0x00000000ec800000)
  to   space 4096K, 0% used [0x00000000ec800000,0x00000000ec800000,0x00000000ecc00000)
 ParOldGen       total 68608K, used 16K [0x00000000c0000000, 0x00000000c4300000, 0x00000000eab00000)
  object space 68608K, 0% used [0x00000000c0000000,0x00000000c0004000,0x00000000c4300000)
 Metaspace       used 10988K, committed 11200K, reserved 1114112K
  class space    used 1096K, committed 1216K, reserved 1048576K
}
Event: 1.684 GC heap before
{Heap before GC invocations=2 (full 0):
 PSYoungGen      total 29696K, used 28804K [0x00000000eab00000, 0x00000000ecc00000, 0x0000000100000000)
  eden space 25600K, 100% used [0x00000000eab00000,0x00000000ec400000,0x00000000ec400000)
  from space 4096K, 78% used [0x00000000ec400000,0x00000000ec721288,0x00000000ec800000)
  to   space 4096K, 0% used [0x00000000ec800000,0x00000000ec800000,0x00000000ecc00000)
 ParOldGen       total 68608K, used 16K [0x00000000c0000000, 0x00000000c4300000, 0x00000000eab00000)
  object space 68608K, 0% used [0x00000000c0000000,0x00000000c0004000,0x00000000c4300000)
 Metaspace       used 14604K, committed 14848K, reserved 1114112K
  class space    used 1465K, committed 1600K, reserved 1048576K
}
Event: 1.692 GC heap after
{Heap after GC invocations=2 (full 0):
 PSYoungGen      total 29696K, used 4093K [0x00000000eab00000, 0x00000000ecc00000, 0x0000000100000000)
  eden space 25600K, 0% used [0x00000000eab00000,0x00000000eab00000,0x00000000ec400000)
  from space 4096K, 99% used [0x00000000ec800000,0x00000000ecbff6f0,0x00000000ecc00000)
  to   space 4096K, 0% used [0x00000000ec400000,0x00000000ec400000,0x00000000ec800000)
 ParOldGen       total 68608K, used 1482K [0x00000000c0000000, 0x00000000c4300000, 0x00000000eab00000)
  object space 68608K, 2% used [0x00000000c0000000,0x00000000c01728b8,0x00000000c4300000)
 Metaspace       used 14604K, committed 14848K, reserved 1114112K
  class space    used 1465K, committed 1600K, reserved 1048576K
}
Event: 3.121 GC heap before
{Heap before GC invocations=3 (full 0):
 PSYoungGen      total 29696K, used 29693K [0x00000000eab00000, 0x00000000ecc00000, 0x0000000100000000)
  eden space 25600K, 100% used [0x00000000eab00000,0x00000000ec400000,0x00000000ec400000)
  from space 4096K, 99% used [0x00000000ec800000,0x00000000ecbff6f0,0x00000000ecc00000)
  to   space 4096K, 0% used [0x00000000ec400000,0x00000000ec400000,0x00000000ec800000)
 ParOldGen       total 68608K, used 1482K [0x00000000c0000000, 0x00000000c4300000, 0x00000000eab00000)
  object space 68608K, 2% used [0x00000000c0000000,0x00000000c01728b8,0x00000000c4300000)
 Metaspace       used 16165K, committed 16448K, reserved 1114112K
  class space    used 1623K, committed 1728K, reserved 1048576K
}
Event: 3.133 GC heap after
{Heap after GC invocations=3 (full 0):
 PSYoungGen      total 29696K, used 4064K [0x00000000eab00000, 0x00000000ecc00000, 0x0000000100000000)
  eden space 25600K, 0% used [0x00000000eab00000,0x00000000eab00000,0x00000000ec400000)
  from space 4096K, 99% used [0x00000000ec400000,0x00000000ec7f8068,0x00000000ec800000)
  to   space 4096K, 0% used [0x00000000ec800000,0x00000000ec800000,0x00000000ecc00000)
 ParOldGen       total 68608K, used 5214K [0x00000000c0000000, 0x00000000c4300000, 0x00000000eab00000)
  object space 68608K, 7% used [0x00000000c0000000,0x00000000c0517ae8,0x00000000c4300000)
 Metaspace       used 16165K, committed 16448K, reserved 1114112K
  class space    used 1623K, committed 1728K, reserved 1048576K
}
Event: 3.714 GC heap before
{Heap before GC invocations=4 (full 0):
 PSYoungGen      total 29696K, used 29664K [0x00000000eab00000, 0x00000000ecc00000, 0x0000000100000000)
  eden space 25600K, 100% used [0x00000000eab00000,0x00000000ec400000,0x00000000ec400000)
  from space 4096K, 99% used [0x00000000ec400000,0x00000000ec7f8068,0x00000000ec800000)
  to   space 4096K, 0% used [0x00000000ec800000,0x00000000ec800000,0x00000000ecc00000)
 ParOldGen       total 68608K, used 5214K [0x00000000c0000000, 0x00000000c4300000, 0x00000000eab00000)
  object space 68608K, 7% used [0x00000000c0000000,0x00000000c0517ae8,0x00000000c4300000)
 Metaspace       used 19597K, committed 20032K, reserved 1114112K
  class space    used 1976K, committed 2176K, reserved 1048576K
}
Event: 3.719 GC heap after
{Heap after GC invocations=4 (full 0):
 PSYoungGen      total 29696K, used 4066K [0x00000000eab00000, 0x00000000ecc00000, 0x0000000100000000)
  eden space 25600K, 0% used [0x00000000eab00000,0x00000000eab00000,0x00000000ec400000)
  from space 4096K, 99% used [0x00000000ec800000,0x00000000ecbf8b30,0x00000000ecc00000)
  to   space 4096K, 0% used [0x00000000ec400000,0x00000000ec400000,0x00000000ec800000)
 ParOldGen       total 68608K, used 6541K [0x00000000c0000000, 0x00000000c4300000, 0x00000000eab00000)
  object space 68608K, 9% used [0x00000000c0000000,0x00000000c0663738,0x00000000c4300000)
 Metaspace       used 19597K, committed 20032K, reserved 1114112K
  class space    used 1976K, committed 2176K, reserved 1048576K
}
Event: 3.952 GC heap before
{Heap before GC invocations=5 (full 0):
 PSYoungGen      total 29696K, used 11859K [0x00000000eab00000, 0x00000000ecc00000, 0x0000000100000000)
  eden space 25600K, 30% used [0x00000000eab00000,0x00000000eb29c418,0x00000000ec400000)
  from space 4096K, 99% used [0x00000000ec800000,0x00000000ecbf8b30,0x00000000ecc00000)
  to   space 4096K, 0% used [0x00000000ec400000,0x00000000ec400000,0x00000000ec800000)
 ParOldGen       total 68608K, used 6541K [0x00000000c0000000, 0x00000000c4300000, 0x00000000eab00000)
  object space 68608K, 9% used [0x00000000c0000000,0x00000000c0663738,0x00000000c4300000)
 Metaspace       used 21059K, committed 21504K, reserved 1114112K
  class space    used 2116K, committed 2304K, reserved 1048576K
}
Event: 3.956 GC heap after
{Heap after GC invocations=5 (full 0):
 PSYoungGen      total 29696K, used 4076K [0x00000000eab00000, 0x00000000ece00000, 0x0000000100000000)
  eden space 25600K, 0% used [0x00000000eab00000,0x00000000eab00000,0x00000000ec400000)
  from space 4096K, 99% used [0x00000000ec400000,0x00000000ec7fb2f8,0x00000000ec800000)
  to   space 5120K, 0% used [0x00000000ec900000,0x00000000ec900000,0x00000000ece00000)
 ParOldGen       total 68608K, used 6791K [0x00000000c0000000, 0x00000000c4300000, 0x00000000eab00000)
  object space 68608K, 9% used [0x00000000c0000000,0x00000000c06a1fe0,0x00000000c4300000)
 Metaspace       used 21059K, committed 21504K, reserved 1114112K
  class space    used 2116K, committed 2304K, reserved 1048576K
}
Event: 3.957 GC heap before
{Heap before GC invocations=6 (full 1):
 PSYoungGen      total 29696K, used 4076K [0x00000000eab00000, 0x00000000ece00000, 0x0000000100000000)
  eden space 25600K, 0% used [0x00000000eab00000,0x00000000eab00000,0x00000000ec400000)
  from space 4096K, 99% used [0x00000000ec400000,0x00000000ec7fb2f8,0x00000000ec800000)
  to   space 5120K, 0% used [0x00000000ec900000,0x00000000ec900000,0x00000000ece00000)
 ParOldGen       total 68608K, used 6791K [0x00000000c0000000, 0x00000000c4300000, 0x00000000eab00000)
  object space 68608K, 9% used [0x00000000c0000000,0x00000000c06a1fe0,0x00000000c4300000)
 Metaspace       used 21059K, committed 21504K, reserved 1114112K
  class space    used 2116K, committed 2304K, reserved 1048576K
}
Event: 3.982 GC heap after
{Heap after GC invocations=6 (full 1):
 PSYoungGen      total 29696K, used 0K [0x00000000eab00000, 0x00000000ece00000, 0x0000000100000000)
  eden space 25600K, 0% used [0x00000000eab00000,0x00000000eab00000,0x00000000ec400000)
  from space 4096K, 0% used [0x00000000ec400000,0x00000000ec400000,0x00000000ec800000)
  to   space 5120K, 0% used [0x00000000ec900000,0x00000000ec900000,0x00000000ece00000)
 ParOldGen       total 68608K, used 10511K [0x00000000c0000000, 0x00000000c4300000, 0x00000000eab00000)
  object space 68608K, 15% used [0x00000000c0000000,0x00000000c0a43fb0,0x00000000c4300000)
 Metaspace       used 21059K, committed 21504K, reserved 1114112K
  class space    used 2116K, committed 2304K, reserved 1048576K
}
Event: 4.621 GC heap before
{Heap before GC invocations=7 (full 1):
 PSYoungGen      total 29696K, used 25600K [0x00000000eab00000, 0x00000000ece00000, 0x0000000100000000)
  eden space 25600K, 100% used [0x00000000eab00000,0x00000000ec400000,0x00000000ec400000)
  from space 4096K, 0% used [0x00000000ec400000,0x00000000ec400000,0x00000000ec800000)
  to   space 5120K, 0% used [0x00000000ec900000,0x00000000ec900000,0x00000000ece00000)
 ParOldGen       total 68608K, used 10511K [0x00000000c0000000, 0x00000000c4300000, 0x00000000eab00000)
  object space 68608K, 15% used [0x00000000c0000000,0x00000000c0a43fb0,0x00000000c4300000)
 Metaspace       used 24432K, committed 25024K, reserved 1114112K
  class space    used 2474K, committed 2688K, reserved 1048576K
}
Event: 4.623 GC heap after
{Heap after GC invocations=7 (full 1):
 PSYoungGen      total 26624K, used 1264K [0x00000000eab00000, 0x00000000eca80000, 0x0000000100000000)
  eden space 25088K, 0% used [0x00000000eab00000,0x00000000eab00000,0x00000000ec380000)
  from space 1536K, 82% used [0x00000000ec900000,0x00000000eca3c290,0x00000000eca80000)
  to   space 2560K, 0% used [0x00000000ec580000,0x00000000ec580000,0x00000000ec800000)
 ParOldGen       total 68608K, used 10519K [0x00000000c0000000, 0x00000000c4300000, 0x00000000eab00000)
  object space 68608K, 15% used [0x00000000c0000000,0x00000000c0a45fb0,0x00000000c4300000)
 Metaspace       used 24432K, committed 25024K, reserved 1114112K
  class space    used 2474K, committed 2688K, reserved 1048576K
}
Event: 5.068 GC heap before
{Heap before GC invocations=8 (full 1):
 PSYoungGen      total 26624K, used 26352K [0x00000000eab00000, 0x00000000eca80000, 0x0000000100000000)
  eden space 25088K, 100% used [0x00000000eab00000,0x00000000ec380000,0x00000000ec380000)
  from space 1536K, 82% used [0x00000000ec900000,0x00000000eca3c290,0x00000000eca80000)
  to   space 2560K, 0% used [0x00000000ec580000,0x00000000ec580000,0x00000000ec800000)
 ParOldGen       total 68608K, used 10519K [0x00000000c0000000, 0x00000000c4300000, 0x00000000eab00000)
  object space 68608K, 15% used [0x00000000c0000000,0x00000000c0a45fb0,0x00000000c4300000)
 Metaspace       used 27323K, committed 27904K, reserved 1114112K
  class space    used 2800K, committed 3008K, reserved 1048576K
}
Event: 5.069 GC heap after
{Heap after GC invocations=8 (full 1):
 PSYoungGen      total 27136K, used 2553K [0x00000000eab00000, 0x00000000ec980000, 0x0000000100000000)
  eden space 24576K, 0% used [0x00000000eab00000,0x00000000eab00000,0x00000000ec300000)
  from space 2560K, 99% used [0x00000000ec580000,0x00000000ec7fe678,0x00000000ec800000)
  to   space 1536K, 0% used [0x00000000ec800000,0x00000000ec800000,0x00000000ec980000)
 ParOldGen       total 68608K, used 10591K [0x00000000c0000000, 0x00000000c4300000, 0x00000000eab00000)
  object space 68608K, 15% used [0x00000000c0000000,0x00000000c0a57fb0,0x00000000c4300000)
 Metaspace       used 27323K, committed 27904K, reserved 1114112K
  class space    used 2800K, committed 3008K, reserved 1048576K
}

Dll operation events (9 events):
Event: 0.011 Loaded shared library c:\Users\jab525\.vscode\extensions\redhat.java-1.29.0-win32-x64\jre\17.0.10-win32-x86_64\bin\java.dll
Event: 0.134 Loaded shared library c:\Users\jab525\.vscode\extensions\redhat.java-1.29.0-win32-x64\jre\17.0.10-win32-x86_64\bin\zip.dll
Event: 0.137 Loaded shared library C:\Users\jab525\.vscode\extensions\redhat.java-1.29.0-win32-x64\jre\17.0.10-win32-x86_64\bin\instrument.dll
Event: 0.150 Loaded shared library C:\Users\jab525\.vscode\extensions\redhat.java-1.29.0-win32-x64\jre\17.0.10-win32-x86_64\bin\net.dll
Event: 0.153 Loaded shared library C:\Users\jab525\.vscode\extensions\redhat.java-1.29.0-win32-x64\jre\17.0.10-win32-x86_64\bin\nio.dll
Event: 0.159 Loaded shared library C:\Users\jab525\.vscode\extensions\redhat.java-1.29.0-win32-x64\jre\17.0.10-win32-x86_64\bin\zip.dll
Event: 0.176 Loaded shared library C:\Users\jab525\.vscode\extensions\redhat.java-1.29.0-win32-x64\jre\17.0.10-win32-x86_64\bin\jimage.dll
Event: 0.325 Loaded shared library c:\Users\jab525\.vscode\extensions\redhat.java-1.29.0-win32-x64\jre\17.0.10-win32-x86_64\bin\verify.dll
Event: 1.603 Loaded shared library C:\Users\jab525\AppData\Roaming\Code\User\globalStorage\redhat.java\1.29.0\config_win\org.eclipse.equinox.launcher\org.eclipse.equinox.launcher.win32.win32.x86_64_1.2.900.v20240213-1244\eclipse_11900.dll

Deoptimization events (20 events):
Event: 4.866 Thread 0x000002390f78be80 DEOPT PACKING pc=0x0000023907c29e24 sp=0x00000060793ec9c0
Event: 4.866 Thread 0x000002390f78be80 DEOPT UNPACKING pc=0x00000239075866a3 sp=0x00000060793ec948 mode 2
Event: 4.866 Thread 0x000002390f78be80 Uncommon trap: trap_request=0xffffffde fr.pc=0x0000023907c29e24 relative=0x0000000000000104
Event: 4.866 Thread 0x000002390f78be80 Uncommon trap: reason=class_check action=maybe_recompile pc=0x0000023907c29e24 method=jdk.internal.misc.Unsafe.allocateUninitializedArray(Ljava/lang/Class;I)Ljava/lang/Object; @ 51 c2
Event: 4.866 Thread 0x000002390f78be80 DEOPT PACKING pc=0x0000023907c29e24 sp=0x00000060793ec9c0
Event: 4.866 Thread 0x000002390f78be80 DEOPT UNPACKING pc=0x00000239075866a3 sp=0x00000060793ec948 mode 2
Event: 4.866 Thread 0x000002390f78be80 Uncommon trap: trap_request=0xffffffde fr.pc=0x0000023907c29e24 relative=0x0000000000000104
Event: 4.866 Thread 0x000002390f78be80 Uncommon trap: reason=class_check action=maybe_recompile pc=0x0000023907c29e24 method=jdk.internal.misc.Unsafe.allocateUninitializedArray(Ljava/lang/Class;I)Ljava/lang/Object; @ 51 c2
Event: 4.866 Thread 0x000002390f78be80 DEOPT PACKING pc=0x0000023907c29e24 sp=0x00000060793ec9c0
Event: 4.866 Thread 0x000002390f78be80 DEOPT UNPACKING pc=0x00000239075866a3 sp=0x00000060793ec948 mode 2
Event: 5.003 Thread 0x000002390f78be80 Uncommon trap: trap_request=0xffffff45 fr.pc=0x0000023907befeb8 relative=0x0000000000000038
Event: 5.003 Thread 0x000002390f78be80 Uncommon trap: reason=unstable_if action=reinterpret pc=0x0000023907befeb8 method=java.util.concurrent.locks.AbstractQueuedSynchronizer.signalNext(Ljava/util/concurrent/locks/AbstractQueuedSynchronizer$Node;)V @ 10 c2
Event: 5.003 Thread 0x000002390f78be80 DEOPT PACKING pc=0x0000023907befeb8 sp=0x00000060793f59b0
Event: 5.003 Thread 0x000002390f78be80 DEOPT UNPACKING pc=0x00000239075866a3 sp=0x00000060793f5930 mode 2
Event: 5.079 Thread 0x000002391004a570 DEOPT PACKING pc=0x00000239002b1dc4 sp=0x00000060798fe2c0
Event: 5.079 Thread 0x000002391004a570 DEOPT UNPACKING pc=0x0000023907586e43 sp=0x00000060798fd840 mode 0
Event: 5.117 Thread 0x000002390f78be80 Uncommon trap: trap_request=0xffffff45 fr.pc=0x0000023907c3f1f0 relative=0x00000000000007b0
Event: 5.117 Thread 0x000002390f78be80 Uncommon trap: reason=unstable_if action=reinterpret pc=0x0000023907c3f1f0 method=org.lombokweb.asm.ClassReader.readUTF8(I[C)Ljava/lang/String; @ 11 c2
Event: 5.117 Thread 0x000002390f78be80 DEOPT PACKING pc=0x0000023907c3f1f0 sp=0x00000060793ef730
Event: 5.117 Thread 0x000002390f78be80 DEOPT UNPACKING pc=0x00000239075866a3 sp=0x00000060793ef728 mode 2

Classes unloaded (0 events):
No events

Classes redefined (0 events):
No events

Internal exceptions (20 events):
Event: 3.993 Thread 0x000002390f78be80 Exception <a 'java/lang/NoSuchMethodError'{0x00000000eabb7228}: 'java.lang.Object java.lang.invoke.Invokers$Holder.invokeExact_MT(java.lang.Object, java.lang.Object, java.lang.Object, java.lang.Object)'> (0x00000000eabb7228) 
thrown [s\src\hotspot\share\interpreter\linkResolver.cpp, line 759]
Event: 4.118 Thread 0x000002390f78be80 Exception <a 'java/io/FileNotFoundException'{0x00000000eae59ec8}> (0x00000000eae59ec8) 
thrown [s\src\hotspot\share\prims\jni.cpp, line 516]
Event: 4.119 Thread 0x000002390f78be80 Exception <a 'java/io/FileNotFoundException'{0x00000000eae61c30}> (0x00000000eae61c30) 
thrown [s\src\hotspot\share\prims\jni.cpp, line 516]
Event: 4.258 Thread 0x000002390f78be80 Exception <a 'java/lang/NoSuchMethodError'{0x00000000eb485440}: 'java.lang.Object java.lang.invoke.DirectMethodHandle$Holder.invokeStaticInit(java.lang.Object, int)'> (0x00000000eb485440) 
thrown [s\src\hotspot\share\interpreter\linkResolver.cpp, line 759]
Event: 4.339 Thread 0x000002390f78be80 Exception <a 'java/lang/NoSuchMethodError'{0x00000000eb6eb4d8}: 'java.lang.Object java.lang.invoke.DirectMethodHandle$Holder.invokeSpecial(java.lang.Object, java.lang.Object, java.lang.Object, long, java.lang.Object)'> (0x00000000eb6eb4d8) 
thrown [s\src\hotspot\share\interpreter\linkResolver.cpp, line 759]
Event: 4.339 Thread 0x000002390f78be80 Exception <a 'java/lang/NoSuchMethodError'{0x00000000eb6f3690}: 'java.lang.Object java.lang.invoke.DirectMethodHandle$Holder.newInvokeSpecial(java.lang.Object, java.lang.Object, java.lang.Object, long)'> (0x00000000eb6f3690) 
thrown [s\src\hotspot\share\interpreter\linkResolver.cpp, line 759]
Event: 4.339 Thread 0x000002390f78be80 Exception <a 'java/lang/NoSuchMethodError'{0x00000000eb6f7c30}: 'java.lang.Object java.lang.invoke.DirectMethodHandle$Holder.invokeSpecial(java.lang.Object, java.lang.Object, java.lang.Object, java.lang.Object, long)'> (0x00000000eb6f7c30) 
thrown [s\src\hotspot\share\interpreter\linkResolver.cpp, line 759]
Event: 4.340 Thread 0x000002390f78be80 Exception <a 'java/lang/NoSuchMethodError'{0x00000000eb6fbaa8}: 'java.lang.Object java.lang.invoke.Invokers$Holder.linkToTargetMethod(java.lang.Object, java.lang.Object, long, java.lang.Object)'> (0x00000000eb6fbaa8) 
thrown [s\src\hotspot\share\interpreter\linkResolver.cpp, line 759]
Event: 4.352 Thread 0x000002390f78be80 Exception <a 'java/lang/NoSuchMethodError'{0x00000000eb76d6e8}: 'int java.lang.invoke.DirectMethodHandle$Holder.invokeStaticInit(java.lang.Object, java.lang.Object, java.lang.Object)'> (0x00000000eb76d6e8) 
thrown [s\src\hotspot\share\interpreter\linkResolver.cpp, line 759]
Event: 4.363 Thread 0x000002390f78be80 Exception <a 'java/lang/IncompatibleClassChangeError'{0x00000000eb8278e8}: Found class java.lang.Object, but interface was expected> (0x00000000eb8278e8) 
thrown [s\src\hotspot\share\interpreter\linkResolver.cpp, line 826]
Event: 4.368 Thread 0x000002390f78be80 Exception <a 'java/lang/NoSuchMethodError'{0x00000000eb83bb58}: 'java.lang.Object java.lang.invoke.DirectMethodHandle$Holder.invokeSpecial(java.lang.Object, java.lang.Object, java.lang.Object, int, java.lang.Object, java.lang.Object)'> (0x00000000eb83bb58) 
thrown [s\src\hotspot\share\interpreter\linkResolver.cpp, line 759]
Event: 4.368 Thread 0x000002390f78be80 Exception <a 'java/lang/NoSuchMethodError'{0x00000000eb844538}: 'java.lang.Object java.lang.invoke.DirectMethodHandle$Holder.newInvokeSpecial(java.lang.Object, java.lang.Object, java.lang.Object, int, java.lang.Object)'> (0x00000000eb844538) 
thrown [s\src\hotspot\share\interpreter\linkResolver.cpp, line 759]
Event: 4.369 Thread 0x000002390f78be80 Exception <a 'java/lang/NoSuchMethodError'{0x00000000eb848990}: 'java.lang.Object java.lang.invoke.DirectMethodHandle$Holder.invokeSpecial(java.lang.Object, java.lang.Object, java.lang.Object, java.lang.Object, int, java.lang.Object)'> (0x00000000eb848990) 
thrown [s\src\hotspot\share\interpreter\linkResolver.cpp, line 759]
Event: 4.371 Thread 0x000002391004b4a0 Exception <a 'java/lang/NoSuchMethodError'{0x00000000eb770590}: 'java.lang.Object java.lang.invoke.DirectMethodHandle$Holder.invokeSpecial(java.lang.Object, java.lang.Object, int, java.lang.Object, java.lang.Object)'> (0x00000000eb770590) 
thrown [s\src\hotspot\share\interpreter\linkResolver.cpp, line 759]
Event: 4.680 Thread 0x000002390f78be80 Exception <a 'java/lang/NoSuchMethodError'{0x00000000ead7cce8}: 'java.lang.Object java.lang.invoke.Invokers$Holder.linkToTargetMethod(java.lang.Object, long, java.lang.Object, java.lang.Object)'> (0x00000000ead7cce8) 
thrown [s\src\hotspot\share\interpreter\linkResolver.cpp, line 759]
Event: 4.816 Thread 0x000002390f78be80 Exception <a 'java/io/FileNotFoundException'{0x00000000eb4c7108}> (0x00000000eb4c7108) 
thrown [s\src\hotspot\share\prims\jni.cpp, line 516]
Event: 4.817 Thread 0x000002390f78be80 Exception <a 'java/lang/NoSuchMethodError'{0x00000000eb4d0428}: 'java.lang.Object java.lang.invoke.DirectMethodHandle$Holder.newInvokeSpecial(java.lang.Object, int, java.lang.Object, java.lang.Object)'> (0x00000000eb4d0428) 
thrown [s\src\hotspot\share\interpreter\linkResolver.cpp, line 759]
Event: 4.941 Thread 0x000002390f78be80 Exception <a 'java/lang/NoSuchMethodError'{0x00000000ebbe4b48}: 'void java.lang.invoke.DirectMethodHandle$Holder.invokeSpecial(java.lang.Object, java.lang.Object, java.lang.Object, int)'> (0x00000000ebbe4b48) 
thrown [s\src\hotspot\share\interpreter\linkResolver.cpp, line 759]
Event: 5.006 Thread 0x000002391004a570 Exception <a 'java/lang/NoSuchMethodError'{0x00000000ebfaa2a0}: 'int java.lang.invoke.DirectMethodHandle$Holder.invokeVirtual(java.lang.Object, java.lang.Object)'> (0x00000000ebfaa2a0) 
thrown [s\src\hotspot\share\interpreter\linkResolver.cpp, line 759]
Event: 5.156 Thread 0x000002391004a570 Exception <a 'java/lang/NoSuchMethodError'{0x00000000eba92548}: 'java.lang.Object java.lang.invoke.DirectMethodHandle$Holder.newInvokeSpecial(java.lang.Object, java.lang.Object, java.lang.Object, java.lang.Object, java.lang.Object)'> (0x00000000eba92548) 
thrown [s\src\hotspot\share\interpreter\linkResolver.cpp, line 759]

VM Operations (20 events):
Event: 4.277 Executing VM operation: HandshakeAllThreads
Event: 4.277 Executing VM operation: HandshakeAllThreads done
Event: 4.382 Executing VM operation: HandshakeAllThreads
Event: 4.383 Executing VM operation: HandshakeAllThreads done
Event: 4.461 Executing VM operation: HandshakeAllThreads
Event: 4.461 Executing VM operation: HandshakeAllThreads done
Event: 4.506 Executing VM operation: HandshakeAllThreads
Event: 4.506 Executing VM operation: HandshakeAllThreads done
Event: 4.512 Executing VM operation: HandshakeAllThreads
Event: 4.512 Executing VM operation: HandshakeAllThreads done
Event: 4.621 Executing VM operation: ParallelGCFailedAllocation
Event: 4.623 Executing VM operation: ParallelGCFailedAllocation done
Event: 4.855 Executing VM operation: HandshakeAllThreads
Event: 4.855 Executing VM operation: HandshakeAllThreads done
Event: 5.053 Executing VM operation: HandshakeAllThreads
Event: 5.053 Executing VM operation: HandshakeAllThreads done
Event: 5.068 Executing VM operation: ParallelGCFailedAllocation
Event: 5.069 Executing VM operation: ParallelGCFailedAllocation done
Event: 5.161 Executing VM operation: HandshakeAllThreads
Event: 5.161 Executing VM operation: HandshakeAllThreads done

Events (20 events):
Event: 5.034 loading class java/util/regex/PatternSyntaxException done
Event: 5.056 loading class java/io/StringReader
Event: 5.057 loading class java/io/StringReader done
Event: 5.066 loading class java/net/SocketTimeoutException
Event: 5.066 loading class java/io/InterruptedIOException
Event: 5.066 loading class java/io/InterruptedIOException done
Event: 5.066 loading class java/net/SocketTimeoutException done
Event: 5.066 loading class java/net/SocketException
Event: 5.066 loading class java/net/SocketException done
Event: 5.066 loading class java/net/UnknownHostException
Event: 5.066 loading class java/net/UnknownHostException done
Event: 5.066 loading class java/net/ProtocolException
Event: 5.066 loading class java/net/ProtocolException done
Event: 5.089 loading class java/lang/ThreadLocal$SuppliedThreadLocal
Event: 5.089 loading class java/lang/ThreadLocal$SuppliedThreadLocal done
Event: 5.103 loading class java/io/FileWriter
Event: 5.103 loading class java/io/FileWriter done
Event: 5.103 loading class java/lang/NegativeArraySizeException
Event: 5.103 loading class java/lang/NegativeArraySizeException done
Event: 5.134 Thread 0x00000239102167d0 Thread added: 0x00000239102167d0


Dynamic libraries:
0x00007ff7aec30000 - 0x00007ff7aec3e000 	c:\Users\jab525\.vscode\extensions\redhat.java-1.29.0-win32-x64\jre\17.0.10-win32-x86_64\bin\java.exe
0x00007ffbf2120000 - 0x00007ffbf230e000 	C:\Windows\SYSTEM32\ntdll.dll
0x00007ffbf0d70000 - 0x00007ffbf0e23000 	C:\Windows\System32\KERNEL32.DLL
0x00007ffbeef40000 - 0x00007ffbef1dd000 	C:\Windows\System32\KERNELBASE.dll
0x00007ffbee5c0000 - 0x00007ffbee6ba000 	C:\Windows\System32\ucrtbase.dll
0x00007ffbce430000 - 0x00007ffbce447000 	c:\Users\jab525\.vscode\extensions\redhat.java-1.29.0-win32-x64\jre\17.0.10-win32-x86_64\bin\jli.dll
0x00007ffbc7b20000 - 0x00007ffbc7b3b000 	c:\Users\jab525\.vscode\extensions\redhat.java-1.29.0-win32-x64\jre\17.0.10-win32-x86_64\bin\VCRUNTIME140.dll
0x00007ffbf1c40000 - 0x00007ffbf1dd7000 	C:\Windows\System32\USER32.dll
0x00007ffbdb3e0000 - 0x00007ffbdb659000 	C:\Windows\WinSxS\amd64_microsoft.windows.common-controls_6595b64144ccf1df_6.0.17763.5329_none_de6f1d32534d4c59\COMCTL32.dll
0x00007ffbee6c0000 - 0x00007ffbee6e0000 	C:\Windows\System32\win32u.dll
0x00007ffbef3c0000 - 0x00007ffbef45e000 	C:\Windows\System32\msvcrt.dll
0x00007ffbf1e40000 - 0x00007ffbf1e69000 	C:\Windows\System32\GDI32.dll
0x00007ffbf1070000 - 0x00007ffbf139b000 	C:\Windows\System32\combase.dll
0x00007ffbee3c0000 - 0x00007ffbee56a000 	C:\Windows\System32\gdi32full.dll
0x00007ffbf1fd0000 - 0x00007ffbf20ee000 	C:\Windows\System32\RPCRT4.dll
0x00007ffbef210000 - 0x00007ffbef2b0000 	C:\Windows\System32\msvcp_win.dll
0x00007ffbef2b0000 - 0x00007ffbef332000 	C:\Windows\System32\bcryptPrimitives.dll
0x00007ffbf0f90000 - 0x00007ffbf0fbe000 	C:\Windows\System32\IMM32.DLL
0x00007ffbedf90000 - 0x00007ffbedfcb000 	C:\Program Files\Citrix\HDX\bin\MfApHook.dll
0x00007ffbedeb0000 - 0x00007ffbedee4000 	C:\Program Files\Citrix\HDX\bin\CtxMFPlugin64.dll
0x00007ffbf1b10000 - 0x00007ffbf1bb8000 	C:\Windows\System32\ADVAPI32.dll
0x00007ffbef460000 - 0x00007ffbef502000 	C:\Windows\System32\sechost.dll
0x00007ffbef1e0000 - 0x00007ffbef206000 	C:\Windows\System32\bcrypt.dll
0x00007ffbf1e70000 - 0x00007ffbf1fc6000 	C:\Windows\System32\ole32.dll
0x00007ffbf0e30000 - 0x00007ffbf0ef4000 	C:\Windows\System32\OLEAUT32.dll
0x00007ffbedc80000 - 0x00007ffbede81000 	C:\Windows\SYSTEM32\MFPlat.DLL
0x00007ffbee570000 - 0x00007ffbee5ba000 	C:\Windows\System32\cfgmgr32.dll
0x00007ffbf13a0000 - 0x00007ffbf1447000 	C:\Windows\System32\shcore.dll
0x00007ffbede90000 - 0x00007ffbedea3000 	C:\Windows\SYSTEM32\WTSAPI32.dll
0x00007ffbee180000 - 0x00007ffbee191000 	C:\Windows\System32\kernel.appcore.dll
0x00007ffbe5c90000 - 0x00007ffbe5c9c000 	c:\Users\jab525\.vscode\extensions\redhat.java-1.29.0-win32-x64\jre\17.0.10-win32-x86_64\bin\VCRUNTIME140_1.dll
0x00007ffbedc20000 - 0x00007ffbedc4f000 	C:\Windows\SYSTEM32\RTWorkQ.DLL
0x00007ffbed6f0000 - 0x00007ffbedc19000 	C:\Windows\system32\mfcore.dll
0x00007ffbee1a0000 - 0x00007ffbee39e000 	C:\Windows\System32\CRYPT32.dll
0x00007ffbee100000 - 0x00007ffbee112000 	C:\Windows\System32\MSASN1.dll
0x00007ffbee120000 - 0x00007ffbee17d000 	C:\Windows\System32\powrprof.dll
0x00007ffbed6e0000 - 0x00007ffbed6e9000 	C:\Windows\SYSTEM32\ksuser.dll
0x00007ffbed6d0000 - 0x00007ffbed6dc000 	C:\Windows\SYSTEM32\CRYPTBASE.DLL
0x00007ffbe5c10000 - 0x00007ffbe5c4a000 	C:\Program Files\Citrix\HDX\bin\mmhook.dll
0x00007ffbec0d0000 - 0x00007ffbec0ff000 	C:\Program Files\Citrix\HDX\bin\SfrHook.dll
0x00007ffbed670000 - 0x00007ffbed69d000 	C:\Program Files\Citrix\HDX\bin\ShellHook.dll
0x00007ffbf18d0000 - 0x00007ffbf1922000 	C:\Windows\System32\SHLWAPI.dll
0x00007ffbed540000 - 0x00007ffbed666000 	C:\Program Files\Citrix\HDX\bin\SCardHook.dll
0x00007ffbb6c30000 - 0x00007ffbb6cbd000 	c:\Users\jab525\.vscode\extensions\redhat.java-1.29.0-win32-x64\jre\17.0.10-win32-x86_64\bin\msvcp140.dll
0x00007ffb74570000 - 0x00007ffb751d2000 	c:\Users\jab525\.vscode\extensions\redhat.java-1.29.0-win32-x64\jre\17.0.10-win32-x86_64\bin\server\jvm.dll
0x00007ffbd9110000 - 0x00007ffbd9119000 	C:\Windows\SYSTEM32\WSOCK32.dll
0x00007ffbf1930000 - 0x00007ffbf199d000 	C:\Windows\System32\WS2_32.dll
0x00007ffbdbab0000 - 0x00007ffbdbad4000 	C:\Windows\SYSTEM32\WINMM.dll
0x00007ffbe7670000 - 0x00007ffbe767a000 	C:\Windows\SYSTEM32\VERSION.dll
0x00007ffbdb7c0000 - 0x00007ffbdb7ed000 	C:\Windows\SYSTEM32\WINMMBASE.dll
0x00007ffbe5bd0000 - 0x00007ffbe5bda000 	c:\Users\jab525\.vscode\extensions\redhat.java-1.29.0-win32-x64\jre\17.0.10-win32-x86_64\bin\jimage.dll
0x00007ffbdad90000 - 0x00007ffbdaf7d000 	C:\Windows\SYSTEM32\DBGHELP.DLL
0x00007ffbdad50000 - 0x00007ffbdad7a000 	C:\Windows\SYSTEM32\dbgcore.DLL
0x00007ffbe5570000 - 0x00007ffbe557e000 	c:\Users\jab525\.vscode\extensions\redhat.java-1.29.0-win32-x64\jre\17.0.10-win32-x86_64\bin\instrument.dll
0x00007ffbb8eb0000 - 0x00007ffbb8ed5000 	c:\Users\jab525\.vscode\extensions\redhat.java-1.29.0-win32-x64\jre\17.0.10-win32-x86_64\bin\java.dll
0x00007ffbc7b00000 - 0x00007ffbc7b18000 	c:\Users\jab525\.vscode\extensions\redhat.java-1.29.0-win32-x64\jre\17.0.10-win32-x86_64\bin\zip.dll
0x00007ffbef870000 - 0x00007ffbf0d68000 	C:\Windows\System32\SHELL32.dll
0x00007ffbee7f0000 - 0x00007ffbeef37000 	C:\Windows\System32\windows.storage.dll
0x00007ffbee0d0000 - 0x00007ffbee0f3000 	C:\Windows\System32\profapi.dll
0x00007ffbee3a0000 - 0x00007ffbee3bb000 	C:\Windows\System32\cryptsp.dll
0x00007ffbb9d80000 - 0x00007ffbb9d99000 	C:\Users\jab525\.vscode\extensions\redhat.java-1.29.0-win32-x64\jre\17.0.10-win32-x86_64\bin\net.dll
0x00007ffbe76a0000 - 0x00007ffbe779d000 	C:\Windows\SYSTEM32\WINHTTP.dll
0x00007ffbecca0000 - 0x00007ffbecd07000 	C:\Windows\system32\mswsock.dll
0x00007ffbb84f0000 - 0x00007ffbb8506000 	C:\Users\jab525\.vscode\extensions\redhat.java-1.29.0-win32-x64\jre\17.0.10-win32-x86_64\bin\nio.dll
0x00007ffbd5d10000 - 0x00007ffbd5d20000 	c:\Users\jab525\.vscode\extensions\redhat.java-1.29.0-win32-x64\jre\17.0.10-win32-x86_64\bin\verify.dll
0x00007ffba2b50000 - 0x00007ffba2b8e000 	C:\Users\jab525\AppData\Roaming\Code\User\globalStorage\redhat.java\1.29.0\config_win\org.eclipse.equinox.launcher\org.eclipse.equinox.launcher.win32.win32.x86_64_1.2.900.v20240213-1244\eclipse_11900.dll

dbghelp: loaded successfully - version: 4.0.5 - missing functions: none
symbol engine: initialized successfully - sym options: 0x614 - pdb path: .;c:\Users\jab525\.vscode\extensions\redhat.java-1.29.0-win32-x64\jre\17.0.10-win32-x86_64\bin;C:\Windows\SYSTEM32;C:\Windows\WinSxS\amd64_microsoft.windows.common-controls_6595b64144ccf1df_6.0.17763.5329_none_de6f1d32534d4c59;C:\Program Files\Citrix\HDX\bin;c:\Users\jab525\.vscode\extensions\redhat.java-1.29.0-win32-x64\jre\17.0.10-win32-x86_64\bin\server;C:\Users\jab525\AppData\Roaming\Code\User\globalStorage\redhat.java\1.29.0\config_win\org.eclipse.equinox.launcher\org.eclipse.equinox.launcher.win32.win32.x86_64_1.2.900.v20240213-1244

VM Arguments:
jvm_args: --add-modules=ALL-SYSTEM --add-opens=java.base/java.util=ALL-UNNAMED --add-opens=java.base/java.lang=ALL-UNNAMED --add-opens=java.base/sun.nio.fs=ALL-UNNAMED -Declipse.application=org.eclipse.jdt.ls.core.id1 -Dosgi.bundles.defaultStartLevel=4 -Declipse.product=org.eclipse.jdt.ls.core.product -Djava.import.generatesMetadataFilesAtProjectRoot=false -DDetectVMInstallationsJob.disabled=true -Dfile.encoding=utf8 -XX:+UseParallelGC -XX:GCTimeRatio=4 -XX:AdaptiveSizePolicyWeight=90 -Dsun.zip.disableMemoryMapping=true -Xmx1G -Xms100m -Xlog:disable -javaagent:c:\Users\jab525\.vscode\extensions\redhat.java-1.29.0-win32-x64\lombok\lombok-1.18.32.jar -XX:+HeapDumpOnOutOfMemoryError -XX:HeapDumpPath=c:\Users\jab525\AppData\Roaming\Code\User\workspaceStorage\5092cb17a02b7fcc3c168c651c70f762\redhat.java -Daether.dependencyCollector.impl=bf 
java_command: c:\Users\jab525\.vscode\extensions\redhat.java-1.29.0-win32-x64\server\plugins\org.eclipse.equinox.launcher_1.6.800.v20240304-1850.jar -configuration c:\Users\jab525\AppData\Roaming\Code\User\globalStorage\redhat.java\1.29.0\config_win -data c:\Users\jab525\AppData\Roaming\Code\User\workspaceStorage\5092cb17a02b7fcc3c168c651c70f762\redhat.java\jdt_ws --stdio
java_class_path (initial): c:\Users\jab525\.vscode\extensions\redhat.java-1.29.0-win32-x64\server\plugins\org.eclipse.equinox.launcher_1.6.800.v20240304-1850.jar
Launcher Type: SUN_STANDARD

[Global flags]
    uintx AdaptiveSizePolicyWeight                 = 90                                        {product} {command line}
     intx CICompilerCount                          = 4                                         {product} {ergonomic}
    uintx GCTimeRatio                              = 4                                         {product} {command line}
     bool HeapDumpOnOutOfMemoryError               = true                                   {manageable} {command line}
    ccstr HeapDumpPath                             = c:\Users\jab525\AppData\Roaming\Code\User\workspaceStorage\5092cb17a02b7fcc3c168c651c70f762\redhat.java         {manageable} {command line}
   size_t InitialHeapSize                          = 104857600                                 {product} {command line}
   size_t MaxHeapSize                              = 1073741824                                {product} {command line}
   size_t MaxNewSize                               = 357564416                                 {product} {ergonomic}
   size_t MinHeapDeltaBytes                        = 524288                                    {product} {ergonomic}
   size_t MinHeapSize                              = 104857600                                 {product} {command line}
   size_t NewSize                                  = 34603008                                  {product} {ergonomic}
    uintx NonNMethodCodeHeapSize                   = 5839372                                {pd product} {ergonomic}
    uintx NonProfiledCodeHeapSize                  = 122909434                              {pd product} {ergonomic}
   size_t OldSize                                  = 70254592                                  {product} {ergonomic}
    uintx ProfiledCodeHeapSize                     = 122909434                              {pd product} {ergonomic}
    uintx ReservedCodeCacheSize                    = 251658240                              {pd product} {ergonomic}
     bool SegmentedCodeCache                       = true                                      {product} {ergonomic}
   size_t SoftMaxHeapSize                          = 1073741824                             {manageable} {ergonomic}
     bool UseCompressedClassPointers               = true                           {product lp64_product} {ergonomic}
     bool UseCompressedOops                        = true                           {product lp64_product} {ergonomic}
     bool UseLargePagesIndividualAllocation        = false                                  {pd product} {ergonomic}
     bool UseParallelGC                            = true                                      {product} {command line}

Logging:
Log output configuration:
 #0: stdout all=off uptime,level,tags
 #1: stderr all=off uptime,level,tags

Environment Variables:
JAVA_HOME=C:\Program Files\Microsoft\jdk-11.0.21.9-hotspot\
PATH=C:\Program Files\Microsoft\jdk-11.0.21.9-hotspot\bin;C:\Windows\system32;C:\Windows;C:\Windows\System32\Wbem;C:\Windows\System32\WindowsPowerShell\v1.0\;C:\Windows\System32\OpenSSH\;C:\Program Files (x86)\Citrix\HDX\bin\;C:\Program Files\Citrix\HDX\bin\;C:\Program Files\Microsoft VS Code\bin;C:\Program Files (x86)\Microsoft SQL Server\160\DTS\Binn\;C:\Program Files\Azure Data Studio\bin;C:\Program Files (x86)\Citrix\Workspace Environment Management Agent;C:\Program Files\AzureConnectedMachineAgent\;C:\Users\jab525\AppData\Local\Microsoft\WindowsApps;C:\Users\jab525\AppData\Local\Programs\Git\cmd;C:\Users\jab525\AppData\Local\GitHubDesktop\bin
USERNAME=jab525
OS=Windows_NT
PROCESSOR_IDENTIFIER=Intel64 Family 6 Model 85 Stepping 0, GenuineIntel
TMP=C:\Users\LOFE7E~1\Temp\162
TEMP=C:\Users\LOFE7E~1\Temp\162



Periodic native trim disabled


---------------  S Y S T E M  ---------------

OS:
 Windows Server 2019 , 64 bit Build 17763 (10.0.17763.4974)
OS uptime: 93 days 22:51 hours
VMWare virtualization detected

CPU: total 8 (initial active 8) (2 cores per cpu, 1 threads per core) family 6 model 85 stepping 0 microcode 0x5003501, cx8, cmov, fxsr, mmx, 3dnowpref, sse, sse2, sse3, ssse3, sse4.1, sse4.2, popcnt, lzcnt, tsc, tscinvbit, avx, avx2, aes, erms, clmul, bmi1, bmi2, adx, fma, vzeroupper, clflush, clflushopt, clwb, hv
Processor Information for all 8 processors :
  Max Mhz: 2993, Current Mhz: 2993, Mhz Limit: 2993

Memory: 4k page, system-wide physical 16383M (675M free)
TotalPageFile size 24479M (AvailPageFile size 5M)
current process WorkingSet (physical memory assigned to process): 156M, peak: 156M
current process commit charge ("private bytes"): 260M, peak: 260M

vm_info: OpenJDK 64-Bit Server VM (17.0.10+7) for windows-amd64 JRE (17.0.10+7), built on Jan 16 2024 23:25:11 by "admin" with MS VC++ 16.10 / 16.11 (VS2019)

END.
