#
# There is insufficient memory for the Java Runtime Environment to continue.
# Native memory allocation (malloc) failed to allocate 754576 bytes for Chunk::new
# Possible reasons:
#   The system is out of physical RAM or swap space
#   The process is running with CompressedOops enabled, and the Java Heap may be blocking the growth of the native heap
# Possible solutions:
#   Reduce memory load on the system
#   Increase physical memory or swap space
#   Check if swap backing store is full
#   Decrease Java heap size (-Xmx/-Xms)
#   Decrease number of Java threads
#   Decrease Java thread stack sizes (-Xss)
#   Set larger code cache with -XX:ReservedCodeCacheSize=
#   JVM is running with Unscaled Compressed Oops mode in which the Java heap is
#     placed in the first 4GB address space. The Java Heap base address is the
#     maximum limit for the native heap growth. Please use -XX:HeapBaseMinAddress
#     to set the Java Heap base and to place the Java Heap above 4GB virtual address.
# This output file may be truncated or incomplete.
#
#  Out of Memory Error (arena.cpp:191), pid=68496, tid=113532
#
# JRE version: OpenJDK Runtime Environment Temurin-17.0.10+7 (17.0.10+7) (build 17.0.10+7)
# Java VM: OpenJDK 64-Bit Server VM Temurin-17.0.10+7 (17.0.10+7, mixed mode, tiered, compressed oops, compressed class ptrs, parallel gc, windows-amd64)
# Core dump will be written. Default location: c:\Users\jab525\Documents\GitHub\CRSMain\hs_err_pid68496.mdmp
#

---------------  S U M M A R Y ------------

Command Line: --add-modules=ALL-SYSTEM --add-opens=java.base/java.util=ALL-UNNAMED --add-opens=java.base/java.lang=ALL-UNNAMED --add-opens=java.base/sun.nio.fs=ALL-UNNAMED -Declipse.application=org.eclipse.jdt.ls.core.id1 -Dosgi.bundles.defaultStartLevel=4 -Declipse.product=org.eclipse.jdt.ls.core.product -Djava.import.generatesMetadataFilesAtProjectRoot=false -DDetectVMInstallationsJob.disabled=true -Dfile.encoding=utf8 -XX:+UseParallelGC -XX:GCTimeRatio=4 -XX:AdaptiveSizePolicyWeight=90 -Dsun.zip.disableMemoryMapping=true -Xmx1G -Xms100m -Xlog:disable -javaagent:c:\Users\jab525\.vscode\extensions\redhat.java-1.29.0-win32-x64\lombok\lombok-1.18.32.jar -XX:+HeapDumpOnOutOfMemoryError -XX:HeapDumpPath=c:\Users\jab525\AppData\Roaming\Code\User\workspaceStorage\5092cb17a02b7fcc3c168c651c70f762\redhat.java -Daether.dependencyCollector.impl=bf c:\Users\jab525\.vscode\extensions\redhat.java-1.29.0-win32-x64\server\plugins\org.eclipse.equinox.launcher_1.6.800.v20240304-1850.jar -configuration c:\Users\jab525\AppData\Roaming\Code\User\globalStorage\redhat.java\1.29.0\config_win -data c:\Users\jab525\AppData\Roaming\Code\User\workspaceStorage\5092cb17a02b7fcc3c168c651c70f762\redhat.java\jdt_ws --stdio

Host: Intel(R) Xeon(R) Gold 6248R CPU @ 3.00GHz, 8 cores, 15G,  Windows Server 2019 , 64 bit Build 17763 (10.0.17763.4974)
Time: Sun Apr 21 16:39:52 2024 Eastern Daylight Time elapsed time: 5.833230 seconds (0d 0h 0m 5s)

---------------  T H R E A D  ---------------

Current thread (0x0000025ca2aad3e0):  JavaThread "C2 CompilerThread0" daemon [_thread_in_native, id=113532, stack(0x000000b078600000,0x000000b078700000)]


Current CompileTask:
C2:   5833 5306       4       org.eclipse.osgi.internal.loader.BundleLoader::addExportedProvidersFor (167 bytes)

Stack: [0x000000b078600000,0x000000b078700000]
Native frames: (J=compiled Java code, j=interpreted, Vv=VM code, C=native code)
V  [jvm.dll+0x67d2c9]
V  [jvm.dll+0x834afa]
V  [jvm.dll+0x8365be]
V  [jvm.dll+0x836c23]
V  [jvm.dll+0x2477ff]
V  [jvm.dll+0xac514]
V  [jvm.dll+0xacb5c]
V  [jvm.dll+0x2aed1f]
V  [jvm.dll+0x584b67]
V  [jvm.dll+0x2228a2]
V  [jvm.dll+0x21ba9e]
V  [jvm.dll+0x219201]
V  [jvm.dll+0x1a502d]
V  [jvm.dll+0x2290de]
V  [jvm.dll+0x2272ac]
V  [jvm.dll+0x7e9bb7]
V  [jvm.dll+0x7e3fba]
V  [jvm.dll+0x67c1b5]
C  [ucrtbase.dll+0x2268a]
C  [KERNEL32.DLL+0x17ac4]
C  [ntdll.dll+0x5a4e1]


---------------  P R O C E S S  ---------------

Threads class SMR info:
_java_thread_list=0x0000025caa7e1cb0, length=28, elements={
0x0000025c8e4279c0, 0x0000025ca2a848f0, 0x0000025ca2a6c2b0, 0x0000025ca2aa63b0,
0x0000025ca2aa7140, 0x0000025ca2aa7ed0, 0x0000025ca2aaa6d0, 0x0000025ca2aad3e0,
0x0000025ca2ab6440, 0x0000025ca2abe520, 0x0000025c8dc99dc0, 0x0000025ca858b6b0,
0x0000025ca8ba5650, 0x0000025ca8e80900, 0x0000025ca938e660, 0x0000025ca8dab7f0,
0x0000025ca8e20850, 0x0000025ca96ea030, 0x0000025ca9858050, 0x0000025ca9858560,
0x0000025ca9858a70, 0x0000025ca9858f80, 0x0000025ca9857120, 0x0000025ca98557d0,
0x0000025ca9856c10, 0x0000025ca9855ce0, 0x0000025ca9856700, 0x0000025caacadbd0
}

Java Threads: ( => current thread )
  0x0000025c8e4279c0 JavaThread "main" [_thread_blocked, id=110864, stack(0x000000b077d00000,0x000000b077e00000)]
  0x0000025ca2a848f0 JavaThread "Reference Handler" daemon [_thread_blocked, id=102480, stack(0x000000b078000000,0x000000b078100000)]
  0x0000025ca2a6c2b0 JavaThread "Finalizer" daemon [_thread_blocked, id=70584, stack(0x000000b078100000,0x000000b078200000)]
  0x0000025ca2aa63b0 JavaThread "Signal Dispatcher" daemon [_thread_blocked, id=97656, stack(0x000000b078200000,0x000000b078300000)]
  0x0000025ca2aa7140 JavaThread "Attach Listener" daemon [_thread_blocked, id=105592, stack(0x000000b078300000,0x000000b078400000)]
  0x0000025ca2aa7ed0 JavaThread "Service Thread" daemon [_thread_blocked, id=86208, stack(0x000000b078400000,0x000000b078500000)]
  0x0000025ca2aaa6d0 JavaThread "Monitor Deflation Thread" daemon [_thread_blocked, id=98516, stack(0x000000b078500000,0x000000b078600000)]
=>0x0000025ca2aad3e0 JavaThread "C2 CompilerThread0" daemon [_thread_in_native, id=113532, stack(0x000000b078600000,0x000000b078700000)]
  0x0000025ca2ab6440 JavaThread "C1 CompilerThread0" daemon [_thread_in_native, id=111772, stack(0x000000b078700000,0x000000b078800000)]
  0x0000025ca2abe520 JavaThread "Sweeper thread" daemon [_thread_blocked, id=91608, stack(0x000000b078800000,0x000000b078900000)]
  0x0000025c8dc99dc0 JavaThread "Common-Cleaner" daemon [_thread_blocked, id=95468, stack(0x000000b078900000,0x000000b078a00000)]
  0x0000025ca858b6b0 JavaThread "Notification Thread" daemon [_thread_blocked, id=102408, stack(0x000000b078b00000,0x000000b078c00000)]
  0x0000025ca8ba5650 JavaThread "Active Thread: Equinox Container: 4270e6ed-709c-443d-9606-4b5afc80e8f5" [_thread_blocked, id=68080, stack(0x000000b079300000,0x000000b079400000)]
  0x0000025ca8e80900 JavaThread "Framework Event Dispatcher: Equinox Container: 4270e6ed-709c-443d-9606-4b5afc80e8f5" daemon [_thread_blocked, id=108328, stack(0x000000b079400000,0x000000b079500000)]
  0x0000025ca938e660 JavaThread "Start Level: Equinox Container: 4270e6ed-709c-443d-9606-4b5afc80e8f5" daemon [_thread_blocked, id=101100, stack(0x000000b079500000,0x000000b079600000)]
  0x0000025ca8dab7f0 JavaThread "Bundle File Closer" daemon [_thread_blocked, id=105908, stack(0x000000b079700000,0x000000b079800000)]
  0x0000025ca8e20850 JavaThread "SCR Component Actor" daemon [_thread_blocked, id=111412, stack(0x000000b078a00000,0x000000b078b00000)]
  0x0000025ca96ea030 JavaThread "SCR Component Registry" daemon [_thread_blocked, id=94292, stack(0x000000b079800000,0x000000b079900000)]
  0x0000025ca9858050 JavaThread "Worker-JM" [_thread_blocked, id=106924, stack(0x000000b079900000,0x000000b079a00000)]
  0x0000025ca9858560 JavaThread "Worker-0" [_thread_blocked, id=98984, stack(0x000000b079a00000,0x000000b079b00000)]
  0x0000025ca9858a70 JavaThread "Worker-1" [_thread_blocked, id=113624, stack(0x000000b079b00000,0x000000b079c00000)]
  0x0000025ca9858f80 JavaThread "Java indexing" daemon [_thread_blocked, id=110660, stack(0x000000b079c00000,0x000000b079d00000)]
  0x0000025ca9857120 JavaThread "JNA Cleaner" daemon [_thread_blocked, id=102380, stack(0x000000b079d00000,0x000000b079e00000)]
  0x0000025ca98557d0 JavaThread "Worker-2" [_thread_blocked, id=104504, stack(0x000000b079e00000,0x000000b079f00000)]
  0x0000025ca9856c10 JavaThread "pool-2-thread-1" [_thread_blocked, id=84556, stack(0x000000b079f00000,0x000000b07a000000)]
  0x0000025ca9855ce0 JavaThread "Worker-3" [_thread_blocked, id=112744, stack(0x000000b07a000000,0x000000b07a100000)]
  0x0000025ca9856700 JavaThread "WorkspaceEventsHandler" [_thread_blocked, id=86024, stack(0x000000b07a100000,0x000000b07a200000)]
  0x0000025caacadbd0 JavaThread "pool-1-thread-1" [_thread_in_vm, id=97176, stack(0x000000b07a200000,0x000000b07a300000)]

Other Threads:
  0x0000025c8dcb01d0 VMThread "VM Thread" [stack: 0x000000b077f00000,0x000000b078000000] [id=100492]
  0x0000025ca844bc50 WatcherThread [stack: 0x000000b078c00000,0x000000b078d00000] [id=99740]
  0x0000025c8db6e010 GCTaskThread "GC Thread#0" [stack: 0x000000b077e00000,0x000000b077f00000] [id=105792]
  0x0000025ca8c15520 GCTaskThread "GC Thread#1" [stack: 0x000000b078d00000,0x000000b078e00000] [id=70792]
  0x0000025ca8b60f80 GCTaskThread "GC Thread#2" [stack: 0x000000b078e00000,0x000000b078f00000] [id=96872]
  0x0000025ca8904210 GCTaskThread "GC Thread#3" [stack: 0x000000b078f00000,0x000000b079000000] [id=89212]
  0x0000025ca8a1d8b0 GCTaskThread "GC Thread#4" [stack: 0x000000b079000000,0x000000b079100000] [id=85880]
  0x0000025ca8a1db70 GCTaskThread "GC Thread#5" [stack: 0x000000b079100000,0x000000b079200000] [id=72204]
  0x0000025ca8bd0040 GCTaskThread "GC Thread#6" [stack: 0x000000b079200000,0x000000b079300000] [id=100576]
  0x0000025c8bf7c180 GCTaskThread "GC Thread#7" [stack: 0x000000b079600000,0x000000b079700000] [id=81572]

Threads with active compile tasks:
C2 CompilerThread0     5880 5306       4       org.eclipse.osgi.internal.loader.BundleLoader::addExportedProvidersFor (167 bytes)

VM state: not at safepoint (normal execution)

VM Mutex/Monitor currently owned by a thread: None

Heap address: 0x00000000c0000000, size: 1024 MB, Compressed Oops mode: 32-bit

CDS archive(s) not mapped
Compressed class space mapped at: 0x0000000100000000-0x0000000140000000, reserved size: 1073741824
Narrow klass base: 0x0000000000000000, Narrow klass shift: 3, Narrow klass range: 0x140000000

GC Precious Log:
 CPUs: 8 total, 8 available
 Memory: 16383M
 Large Page Support: Disabled
 NUMA Support: Disabled
 Compressed Oops: Enabled (32-bit)
 Alignments: Space 512K, Generation 512K, Heap 2M
 Heap Min Capacity: 100M
 Heap Initial Capacity: 100M
 Heap Max Capacity: 1G
 Pre-touch: Disabled
 Parallel Workers: 8

Heap:
 PSYoungGen      total 23552K, used 15820K [0x00000000eab00000, 0x00000000ec580000, 0x0000000100000000)
  eden space 22016K, 66% used [0x00000000eab00000,0x00000000eb93b098,0x00000000ec080000)
  from space 1536K, 81% used [0x00000000ec400000,0x00000000ec538000,0x00000000ec580000)
  to   space 1536K, 0% used [0x00000000ec280000,0x00000000ec280000,0x00000000ec400000)
 ParOldGen       total 68608K, used 19929K [0x00000000c0000000, 0x00000000c4300000, 0x00000000eab00000)
  object space 68608K, 29% used [0x00000000c0000000,0x00000000c13764c0,0x00000000c4300000)
 Metaspace       used 50110K, committed 51008K, reserved 1114112K
  class space    used 5416K, committed 5760K, reserved 1048576K

Card table byte_map: [0x0000025c8df50000,0x0000025c8e160000] _byte_map_base: 0x0000025c8d950000

Marking Bits: (ParMarkBitMap*) 0x00007ffb776bd7d0
 Begin Bits: [0x0000025ca0020000, 0x0000025ca1020000)
 End Bits:   [0x0000025ca1020000, 0x0000025ca2020000)

Polling page: 0x0000025c8db40000

Metaspace:

Usage:
  Non-class:     43.65 MB used.
      Class:      5.29 MB used.
       Both:     48.94 MB used.

Virtual space:
  Non-class space:       64.00 MB reserved,      44.19 MB ( 69%) committed,  1 nodes.
      Class space:        1.00 GB reserved,       5.63 MB ( <1%) committed,  1 nodes.
             Both:        1.06 GB reserved,      49.81 MB (  5%) committed. 

Chunk freelists:
   Non-Class:  3.72 MB
       Class:  10.25 MB
        Both:  13.97 MB

MaxMetaspaceSize: unlimited
CompressedClassSpaceSize: 1.00 GB
Initial GC threshold: 21.00 MB
Current GC threshold: 58.38 MB
CDS: off
MetaspaceReclaimPolicy: balanced
 - commit_granule_bytes: 65536.
 - commit_granule_words: 8192.
 - virtual_space_node_default_size: 8388608.
 - enlarge_chunks_in_place: 1.
 - new_chunks_are_fully_committed: 0.
 - uncommit_free_chunks: 1.
 - use_allocation_guard: 0.
 - handle_deallocations: 1.


Internal statistics:

num_allocs_failed_limit: 6.
num_arena_births: 540.
num_arena_deaths: 14.
num_vsnodes_births: 2.
num_vsnodes_deaths: 0.
num_space_committed: 797.
num_space_uncommitted: 0.
num_chunks_returned_to_freelist: 20.
num_chunks_taken_from_freelist: 2341.
num_chunk_merges: 11.
num_chunk_splits: 1498.
num_chunks_enlarged: 958.
num_inconsistent_stats: 0.

CodeHeap 'non-profiled nmethods': size=120000Kb used=2258Kb max_used=2258Kb free=117741Kb
 bounds [0x0000025c98af0000, 0x0000025c98d60000, 0x0000025ca0020000]
CodeHeap 'profiled nmethods': size=120000Kb used=11376Kb max_used=11376Kb free=108623Kb
 bounds [0x0000025c91020000, 0x0000025c91b40000, 0x0000025c98550000]
CodeHeap 'non-nmethods': size=5760Kb used=1292Kb max_used=1344Kb free=4467Kb
 bounds [0x0000025c98550000, 0x0000025c987c0000, 0x0000025c98af0000]
 total_blobs=6005 nmethods=5380 adapters=538
 compilation: enabled
              stopped_count=0, restarted_count=0
 full_count=0

Compilation events (20 events):
Event: 5.810 Thread 0x0000025ca2ab6440 5371       3       com.sun.org.apache.xerces.internal.xni.XMLString::toString (32 bytes)
Event: 5.810 Thread 0x0000025ca2ab6440 nmethod 5371 0x0000025c91b2bf10 code [0x0000025c91b2c0c0, 0x0000025c91b2c2e8]
Event: 5.810 Thread 0x0000025ca2ab6440 5366       3       com.sun.org.apache.xerces.internal.dom.NamedNodeMapImpl::item (38 bytes)
Event: 5.810 Thread 0x0000025ca2ab6440 nmethod 5366 0x0000025c91b2c390 code [0x0000025c91b2c560, 0x0000025c91b2c998]
Event: 5.810 Thread 0x0000025ca2ab6440 5373       3       com.sun.org.apache.xerces.internal.util.AugmentationsImpl::removeAllItems (8 bytes)
Event: 5.810 Thread 0x0000025ca2ab6440 nmethod 5373 0x0000025c91b2ca90 code [0x0000025c91b2cc40, 0x0000025c91b2cd88]
Event: 5.810 Thread 0x0000025ca2ab6440 5365       1       com.sun.org.apache.xerces.internal.dom.ChildNode::getNextSibling (5 bytes)
Event: 5.810 Thread 0x0000025ca2ab6440 nmethod 5365 0x0000025c98d23b90 code [0x0000025c98d23d20, 0x0000025c98d23df8]
Event: 5.810 Thread 0x0000025ca2ab6440 5375       3       com.sun.org.apache.xerces.internal.dom.AttrImpl::getNodeValue (5 bytes)
Event: 5.810 Thread 0x0000025ca2ab6440 nmethod 5375 0x0000025c91b2ce90 code [0x0000025c91b2d020, 0x0000025c91b2d1c8]
Event: 5.810 Thread 0x0000025ca2ab6440 5359       1       com.sun.org.apache.xerces.internal.dom.TextImpl::getNodeType (2 bytes)
Event: 5.811 Thread 0x0000025ca2ab6440 nmethod 5359 0x0000025c98d23e90 code [0x0000025c98d24020, 0x0000025c98d240f8]
Event: 5.811 Thread 0x0000025ca2ab6440 5364  s    1       java.util.Vector::size (5 bytes)
Event: 5.811 Thread 0x0000025ca2ab6440 nmethod 5364 0x0000025c98d24190 code [0x0000025c98d24320, 0x0000025c98d24498]
Event: 5.811 Thread 0x0000025ca2ab6440 5376       1       org.eclipse.text.templates.TemplatePersistenceData::getTemplate (5 bytes)
Event: 5.811 Thread 0x0000025ca2ab6440 nmethod 5376 0x0000025c98d24510 code [0x0000025c98d246a0, 0x0000025c98d24778]
Event: 5.811 Thread 0x0000025ca2ab6440 5377       1       org.eclipse.core.internal.resources.Workspace::getRoot (5 bytes)
Event: 5.811 Thread 0x0000025ca2ab6440 nmethod 5377 0x0000025c98d24810 code [0x0000025c98d249a0, 0x0000025c98d24a78]
Event: 5.812 Thread 0x0000025ca2ab6440 5378       3       java.net.URI$Parser::checkChar (14 bytes)
Event: 5.812 Thread 0x0000025ca2ab6440 nmethod 5378 0x0000025c91b2d290 code [0x0000025c91b2d420, 0x0000025c91b2d568]

GC Heap History (20 events):
Event: 3.663 GC heap before
{Heap before GC invocations=9 (full 1):
 PSYoungGen      total 27136K, used 27115K [0x00000000eab00000, 0x00000000ec980000, 0x0000000100000000)
  eden space 24576K, 100% used [0x00000000eab00000,0x00000000ec300000,0x00000000ec300000)
  from space 2560K, 99% used [0x00000000ec580000,0x00000000ec7fad98,0x00000000ec800000)
  to   space 1536K, 0% used [0x00000000ec800000,0x00000000ec800000,0x00000000ec980000)
 ParOldGen       total 68608K, used 10660K [0x00000000c0000000, 0x00000000c4300000, 0x00000000eab00000)
  object space 68608K, 15% used [0x00000000c0000000,0x00000000c0a691c8,0x00000000c4300000)
 Metaspace       used 30005K, committed 30592K, reserved 1114112K
  class space    used 2982K, committed 3200K, reserved 1048576K
}
Event: 3.666 GC heap after
{Heap after GC invocations=9 (full 1):
 PSYoungGen      total 25600K, used 1511K [0x00000000eab00000, 0x00000000ec980000, 0x0000000100000000)
  eden space 24064K, 0% used [0x00000000eab00000,0x00000000eab00000,0x00000000ec280000)
  from space 1536K, 98% used [0x00000000ec800000,0x00000000ec979d10,0x00000000ec980000)
  to   space 3072K, 0% used [0x00000000ec380000,0x00000000ec380000,0x00000000ec680000)
 ParOldGen       total 68608K, used 11931K [0x00000000c0000000, 0x00000000c4300000, 0x00000000eab00000)
  object space 68608K, 17% used [0x00000000c0000000,0x00000000c0ba6c28,0x00000000c4300000)
 Metaspace       used 30005K, committed 30592K, reserved 1114112K
  class space    used 2982K, committed 3200K, reserved 1048576K
}
Event: 3.770 GC heap before
{Heap before GC invocations=10 (full 1):
 PSYoungGen      total 25600K, used 25575K [0x00000000eab00000, 0x00000000ec980000, 0x0000000100000000)
  eden space 24064K, 100% used [0x00000000eab00000,0x00000000ec280000,0x00000000ec280000)
  from space 1536K, 98% used [0x00000000ec800000,0x00000000ec979d10,0x00000000ec980000)
  to   space 3072K, 0% used [0x00000000ec380000,0x00000000ec380000,0x00000000ec680000)
 ParOldGen       total 68608K, used 11931K [0x00000000c0000000, 0x00000000c4300000, 0x00000000eab00000)
  object space 68608K, 17% used [0x00000000c0000000,0x00000000c0ba6c28,0x00000000c4300000)
 Metaspace       used 32050K, committed 32704K, reserved 1114112K
  class space    used 3129K, committed 3392K, reserved 1048576K
}
Event: 3.772 GC heap after
{Heap after GC invocations=10 (full 1):
 PSYoungGen      total 26624K, used 2771K [0x00000000eab00000, 0x00000000ec880000, 0x0000000100000000)
  eden space 23552K, 0% used [0x00000000eab00000,0x00000000eab00000,0x00000000ec200000)
  from space 3072K, 90% used [0x00000000ec380000,0x00000000ec634dd8,0x00000000ec680000)
  to   space 2048K, 0% used [0x00000000ec680000,0x00000000ec680000,0x00000000ec880000)
 ParOldGen       total 68608K, used 12708K [0x00000000c0000000, 0x00000000c4300000, 0x00000000eab00000)
  object space 68608K, 18% used [0x00000000c0000000,0x00000000c0c69270,0x00000000c4300000)
 Metaspace       used 32050K, committed 32704K, reserved 1114112K
  class space    used 3129K, committed 3392K, reserved 1048576K
}
Event: 4.281 GC heap before
{Heap before GC invocations=11 (full 1):
 PSYoungGen      total 26624K, used 24672K [0x00000000eab00000, 0x00000000ec880000, 0x0000000100000000)
  eden space 23552K, 92% used [0x00000000eab00000,0x00000000ec0634a0,0x00000000ec200000)
  from space 3072K, 90% used [0x00000000ec380000,0x00000000ec634dd8,0x00000000ec680000)
  to   space 2048K, 0% used [0x00000000ec680000,0x00000000ec680000,0x00000000ec880000)
 ParOldGen       total 68608K, used 12708K [0x00000000c0000000, 0x00000000c4300000, 0x00000000eab00000)
  object space 68608K, 18% used [0x00000000c0000000,0x00000000c0c69270,0x00000000c4300000)
 Metaspace       used 35187K, committed 35840K, reserved 1114112K
  class space    used 3465K, committed 3776K, reserved 1048576K
}
Event: 4.285 GC heap after
{Heap after GC invocations=11 (full 1):
 PSYoungGen      total 25088K, used 1513K [0x00000000eab00000, 0x00000000ec800000, 0x0000000100000000)
  eden space 23552K, 0% used [0x00000000eab00000,0x00000000eab00000,0x00000000ec200000)
  from space 1536K, 98% used [0x00000000ec680000,0x00000000ec7fa798,0x00000000ec800000)
  to   space 2048K, 0% used [0x00000000ec400000,0x00000000ec400000,0x00000000ec600000)
 ParOldGen       total 68608K, used 15044K [0x00000000c0000000, 0x00000000c4300000, 0x00000000eab00000)
  object space 68608K, 21% used [0x00000000c0000000,0x00000000c0eb1380,0x00000000c4300000)
 Metaspace       used 35187K, committed 35840K, reserved 1114112K
  class space    used 3465K, committed 3776K, reserved 1048576K
}
Event: 4.285 GC heap before
{Heap before GC invocations=12 (full 2):
 PSYoungGen      total 25088K, used 1513K [0x00000000eab00000, 0x00000000ec800000, 0x0000000100000000)
  eden space 23552K, 0% used [0x00000000eab00000,0x00000000eab00000,0x00000000ec200000)
  from space 1536K, 98% used [0x00000000ec680000,0x00000000ec7fa798,0x00000000ec800000)
  to   space 2048K, 0% used [0x00000000ec400000,0x00000000ec400000,0x00000000ec600000)
 ParOldGen       total 68608K, used 15044K [0x00000000c0000000, 0x00000000c4300000, 0x00000000eab00000)
  object space 68608K, 21% used [0x00000000c0000000,0x00000000c0eb1380,0x00000000c4300000)
 Metaspace       used 35187K, committed 35840K, reserved 1114112K
  class space    used 3465K, committed 3776K, reserved 1048576K
}
Event: 4.310 GC heap after
{Heap after GC invocations=12 (full 2):
 PSYoungGen      total 25088K, used 0K [0x00000000eab00000, 0x00000000ec800000, 0x0000000100000000)
  eden space 23552K, 0% used [0x00000000eab00000,0x00000000eab00000,0x00000000ec200000)
  from space 1536K, 0% used [0x00000000ec680000,0x00000000ec680000,0x00000000ec800000)
  to   space 2048K, 0% used [0x00000000ec400000,0x00000000ec400000,0x00000000ec600000)
 ParOldGen       total 68608K, used 14948K [0x00000000c0000000, 0x00000000c4300000, 0x00000000eab00000)
  object space 68608K, 21% used [0x00000000c0000000,0x00000000c0e99070,0x00000000c4300000)
 Metaspace       used 35187K, committed 35840K, reserved 1114112K
  class space    used 3465K, committed 3776K, reserved 1048576K
}
Event: 4.622 GC heap before
{Heap before GC invocations=13 (full 2):
 PSYoungGen      total 25088K, used 23552K [0x00000000eab00000, 0x00000000ec800000, 0x0000000100000000)
  eden space 23552K, 100% used [0x00000000eab00000,0x00000000ec200000,0x00000000ec200000)
  from space 1536K, 0% used [0x00000000ec680000,0x00000000ec680000,0x00000000ec800000)
  to   space 2048K, 0% used [0x00000000ec400000,0x00000000ec400000,0x00000000ec600000)
 ParOldGen       total 68608K, used 14948K [0x00000000c0000000, 0x00000000c4300000, 0x00000000eab00000)
  object space 68608K, 21% used [0x00000000c0000000,0x00000000c0e99070,0x00000000c4300000)
 Metaspace       used 38485K, committed 39360K, reserved 1114112K
  class space    used 3883K, committed 4288K, reserved 1048576K
}
Event: 4.624 GC heap after
{Heap after GC invocations=13 (full 2):
 PSYoungGen      total 24576K, used 1193K [0x00000000eab00000, 0x00000000ec700000, 0x0000000100000000)
  eden space 23040K, 0% used [0x00000000eab00000,0x00000000eab00000,0x00000000ec180000)
  from space 1536K, 77% used [0x00000000ec400000,0x00000000ec52a628,0x00000000ec580000)
  to   space 1536K, 0% used [0x00000000ec580000,0x00000000ec580000,0x00000000ec700000)
 ParOldGen       total 68608K, used 14956K [0x00000000c0000000, 0x00000000c4300000, 0x00000000eab00000)
  object space 68608K, 21% used [0x00000000c0000000,0x00000000c0e9b070,0x00000000c4300000)
 Metaspace       used 38485K, committed 39360K, reserved 1114112K
  class space    used 3883K, committed 4288K, reserved 1048576K
}
Event: 4.796 GC heap before
{Heap before GC invocations=14 (full 2):
 PSYoungGen      total 24576K, used 24233K [0x00000000eab00000, 0x00000000ec700000, 0x0000000100000000)
  eden space 23040K, 100% used [0x00000000eab00000,0x00000000ec180000,0x00000000ec180000)
  from space 1536K, 77% used [0x00000000ec400000,0x00000000ec52a628,0x00000000ec580000)
  to   space 1536K, 0% used [0x00000000ec580000,0x00000000ec580000,0x00000000ec700000)
 ParOldGen       total 68608K, used 14956K [0x00000000c0000000, 0x00000000c4300000, 0x00000000eab00000)
  object space 68608K, 21% used [0x00000000c0000000,0x00000000c0e9b070,0x00000000c4300000)
 Metaspace       used 41357K, committed 42240K, reserved 1114112K
  class space    used 4282K, committed 4608K, reserved 1048576K
}
Event: 4.798 GC heap after
{Heap after GC invocations=14 (full 2):
 PSYoungGen      total 23552K, used 912K [0x00000000eab00000, 0x00000000ec680000, 0x0000000100000000)
  eden space 22528K, 0% used [0x00000000eab00000,0x00000000eab00000,0x00000000ec100000)
  from space 1024K, 89% used [0x00000000ec580000,0x00000000ec664010,0x00000000ec680000)
  to   space 1536K, 0% used [0x00000000ec380000,0x00000000ec380000,0x00000000ec500000)
 ParOldGen       total 68608K, used 16015K [0x00000000c0000000, 0x00000000c4300000, 0x00000000eab00000)
  object space 68608K, 23% used [0x00000000c0000000,0x00000000c0fa3da8,0x00000000c4300000)
 Metaspace       used 41357K, committed 42240K, reserved 1114112K
  class space    used 4282K, committed 4608K, reserved 1048576K
}
Event: 4.886 GC heap before
{Heap before GC invocations=15 (full 2):
 PSYoungGen      total 23552K, used 23440K [0x00000000eab00000, 0x00000000ec680000, 0x0000000100000000)
  eden space 22528K, 100% used [0x00000000eab00000,0x00000000ec100000,0x00000000ec100000)
  from space 1024K, 89% used [0x00000000ec580000,0x00000000ec664010,0x00000000ec680000)
  to   space 1536K, 0% used [0x00000000ec380000,0x00000000ec380000,0x00000000ec500000)
 ParOldGen       total 68608K, used 16015K [0x00000000c0000000, 0x00000000c4300000, 0x00000000eab00000)
  object space 68608K, 23% used [0x00000000c0000000,0x00000000c0fa3da8,0x00000000c4300000)
 Metaspace       used 42179K, committed 43008K, reserved 1114112K
  class space    used 4378K, committed 4736K, reserved 1048576K
}
Event: 4.888 GC heap after
{Heap after GC invocations=15 (full 2):
 PSYoungGen      total 23552K, used 1517K [0x00000000eab00000, 0x00000000ec680000, 0x0000000100000000)
  eden space 22016K, 0% used [0x00000000eab00000,0x00000000eab00000,0x00000000ec080000)
  from space 1536K, 98% used [0x00000000ec380000,0x00000000ec4fb668,0x00000000ec500000)
  to   space 1536K, 0% used [0x00000000ec500000,0x00000000ec500000,0x00000000ec680000)
 ParOldGen       total 68608K, used 16925K [0x00000000c0000000, 0x00000000c4300000, 0x00000000eab00000)
  object space 68608K, 24% used [0x00000000c0000000,0x00000000c1087548,0x00000000c4300000)
 Metaspace       used 42179K, committed 43008K, reserved 1114112K
  class space    used 4378K, committed 4736K, reserved 1048576K
}
Event: 5.051 GC heap before
{Heap before GC invocations=16 (full 2):
 PSYoungGen      total 23552K, used 23533K [0x00000000eab00000, 0x00000000ec680000, 0x0000000100000000)
  eden space 22016K, 100% used [0x00000000eab00000,0x00000000ec080000,0x00000000ec080000)
  from space 1536K, 98% used [0x00000000ec380000,0x00000000ec4fb668,0x00000000ec500000)
  to   space 1536K, 0% used [0x00000000ec500000,0x00000000ec500000,0x00000000ec680000)
 ParOldGen       total 68608K, used 16925K [0x00000000c0000000, 0x00000000c4300000, 0x00000000eab00000)
  object space 68608K, 24% used [0x00000000c0000000,0x00000000c1087548,0x00000000c4300000)
 Metaspace       used 43552K, committed 44416K, reserved 1114112K
  class space    used 4556K, committed 4928K, reserved 1048576K
}
Event: 5.053 GC heap after
{Heap after GC invocations=16 (full 2):
 PSYoungGen      total 23040K, used 804K [0x00000000eab00000, 0x00000000ec600000, 0x0000000100000000)
  eden space 22016K, 0% used [0x00000000eab00000,0x00000000eab00000,0x00000000ec080000)
  from space 1024K, 78% used [0x00000000ec500000,0x00000000ec5c9278,0x00000000ec600000)
  to   space 1536K, 0% used [0x00000000ec300000,0x00000000ec300000,0x00000000ec480000)
 ParOldGen       total 68608K, used 18341K [0x00000000c0000000, 0x00000000c4300000, 0x00000000eab00000)
  object space 68608K, 26% used [0x00000000c0000000,0x00000000c11e9548,0x00000000c4300000)
 Metaspace       used 43552K, committed 44416K, reserved 1114112K
  class space    used 4556K, committed 4928K, reserved 1048576K
}
Event: 5.318 GC heap before
{Heap before GC invocations=17 (full 2):
 PSYoungGen      total 23040K, used 22820K [0x00000000eab00000, 0x00000000ec600000, 0x0000000100000000)
  eden space 22016K, 100% used [0x00000000eab00000,0x00000000ec080000,0x00000000ec080000)
  from space 1024K, 78% used [0x00000000ec500000,0x00000000ec5c9278,0x00000000ec600000)
  to   space 1536K, 0% used [0x00000000ec300000,0x00000000ec300000,0x00000000ec480000)
 ParOldGen       total 68608K, used 18341K [0x00000000c0000000, 0x00000000c4300000, 0x00000000eab00000)
  object space 68608K, 26% used [0x00000000c0000000,0x00000000c11e9548,0x00000000c4300000)
 Metaspace       used 46122K, committed 46976K, reserved 1114112K
  class space    used 4890K, committed 5248K, reserved 1048576K
}
Event: 5.319 GC heap after
{Heap after GC invocations=17 (full 2):
 PSYoungGen      total 23040K, used 1024K [0x00000000eab00000, 0x00000000ec580000, 0x0000000100000000)
  eden space 22016K, 0% used [0x00000000eab00000,0x00000000eab00000,0x00000000ec080000)
  from space 1024K, 100% used [0x00000000ec300000,0x00000000ec400000,0x00000000ec400000)
  to   space 1536K, 0% used [0x00000000ec400000,0x00000000ec400000,0x00000000ec580000)
 ParOldGen       total 68608K, used 19009K [0x00000000c0000000, 0x00000000c4300000, 0x00000000eab00000)
  object space 68608K, 27% used [0x00000000c0000000,0x00000000c12907c0,0x00000000c4300000)
 Metaspace       used 46122K, committed 46976K, reserved 1114112K
  class space    used 4890K, committed 5248K, reserved 1048576K
}
Event: 5.658 GC heap before
{Heap before GC invocations=18 (full 2):
 PSYoungGen      total 23040K, used 23040K [0x00000000eab00000, 0x00000000ec580000, 0x0000000100000000)
  eden space 22016K, 100% used [0x00000000eab00000,0x00000000ec080000,0x00000000ec080000)
  from space 1024K, 100% used [0x00000000ec300000,0x00000000ec400000,0x00000000ec400000)
  to   space 1536K, 0% used [0x00000000ec400000,0x00000000ec400000,0x00000000ec580000)
 ParOldGen       total 68608K, used 19009K [0x00000000c0000000, 0x00000000c4300000, 0x00000000eab00000)
  object space 68608K, 27% used [0x00000000c0000000,0x00000000c12907c0,0x00000000c4300000)
 Metaspace       used 48740K, committed 49664K, reserved 1114112K
  class space    used 5241K, committed 5632K, reserved 1048576K
}
Event: 5.660 GC heap after
{Heap after GC invocations=18 (full 2):
 PSYoungGen      total 23552K, used 1248K [0x00000000eab00000, 0x00000000ec580000, 0x0000000100000000)
  eden space 22016K, 0% used [0x00000000eab00000,0x00000000eab00000,0x00000000ec080000)
  from space 1536K, 81% used [0x00000000ec400000,0x00000000ec538000,0x00000000ec580000)
  to   space 1536K, 0% used [0x00000000ec280000,0x00000000ec280000,0x00000000ec400000)
 ParOldGen       total 68608K, used 19929K [0x00000000c0000000, 0x00000000c4300000, 0x00000000eab00000)
  object space 68608K, 29% used [0x00000000c0000000,0x00000000c13764c0,0x00000000c4300000)
 Metaspace       used 48740K, committed 49664K, reserved 1114112K
  class space    used 5241K, committed 5632K, reserved 1048576K
}

Dll operation events (10 events):
Event: 0.012 Loaded shared library c:\Users\jab525\.vscode\extensions\redhat.java-1.29.0-win32-x64\jre\17.0.10-win32-x86_64\bin\java.dll
Event: 0.136 Loaded shared library c:\Users\jab525\.vscode\extensions\redhat.java-1.29.0-win32-x64\jre\17.0.10-win32-x86_64\bin\zip.dll
Event: 0.143 Loaded shared library C:\Users\jab525\.vscode\extensions\redhat.java-1.29.0-win32-x64\jre\17.0.10-win32-x86_64\bin\instrument.dll
Event: 0.156 Loaded shared library C:\Users\jab525\.vscode\extensions\redhat.java-1.29.0-win32-x64\jre\17.0.10-win32-x86_64\bin\net.dll
Event: 0.159 Loaded shared library C:\Users\jab525\.vscode\extensions\redhat.java-1.29.0-win32-x64\jre\17.0.10-win32-x86_64\bin\nio.dll
Event: 0.167 Loaded shared library C:\Users\jab525\.vscode\extensions\redhat.java-1.29.0-win32-x64\jre\17.0.10-win32-x86_64\bin\zip.dll
Event: 0.184 Loaded shared library C:\Users\jab525\.vscode\extensions\redhat.java-1.29.0-win32-x64\jre\17.0.10-win32-x86_64\bin\jimage.dll
Event: 0.249 Loaded shared library c:\Users\jab525\.vscode\extensions\redhat.java-1.29.0-win32-x64\jre\17.0.10-win32-x86_64\bin\verify.dll
Event: 1.276 Loaded shared library C:\Users\jab525\AppData\Roaming\Code\User\globalStorage\redhat.java\1.29.0\config_win\org.eclipse.equinox.launcher\org.eclipse.equinox.launcher.win32.win32.x86_64_1.2.900.v20240213-1244\eclipse_11900.dll
Event: 4.274 Loaded shared library C:\Users\local_jab5252\Temp\162\jna--1167723699\jna7773762620541564542.dll

Deoptimization events (20 events):
Event: 5.718 Thread 0x0000025ca9858a70 Uncommon trap: trap_request=0xffffffbe fr.pc=0x0000025c98d1886c relative=0x000000000000142c
Event: 5.718 Thread 0x0000025ca9858a70 Uncommon trap: reason=profile_predicate action=maybe_recompile pc=0x0000025c98d1886c method=java.util.TreeMap.put(Ljava/lang/Object;Ljava/lang/Object;Z)Ljava/lang/Object; @ 123 c2
Event: 5.718 Thread 0x0000025ca9858a70 DEOPT PACKING pc=0x0000025c98d1886c sp=0x000000b079bfe500
Event: 5.718 Thread 0x0000025ca9858a70 DEOPT UNPACKING pc=0x0000025c985a66a3 sp=0x000000b079bfe4a8 mode 2
Event: 5.729 Thread 0x0000025ca9858560 Uncommon trap: trap_request=0xffffffbe fr.pc=0x0000025c98d1886c relative=0x000000000000142c
Event: 5.729 Thread 0x0000025ca9858560 Uncommon trap: reason=profile_predicate action=maybe_recompile pc=0x0000025c98d1886c method=java.util.TreeMap.put(Ljava/lang/Object;Ljava/lang/Object;Z)Ljava/lang/Object; @ 123 c2
Event: 5.729 Thread 0x0000025ca9858560 DEOPT PACKING pc=0x0000025c98d1886c sp=0x000000b079afe900
Event: 5.729 Thread 0x0000025ca9858560 DEOPT UNPACKING pc=0x0000025c985a66a3 sp=0x000000b079afe8a8 mode 2
Event: 5.733 Thread 0x0000025caacadbd0 Uncommon trap: trap_request=0xffffff45 fr.pc=0x0000025c98c23e48 relative=0x0000000000000488
Event: 5.733 Thread 0x0000025caacadbd0 Uncommon trap: reason=unstable_if action=reinterpret pc=0x0000025c98c23e48 method=java.util.HashMap$HashIterator.<init>(Ljava/util/HashMap;)V @ 45 c2
Event: 5.733 Thread 0x0000025caacadbd0 DEOPT PACKING pc=0x0000025c98c23e48 sp=0x000000b07a2fe1d0
Event: 5.733 Thread 0x0000025caacadbd0 DEOPT UNPACKING pc=0x0000025c985a66a3 sp=0x000000b07a2fe040 mode 2
Event: 5.791 Thread 0x0000025caacadbd0 Uncommon trap: trap_request=0xffffff45 fr.pc=0x0000025c98c03dcc relative=0x00000000000001ac
Event: 5.791 Thread 0x0000025caacadbd0 Uncommon trap: reason=unstable_if action=reinterpret pc=0x0000025c98c03dcc method=java.net.URI$Parser.scan(IIJJ)I @ 42 c2
Event: 5.791 Thread 0x0000025caacadbd0 DEOPT PACKING pc=0x0000025c98c03dcc sp=0x000000b07a2fdfb0
Event: 5.791 Thread 0x0000025caacadbd0 DEOPT UNPACKING pc=0x0000025c985a66a3 sp=0x000000b07a2fdf30 mode 2
Event: 5.791 Thread 0x0000025caacadbd0 Uncommon trap: trap_request=0xffffff45 fr.pc=0x0000025c98cc33ec relative=0x000000000000012c
Event: 5.791 Thread 0x0000025caacadbd0 Uncommon trap: reason=unstable_if action=reinterpret pc=0x0000025c98cc33ec method=java.nio.charset.CharsetDecoder.decode(Ljava/nio/ByteBuffer;Ljava/nio/CharBuffer;Z)Ljava/nio/charset/CoderResult; @ 1 c2
Event: 5.791 Thread 0x0000025caacadbd0 DEOPT PACKING pc=0x0000025c98cc33ec sp=0x000000b07a2fe1a0
Event: 5.791 Thread 0x0000025caacadbd0 DEOPT UNPACKING pc=0x0000025c985a66a3 sp=0x000000b07a2fe158 mode 2

Classes unloaded (7 events):
Event: 2.876 Thread 0x0000025c8dcb01d0 Unloading class 0x0000000100248400 'java/lang/invoke/LambdaForm$MH+0x0000000100248400'
Event: 2.876 Thread 0x0000025c8dcb01d0 Unloading class 0x0000000100248000 'java/lang/invoke/LambdaForm$MH+0x0000000100248000'
Event: 2.876 Thread 0x0000025c8dcb01d0 Unloading class 0x0000000100247c00 'java/lang/invoke/LambdaForm$MH+0x0000000100247c00'
Event: 2.876 Thread 0x0000025c8dcb01d0 Unloading class 0x0000000100247800 'java/lang/invoke/LambdaForm$MH+0x0000000100247800'
Event: 2.876 Thread 0x0000025c8dcb01d0 Unloading class 0x0000000100247400 'java/lang/invoke/LambdaForm$BMH+0x0000000100247400'
Event: 2.876 Thread 0x0000025c8dcb01d0 Unloading class 0x0000000100247000 'java/lang/invoke/LambdaForm$DMH+0x0000000100247000'
Event: 2.876 Thread 0x0000025c8dcb01d0 Unloading class 0x0000000100244400 'java/lang/invoke/LambdaForm$DMH+0x0000000100244400'

Classes redefined (0 events):
No events

Internal exceptions (20 events):
Event: 4.483 Thread 0x0000025c8e4279c0 Exception <a 'java/lang/NoSuchMethodError'{0x00000000eb567f48}: 'java.lang.Object java.lang.invoke.DirectMethodHandle$Holder.invokeStatic(java.lang.Object, java.lang.Object, long, java.lang.Object)'> (0x00000000eb567f48) 
thrown [s\src\hotspot\share\interpreter\linkResolver.cpp, line 759]
Event: 4.483 Thread 0x0000025c8e4279c0 Exception <a 'java/lang/NoSuchMethodError'{0x00000000eb56b9e0}: 'java.lang.Object java.lang.invoke.DirectMethodHandle$Holder.invokeStaticInit(java.lang.Object, java.lang.Object, long, java.lang.Object)'> (0x00000000eb56b9e0) 
thrown [s\src\hotspot\share\interpreter\linkResolver.cpp, line 759]
Event: 4.483 Thread 0x0000025c8e4279c0 Exception <a 'java/lang/NoSuchMethodError'{0x00000000eb57f5f0}: 'java.lang.Object java.lang.invoke.DirectMethodHandle$Holder.newInvokeSpecial(java.lang.Object, java.lang.Object, long)'> (0x00000000eb57f5f0) 
thrown [s\src\hotspot\share\interpreter\linkResolver.cpp, line 759]
Event: 4.485 Thread 0x0000025ca9858a70 Exception <a 'java/lang/NoSuchMethodError'{0x00000000eb59f668}: 'int java.lang.invoke.Invokers$Holder.linkToTargetMethod(java.lang.Object, java.lang.Object)'> (0x00000000eb59f668) 
thrown [s\src\hotspot\share\interpreter\linkResolver.cpp, line 759]
Event: 4.510 Thread 0x0000025ca9858a70 Exception <a 'java/lang/NoSuchMethodError'{0x00000000eb734038}: 'java.lang.Object java.lang.invoke.DirectMethodHandle$Holder.invokeSpecialIFC(java.lang.Object, java.lang.Object, java.lang.Object, java.lang.Object)'> (0x00000000eb734038) 
thrown [s\src\hotspot\share\interpreter\linkResolver.cpp, line 759]
Event: 4.518 Thread 0x0000025ca9858560 Exception <a 'java/lang/NoSuchMethodError'{0x00000000eb7c6690}: 'int java.lang.invoke.DirectMethodHandle$Holder.invokeSpecial(java.lang.Object, java.lang.Object, java.lang.Object, java.lang.Object)'> (0x00000000eb7c6690) 
thrown [s\src\hotspot\share\interpreter\linkResolver.cpp, line 759]
Event: 4.520 Thread 0x0000025ca9858560 Exception <a 'java/lang/NoSuchMethodError'{0x00000000eb7fde38}: 'java.lang.Object java.lang.invoke.DirectMethodHandle$Holder.invokeStatic(java.lang.Object, int, java.lang.Object, java.lang.Object)'> (0x00000000eb7fde38) 
thrown [s\src\hotspot\share\interpreter\linkResolver.cpp, line 759]
Event: 4.520 Thread 0x0000025ca9858560 Exception <a 'java/lang/NoSuchMethodError'{0x00000000eb8018f0}: 'java.lang.Object java.lang.invoke.DelegatingMethodHandle$Holder.delegate(java.lang.Object, int, java.lang.Object, java.lang.Object)'> (0x00000000eb8018f0) 
thrown [s\src\hotspot\share\interpreter\linkResolver.cpp, line 759]
Event: 4.522 Thread 0x0000025ca9858560 Exception <a 'java/lang/NoSuchMethodError'{0x00000000eb82c8e8}: 'int java.lang.invoke.Invokers$Holder.linkToTargetMethod(java.lang.Object, java.lang.Object, java.lang.Object)'> (0x00000000eb82c8e8) 
thrown [s\src\hotspot\share\interpreter\linkResolver.cpp, line 759]
Event: 4.706 Thread 0x0000025ca9858a70 Exception <a 'java/lang/NoSuchMethodError'{0x00000000eb35e3f8}: 'int java.lang.invoke.DirectMethodHandle$Holder.invokeSpecialIFC(java.lang.Object, java.lang.Object, java.lang.Object, java.lang.Object, java.lang.Object)'> (0x00000000eb35e3f8) 
thrown [s\src\hotspot\share\interpreter\linkResolver.cpp, line 759]
Event: 4.753 Thread 0x0000025c8e4279c0 Exception <a 'java/lang/NoSuchMethodError'{0x00000000eba87138}: 'void java.lang.invoke.DirectMethodHandle$Holder.invokeSpecial(java.lang.Object, java.lang.Object, java.lang.Object, java.lang.Object, java.lang.Object, java.lang.Object)'> (0x00000000eba87138) 
thrown [s\src\hotspot\share\interpreter\linkResolver.cpp, line 759]
Event: 4.754 Thread 0x0000025c8e4279c0 Exception <a 'java/lang/IncompatibleClassChangeError'{0x00000000eba90968}: Found class java.lang.Object, but interface was expected> (0x00000000eba90968) 
thrown [s\src\hotspot\share\interpreter\linkResolver.cpp, line 826]
Event: 4.814 Thread 0x0000025ca9858a70 Exception <a 'java/lang/NoClassDefFoundError'{0x00000000ead832b8}: javax/enterprise/inject/Typed> (0x00000000ead832b8) 
thrown [s\src\hotspot\share\classfile\systemDictionary.cpp, line 245]
Event: 5.360 Thread 0x0000025ca9858a70 Exception <a 'java/lang/NoSuchMethodError'{0x00000000eae9f198}: 'void java.lang.invoke.DirectMethodHandle$Holder.invokeStaticInit(java.lang.Object, java.lang.Object, java.lang.Object)'> (0x00000000eae9f198) 
thrown [s\src\hotspot\share\interpreter\linkResolver.cpp, line 759]
Event: 5.362 Thread 0x0000025ca9858a70 Exception <a 'java/lang/ExceptionInInitializerError'{0x00000000eaed5e60}> (0x00000000eaed5e60) 
thrown [s\src\hotspot\share\oops\instanceKlass.cpp, line 1218]
Event: 5.384 Thread 0x0000025ca9858a70 Implicit null exception at 0x0000025c98bfd42f to 0x0000025c98bfd5bc
Event: 5.384 Thread 0x0000025ca9858a70 Implicit null exception at 0x0000025c98b7d109 to 0x0000025c98b7e4a4
Event: 5.385 Thread 0x0000025ca9858a70 Exception <a 'java/lang/NoSuchMethodError'{0x00000000eb064d30}: 'java.lang.Object java.lang.invoke.Invokers$Holder.invokeExact_MT(java.lang.Object, int, java.lang.Object)'> (0x00000000eb064d30) 
thrown [s\src\hotspot\share\interpreter\linkResolver.cpp, line 759]
Event: 5.602 Thread 0x0000025ca9858a70 Exception <a 'java/lang/NoClassDefFoundError'{0x00000000ebc68f40}: com/google/inject/servlet/ServletModuleTargetVisitor> (0x00000000ebc68f40) 
thrown [s\src\hotspot\share\classfile\systemDictionary.cpp, line 245]
Event: 5.794 Thread 0x0000025caacadbd0 Exception <a 'java/io/FileNotFoundException'{0x00000000eb6492e8}> (0x00000000eb6492e8) 
thrown [s\src\hotspot\share\prims\jni.cpp, line 516]

VM Operations (20 events):
Event: 4.886 Executing VM operation: ParallelGCFailedAllocation
Event: 4.888 Executing VM operation: ParallelGCFailedAllocation done
Event: 5.051 Executing VM operation: ParallelGCFailedAllocation
Event: 5.053 Executing VM operation: ParallelGCFailedAllocation done
Event: 5.087 Executing VM operation: HandshakeAllThreads
Event: 5.087 Executing VM operation: HandshakeAllThreads done
Event: 5.129 Executing VM operation: HandshakeAllThreads
Event: 5.129 Executing VM operation: HandshakeAllThreads done
Event: 5.317 Executing VM operation: ParallelGCFailedAllocation
Event: 5.320 Executing VM operation: ParallelGCFailedAllocation done
Event: 5.409 Executing VM operation: HandshakeAllThreads
Event: 5.409 Executing VM operation: HandshakeAllThreads done
Event: 5.619 Executing VM operation: ICBufferFull
Event: 5.619 Executing VM operation: ICBufferFull done
Event: 5.649 Executing VM operation: HandshakeAllThreads
Event: 5.649 Executing VM operation: HandshakeAllThreads done
Event: 5.650 Executing VM operation: HandshakeAllThreads
Event: 5.650 Executing VM operation: HandshakeAllThreads done
Event: 5.658 Executing VM operation: ParallelGCFailedAllocation
Event: 5.660 Executing VM operation: ParallelGCFailedAllocation done

Events (20 events):
Event: 5.709 loading class java/util/regex/Pattern$Pos
Event: 5.709 loading class java/util/regex/Pattern$Pos done
Event: 5.723 loading class sun/security/provider/MD5
Event: 5.724 loading class sun/security/provider/MD5 done
Event: 5.724 loading class sun/security/provider/ByteArrayAccess$LE
Event: 5.724 loading class sun/security/provider/ByteArrayAccess$LE done
Event: 5.727 loading class java/util/stream/MatchOps$MatchKind
Event: 5.727 loading class java/util/stream/MatchOps$MatchKind done
Event: 5.727 loading class java/util/stream/MatchOps
Event: 5.727 loading class java/util/stream/MatchOps done
Event: 5.727 loading class java/util/stream/MatchOps$MatchOp
Event: 5.727 loading class java/util/stream/MatchOps$MatchOp done
Event: 5.727 loading class java/util/stream/MatchOps$BooleanTerminalSink
Event: 5.727 loading class java/util/stream/MatchOps$BooleanTerminalSink done
Event: 5.727 loading class java/util/stream/MatchOps$1MatchSink
Event: 5.727 loading class java/util/stream/MatchOps$1MatchSink done
Event: 5.783 loading class java/nio/channels/spi/AbstractInterruptibleChannel$1
Event: 5.783 loading class sun/nio/ch/Interruptible
Event: 5.783 loading class sun/nio/ch/Interruptible done
Event: 5.783 loading class java/nio/channels/spi/AbstractInterruptibleChannel$1 done


Dynamic libraries:
0x00007ff7aec30000 - 0x00007ff7aec3e000 	c:\Users\jab525\.vscode\extensions\redhat.java-1.29.0-win32-x64\jre\17.0.10-win32-x86_64\bin\java.exe
0x00007ffbf2120000 - 0x00007ffbf230e000 	C:\Windows\SYSTEM32\ntdll.dll
0x00007ffbf0d70000 - 0x00007ffbf0e23000 	C:\Windows\System32\KERNEL32.DLL
0x00007ffbeef40000 - 0x00007ffbef1dd000 	C:\Windows\System32\KERNELBASE.dll
0x00007ffbee5c0000 - 0x00007ffbee6ba000 	C:\Windows\System32\ucrtbase.dll
0x00007ffbc0570000 - 0x00007ffbc0587000 	c:\Users\jab525\.vscode\extensions\redhat.java-1.29.0-win32-x64\jre\17.0.10-win32-x86_64\bin\jli.dll
0x00007ffbba670000 - 0x00007ffbba68b000 	c:\Users\jab525\.vscode\extensions\redhat.java-1.29.0-win32-x64\jre\17.0.10-win32-x86_64\bin\VCRUNTIME140.dll
0x00007ffbf1c40000 - 0x00007ffbf1dd7000 	C:\Windows\System32\USER32.dll
0x00007ffbdb3e0000 - 0x00007ffbdb659000 	C:\Windows\WinSxS\amd64_microsoft.windows.common-controls_6595b64144ccf1df_6.0.17763.5329_none_de6f1d32534d4c59\COMCTL32.dll
0x00007ffbee6c0000 - 0x00007ffbee6e0000 	C:\Windows\System32\win32u.dll
0x00007ffbef3c0000 - 0x00007ffbef45e000 	C:\Windows\System32\msvcrt.dll
0x00007ffbf1e40000 - 0x00007ffbf1e69000 	C:\Windows\System32\GDI32.dll
0x00007ffbf1070000 - 0x00007ffbf139b000 	C:\Windows\System32\combase.dll
0x00007ffbee3c0000 - 0x00007ffbee56a000 	C:\Windows\System32\gdi32full.dll
0x00007ffbf1fd0000 - 0x00007ffbf20ee000 	C:\Windows\System32\RPCRT4.dll
0x00007ffbef210000 - 0x00007ffbef2b0000 	C:\Windows\System32\msvcp_win.dll
0x00007ffbef2b0000 - 0x00007ffbef332000 	C:\Windows\System32\bcryptPrimitives.dll
0x00007ffbf0f90000 - 0x00007ffbf0fbe000 	C:\Windows\System32\IMM32.DLL
0x00007ffbedf90000 - 0x00007ffbedfcb000 	C:\Program Files\Citrix\HDX\bin\MfApHook.dll
0x00007ffbedeb0000 - 0x00007ffbedee4000 	C:\Program Files\Citrix\HDX\bin\CtxMFPlugin64.dll
0x00007ffbf1b10000 - 0x00007ffbf1bb8000 	C:\Windows\System32\ADVAPI32.dll
0x00007ffbedc80000 - 0x00007ffbede81000 	C:\Windows\SYSTEM32\MFPlat.DLL
0x00007ffbef460000 - 0x00007ffbef502000 	C:\Windows\System32\sechost.dll
0x00007ffbede90000 - 0x00007ffbedea3000 	C:\Windows\SYSTEM32\WTSAPI32.dll
0x00007ffbef1e0000 - 0x00007ffbef206000 	C:\Windows\System32\bcrypt.dll
0x00007ffbee570000 - 0x00007ffbee5ba000 	C:\Windows\System32\cfgmgr32.dll
0x00007ffbf1e70000 - 0x00007ffbf1fc6000 	C:\Windows\System32\ole32.dll
0x00007ffbf13a0000 - 0x00007ffbf1447000 	C:\Windows\System32\shcore.dll
0x00007ffbf0e30000 - 0x00007ffbf0ef4000 	C:\Windows\System32\OLEAUT32.dll
0x00007ffbee180000 - 0x00007ffbee191000 	C:\Windows\System32\kernel.appcore.dll
0x00007ffbce430000 - 0x00007ffbce43c000 	c:\Users\jab525\.vscode\extensions\redhat.java-1.29.0-win32-x64\jre\17.0.10-win32-x86_64\bin\VCRUNTIME140_1.dll
0x00007ffbedc20000 - 0x00007ffbedc4f000 	C:\Windows\SYSTEM32\RTWorkQ.DLL
0x00007ffbed6f0000 - 0x00007ffbedc19000 	C:\Windows\system32\mfcore.dll
0x00007ffbee1a0000 - 0x00007ffbee39e000 	C:\Windows\System32\CRYPT32.dll
0x00007ffbee100000 - 0x00007ffbee112000 	C:\Windows\System32\MSASN1.dll
0x00007ffbee120000 - 0x00007ffbee17d000 	C:\Windows\System32\powrprof.dll
0x00007ffbed6e0000 - 0x00007ffbed6e9000 	C:\Windows\SYSTEM32\ksuser.dll
0x00007ffbed6d0000 - 0x00007ffbed6dc000 	C:\Windows\SYSTEM32\CRYPTBASE.DLL
0x00007ffbe5c10000 - 0x00007ffbe5c4a000 	C:\Program Files\Citrix\HDX\bin\mmhook.dll
0x00007ffbec0d0000 - 0x00007ffbec0ff000 	C:\Program Files\Citrix\HDX\bin\SfrHook.dll
0x00007ffbed670000 - 0x00007ffbed69d000 	C:\Program Files\Citrix\HDX\bin\ShellHook.dll
0x00007ffbf18d0000 - 0x00007ffbf1922000 	C:\Windows\System32\SHLWAPI.dll
0x00007ffbed540000 - 0x00007ffbed666000 	C:\Program Files\Citrix\HDX\bin\SCardHook.dll
0x00007ffbb84a0000 - 0x00007ffbb852d000 	c:\Users\jab525\.vscode\extensions\redhat.java-1.29.0-win32-x64\jre\17.0.10-win32-x86_64\bin\msvcp140.dll
0x00007ffb76b20000 - 0x00007ffb77782000 	c:\Users\jab525\.vscode\extensions\redhat.java-1.29.0-win32-x64\jre\17.0.10-win32-x86_64\bin\server\jvm.dll
0x00007ffbd9110000 - 0x00007ffbd9119000 	C:\Windows\SYSTEM32\WSOCK32.dll
0x00007ffbf1930000 - 0x00007ffbf199d000 	C:\Windows\System32\WS2_32.dll
0x00007ffbdbab0000 - 0x00007ffbdbad4000 	C:\Windows\SYSTEM32\WINMM.dll
0x00007ffbe7670000 - 0x00007ffbe767a000 	C:\Windows\SYSTEM32\VERSION.dll
0x00007ffbdb7c0000 - 0x00007ffbdb7ed000 	C:\Windows\SYSTEM32\WINMMBASE.dll
0x00007ffbc7c90000 - 0x00007ffbc7c9a000 	c:\Users\jab525\.vscode\extensions\redhat.java-1.29.0-win32-x64\jre\17.0.10-win32-x86_64\bin\jimage.dll
0x00007ffbdad90000 - 0x00007ffbdaf7d000 	C:\Windows\SYSTEM32\DBGHELP.DLL
0x00007ffbdad50000 - 0x00007ffbdad7a000 	C:\Windows\SYSTEM32\dbgcore.DLL
0x00007ffbc7c20000 - 0x00007ffbc7c2e000 	c:\Users\jab525\.vscode\extensions\redhat.java-1.29.0-win32-x64\jre\17.0.10-win32-x86_64\bin\instrument.dll
0x00007ffbbaa80000 - 0x00007ffbbaaa5000 	c:\Users\jab525\.vscode\extensions\redhat.java-1.29.0-win32-x64\jre\17.0.10-win32-x86_64\bin\java.dll
0x00007ffbc08d0000 - 0x00007ffbc08e8000 	c:\Users\jab525\.vscode\extensions\redhat.java-1.29.0-win32-x64\jre\17.0.10-win32-x86_64\bin\zip.dll
0x00007ffbef870000 - 0x00007ffbf0d68000 	C:\Windows\System32\SHELL32.dll
0x00007ffbee7f0000 - 0x00007ffbeef37000 	C:\Windows\System32\windows.storage.dll
0x00007ffbee0d0000 - 0x00007ffbee0f3000 	C:\Windows\System32\profapi.dll
0x00007ffbee3a0000 - 0x00007ffbee3bb000 	C:\Windows\System32\cryptsp.dll
0x00007ffbba5e0000 - 0x00007ffbba5f9000 	C:\Users\jab525\.vscode\extensions\redhat.java-1.29.0-win32-x64\jre\17.0.10-win32-x86_64\bin\net.dll
0x00007ffbe76a0000 - 0x00007ffbe779d000 	C:\Windows\SYSTEM32\WINHTTP.dll
0x00007ffbecca0000 - 0x00007ffbecd07000 	C:\Windows\system32\mswsock.dll
0x00007ffbba5c0000 - 0x00007ffbba5d6000 	C:\Users\jab525\.vscode\extensions\redhat.java-1.29.0-win32-x64\jre\17.0.10-win32-x86_64\bin\nio.dll
0x00007ffbc7bf0000 - 0x00007ffbc7c00000 	c:\Users\jab525\.vscode\extensions\redhat.java-1.29.0-win32-x64\jre\17.0.10-win32-x86_64\bin\verify.dll
0x00007ffbb6d60000 - 0x00007ffbb6d9e000 	C:\Users\jab525\AppData\Roaming\Code\User\globalStorage\redhat.java\1.29.0\config_win\org.eclipse.equinox.launcher\org.eclipse.equinox.launcher.win32.win32.x86_64_1.2.900.v20240213-1244\eclipse_11900.dll
0x00007ffbec670000 - 0x00007ffbec6a3000 	C:\Windows\system32\rsaenh.dll
0x00007ffbee000000 - 0x00007ffbee029000 	C:\Windows\SYSTEM32\USERENV.dll
0x00007ffbed460000 - 0x00007ffbed49d000 	C:\Windows\SYSTEM32\IPHLPAPI.DLL
0x00007ffbf0f70000 - 0x00007ffbf0f78000 	C:\Windows\System32\NSI.dll
0x00007ffbe9350000 - 0x00007ffbe9366000 	C:\Windows\SYSTEM32\dhcpcsvc6.DLL
0x00007ffbe9330000 - 0x00007ffbe934c000 	C:\Windows\SYSTEM32\dhcpcsvc.DLL
0x00007ffbeca50000 - 0x00007ffbecb16000 	C:\Windows\SYSTEM32\DNSAPI.dll
0x00007ffb93ca0000 - 0x00007ffb93ce5000 	C:\Users\local_jab5252\Temp\162\jna--1167723699\jna7773762620541564542.dll
0x00007ffbf0f00000 - 0x00007ffbf0f08000 	C:\Windows\System32\PSAPI.DLL

dbghelp: loaded successfully - version: 4.0.5 - missing functions: none
symbol engine: initialized successfully - sym options: 0x614 - pdb path: .;c:\Users\jab525\.vscode\extensions\redhat.java-1.29.0-win32-x64\jre\17.0.10-win32-x86_64\bin;C:\Windows\SYSTEM32;C:\Windows\WinSxS\amd64_microsoft.windows.common-controls_6595b64144ccf1df_6.0.17763.5329_none_de6f1d32534d4c59;C:\Program Files\Citrix\HDX\bin;c:\Users\jab525\.vscode\extensions\redhat.java-1.29.0-win32-x64\jre\17.0.10-win32-x86_64\bin\server;C:\Users\jab525\AppData\Roaming\Code\User\globalStorage\redhat.java\1.29.0\config_win\org.eclipse.equinox.launcher\org.eclipse.equinox.launcher.win32.win32.x86_64_1.2.900.v20240213-1244;C:\Users\local_jab5252\Temp\162\jna--1167723699

VM Arguments:
jvm_args: --add-modules=ALL-SYSTEM --add-opens=java.base/java.util=ALL-UNNAMED --add-opens=java.base/java.lang=ALL-UNNAMED --add-opens=java.base/sun.nio.fs=ALL-UNNAMED -Declipse.application=org.eclipse.jdt.ls.core.id1 -Dosgi.bundles.defaultStartLevel=4 -Declipse.product=org.eclipse.jdt.ls.core.product -Djava.import.generatesMetadataFilesAtProjectRoot=false -DDetectVMInstallationsJob.disabled=true -Dfile.encoding=utf8 -XX:+UseParallelGC -XX:GCTimeRatio=4 -XX:AdaptiveSizePolicyWeight=90 -Dsun.zip.disableMemoryMapping=true -Xmx1G -Xms100m -Xlog:disable -javaagent:c:\Users\jab525\.vscode\extensions\redhat.java-1.29.0-win32-x64\lombok\lombok-1.18.32.jar -XX:+HeapDumpOnOutOfMemoryError -XX:HeapDumpPath=c:\Users\jab525\AppData\Roaming\Code\User\workspaceStorage\5092cb17a02b7fcc3c168c651c70f762\redhat.java -Daether.dependencyCollector.impl=bf 
java_command: c:\Users\jab525\.vscode\extensions\redhat.java-1.29.0-win32-x64\server\plugins\org.eclipse.equinox.launcher_1.6.800.v20240304-1850.jar -configuration c:\Users\jab525\AppData\Roaming\Code\User\globalStorage\redhat.java\1.29.0\config_win -data c:\Users\jab525\AppData\Roaming\Code\User\workspaceStorage\5092cb17a02b7fcc3c168c651c70f762\redhat.java\jdt_ws --stdio
java_class_path (initial): c:\Users\jab525\.vscode\extensions\redhat.java-1.29.0-win32-x64\server\plugins\org.eclipse.equinox.launcher_1.6.800.v20240304-1850.jar
Launcher Type: SUN_STANDARD

[Global flags]
    uintx AdaptiveSizePolicyWeight                 = 90                                        {product} {command line}
     intx CICompilerCount                          = 4                                         {product} {ergonomic}
    uintx GCTimeRatio                              = 4                                         {product} {command line}
     bool HeapDumpOnOutOfMemoryError               = true                                   {manageable} {command line}
    ccstr HeapDumpPath                             = c:\Users\jab525\AppData\Roaming\Code\User\workspaceStorage\5092cb17a02b7fcc3c168c651c70f762\redhat.java         {manageable} {command line}
   size_t InitialHeapSize                          = 104857600                                 {product} {command line}
   size_t MaxHeapSize                              = 1073741824                                {product} {command line}
   size_t MaxNewSize                               = 357564416                                 {product} {ergonomic}
   size_t MinHeapDeltaBytes                        = 524288                                    {product} {ergonomic}
   size_t MinHeapSize                              = 104857600                                 {product} {command line}
   size_t NewSize                                  = 34603008                                  {product} {ergonomic}
    uintx NonNMethodCodeHeapSize                   = 5839372                                {pd product} {ergonomic}
    uintx NonProfiledCodeHeapSize                  = 122909434                              {pd product} {ergonomic}
   size_t OldSize                                  = 70254592                                  {product} {ergonomic}
    uintx ProfiledCodeHeapSize                     = 122909434                              {pd product} {ergonomic}
    uintx ReservedCodeCacheSize                    = 251658240                              {pd product} {ergonomic}
     bool SegmentedCodeCache                       = true                                      {product} {ergonomic}
   size_t SoftMaxHeapSize                          = 1073741824                             {manageable} {ergonomic}
     bool UseCompressedClassPointers               = true                           {product lp64_product} {ergonomic}
     bool UseCompressedOops                        = true                           {product lp64_product} {ergonomic}
     bool UseLargePagesIndividualAllocation        = false                                  {pd product} {ergonomic}
     bool UseParallelGC                            = true                                      {product} {command line}

Logging:
Log output configuration:
 #0: stdout all=off uptime,level,tags
 #1: stderr all=off uptime,level,tags

Environment Variables:
JAVA_HOME=C:\Program Files\Microsoft\jdk-11.0.21.9-hotspot\
PATH=C:\Program Files\Microsoft\jdk-11.0.21.9-hotspot\bin;C:\Windows\system32;C:\Windows;C:\Windows\System32\Wbem;C:\Windows\System32\WindowsPowerShell\v1.0\;C:\Windows\System32\OpenSSH\;C:\Program Files (x86)\Citrix\HDX\bin\;C:\Program Files\Citrix\HDX\bin\;C:\Program Files\Microsoft VS Code\bin;C:\Program Files (x86)\Microsoft SQL Server\160\DTS\Binn\;C:\Program Files\Azure Data Studio\bin;C:\Program Files (x86)\Citrix\Workspace Environment Management Agent;C:\Program Files\AzureConnectedMachineAgent\;C:\Users\jab525\AppData\Local\Microsoft\WindowsApps;C:\Users\jab525\AppData\Local\Programs\Git\cmd;C:\Users\jab525\AppData\Local\GitHubDesktop\bin
USERNAME=jab525
OS=Windows_NT
PROCESSOR_IDENTIFIER=Intel64 Family 6 Model 85 Stepping 0, GenuineIntel
TMP=C:\Users\LOFE7E~1\Temp\162
TEMP=C:\Users\LOFE7E~1\Temp\162



Periodic native trim disabled


---------------  S Y S T E M  ---------------

OS:
 Windows Server 2019 , 64 bit Build 17763 (10.0.17763.4974)
OS uptime: 93 days 22:12 hours
VMWare virtualization detected

CPU: total 8 (initial active 8) (2 cores per cpu, 1 threads per core) family 6 model 85 stepping 0 microcode 0x5003501, cx8, cmov, fxsr, mmx, 3dnowpref, sse, sse2, sse3, ssse3, sse4.1, sse4.2, popcnt, lzcnt, tsc, tscinvbit, avx, avx2, aes, erms, clmul, bmi1, bmi2, adx, fma, vzeroupper, clflush, clflushopt, clwb, hv
Processor Information for all 8 processors :
  Max Mhz: 2993, Current Mhz: 2993, Mhz Limit: 2993

Memory: 4k page, system-wide physical 16383M (323M free)
TotalPageFile size 24479M (AvailPageFile size 4M)
current process WorkingSet (physical memory assigned to process): 181M, peak: 186M
current process commit charge ("private bytes"): 272M, peak: 280M

vm_info: OpenJDK 64-Bit Server VM (17.0.10+7) for windows-amd64 JRE (17.0.10+7), built on Jan 16 2024 23:25:11 by "admin" with MS VC++ 16.10 / 16.11 (VS2019)

END.
