#
# There is insufficient memory for the Java Runtime Environment to continue.
# Native memory allocation (malloc) failed to allocate 81296 bytes for Chunk::new
# Possible reasons:
#   The system is out of physical RAM or swap space
#   The process is running with CompressedOops enabled, and the Java Heap may be blocking the growth of the native heap
# Possible solutions:
#   Reduce memory load on the system
#   Increase physical memory or swap space
#   Check if swap backing store is full
#   Decrease Java heap size (-Xmx/-Xms)
#   Decrease number of Java threads
#   Decrease Java thread stack sizes (-Xss)
#   Set larger code cache with -XX:ReservedCodeCacheSize=
#   JVM is running with Unscaled Compressed Oops mode in which the Java heap is
#     placed in the first 4GB address space. The Java Heap base address is the
#     maximum limit for the native heap growth. Please use -XX:HeapBaseMinAddress
#     to set the Java Heap base and to place the Java Heap above 4GB virtual address.
# This output file may be truncated or incomplete.
#
#  Out of Memory Error (arena.cpp:191), pid=104872, tid=64140
#
# JRE version: OpenJDK Runtime Environment Temurin-17.0.10+7 (17.0.10+7) (build 17.0.10+7)
# Java VM: OpenJDK 64-Bit Server VM Temurin-17.0.10+7 (17.0.10+7, mixed mode, tiered, compressed oops, compressed class ptrs, parallel gc, windows-amd64)
# Core dump will be written. Default location: c:\Users\jab525\Documents\GitHub\CRSMain\hs_err_pid104872.mdmp
#

---------------  S U M M A R Y ------------

Command Line: --add-modules=ALL-SYSTEM --add-opens=java.base/java.util=ALL-UNNAMED --add-opens=java.base/java.lang=ALL-UNNAMED --add-opens=java.base/sun.nio.fs=ALL-UNNAMED -Declipse.application=org.eclipse.jdt.ls.core.id1 -Dosgi.bundles.defaultStartLevel=4 -Declipse.product=org.eclipse.jdt.ls.core.product -Djava.import.generatesMetadataFilesAtProjectRoot=false -DDetectVMInstallationsJob.disabled=true -Dfile.encoding=utf8 -XX:+UseParallelGC -XX:GCTimeRatio=4 -XX:AdaptiveSizePolicyWeight=90 -Dsun.zip.disableMemoryMapping=true -Xmx1G -Xms100m -Xlog:disable -javaagent:c:\Users\jab525\.vscode\extensions\redhat.java-1.29.0-win32-x64\lombok\lombok-1.18.32.jar c:\Users\jab525\.vscode\extensions\redhat.java-1.29.0-win32-x64\server\plugins\org.eclipse.equinox.launcher_1.6.800.v20240304-1850.jar -configuration c:\Users\jab525\AppData\Roaming\Code\User\globalStorage\redhat.java\1.29.0\config_ss_win -data c:\Users\jab525\AppData\Roaming\Code\User\workspaceStorage\5092cb17a02b7fcc3c168c651c70f762\redhat.java\ss_ws --stdio

Host: Intel(R) Xeon(R) Gold 6248R CPU @ 3.00GHz, 8 cores, 15G,  Windows Server 2019 , 64 bit Build 17763 (10.0.17763.4974)
Time: Sun Apr 21 16:39:51 2024 Eastern Daylight Time elapsed time: 1.404180 seconds (0d 0h 0m 1s)

---------------  T H R E A D  ---------------

Current thread (0x00000237f09946a0):  JavaThread "C2 CompilerThread0" daemon [_thread_in_native, id=64140, stack(0x000000e164600000,0x000000e164700000)]


Current CompileTask:
C2:   1404 1759 %     4       java.io.DataInputStream::readUTF @ 92 (501 bytes)

Stack: [0x000000e164600000,0x000000e164700000]
Native frames: (J=compiled Java code, j=interpreted, Vv=VM code, C=native code)
V  [jvm.dll+0x67d2c9]
V  [jvm.dll+0x834afa]
V  [jvm.dll+0x8365be]
V  [jvm.dll+0x836c23]
V  [jvm.dll+0x2477ff]
V  [jvm.dll+0xac514]
V  [jvm.dll+0xacb5c]
V  [jvm.dll+0x2aed1f]
V  [jvm.dll+0x584b67]
V  [jvm.dll+0x2228a2]
V  [jvm.dll+0x21b942]
V  [jvm.dll+0x219201]
V  [jvm.dll+0x1a502d]
V  [jvm.dll+0x2290de]
V  [jvm.dll+0x2272ac]
V  [jvm.dll+0x7e9bb7]
V  [jvm.dll+0x7e3fba]
V  [jvm.dll+0x67c1b5]
C  [ucrtbase.dll+0x2268a]
C  [KERNEL32.DLL+0x17ac4]
C  [ntdll.dll+0x5a4e1]


---------------  P R O C E S S  ---------------

Threads class SMR info:
_java_thread_list=0x00000237f6b0d3b0, length=18, elements={
0x00000237dc325190, 0x00000237f0951d40, 0x00000237f09528d0, 0x00000237f0986d00,
0x00000237f09874a0, 0x00000237f098d5f0, 0x00000237f098eed0, 0x00000237f09946a0,
0x00000237f0997c40, 0x00000237f099ad70, 0x00000237dbb7f780, 0x00000237f63a41c0,
0x00000237f6372010, 0x00000237f6cba560, 0x00000237f6ca4db0, 0x00000237f6ab3ab0,
0x00000237f6f0a370, 0x00000237f6cfc230
}

Java Threads: ( => current thread )
  0x00000237dc325190 JavaThread "main" [_thread_blocked, id=99284, stack(0x000000e163d00000,0x000000e163e00000)]
  0x00000237f0951d40 JavaThread "Reference Handler" daemon [_thread_blocked, id=110060, stack(0x000000e164000000,0x000000e164100000)]
  0x00000237f09528d0 JavaThread "Finalizer" daemon [_thread_blocked, id=67048, stack(0x000000e164100000,0x000000e164200000)]
  0x00000237f0986d00 JavaThread "Signal Dispatcher" daemon [_thread_blocked, id=66612, stack(0x000000e164200000,0x000000e164300000)]
  0x00000237f09874a0 JavaThread "Attach Listener" daemon [_thread_blocked, id=101604, stack(0x000000e164300000,0x000000e164400000)]
  0x00000237f098d5f0 JavaThread "Service Thread" daemon [_thread_blocked, id=100428, stack(0x000000e164400000,0x000000e164500000)]
  0x00000237f098eed0 JavaThread "Monitor Deflation Thread" daemon [_thread_blocked, id=76500, stack(0x000000e164500000,0x000000e164600000)]
=>0x00000237f09946a0 JavaThread "C2 CompilerThread0" daemon [_thread_in_native, id=64140, stack(0x000000e164600000,0x000000e164700000)]
  0x00000237f0997c40 JavaThread "C1 CompilerThread0" daemon [_thread_blocked, id=79632, stack(0x000000e164700000,0x000000e164800000)]
  0x00000237f099ad70 JavaThread "Sweeper thread" daemon [_thread_blocked, id=112224, stack(0x000000e164800000,0x000000e164900000)]
  0x00000237dbb7f780 JavaThread "Common-Cleaner" daemon [_thread_blocked, id=99652, stack(0x000000e164900000,0x000000e164a00000)]
  0x00000237f63a41c0 JavaThread "Notification Thread" daemon [_thread_blocked, id=54568, stack(0x000000e164a00000,0x000000e164b00000)]
  0x00000237f6372010 JavaThread "C2 CompilerThread1" daemon [_thread_blocked, id=99248, stack(0x000000e164c00000,0x000000e164d00000)]
  0x00000237f6cba560 JavaThread "Active Thread: Equinox Container: e3afaae1-bcdd-46a6-b8e2-6c67a44d5076" [_thread_blocked, id=77112, stack(0x000000e165300000,0x000000e165400000)]
  0x00000237f6ca4db0 JavaThread "Framework Event Dispatcher: Equinox Container: e3afaae1-bcdd-46a6-b8e2-6c67a44d5076" daemon [_thread_blocked, id=109748, stack(0x000000e165400000,0x000000e165500000)]
  0x00000237f6ab3ab0 JavaThread "Start Level: Equinox Container: e3afaae1-bcdd-46a6-b8e2-6c67a44d5076" daemon [_thread_in_native, id=78708, stack(0x000000e165500000,0x000000e165600000)]
  0x00000237f6f0a370 JavaThread "SCR Component Actor" daemon [_thread_blocked, id=91084, stack(0x000000e165600000,0x000000e165700000)]
  0x00000237f6cfc230 JavaThread "SCR Component Registry" daemon [_thread_blocked, id=63160, stack(0x000000e165800000,0x000000e165900000)]

Other Threads:
  0x00000237f0946670 VMThread "VM Thread" [stack: 0x000000e163f00000,0x000000e164000000] [id=77424]
  0x00000237f6378e60 WatcherThread [stack: 0x000000e164b00000,0x000000e164c00000] [id=105744]
  0x00000237dba56b60 GCTaskThread "GC Thread#0" [stack: 0x000000e163e00000,0x000000e163f00000] [id=100640]
  0x00000237f6a51500 GCTaskThread "GC Thread#1" [stack: 0x000000e164d00000,0x000000e164e00000] [id=112100]
  0x00000237f68eee60 GCTaskThread "GC Thread#2" [stack: 0x000000e164e00000,0x000000e164f00000] [id=64500]
  0x00000237f68ef120 GCTaskThread "GC Thread#3" [stack: 0x000000e164f00000,0x000000e165000000] [id=89144]
  0x00000237f6a3c030 GCTaskThread "GC Thread#4" [stack: 0x000000e165000000,0x000000e165100000] [id=95168]
  0x00000237f6a46900 GCTaskThread "GC Thread#5" [stack: 0x000000e165100000,0x000000e165200000] [id=112720]
  0x00000237f6a46bc0 GCTaskThread "GC Thread#6" [stack: 0x000000e165200000,0x000000e165300000] [id=96852]
  0x00000237f6a455c0 GCTaskThread "GC Thread#7" [stack: 0x000000e165700000,0x000000e165800000] [id=85748]

Threads with active compile tasks:
C2 CompilerThread0     1447 1759 %     4       java.io.DataInputStream::readUTF @ 92 (501 bytes)

VM state: not at safepoint (normal execution)

VM Mutex/Monitor currently owned by a thread: None

Heap address: 0x00000000c0000000, size: 1024 MB, Compressed Oops mode: 32-bit

CDS archive(s) not mapped
Compressed class space mapped at: 0x0000000100000000-0x0000000140000000, reserved size: 1073741824
Narrow klass base: 0x0000000000000000, Narrow klass shift: 3, Narrow klass range: 0x140000000

GC Precious Log:
 CPUs: 8 total, 8 available
 Memory: 16383M
 Large Page Support: Disabled
 NUMA Support: Disabled
 Compressed Oops: Enabled (32-bit)
 Alignments: Space 512K, Generation 512K, Heap 2M
 Heap Min Capacity: 100M
 Heap Initial Capacity: 100M
 Heap Max Capacity: 1G
 Pre-touch: Disabled
 Parallel Workers: 8

Heap:
 PSYoungGen      total 29696K, used 16617K [0x00000000eab00000, 0x00000000ecc00000, 0x0000000100000000)
  eden space 25600K, 48% used [0x00000000eab00000,0x00000000eb73fda0,0x00000000ec400000)
  from space 4096K, 99% used [0x00000000ec800000,0x00000000ecbfa788,0x00000000ecc00000)
  to   space 4096K, 0% used [0x00000000ec400000,0x00000000ec400000,0x00000000ec800000)
 ParOldGen       total 68608K, used 736K [0x00000000c0000000, 0x00000000c4300000, 0x00000000eab00000)
  object space 68608K, 1% used [0x00000000c0000000,0x00000000c00b8350,0x00000000c4300000)
 Metaspace       used 17187K, committed 17536K, reserved 1114112K
  class space    used 1767K, committed 1920K, reserved 1048576K

Card table byte_map: [0x00000237dbe40000,0x00000237dc050000] _byte_map_base: 0x00000237db840000

Marking Bits: (ParMarkBitMap*) 0x00007ffb776bd7d0
 Begin Bits: [0x00000237edf10000, 0x00000237eef10000)
 End Bits:   [0x00000237eef10000, 0x00000237eff10000)

Polling page: 0x00000237dba30000

Metaspace:

Usage:
  Non-class:     15.06 MB used.
      Class:      1.73 MB used.
       Both:     16.78 MB used.

Virtual space:
  Non-class space:       64.00 MB reserved,      15.25 MB ( 24%) committed,  1 nodes.
      Class space:        1.00 GB reserved,       1.88 MB ( <1%) committed,  1 nodes.
             Both:        1.06 GB reserved,      17.13 MB (  2%) committed. 

Chunk freelists:
   Non-Class:  336.00 KB
       Class:  14.18 MB
        Both:  14.51 MB

MaxMetaspaceSize: unlimited
CompressedClassSpaceSize: 1.00 GB
Initial GC threshold: 21.00 MB
Current GC threshold: 21.00 MB
CDS: off
MetaspaceReclaimPolicy: balanced
 - commit_granule_bytes: 65536.
 - commit_granule_words: 8192.
 - virtual_space_node_default_size: 8388608.
 - enlarge_chunks_in_place: 1.
 - new_chunks_are_fully_committed: 0.
 - uncommit_free_chunks: 1.
 - use_allocation_guard: 0.
 - handle_deallocations: 1.


Internal statistics:

num_allocs_failed_limit: 0.
num_arena_births: 144.
num_arena_deaths: 0.
num_vsnodes_births: 2.
num_vsnodes_deaths: 0.
num_space_committed: 274.
num_space_uncommitted: 0.
num_chunks_returned_to_freelist: 0.
num_chunks_taken_from_freelist: 457.
num_chunk_merges: 0.
num_chunk_splits: 296.
num_chunks_enlarged: 222.
num_inconsistent_stats: 0.

CodeHeap 'non-profiled nmethods': size=120000Kb used=730Kb max_used=730Kb free=119269Kb
 bounds [0x00000237e69e0000, 0x00000237e6c50000, 0x00000237edf10000]
CodeHeap 'profiled nmethods': size=120000Kb used=3384Kb max_used=3384Kb free=116615Kb
 bounds [0x00000237def10000, 0x00000237df260000, 0x00000237e6440000]
CodeHeap 'non-nmethods': size=5760Kb used=1170Kb max_used=1188Kb free=4589Kb
 bounds [0x00000237e6440000, 0x00000237e66b0000, 0x00000237e69e0000]
 total_blobs=2287 nmethods=1818 adapters=383
 compilation: enabled
              stopped_count=0, restarted_count=0
 full_count=0

Compilation events (20 events):
Event: 1.393 Thread 0x00000237f0997c40 1754       3       org.eclipse.osgi.internal.loader.ModuleClassLoader::toString (80 bytes)
Event: 1.394 Thread 0x00000237f0997c40 nmethod 1754 0x00000237df236990 code [0x00000237df236d20, 0x00000237df238018]
Event: 1.394 Thread 0x00000237f0997c40 1755       3       org.eclipse.osgi.internal.hookregistry.ClassLoaderHook::recordClassDefine (1 bytes)
Event: 1.394 Thread 0x00000237f0997c40 nmethod 1755 0x00000237df238690 code [0x00000237df238820, 0x00000237df238938]
Event: 1.394 Thread 0x00000237f0997c40 1752   !   3       org.eclipse.osgi.internal.loader.ModuleClassLoader::publicGetPackage (18 bytes)
Event: 1.395 Thread 0x00000237f0997c40 nmethod 1752 0x00000237df238a10 code [0x00000237df238bc0, 0x00000237df238e48]
Event: 1.395 Thread 0x00000237f0997c40 1753   !   3       org.eclipse.osgi.internal.weaving.WeavingHookConfigurator::processClass (245 bytes)
Event: 1.395 Thread 0x00000237f6372010 nmethod 1748 0x00000237e6a90e10 code [0x00000237e6a90f80, 0x00000237e6a91118]
Event: 1.395 Thread 0x00000237f09946a0 1756       4       java.io.DataInputStream::readByte (6 bytes)
Event: 1.396 Thread 0x00000237f6372010 1758       4       java.io.DataInputStream::readInt (68 bytes)
Event: 1.396 Thread 0x00000237f0997c40 nmethod 1753 0x00000237df238f90 code [0x00000237df239340, 0x00000237df23aff8]
Event: 1.396 Thread 0x00000237f0997c40 1757       3       org.eclipse.core.internal.registry.BufferedRandomInputStream::read (41 bytes)
Event: 1.396 Thread 0x00000237f0997c40 nmethod 1757 0x00000237df23be10 code [0x00000237df23bfc0, 0x00000237df23c1e8]
Event: 1.398 Thread 0x00000237f09946a0 nmethod 1756 0x00000237e6a91210 code [0x00000237e6a913a0, 0x00000237e6a917e8]
Event: 1.398 Thread 0x00000237f09946a0 1759 %     4       java.io.DataInputStream::readUTF @ 92 (501 bytes)
Event: 1.398 Thread 0x00000237f0997c40 1760       3       java.lang.invoke.InvokerBytecodeGenerator::emitReferenceCast (185 bytes)
Event: 1.398 Thread 0x00000237f0997c40 nmethod 1760 0x00000237df23c310 code [0x00000237df23c5c0, 0x00000237df23d208]
Event: 1.398 Thread 0x00000237f0997c40 1762       3       java.lang.reflect.Modifier::isPrivate (12 bytes)
Event: 1.399 Thread 0x00000237f0997c40 nmethod 1762 0x00000237df23d590 code [0x00000237df23d720, 0x00000237df23d878]
Event: 1.399 Thread 0x00000237f0997c40 1763   !   3       org.eclipse.osgi.internal.loader.BundleLoader::getImportedSources (114 bytes)

GC Heap History (4 events):
Event: 0.701 GC heap before
{Heap before GC invocations=1 (full 0):
 PSYoungGen      total 29696K, used 25600K [0x00000000eab00000, 0x00000000ecc00000, 0x0000000100000000)
  eden space 25600K, 100% used [0x00000000eab00000,0x00000000ec400000,0x00000000ec400000)
  from space 4096K, 0% used [0x00000000ec800000,0x00000000ec800000,0x00000000ecc00000)
  to   space 4096K, 0% used [0x00000000ec400000,0x00000000ec400000,0x00000000ec800000)
 ParOldGen       total 68608K, used 0K [0x00000000c0000000, 0x00000000c4300000, 0x00000000eab00000)
  object space 68608K, 0% used [0x00000000c0000000,0x00000000c0000000,0x00000000c4300000)
 Metaspace       used 10974K, committed 11200K, reserved 1114112K
  class space    used 1096K, committed 1216K, reserved 1048576K
}
Event: 0.706 GC heap after
{Heap after GC invocations=1 (full 0):
 PSYoungGen      total 29696K, used 3140K [0x00000000eab00000, 0x00000000ecc00000, 0x0000000100000000)
  eden space 25600K, 0% used [0x00000000eab00000,0x00000000eab00000,0x00000000ec400000)
  from space 4096K, 76% used [0x00000000ec400000,0x00000000ec711288,0x00000000ec800000)
  to   space 4096K, 0% used [0x00000000ec800000,0x00000000ec800000,0x00000000ecc00000)
 ParOldGen       total 68608K, used 16K [0x00000000c0000000, 0x00000000c4300000, 0x00000000eab00000)
  object space 68608K, 0% used [0x00000000c0000000,0x00000000c0004000,0x00000000c4300000)
 Metaspace       used 10974K, committed 11200K, reserved 1114112K
  class space    used 1096K, committed 1216K, reserved 1048576K
}
Event: 1.256 GC heap before
{Heap before GC invocations=2 (full 0):
 PSYoungGen      total 29696K, used 28740K [0x00000000eab00000, 0x00000000ecc00000, 0x0000000100000000)
  eden space 25600K, 100% used [0x00000000eab00000,0x00000000ec400000,0x00000000ec400000)
  from space 4096K, 76% used [0x00000000ec400000,0x00000000ec711288,0x00000000ec800000)
  to   space 4096K, 0% used [0x00000000ec800000,0x00000000ec800000,0x00000000ecc00000)
 ParOldGen       total 68608K, used 16K [0x00000000c0000000, 0x00000000c4300000, 0x00000000eab00000)
  object space 68608K, 0% used [0x00000000c0000000,0x00000000c0004000,0x00000000c4300000)
 Metaspace       used 14757K, committed 15040K, reserved 1114112K
  class space    used 1496K, committed 1664K, reserved 1048576K
}
Event: 1.262 GC heap after
{Heap after GC invocations=2 (full 0):
 PSYoungGen      total 29696K, used 4073K [0x00000000eab00000, 0x00000000ecc00000, 0x0000000100000000)
  eden space 25600K, 0% used [0x00000000eab00000,0x00000000eab00000,0x00000000ec400000)
  from space 4096K, 99% used [0x00000000ec800000,0x00000000ecbfa788,0x00000000ecc00000)
  to   space 4096K, 0% used [0x00000000ec400000,0x00000000ec400000,0x00000000ec800000)
 ParOldGen       total 68608K, used 736K [0x00000000c0000000, 0x00000000c4300000, 0x00000000eab00000)
  object space 68608K, 1% used [0x00000000c0000000,0x00000000c00b8350,0x00000000c4300000)
 Metaspace       used 14757K, committed 15040K, reserved 1114112K
  class space    used 1496K, committed 1664K, reserved 1048576K
}

Dll operation events (9 events):
Event: 0.011 Loaded shared library c:\Users\jab525\.vscode\extensions\redhat.java-1.29.0-win32-x64\jre\17.0.10-win32-x86_64\bin\java.dll
Event: 0.126 Loaded shared library c:\Users\jab525\.vscode\extensions\redhat.java-1.29.0-win32-x64\jre\17.0.10-win32-x86_64\bin\zip.dll
Event: 0.130 Loaded shared library C:\Users\jab525\.vscode\extensions\redhat.java-1.29.0-win32-x64\jre\17.0.10-win32-x86_64\bin\instrument.dll
Event: 0.142 Loaded shared library C:\Users\jab525\.vscode\extensions\redhat.java-1.29.0-win32-x64\jre\17.0.10-win32-x86_64\bin\net.dll
Event: 0.145 Loaded shared library C:\Users\jab525\.vscode\extensions\redhat.java-1.29.0-win32-x64\jre\17.0.10-win32-x86_64\bin\nio.dll
Event: 0.157 Loaded shared library C:\Users\jab525\.vscode\extensions\redhat.java-1.29.0-win32-x64\jre\17.0.10-win32-x86_64\bin\zip.dll
Event: 0.173 Loaded shared library C:\Users\jab525\.vscode\extensions\redhat.java-1.29.0-win32-x64\jre\17.0.10-win32-x86_64\bin\jimage.dll
Event: 0.263 Loaded shared library c:\Users\jab525\.vscode\extensions\redhat.java-1.29.0-win32-x64\jre\17.0.10-win32-x86_64\bin\verify.dll
Event: 1.138 Loaded shared library C:\Users\jab525\AppData\Roaming\Code\User\globalStorage\redhat.java\1.29.0\config_ss_win\org.eclipse.equinox.launcher\org.eclipse.equinox.launcher.win32.win32.x86_64_1.2.900.v20240213-1244\eclipse_11900.dll

Deoptimization events (20 events):
Event: 1.395 Thread 0x00000237f6ab3ab0 Uncommon trap: trap_request=0xffffffde fr.pc=0x00000237e6a489d4 relative=0x00000000000011f4
Event: 1.395 Thread 0x00000237f6ab3ab0 Uncommon trap: reason=class_check action=maybe_recompile pc=0x00000237e6a489d4 method=java.io.DataInputStream.readFully([BII)V @ 30 c2
Event: 1.395 Thread 0x00000237f6ab3ab0 DEOPT PACKING pc=0x00000237e6a489d4 sp=0x000000e1655fbb00
Event: 1.395 Thread 0x00000237f6ab3ab0 DEOPT UNPACKING pc=0x00000237e64966a3 sp=0x000000e1655fba48 mode 2
Event: 1.395 Thread 0x00000237f6ab3ab0 Uncommon trap: trap_request=0xffffffde fr.pc=0x00000237e6a43bb4 relative=0x0000000000000294
Event: 1.395 Thread 0x00000237f6ab3ab0 Uncommon trap: reason=class_check action=maybe_recompile pc=0x00000237e6a43bb4 method=java.io.DataInputStream.readUnsignedByte()I @ 4 c2
Event: 1.395 Thread 0x00000237f6ab3ab0 DEOPT PACKING pc=0x00000237e6a43bb4 sp=0x000000e1655fbc40
Event: 1.395 Thread 0x00000237f6ab3ab0 DEOPT UNPACKING pc=0x00000237e64966a3 sp=0x000000e1655fbb98 mode 2
Event: 1.395 Thread 0x00000237f6ab3ab0 Uncommon trap: trap_request=0xffffffde fr.pc=0x00000237e6a43bb4 relative=0x0000000000000294
Event: 1.395 Thread 0x00000237f6ab3ab0 Uncommon trap: reason=class_check action=maybe_recompile pc=0x00000237e6a43bb4 method=java.io.DataInputStream.readUnsignedByte()I @ 4 c2
Event: 1.395 Thread 0x00000237f6ab3ab0 DEOPT PACKING pc=0x00000237e6a43bb4 sp=0x000000e1655fbc40
Event: 1.395 Thread 0x00000237f6ab3ab0 DEOPT UNPACKING pc=0x00000237e64966a3 sp=0x000000e1655fbb98 mode 2
Event: 1.395 Thread 0x00000237f6ab3ab0 Uncommon trap: trap_request=0xffffffde fr.pc=0x00000237e6a489d4 relative=0x00000000000011f4
Event: 1.395 Thread 0x00000237f6ab3ab0 Uncommon trap: reason=class_check action=maybe_recompile pc=0x00000237e6a489d4 method=java.io.DataInputStream.readFully([BII)V @ 30 c2
Event: 1.395 Thread 0x00000237f6ab3ab0 DEOPT PACKING pc=0x00000237e6a489d4 sp=0x000000e1655fbb00
Event: 1.395 Thread 0x00000237f6ab3ab0 DEOPT UNPACKING pc=0x00000237e64966a3 sp=0x000000e1655fba48 mode 2
Event: 1.395 Thread 0x00000237f6ab3ab0 Uncommon trap: trap_request=0xffffffde fr.pc=0x00000237e6a489d4 relative=0x00000000000011f4
Event: 1.395 Thread 0x00000237f6ab3ab0 Uncommon trap: reason=class_check action=maybe_recompile pc=0x00000237e6a489d4 method=java.io.DataInputStream.readFully([BII)V @ 30 c2
Event: 1.395 Thread 0x00000237f6ab3ab0 DEOPT PACKING pc=0x00000237e6a489d4 sp=0x000000e1655fbb00
Event: 1.395 Thread 0x00000237f6ab3ab0 DEOPT UNPACKING pc=0x00000237e64966a3 sp=0x000000e1655fba48 mode 2

Classes unloaded (0 events):
No events

Classes redefined (0 events):
No events

Internal exceptions (20 events):
Event: 0.624 Thread 0x00000237dc325190 Exception <a 'java/lang/ClassNotFoundException'{0x00000000ec0c5c58}: sun/net/www/protocol/c/Handler> (0x00000000ec0c5c58) 
thrown [s\src\hotspot\share\classfile\systemDictionary.cpp, line 256]
Event: 0.624 Thread 0x00000237dc325190 Exception <a 'java/lang/ClassNotFoundException'{0x00000000ec0c6df8}: sun/net/www/protocol/c/Handler> (0x00000000ec0c6df8) 
thrown [s\src\hotspot\share\classfile\systemDictionary.cpp, line 256]
Event: 0.634 Thread 0x00000237dc325190 Exception <a 'java/io/FileNotFoundException'{0x00000000ec0ea378}> (0x00000000ec0ea378) 
thrown [s\src\hotspot\share\prims\jni.cpp, line 516]
Event: 0.661 Thread 0x00000237dc325190 Implicit null exception at 0x00000237e6a3097b to 0x00000237e6a31300
Event: 0.661 Thread 0x00000237dc325190 Implicit null exception at 0x00000237e6a26f6c to 0x00000237e6a27148
Event: 0.661 Thread 0x00000237dc325190 Implicit null exception at 0x00000237e6a28d6c to 0x00000237e6a28f50
Event: 0.661 Thread 0x00000237dc325190 Implicit null exception at 0x00000237e6a2350f to 0x00000237e6a23585
Event: 0.694 Thread 0x00000237dc325190 Exception <a 'java/lang/NoSuchMethodError'{0x00000000ec3bd868}: 'int java.lang.invoke.DirectMethodHandle$Holder.invokeStaticInit(java.lang.Object, java.lang.Object, java.lang.Object, java.lang.Object)'> (0x00000000ec3bd868) 
thrown [s\src\hotspot\share\interpreter\linkResolver.cpp, line 759]
Event: 0.696 Thread 0x00000237dc325190 Exception <a 'java/lang/NoSuchMethodError'{0x00000000ec3c7ed8}: 'java.lang.Object java.lang.invoke.DirectMethodHandle$Holder.invokeInterface(java.lang.Object, java.lang.Object)'> (0x00000000ec3c7ed8) 
thrown [s\src\hotspot\share\interpreter\linkResolver.cpp, line 759]
Event: 0.696 Thread 0x00000237dc325190 Exception <a 'java/lang/IncompatibleClassChangeError'{0x00000000ec3cb6d0}: Found class java.lang.Object, but interface was expected> (0x00000000ec3cb6d0) 
thrown [s\src\hotspot\share\interpreter\linkResolver.cpp, line 826]
Event: 0.696 Thread 0x00000237dc325190 Exception <a 'java/lang/NoSuchMethodError'{0x00000000ec3cfbc0}: 'void java.lang.invoke.DirectMethodHandle$Holder.invokeStatic(java.lang.Object, java.lang.Object)'> (0x00000000ec3cfbc0) 
thrown [s\src\hotspot\share\interpreter\linkResolver.cpp, line 759]
Event: 0.697 Thread 0x00000237dc325190 Exception <a 'java/lang/NoSuchMethodError'{0x00000000ec3d33c0}: 'void java.lang.invoke.DirectMethodHandle$Holder.invokeStaticInit(java.lang.Object, java.lang.Object)'> (0x00000000ec3d33c0) 
thrown [s\src\hotspot\share\interpreter\linkResolver.cpp, line 759]
Event: 0.697 Thread 0x00000237dc325190 Exception <a 'java/lang/NoSuchMethodError'{0x00000000ec3da7f0}: 'int java.lang.invoke.DirectMethodHandle$Holder.invokeStaticInit(java.lang.Object, java.lang.Object)'> (0x00000000ec3da7f0) 
thrown [s\src\hotspot\share\interpreter\linkResolver.cpp, line 759]
Event: 0.757 Thread 0x00000237dc325190 Exception <a 'java/lang/NoSuchMethodError'{0x00000000eac44b78}: 'void java.lang.invoke.DirectMethodHandle$Holder.invokeSpecial(java.lang.Object, java.lang.Object, java.lang.Object)'> (0x00000000eac44b78) 
thrown [s\src\hotspot\share\interpreter\linkResolver.cpp, line 759]
Event: 0.984 Thread 0x00000237dc325190 Exception <a 'java/lang/NoSuchMethodError'{0x00000000eb8b05d0}: 'java.lang.Object java.lang.invoke.DirectMethodHandle$Holder.newInvokeSpecial(java.lang.Object, int, java.lang.Object)'> (0x00000000eb8b05d0) 
thrown [s\src\hotspot\share\interpreter\linkResolver.cpp, line 759]
Event: 1.134 Thread 0x00000237dc325190 Exception <a 'java/lang/UnsatisfiedLinkError'{0x00000000ebe455f0}: 'void org.eclipse.equinox.launcher.JNIBridge._update_splash()'> (0x00000000ebe455f0) 
thrown [s\src\hotspot\share\prims\nativeLookup.cpp, line 543]
Event: 1.191 Thread 0x00000237f6ab3ab0 Exception <a 'java/lang/NoSuchMethodError'{0x00000000ec132af8}: 'java.lang.Object java.lang.invoke.DirectMethodHandle$Holder.invokeStaticInit(java.lang.Object)'> (0x00000000ec132af8) 
thrown [s\src\hotspot\share\interpreter\linkResolver.cpp, line 759]
Event: 1.227 Thread 0x00000237f6ab3ab0 Exception <a 'java/lang/NullPointerException'{0x00000000ec274808}> (0x00000000ec274808) 
thrown [s\src\hotspot\share\interpreter\linkResolver.cpp, line 1350]
Event: 1.227 Thread 0x00000237f6ab3ab0 Exception <a 'java/lang/NullPointerException'{0x00000000ec274ae0}> (0x00000000ec274ae0) 
thrown [s\src\hotspot\share\interpreter\linkResolver.cpp, line 1350]
Event: 1.389 Thread 0x00000237f6ab3ab0 Exception <a 'java/io/FileNotFoundException'{0x00000000eb514b40}> (0x00000000eb514b40) 
thrown [s\src\hotspot\share\prims\jni.cpp, line 516]

VM Operations (20 events):
Event: 0.469 Executing VM operation: HandshakeAllThreads
Event: 0.469 Executing VM operation: HandshakeAllThreads done
Event: 0.480 Executing VM operation: HandshakeAllThreads
Event: 0.480 Executing VM operation: HandshakeAllThreads done
Event: 0.605 Executing VM operation: ICBufferFull
Event: 0.606 Executing VM operation: ICBufferFull done
Event: 0.700 Executing VM operation: ParallelGCFailedAllocation
Event: 0.706 Executing VM operation: ParallelGCFailedAllocation done
Event: 0.962 Executing VM operation: HandshakeAllThreads
Event: 0.962 Executing VM operation: HandshakeAllThreads done
Event: 0.962 Executing VM operation: HandshakeAllThreads
Event: 0.962 Executing VM operation: HandshakeAllThreads done
Event: 0.968 Executing VM operation: HandshakeAllThreads
Event: 0.968 Executing VM operation: HandshakeAllThreads done
Event: 0.981 Executing VM operation: HandshakeAllThreads
Event: 0.981 Executing VM operation: HandshakeAllThreads done
Event: 1.224 Executing VM operation: HandshakeAllThreads
Event: 1.224 Executing VM operation: HandshakeAllThreads done
Event: 1.256 Executing VM operation: ParallelGCFailedAllocation
Event: 1.262 Executing VM operation: ParallelGCFailedAllocation done

Events (20 events):
Event: 1.298 loading class java/util/TaskQueue done
Event: 1.298 loading class java/util/TimerThread
Event: 1.298 loading class java/util/TimerThread done
Event: 1.299 loading class java/util/Timer$ThreadReaper
Event: 1.299 loading class java/util/Timer$ThreadReaper done
Event: 1.299 Thread 0x00000237f6cfc230 Thread added: 0x00000237f6cfc230
Event: 1.307 loading class java/util/concurrent/locks/ReentrantLock$FairSync
Event: 1.307 loading class java/util/concurrent/locks/ReentrantLock$FairSync done
Event: 1.308 loading class java/util/Collections$ReverseComparator
Event: 1.308 loading class java/util/Collections$ReverseComparator done
Event: 1.346 loading class java/lang/CloneNotSupportedException
Event: 1.346 loading class java/lang/CloneNotSupportedException done
Event: 1.369 loading class java/util/TreeMap$Values
Event: 1.369 loading class java/util/TreeMap$Values done
Event: 1.369 loading class java/util/TreeMap$ValueIterator
Event: 1.369 loading class java/util/TreeMap$ValueIterator done
Event: 1.381 loading class java/nio/file/NoSuchFileException
Event: 1.381 loading class java/nio/file/FileSystemException
Event: 1.381 loading class java/nio/file/FileSystemException done
Event: 1.381 loading class java/nio/file/NoSuchFileException done


Dynamic libraries:
0x00007ff7aec30000 - 0x00007ff7aec3e000 	c:\Users\jab525\.vscode\extensions\redhat.java-1.29.0-win32-x64\jre\17.0.10-win32-x86_64\bin\java.exe
0x00007ffbf2120000 - 0x00007ffbf230e000 	C:\Windows\SYSTEM32\ntdll.dll
0x00007ffbf0d70000 - 0x00007ffbf0e23000 	C:\Windows\System32\KERNEL32.DLL
0x00007ffbeef40000 - 0x00007ffbef1dd000 	C:\Windows\System32\KERNELBASE.dll
0x00007ffbee5c0000 - 0x00007ffbee6ba000 	C:\Windows\System32\ucrtbase.dll
0x00007ffbc0570000 - 0x00007ffbc0587000 	c:\Users\jab525\.vscode\extensions\redhat.java-1.29.0-win32-x64\jre\17.0.10-win32-x86_64\bin\jli.dll
0x00007ffbba670000 - 0x00007ffbba68b000 	c:\Users\jab525\.vscode\extensions\redhat.java-1.29.0-win32-x64\jre\17.0.10-win32-x86_64\bin\VCRUNTIME140.dll
0x00007ffbf1c40000 - 0x00007ffbf1dd7000 	C:\Windows\System32\USER32.dll
0x00007ffbdb3e0000 - 0x00007ffbdb659000 	C:\Windows\WinSxS\amd64_microsoft.windows.common-controls_6595b64144ccf1df_6.0.17763.5329_none_de6f1d32534d4c59\COMCTL32.dll
0x00007ffbee6c0000 - 0x00007ffbee6e0000 	C:\Windows\System32\win32u.dll
0x00007ffbef3c0000 - 0x00007ffbef45e000 	C:\Windows\System32\msvcrt.dll
0x00007ffbf1e40000 - 0x00007ffbf1e69000 	C:\Windows\System32\GDI32.dll
0x00007ffbf1070000 - 0x00007ffbf139b000 	C:\Windows\System32\combase.dll
0x00007ffbee3c0000 - 0x00007ffbee56a000 	C:\Windows\System32\gdi32full.dll
0x00007ffbf1fd0000 - 0x00007ffbf20ee000 	C:\Windows\System32\RPCRT4.dll
0x00007ffbef2b0000 - 0x00007ffbef332000 	C:\Windows\System32\bcryptPrimitives.dll
0x00007ffbef210000 - 0x00007ffbef2b0000 	C:\Windows\System32\msvcp_win.dll
0x00007ffbf0f90000 - 0x00007ffbf0fbe000 	C:\Windows\System32\IMM32.DLL
0x00007ffbedf90000 - 0x00007ffbedfcb000 	C:\Program Files\Citrix\HDX\bin\MfApHook.dll
0x00007ffbedeb0000 - 0x00007ffbedee4000 	C:\Program Files\Citrix\HDX\bin\CtxMFPlugin64.dll
0x00007ffbf1b10000 - 0x00007ffbf1bb8000 	C:\Windows\System32\ADVAPI32.dll
0x00007ffbef460000 - 0x00007ffbef502000 	C:\Windows\System32\sechost.dll
0x00007ffbef1e0000 - 0x00007ffbef206000 	C:\Windows\System32\bcrypt.dll
0x00007ffbf1e70000 - 0x00007ffbf1fc6000 	C:\Windows\System32\ole32.dll
0x00007ffbedc80000 - 0x00007ffbede81000 	C:\Windows\SYSTEM32\MFPlat.DLL
0x00007ffbee570000 - 0x00007ffbee5ba000 	C:\Windows\System32\cfgmgr32.dll
0x00007ffbf13a0000 - 0x00007ffbf1447000 	C:\Windows\System32\shcore.dll
0x00007ffbede90000 - 0x00007ffbedea3000 	C:\Windows\SYSTEM32\WTSAPI32.dll
0x00007ffbf0e30000 - 0x00007ffbf0ef4000 	C:\Windows\System32\OLEAUT32.dll
0x00007ffbee180000 - 0x00007ffbee191000 	C:\Windows\System32\kernel.appcore.dll
0x00007ffbce430000 - 0x00007ffbce43c000 	c:\Users\jab525\.vscode\extensions\redhat.java-1.29.0-win32-x64\jre\17.0.10-win32-x86_64\bin\VCRUNTIME140_1.dll
0x00007ffbedc20000 - 0x00007ffbedc4f000 	C:\Windows\SYSTEM32\RTWorkQ.DLL
0x00007ffbed6f0000 - 0x00007ffbedc19000 	C:\Windows\system32\mfcore.dll
0x00007ffbee1a0000 - 0x00007ffbee39e000 	C:\Windows\System32\CRYPT32.dll
0x00007ffbee100000 - 0x00007ffbee112000 	C:\Windows\System32\MSASN1.dll
0x00007ffbee120000 - 0x00007ffbee17d000 	C:\Windows\System32\powrprof.dll
0x00007ffbed6e0000 - 0x00007ffbed6e9000 	C:\Windows\SYSTEM32\ksuser.dll
0x00007ffbed6d0000 - 0x00007ffbed6dc000 	C:\Windows\SYSTEM32\CRYPTBASE.DLL
0x00007ffbe5c10000 - 0x00007ffbe5c4a000 	C:\Program Files\Citrix\HDX\bin\mmhook.dll
0x00007ffbec0d0000 - 0x00007ffbec0ff000 	C:\Program Files\Citrix\HDX\bin\SfrHook.dll
0x00007ffbed670000 - 0x00007ffbed69d000 	C:\Program Files\Citrix\HDX\bin\ShellHook.dll
0x00007ffbf18d0000 - 0x00007ffbf1922000 	C:\Windows\System32\SHLWAPI.dll
0x00007ffbed540000 - 0x00007ffbed666000 	C:\Program Files\Citrix\HDX\bin\SCardHook.dll
0x00007ffbb84a0000 - 0x00007ffbb852d000 	c:\Users\jab525\.vscode\extensions\redhat.java-1.29.0-win32-x64\jre\17.0.10-win32-x86_64\bin\msvcp140.dll
0x00007ffb76b20000 - 0x00007ffb77782000 	c:\Users\jab525\.vscode\extensions\redhat.java-1.29.0-win32-x64\jre\17.0.10-win32-x86_64\bin\server\jvm.dll
0x00007ffbd9110000 - 0x00007ffbd9119000 	C:\Windows\SYSTEM32\WSOCK32.dll
0x00007ffbf1930000 - 0x00007ffbf199d000 	C:\Windows\System32\WS2_32.dll
0x00007ffbdbab0000 - 0x00007ffbdbad4000 	C:\Windows\SYSTEM32\WINMM.dll
0x00007ffbe7670000 - 0x00007ffbe767a000 	C:\Windows\SYSTEM32\VERSION.dll
0x00007ffbdb7c0000 - 0x00007ffbdb7ed000 	C:\Windows\SYSTEM32\WINMMBASE.dll
0x00007ffbc7c90000 - 0x00007ffbc7c9a000 	c:\Users\jab525\.vscode\extensions\redhat.java-1.29.0-win32-x64\jre\17.0.10-win32-x86_64\bin\jimage.dll
0x00007ffbdad90000 - 0x00007ffbdaf7d000 	C:\Windows\SYSTEM32\DBGHELP.DLL
0x00007ffbdad50000 - 0x00007ffbdad7a000 	C:\Windows\SYSTEM32\dbgcore.DLL
0x00007ffbc7c20000 - 0x00007ffbc7c2e000 	c:\Users\jab525\.vscode\extensions\redhat.java-1.29.0-win32-x64\jre\17.0.10-win32-x86_64\bin\instrument.dll
0x00007ffbbaa80000 - 0x00007ffbbaaa5000 	c:\Users\jab525\.vscode\extensions\redhat.java-1.29.0-win32-x64\jre\17.0.10-win32-x86_64\bin\java.dll
0x00007ffbc08d0000 - 0x00007ffbc08e8000 	c:\Users\jab525\.vscode\extensions\redhat.java-1.29.0-win32-x64\jre\17.0.10-win32-x86_64\bin\zip.dll
0x00007ffbef870000 - 0x00007ffbf0d68000 	C:\Windows\System32\SHELL32.dll
0x00007ffbee7f0000 - 0x00007ffbeef37000 	C:\Windows\System32\windows.storage.dll
0x00007ffbee0d0000 - 0x00007ffbee0f3000 	C:\Windows\System32\profapi.dll
0x00007ffbee3a0000 - 0x00007ffbee3bb000 	C:\Windows\System32\cryptsp.dll
0x00007ffbba5e0000 - 0x00007ffbba5f9000 	C:\Users\jab525\.vscode\extensions\redhat.java-1.29.0-win32-x64\jre\17.0.10-win32-x86_64\bin\net.dll
0x00007ffbe76a0000 - 0x00007ffbe779d000 	C:\Windows\SYSTEM32\WINHTTP.dll
0x00007ffbecca0000 - 0x00007ffbecd07000 	C:\Windows\system32\mswsock.dll
0x00007ffbba5c0000 - 0x00007ffbba5d6000 	C:\Users\jab525\.vscode\extensions\redhat.java-1.29.0-win32-x64\jre\17.0.10-win32-x86_64\bin\nio.dll
0x00007ffbc7bf0000 - 0x00007ffbc7c00000 	c:\Users\jab525\.vscode\extensions\redhat.java-1.29.0-win32-x64\jre\17.0.10-win32-x86_64\bin\verify.dll
0x00007ffbb8460000 - 0x00007ffbb849e000 	C:\Users\jab525\AppData\Roaming\Code\User\globalStorage\redhat.java\1.29.0\config_ss_win\org.eclipse.equinox.launcher\org.eclipse.equinox.launcher.win32.win32.x86_64_1.2.900.v20240213-1244\eclipse_11900.dll

dbghelp: loaded successfully - version: 4.0.5 - missing functions: none
symbol engine: initialized successfully - sym options: 0x614 - pdb path: .;c:\Users\jab525\.vscode\extensions\redhat.java-1.29.0-win32-x64\jre\17.0.10-win32-x86_64\bin;C:\Windows\SYSTEM32;C:\Windows\WinSxS\amd64_microsoft.windows.common-controls_6595b64144ccf1df_6.0.17763.5329_none_de6f1d32534d4c59;C:\Program Files\Citrix\HDX\bin;c:\Users\jab525\.vscode\extensions\redhat.java-1.29.0-win32-x64\jre\17.0.10-win32-x86_64\bin\server;C:\Users\jab525\AppData\Roaming\Code\User\globalStorage\redhat.java\1.29.0\config_ss_win\org.eclipse.equinox.launcher\org.eclipse.equinox.launcher.win32.win32.x86_64_1.2.900.v20240213-1244

VM Arguments:
jvm_args: --add-modules=ALL-SYSTEM --add-opens=java.base/java.util=ALL-UNNAMED --add-opens=java.base/java.lang=ALL-UNNAMED --add-opens=java.base/sun.nio.fs=ALL-UNNAMED -Declipse.application=org.eclipse.jdt.ls.core.id1 -Dosgi.bundles.defaultStartLevel=4 -Declipse.product=org.eclipse.jdt.ls.core.product -Djava.import.generatesMetadataFilesAtProjectRoot=false -DDetectVMInstallationsJob.disabled=true -Dfile.encoding=utf8 -XX:+UseParallelGC -XX:GCTimeRatio=4 -XX:AdaptiveSizePolicyWeight=90 -Dsun.zip.disableMemoryMapping=true -Xmx1G -Xms100m -Xlog:disable -javaagent:c:\Users\jab525\.vscode\extensions\redhat.java-1.29.0-win32-x64\lombok\lombok-1.18.32.jar 
java_command: c:\Users\jab525\.vscode\extensions\redhat.java-1.29.0-win32-x64\server\plugins\org.eclipse.equinox.launcher_1.6.800.v20240304-1850.jar -configuration c:\Users\jab525\AppData\Roaming\Code\User\globalStorage\redhat.java\1.29.0\config_ss_win -data c:\Users\jab525\AppData\Roaming\Code\User\workspaceStorage\5092cb17a02b7fcc3c168c651c70f762\redhat.java\ss_ws --stdio
java_class_path (initial): c:\Users\jab525\.vscode\extensions\redhat.java-1.29.0-win32-x64\server\plugins\org.eclipse.equinox.launcher_1.6.800.v20240304-1850.jar
Launcher Type: SUN_STANDARD

[Global flags]
    uintx AdaptiveSizePolicyWeight                 = 90                                        {product} {command line}
     intx CICompilerCount                          = 4                                         {product} {ergonomic}
    uintx GCTimeRatio                              = 4                                         {product} {command line}
   size_t InitialHeapSize                          = 104857600                                 {product} {command line}
   size_t MaxHeapSize                              = 1073741824                                {product} {command line}
   size_t MaxNewSize                               = 357564416                                 {product} {ergonomic}
   size_t MinHeapDeltaBytes                        = 524288                                    {product} {ergonomic}
   size_t MinHeapSize                              = 104857600                                 {product} {command line}
   size_t NewSize                                  = 34603008                                  {product} {ergonomic}
    uintx NonNMethodCodeHeapSize                   = 5839372                                {pd product} {ergonomic}
    uintx NonProfiledCodeHeapSize                  = 122909434                              {pd product} {ergonomic}
   size_t OldSize                                  = 70254592                                  {product} {ergonomic}
    uintx ProfiledCodeHeapSize                     = 122909434                              {pd product} {ergonomic}
    uintx ReservedCodeCacheSize                    = 251658240                              {pd product} {ergonomic}
     bool SegmentedCodeCache                       = true                                      {product} {ergonomic}
   size_t SoftMaxHeapSize                          = 1073741824                             {manageable} {ergonomic}
     bool UseCompressedClassPointers               = true                           {product lp64_product} {ergonomic}
     bool UseCompressedOops                        = true                           {product lp64_product} {ergonomic}
     bool UseLargePagesIndividualAllocation        = false                                  {pd product} {ergonomic}
     bool UseParallelGC                            = true                                      {product} {command line}

Logging:
Log output configuration:
 #0: stdout all=off uptime,level,tags
 #1: stderr all=off uptime,level,tags

Environment Variables:
JAVA_HOME=C:\Program Files\Microsoft\jdk-11.0.21.9-hotspot\
PATH=C:\Program Files\Microsoft\jdk-11.0.21.9-hotspot\bin;C:\Windows\system32;C:\Windows;C:\Windows\System32\Wbem;C:\Windows\System32\WindowsPowerShell\v1.0\;C:\Windows\System32\OpenSSH\;C:\Program Files (x86)\Citrix\HDX\bin\;C:\Program Files\Citrix\HDX\bin\;C:\Program Files\Microsoft VS Code\bin;C:\Program Files (x86)\Microsoft SQL Server\160\DTS\Binn\;C:\Program Files\Azure Data Studio\bin;C:\Program Files (x86)\Citrix\Workspace Environment Management Agent;C:\Program Files\AzureConnectedMachineAgent\;C:\Users\jab525\AppData\Local\Microsoft\WindowsApps;C:\Users\jab525\AppData\Local\Programs\Git\cmd;C:\Users\jab525\AppData\Local\GitHubDesktop\bin
USERNAME=jab525
OS=Windows_NT
PROCESSOR_IDENTIFIER=Intel64 Family 6 Model 85 Stepping 0, GenuineIntel
TMP=C:\Users\LOFE7E~1\Temp\162
TEMP=C:\Users\LOFE7E~1\Temp\162



Periodic native trim disabled


---------------  S Y S T E M  ---------------

OS:
 Windows Server 2019 , 64 bit Build 17763 (10.0.17763.4974)
OS uptime: 93 days 22:12 hours
VMWare virtualization detected

CPU: total 8 (initial active 8) (2 cores per cpu, 1 threads per core) family 6 model 85 stepping 0 microcode 0x5003501, cx8, cmov, fxsr, mmx, 3dnowpref, sse, sse2, sse3, ssse3, sse4.1, sse4.2, popcnt, lzcnt, tsc, tscinvbit, avx, avx2, aes, erms, clmul, bmi1, bmi2, adx, fma, vzeroupper, clflush, clflushopt, clwb, hv
Processor Information for all 8 processors :
  Max Mhz: 2993, Current Mhz: 2993, Mhz Limit: 2993

Memory: 4k page, system-wide physical 16383M (342M free)
TotalPageFile size 24479M (AvailPageFile size 47M)
current process WorkingSet (physical memory assigned to process): 95M, peak: 95M
current process commit charge ("private bytes"): 210M, peak: 210M

vm_info: OpenJDK 64-Bit Server VM (17.0.10+7) for windows-amd64 JRE (17.0.10+7), built on Jan 16 2024 23:25:11 by "admin" with MS VC++ 16.10 / 16.11 (VS2019)

END.
