#
# There is insufficient memory for the Java Runtime Environment to continue.
# Native memory allocation (malloc) failed to allocate 1737936 bytes for Chunk::new
# Possible reasons:
#   The system is out of physical RAM or swap space
#   The process is running with CompressedOops enabled, and the Java Heap may be blocking the growth of the native heap
# Possible solutions:
#   Reduce memory load on the system
#   Increase physical memory or swap space
#   Check if swap backing store is full
#   Decrease Java heap size (-Xmx/-Xms)
#   Decrease number of Java threads
#   Decrease Java thread stack sizes (-Xss)
#   Set larger code cache with -XX:ReservedCodeCacheSize=
#   JVM is running with Unscaled Compressed Oops mode in which the Java heap is
#     placed in the first 4GB address space. The Java Heap base address is the
#     maximum limit for the native heap growth. Please use -XX:HeapBaseMinAddress
#     to set the Java Heap base and to place the Java Heap above 4GB virtual address.
# This output file may be truncated or incomplete.
#
#  Out of Memory Error (arena.cpp:191), pid=63160, tid=91388
#
# JRE version: OpenJDK Runtime Environment Temurin-17.0.10+7 (17.0.10+7) (build 17.0.10+7)
# Java VM: OpenJDK 64-Bit Server VM Temurin-17.0.10+7 (17.0.10+7, mixed mode, tiered, compressed oops, compressed class ptrs, parallel gc, windows-amd64)
# Core dump will be written. Default location: c:\Users\jab525\Documents\GitHub\CRSMain\hs_err_pid63160.mdmp
#

---------------  S U M M A R Y ------------

Command Line: --add-modules=ALL-SYSTEM --add-opens=java.base/java.util=ALL-UNNAMED --add-opens=java.base/java.lang=ALL-UNNAMED --add-opens=java.base/sun.nio.fs=ALL-UNNAMED -Declipse.application=org.eclipse.jdt.ls.core.id1 -Dosgi.bundles.defaultStartLevel=4 -Declipse.product=org.eclipse.jdt.ls.core.product -Djava.import.generatesMetadataFilesAtProjectRoot=false -DDetectVMInstallationsJob.disabled=true -Dfile.encoding=utf8 -XX:+UseParallelGC -XX:GCTimeRatio=4 -XX:AdaptiveSizePolicyWeight=90 -Dsun.zip.disableMemoryMapping=true -Xmx1G -Xms100m -Xlog:disable -javaagent:c:\Users\jab525\.vscode\extensions\redhat.java-1.29.0-win32-x64\lombok\lombok-1.18.32.jar -XX:+HeapDumpOnOutOfMemoryError -XX:HeapDumpPath=c:\Users\jab525\AppData\Roaming\Code\User\workspaceStorage\5092cb17a02b7fcc3c168c651c70f762\redhat.java -Daether.dependencyCollector.impl=bf c:\Users\jab525\.vscode\extensions\redhat.java-1.29.0-win32-x64\server\plugins\org.eclipse.equinox.launcher_1.6.800.v20240304-1850.jar -configuration c:\Users\jab525\AppData\Roaming\Code\User\globalStorage\redhat.java\1.29.0\config_win -data c:\Users\jab525\AppData\Roaming\Code\User\workspaceStorage\5092cb17a02b7fcc3c168c651c70f762\redhat.java\jdt_ws --stdio

Host: Intel(R) Xeon(R) Gold 6248R CPU @ 3.00GHz, 8 cores, 15G,  Windows Server 2019 , 64 bit Build 17763 (10.0.17763.4974)
Time: Sun Apr 21 17:19:09 2024 Eastern Daylight Time elapsed time: 6.412542 seconds (0d 0h 0m 6s)

---------------  T H R E A D  ---------------

Current thread (0x000002062b15a580):  JavaThread "C2 CompilerThread2" daemon [_thread_in_native, id=91388, stack(0x000000bb48800000,0x000000bb48900000)]


Current CompileTask:
C2:   6412 6736       4       org.eclipse.osgi.internal.loader.BundleLoader::addExportedProvidersFor (167 bytes)

Stack: [0x000000bb48800000,0x000000bb48900000]
Native frames: (J=compiled Java code, j=interpreted, Vv=VM code, C=native code)
V  [jvm.dll+0x67d2c9]
V  [jvm.dll+0x834afa]
V  [jvm.dll+0x8365be]
V  [jvm.dll+0x836c23]
V  [jvm.dll+0x2477ff]
V  [jvm.dll+0xac514]
V  [jvm.dll+0xacb5c]
V  [jvm.dll+0x366782]
V  [jvm.dll+0x330bfa]
V  [jvm.dll+0x33009a]
V  [jvm.dll+0x219ef1]
V  [jvm.dll+0x219311]
V  [jvm.dll+0x1a502d]
V  [jvm.dll+0x2290de]
V  [jvm.dll+0x2272ac]
V  [jvm.dll+0x7e9bb7]
V  [jvm.dll+0x7e3fba]
V  [jvm.dll+0x67c1b5]
C  [ucrtbase.dll+0x2268a]
C  [KERNEL32.DLL+0x17ac4]
C  [ntdll.dll+0x5a4e1]


---------------  P R O C E S S  ---------------

Threads class SMR info:
_java_thread_list=0x000002062db383b0, length=30, elements={
0x0000020610000140, 0x00000206285295b0, 0x000002060f90c370, 0x0000020628549270,
0x000002062854a040, 0x000002062854f290, 0x0000020628550c40, 0x00000206285772f0,
0x000002062857a890, 0x000002062857bad0, 0x00000206285a1180, 0x000002062a06a700,
0x000002062aaba6d0, 0x000002062a67fc40, 0x000002062a680120, 0x000002062abca430,
0x000002062aa9f5a0, 0x000002062abbc6e0, 0x000002062b10e930, 0x000002062b10f860,
0x000002062b10e420, 0x000002062ad833e0, 0x000002062b10f350, 0x000002062b15a580,
0x000002062b10cad0, 0x000002062b10d4f0, 0x000002062b10da00, 0x000002062b10df10,
0x000002062b10ee40, 0x000002062b10fd70
}

Java Threads: ( => current thread )
  0x0000020610000140 JavaThread "main" [_thread_blocked, id=96952, stack(0x000000bb46700000,0x000000bb46800000)]
  0x00000206285295b0 JavaThread "Reference Handler" daemon [_thread_blocked, id=85096, stack(0x000000bb46a00000,0x000000bb46b00000)]
  0x000002060f90c370 JavaThread "Finalizer" daemon [_thread_blocked, id=100884, stack(0x000000bb46b00000,0x000000bb46c00000)]
  0x0000020628549270 JavaThread "Signal Dispatcher" daemon [_thread_blocked, id=97356, stack(0x000000bb46c00000,0x000000bb46d00000)]
  0x000002062854a040 JavaThread "Attach Listener" daemon [_thread_blocked, id=80476, stack(0x000000bb46d00000,0x000000bb46e00000)]
  0x000002062854f290 JavaThread "Service Thread" daemon [_thread_blocked, id=105176, stack(0x000000bb46e00000,0x000000bb46f00000)]
  0x0000020628550c40 JavaThread "Monitor Deflation Thread" daemon [_thread_blocked, id=68408, stack(0x000000bb46f00000,0x000000bb47000000)]
  0x00000206285772f0 JavaThread "C2 CompilerThread0" daemon [_thread_in_native, id=112800, stack(0x000000bb47000000,0x000000bb47100000)]
  0x000002062857a890 JavaThread "C1 CompilerThread0" daemon [_thread_in_native, id=106204, stack(0x000000bb47100000,0x000000bb47200000)]
  0x000002062857bad0 JavaThread "Sweeper thread" daemon [_thread_blocked, id=108008, stack(0x000000bb47200000,0x000000bb47300000)]
  0x00000206285a1180 JavaThread "Common-Cleaner" daemon [_thread_blocked, id=76672, stack(0x000000bb47300000,0x000000bb47400000)]
  0x000002062a06a700 JavaThread "Notification Thread" daemon [_thread_blocked, id=102608, stack(0x000000bb47500000,0x000000bb47600000)]
  0x000002062aaba6d0 JavaThread "Active Thread: Equinox Container: dd62cd80-cc7e-4741-9818-38191584bd50" [_thread_blocked, id=108488, stack(0x000000bb47e00000,0x000000bb47f00000)]
  0x000002062a67fc40 JavaThread "Framework Event Dispatcher: Equinox Container: dd62cd80-cc7e-4741-9818-38191584bd50" daemon [_thread_blocked, id=64628, stack(0x000000bb47f00000,0x000000bb48000000)]
  0x000002062a680120 JavaThread "Start Level: Equinox Container: dd62cd80-cc7e-4741-9818-38191584bd50" daemon [_thread_blocked, id=104692, stack(0x000000bb48000000,0x000000bb48100000)]
  0x000002062abca430 JavaThread "Bundle File Closer" daemon [_thread_blocked, id=108652, stack(0x000000bb48200000,0x000000bb48300000)]
  0x000002062aa9f5a0 JavaThread "SCR Component Actor" daemon [_thread_blocked, id=91220, stack(0x000000bb48300000,0x000000bb48400000)]
  0x000002062abbc6e0 JavaThread "SCR Component Registry" daemon [_thread_blocked, id=104064, stack(0x000000bb48400000,0x000000bb48500000)]
  0x000002062b10e930 JavaThread "Worker-JM" [_thread_blocked, id=83976, stack(0x000000bb47400000,0x000000bb47500000)]
  0x000002062b10f860 JavaThread "Worker-0" [_thread_blocked, id=86688, stack(0x000000bb47700000,0x000000bb47800000)]
  0x000002062b10e420 JavaThread "Worker-1" [_thread_blocked, id=81176, stack(0x000000bb48500000,0x000000bb48600000)]
  0x000002062ad833e0 JavaThread "C2 CompilerThread1" daemon [_thread_in_native, id=83956, stack(0x000000bb48600000,0x000000bb48700000)]
  0x000002062b10f350 JavaThread "Worker-2: Initialize Workspace" [_thread_in_vm, id=102812, stack(0x000000bb48700000,0x000000bb48800000)]
=>0x000002062b15a580 JavaThread "C2 CompilerThread2" daemon [_thread_in_native, id=91388, stack(0x000000bb48800000,0x000000bb48900000)]
  0x000002062b10cad0 JavaThread "Java indexing" daemon [_thread_blocked, id=107060, stack(0x000000bb48900000,0x000000bb48a00000)]
  0x000002062b10d4f0 JavaThread "JNA Cleaner" daemon [_thread_blocked, id=105028, stack(0x000000bb48a00000,0x000000bb48b00000)]
  0x000002062b10da00 JavaThread "Worker-3" [_thread_blocked, id=84408, stack(0x000000bb48b00000,0x000000bb48c00000)]
  0x000002062b10df10 JavaThread "pool-2-thread-1" [_thread_blocked, id=102804, stack(0x000000bb48c00000,0x000000bb48d00000)]
  0x000002062b10ee40 JavaThread "WorkspaceEventsHandler" [_thread_blocked, id=111020, stack(0x000000bb48d00000,0x000000bb48e00000)]
  0x000002062b10fd70 JavaThread "pool-1-thread-1" [_thread_in_vm, id=100436, stack(0x000000bb48e00000,0x000000bb48f00000)]

Other Threads:
  0x000002060f907820 VMThread "VM Thread" [stack: 0x000000bb46900000,0x000000bb46a00000] [id=59196]
  0x000002062a06abe0 WatcherThread [stack: 0x000000bb47600000,0x000000bb47700000] [id=99744]
  0x000002060f737170 GCTaskThread "GC Thread#0" [stack: 0x000000bb46800000,0x000000bb46900000] [id=101384]
  0x000002062a5cf7a0 GCTaskThread "GC Thread#1" [stack: 0x000000bb47800000,0x000000bb47900000] [id=81724]
  0x000002062a743290 GCTaskThread "GC Thread#2" [stack: 0x000000bb47900000,0x000000bb47a00000] [id=90724]
  0x000002062a743550 GCTaskThread "GC Thread#3" [stack: 0x000000bb47a00000,0x000000bb47b00000] [id=84488]
  0x000002062a7cd010 GCTaskThread "GC Thread#4" [stack: 0x000000bb47b00000,0x000000bb47c00000] [id=89500]
  0x000002062a7cd2d0 GCTaskThread "GC Thread#5" [stack: 0x000000bb47c00000,0x000000bb47d00000] [id=112032]
  0x000002062a5d9d20 GCTaskThread "GC Thread#6" [stack: 0x000000bb47d00000,0x000000bb47e00000] [id=109692]
  0x000002060db7d6f0 GCTaskThread "GC Thread#7" [stack: 0x000000bb48100000,0x000000bb48200000] [id=111268]

Threads with active compile tasks:
C2 CompilerThread0     6452 6749   !   4       org.eclipse.osgi.internal.loader.BundleLoader::findRequiredSource (283 bytes)
C2 CompilerThread1     6452 6812   !   4       java.lang.String::<init> (843 bytes)
C2 CompilerThread2     6452 6736       4       org.eclipse.osgi.internal.loader.BundleLoader::addExportedProvidersFor (167 bytes)

VM state: not at safepoint (normal execution)

VM Mutex/Monitor currently owned by a thread: None

Heap address: 0x00000000c0000000, size: 1024 MB, Compressed Oops mode: 32-bit

CDS archive(s) not mapped
Compressed class space mapped at: 0x0000000100000000-0x0000000140000000, reserved size: 1073741824
Narrow klass base: 0x0000000000000000, Narrow klass shift: 3, Narrow klass range: 0x140000000

GC Precious Log:
 CPUs: 8 total, 8 available
 Memory: 16383M
 Large Page Support: Disabled
 NUMA Support: Disabled
 Compressed Oops: Enabled (32-bit)
 Alignments: Space 512K, Generation 512K, Heap 2M
 Heap Min Capacity: 100M
 Heap Initial Capacity: 100M
 Heap Max Capacity: 1G
 Pre-touch: Disabled
 Parallel Workers: 8

Heap:
 PSYoungGen      total 23040K, used 16939K [0x00000000eab00000, 0x00000000ec280000, 0x0000000100000000)
  eden space 20480K, 82% used [0x00000000eab00000,0x00000000ebb8af70,0x00000000ebf00000)
  from space 2560K, 0% used [0x00000000ebf00000,0x00000000ebf00000,0x00000000ec180000)
  to   space 1024K, 0% used [0x00000000ec180000,0x00000000ec180000,0x00000000ec280000)
 ParOldGen       total 68608K, used 33862K [0x00000000c0000000, 0x00000000c4300000, 0x00000000eab00000)
  object space 68608K, 49% used [0x00000000c0000000,0x00000000c2111ad8,0x00000000c4300000)
 Metaspace       used 60276K, committed 61376K, reserved 1114112K
  class space    used 6468K, committed 6912K, reserved 1048576K

Card table byte_map: [0x000002060fb20000,0x000002060fd30000] _byte_map_base: 0x000002060f520000

Marking Bits: (ParMarkBitMap*) 0x00007ffb7510d7d0
 Begin Bits: [0x0000020621bf0000, 0x0000020622bf0000)
 End Bits:   [0x0000020622bf0000, 0x0000020623bf0000)

Polling page: 0x000002060f710000

Metaspace:

Usage:
  Non-class:     52.55 MB used.
      Class:      6.32 MB used.
       Both:     58.86 MB used.

Virtual space:
  Non-class space:       64.00 MB reserved,      53.19 MB ( 83%) committed,  1 nodes.
      Class space:        1.00 GB reserved,       6.75 MB ( <1%) committed,  1 nodes.
             Both:        1.06 GB reserved,      59.94 MB (  6%) committed. 

Chunk freelists:
   Non-Class:  10.20 MB
       Class:  9.09 MB
        Both:  19.30 MB

MaxMetaspaceSize: unlimited
CompressedClassSpaceSize: 1.00 GB
Initial GC threshold: 21.00 MB
Current GC threshold: 97.31 MB
CDS: off
MetaspaceReclaimPolicy: balanced
 - commit_granule_bytes: 65536.
 - commit_granule_words: 8192.
 - virtual_space_node_default_size: 8388608.
 - enlarge_chunks_in_place: 1.
 - new_chunks_are_fully_committed: 0.
 - uncommit_free_chunks: 1.
 - use_allocation_guard: 0.
 - handle_deallocations: 1.


Internal statistics:

num_allocs_failed_limit: 9.
num_arena_births: 602.
num_arena_deaths: 14.
num_vsnodes_births: 2.
num_vsnodes_deaths: 0.
num_space_committed: 959.
num_space_uncommitted: 0.
num_chunks_returned_to_freelist: 23.
num_chunks_taken_from_freelist: 3064.
num_chunk_merges: 11.
num_chunk_splits: 1824.
num_chunks_enlarged: 983.
num_inconsistent_stats: 0.

CodeHeap 'non-profiled nmethods': size=120000Kb used=3490Kb max_used=3490Kb free=116509Kb
 bounds [0x000002061a6c0000, 0x000002061aa30000, 0x0000020621bf0000]
CodeHeap 'profiled nmethods': size=120000Kb used=12185Kb max_used=12185Kb free=107814Kb
 bounds [0x0000020612bf0000, 0x00000206137e0000, 0x000002061a120000]
CodeHeap 'non-nmethods': size=5760Kb used=1329Kb max_used=1404Kb free=4430Kb
 bounds [0x000002061a120000, 0x000002061a390000, 0x000002061a6c0000]
 total_blobs=6681 nmethods=6006 adapters=588
 compilation: enabled
              stopped_count=0, restarted_count=0
 full_count=0

Compilation events (20 events):
Event: 6.377 Thread 0x000002062857a890 nmethod 6818 0x00000206137b6810 code [0x00000206137b6b20, 0x00000206137b7e98]
Event: 6.378 Thread 0x000002062857a890 6819       3       java.lang.ThreadLocal::setInitialValue (50 bytes)
Event: 6.378 Thread 0x000002062857a890 nmethod 6819 0x00000206137b8290 code [0x00000206137b84c0, 0x00000206137b8db8]
Event: 6.379 Thread 0x000002062857a890 6820       3       jdk.internal.org.objectweb.asm.Type::getType (10 bytes)
Event: 6.379 Thread 0x000002062857a890 nmethod 6820 0x00000206137b8f90 code [0x00000206137b9140, 0x00000206137b9368]
Event: 6.380 Thread 0x000002062857a890 6821       3       com.google.gson.reflect.TypeToken::<init> (41 bytes)
Event: 6.380 Thread 0x000002062857a890 nmethod 6821 0x00000206137b9490 code [0x00000206137b9680, 0x00000206137b9bb8]
Event: 6.382 Thread 0x000002062857a890 6824       3       java.lang.invoke.MethodHandles::argumentsWithCombinerChecks (197 bytes)
Event: 6.386 Thread 0x000002062857a890 nmethod 6824 0x00000206137b9d90 code [0x00000206137ba1c0, 0x00000206137bbb38]
Event: 6.386 Thread 0x000002062857a890 6825   !   3       com.google.gson.Gson::getAdapter (265 bytes)
Event: 6.387 Thread 0x000002062857a890 nmethod 6825 0x00000206137bc610 code [0x00000206137bca80, 0x00000206137bef28]
Event: 6.387 Thread 0x000002062857a890 6823       3       java.lang.invoke.MethodHandles::argumentsWithCombiner (130 bytes)
Event: 6.395 Thread 0x000002062857a890 nmethod 6823 0x00000206137bfc90 code [0x00000206137bff20, 0x00000206137c0d18]
Event: 6.395 Thread 0x000002062857a890 6826       3       com.google.gson.reflect.TypeToken::get (9 bytes)
Event: 6.395 Thread 0x000002062857a890 nmethod 6826 0x00000206137c1410 code [0x00000206137c15c0, 0x00000206137c1748]
Event: 6.402 Thread 0x000002062857a890 6827  s    3       java.io.ByteArrayInputStream::read (73 bytes)
Event: 6.404 Thread 0x000002062857a890 nmethod 6827 0x00000206137c1810 code [0x00000206137c1a00, 0x00000206137c1ff8]
Event: 6.406 Thread 0x000002062857a890 6830       3       org.eclipse.core.internal.registry.RegistryObjectManager::getHandles (235 bytes)
Event: 6.407 Thread 0x000002062857a890 nmethod 6830 0x00000206137c2210 code [0x00000206137c24e0, 0x00000206137c3a08]
Event: 6.408 Thread 0x000002062857a890 6831       3       java.lang.invoke.ClassSpecializer$SpeciesData::transformHelper (56 bytes)

GC Heap History (20 events):
Event: 4.832 GC heap before
{Heap before GC invocations=25 (full 2):
 PSYoungGen      total 22016K, used 21956K [0x00000000eab00000, 0x00000000ec580000, 0x0000000100000000)
  eden space 20992K, 99% used [0x00000000eab00000,0x00000000ebf75950,0x00000000ebf80000)
  from space 1024K, 98% used [0x00000000ec200000,0x00000000ec2fb798,0x00000000ec300000)
  to   space 2560K, 0% used [0x00000000ebf80000,0x00000000ebf80000,0x00000000ec200000)
 ParOldGen       total 68608K, used 30421K [0x00000000c0000000, 0x00000000c4300000, 0x00000000eab00000)
  object space 68608K, 44% used [0x00000000c0000000,0x00000000c1db5650,0x00000000c4300000)
 Metaspace       used 47359K, committed 48320K, reserved 1114112K
  class space    used 4935K, committed 5312K, reserved 1048576K
}
Event: 4.834 GC heap after
{Heap after GC invocations=25 (full 2):
 PSYoungGen      total 21504K, used 480K [0x00000000eab00000, 0x00000000ec280000, 0x0000000100000000)
  eden space 20992K, 0% used [0x00000000eab00000,0x00000000eab00000,0x00000000ebf80000)
  from space 512K, 93% used [0x00000000ebf80000,0x00000000ebff8000,0x00000000ec000000)
  to   space 1536K, 0% used [0x00000000ec100000,0x00000000ec100000,0x00000000ec280000)
 ParOldGen       total 68608K, used 30876K [0x00000000c0000000, 0x00000000c4300000, 0x00000000eab00000)
  object space 68608K, 45% used [0x00000000c0000000,0x00000000c1e27210,0x00000000c4300000)
 Metaspace       used 47359K, committed 48320K, reserved 1114112K
  class space    used 4935K, committed 5312K, reserved 1048576K
}
Event: 4.984 GC heap before
{Heap before GC invocations=26 (full 2):
 PSYoungGen      total 21504K, used 21472K [0x00000000eab00000, 0x00000000ec280000, 0x0000000100000000)
  eden space 20992K, 100% used [0x00000000eab00000,0x00000000ebf80000,0x00000000ebf80000)
  from space 512K, 93% used [0x00000000ebf80000,0x00000000ebff8000,0x00000000ec000000)
  to   space 1536K, 0% used [0x00000000ec100000,0x00000000ec100000,0x00000000ec280000)
 ParOldGen       total 68608K, used 30876K [0x00000000c0000000, 0x00000000c4300000, 0x00000000eab00000)
  object space 68608K, 45% used [0x00000000c0000000,0x00000000c1e27210,0x00000000c4300000)
 Metaspace       used 48561K, committed 49536K, reserved 1114112K
  class space    used 5118K, committed 5504K, reserved 1048576K
}
Event: 4.986 GC heap after
{Heap after GC invocations=26 (full 2):
 PSYoungGen      total 21504K, used 448K [0x00000000eab00000, 0x00000000ec180000, 0x0000000100000000)
  eden space 20992K, 0% used [0x00000000eab00000,0x00000000eab00000,0x00000000ebf80000)
  from space 512K, 87% used [0x00000000ec100000,0x00000000ec170000,0x00000000ec180000)
  to   space 1024K, 0% used [0x00000000ebf80000,0x00000000ebf80000,0x00000000ec080000)
 ParOldGen       total 68608K, used 31180K [0x00000000c0000000, 0x00000000c4300000, 0x00000000eab00000)
  object space 68608K, 45% used [0x00000000c0000000,0x00000000c1e73210,0x00000000c4300000)
 Metaspace       used 48561K, committed 49536K, reserved 1114112K
  class space    used 5118K, committed 5504K, reserved 1048576K
}
Event: 5.213 GC heap before
{Heap before GC invocations=27 (full 2):
 PSYoungGen      total 21504K, used 21440K [0x00000000eab00000, 0x00000000ec180000, 0x0000000100000000)
  eden space 20992K, 100% used [0x00000000eab00000,0x00000000ebf80000,0x00000000ebf80000)
  from space 512K, 87% used [0x00000000ec100000,0x00000000ec170000,0x00000000ec180000)
  to   space 1024K, 0% used [0x00000000ebf80000,0x00000000ebf80000,0x00000000ec080000)
 ParOldGen       total 68608K, used 31180K [0x00000000c0000000, 0x00000000c4300000, 0x00000000eab00000)
  object space 68608K, 45% used [0x00000000c0000000,0x00000000c1e73210,0x00000000c4300000)
 Metaspace       used 50609K, committed 51648K, reserved 1114112K
  class space    used 5349K, committed 5760K, reserved 1048576K
}
Event: 5.215 GC heap after
{Heap after GC invocations=27 (full 2):
 PSYoungGen      total 22016K, used 704K [0x00000000eab00000, 0x00000000ec180000, 0x0000000100000000)
  eden space 20992K, 0% used [0x00000000eab00000,0x00000000eab00000,0x00000000ebf80000)
  from space 1024K, 68% used [0x00000000ebf80000,0x00000000ec030000,0x00000000ec080000)
  to   space 1024K, 0% used [0x00000000ec080000,0x00000000ec080000,0x00000000ec180000)
 ParOldGen       total 68608K, used 31532K [0x00000000c0000000, 0x00000000c4300000, 0x00000000eab00000)
  object space 68608K, 45% used [0x00000000c0000000,0x00000000c1ecb210,0x00000000c4300000)
 Metaspace       used 50609K, committed 51648K, reserved 1114112K
  class space    used 5349K, committed 5760K, reserved 1048576K
}
Event: 5.391 GC heap before
{Heap before GC invocations=28 (full 2):
 PSYoungGen      total 22016K, used 21696K [0x00000000eab00000, 0x00000000ec180000, 0x0000000100000000)
  eden space 20992K, 100% used [0x00000000eab00000,0x00000000ebf80000,0x00000000ebf80000)
  from space 1024K, 68% used [0x00000000ebf80000,0x00000000ec030000,0x00000000ec080000)
  to   space 1024K, 0% used [0x00000000ec080000,0x00000000ec080000,0x00000000ec180000)
 ParOldGen       total 68608K, used 31532K [0x00000000c0000000, 0x00000000c4300000, 0x00000000eab00000)
  object space 68608K, 45% used [0x00000000c0000000,0x00000000c1ecb210,0x00000000c4300000)
 Metaspace       used 52484K, committed 53440K, reserved 1114112K
  class space    used 5584K, committed 5952K, reserved 1048576K
}
Event: 5.392 GC heap after
{Heap after GC invocations=28 (full 2):
 PSYoungGen      total 21504K, used 1012K [0x00000000eab00000, 0x00000000ec280000, 0x0000000100000000)
  eden space 20480K, 0% used [0x00000000eab00000,0x00000000eab00000,0x00000000ebf00000)
  from space 1024K, 98% used [0x00000000ec080000,0x00000000ec17d3e8,0x00000000ec180000)
  to   space 1536K, 0% used [0x00000000ebf00000,0x00000000ebf00000,0x00000000ec080000)
 ParOldGen       total 68608K, used 32100K [0x00000000c0000000, 0x00000000c4300000, 0x00000000eab00000)
  object space 68608K, 46% used [0x00000000c0000000,0x00000000c1f59210,0x00000000c4300000)
 Metaspace       used 52484K, committed 53440K, reserved 1114112K
  class space    used 5584K, committed 5952K, reserved 1048576K
}
Event: 5.623 GC heap before
{Heap before GC invocations=29 (full 2):
 PSYoungGen      total 21504K, used 21492K [0x00000000eab00000, 0x00000000ec280000, 0x0000000100000000)
  eden space 20480K, 100% used [0x00000000eab00000,0x00000000ebf00000,0x00000000ebf00000)
  from space 1024K, 98% used [0x00000000ec080000,0x00000000ec17d3e8,0x00000000ec180000)
  to   space 1536K, 0% used [0x00000000ebf00000,0x00000000ebf00000,0x00000000ec080000)
 ParOldGen       total 68608K, used 32100K [0x00000000c0000000, 0x00000000c4300000, 0x00000000eab00000)
  object space 68608K, 46% used [0x00000000c0000000,0x00000000c1f59210,0x00000000c4300000)
 Metaspace       used 54433K, committed 55488K, reserved 1114112K
  class space    used 5824K, committed 6272K, reserved 1048576K
}
Event: 5.625 GC heap after
{Heap after GC invocations=29 (full 2):
 PSYoungGen      total 22016K, used 1525K [0x00000000eab00000, 0x00000000ec600000, 0x0000000100000000)
  eden space 20480K, 0% used [0x00000000eab00000,0x00000000eab00000,0x00000000ebf00000)
  from space 1536K, 99% used [0x00000000ebf00000,0x00000000ec07d740,0x00000000ec080000)
  to   space 3584K, 0% used [0x00000000ec280000,0x00000000ec280000,0x00000000ec600000)
 ParOldGen       total 68608K, used 33582K [0x00000000c0000000, 0x00000000c4300000, 0x00000000eab00000)
  object space 68608K, 48% used [0x00000000c0000000,0x00000000c20cb898,0x00000000c4300000)
 Metaspace       used 54433K, committed 55488K, reserved 1114112K
  class space    used 5824K, committed 6272K, reserved 1048576K
}
Event: 5.695 GC heap before
{Heap before GC invocations=30 (full 2):
 PSYoungGen      total 22016K, used 22005K [0x00000000eab00000, 0x00000000ec600000, 0x0000000100000000)
  eden space 20480K, 100% used [0x00000000eab00000,0x00000000ebf00000,0x00000000ebf00000)
  from space 1536K, 99% used [0x00000000ebf00000,0x00000000ec07d740,0x00000000ec080000)
  to   space 3584K, 0% used [0x00000000ec280000,0x00000000ec280000,0x00000000ec600000)
 ParOldGen       total 68608K, used 33582K [0x00000000c0000000, 0x00000000c4300000, 0x00000000eab00000)
  object space 68608K, 48% used [0x00000000c0000000,0x00000000c20cb898,0x00000000c4300000)
 Metaspace       used 54803K, committed 55872K, reserved 1114112K
  class space    used 5884K, committed 6336K, reserved 1048576K
}
Event: 5.697 GC heap after
{Heap after GC invocations=30 (full 2):
 PSYoungGen      total 21504K, used 985K [0x00000000eab00000, 0x00000000ec380000, 0x0000000100000000)
  eden space 20480K, 0% used [0x00000000eab00000,0x00000000eab00000,0x00000000ebf00000)
  from space 1024K, 96% used [0x00000000ec280000,0x00000000ec3765b0,0x00000000ec380000)
  to   space 2048K, 0% used [0x00000000ebf80000,0x00000000ebf80000,0x00000000ec180000)
 ParOldGen       total 68608K, used 35089K [0x00000000c0000000, 0x00000000c4300000, 0x00000000eab00000)
  object space 68608K, 51% used [0x00000000c0000000,0x00000000c2244598,0x00000000c4300000)
 Metaspace       used 54803K, committed 55872K, reserved 1114112K
  class space    used 5884K, committed 6336K, reserved 1048576K
}
Event: 5.770 GC heap before
{Heap before GC invocations=31 (full 2):
 PSYoungGen      total 21504K, used 21465K [0x00000000eab00000, 0x00000000ec380000, 0x0000000100000000)
  eden space 20480K, 100% used [0x00000000eab00000,0x00000000ebf00000,0x00000000ebf00000)
  from space 1024K, 96% used [0x00000000ec280000,0x00000000ec3765b0,0x00000000ec380000)
  to   space 2048K, 0% used [0x00000000ebf80000,0x00000000ebf80000,0x00000000ec180000)
 ParOldGen       total 68608K, used 35089K [0x00000000c0000000, 0x00000000c4300000, 0x00000000eab00000)
  object space 68608K, 51% used [0x00000000c0000000,0x00000000c2244598,0x00000000c4300000)
 Metaspace       used 55832K, committed 56896K, reserved 1114112K
  class space    used 5988K, committed 6400K, reserved 1048576K
}
Event: 5.771 GC heap after
{Heap after GC invocations=31 (full 2):
 PSYoungGen      total 22528K, used 352K [0x00000000eab00000, 0x00000000ec300000, 0x0000000100000000)
  eden space 20480K, 0% used [0x00000000eab00000,0x00000000eab00000,0x00000000ebf00000)
  from space 2048K, 17% used [0x00000000ebf80000,0x00000000ebfd8000,0x00000000ec180000)
  to   space 1024K, 0% used [0x00000000ec200000,0x00000000ec200000,0x00000000ec300000)
 ParOldGen       total 68608K, used 35249K [0x00000000c0000000, 0x00000000c4300000, 0x00000000eab00000)
  object space 68608K, 51% used [0x00000000c0000000,0x00000000c226c598,0x00000000c4300000)
 Metaspace       used 55832K, committed 56896K, reserved 1114112K
  class space    used 5988K, committed 6400K, reserved 1048576K
}
Event: 6.053 GC heap before
{Heap before GC invocations=32 (full 2):
 PSYoungGen      total 22528K, used 20832K [0x00000000eab00000, 0x00000000ec300000, 0x0000000100000000)
  eden space 20480K, 100% used [0x00000000eab00000,0x00000000ebf00000,0x00000000ebf00000)
  from space 2048K, 17% used [0x00000000ebf80000,0x00000000ebfd8000,0x00000000ec180000)
  to   space 1024K, 0% used [0x00000000ec200000,0x00000000ec200000,0x00000000ec300000)
 ParOldGen       total 68608K, used 35249K [0x00000000c0000000, 0x00000000c4300000, 0x00000000eab00000)
  object space 68608K, 51% used [0x00000000c0000000,0x00000000c226c598,0x00000000c4300000)
 Metaspace       used 58623K, committed 59648K, reserved 1114112K
  class space    used 6262K, committed 6656K, reserved 1048576K
}
Event: 6.055 GC heap after
{Heap after GC invocations=32 (full 2):
 PSYoungGen      total 21504K, used 1006K [0x00000000eab00000, 0x00000000ec400000, 0x0000000100000000)
  eden space 20480K, 0% used [0x00000000eab00000,0x00000000eab00000,0x00000000ebf00000)
  from space 1024K, 98% used [0x00000000ec200000,0x00000000ec2fb9e8,0x00000000ec300000)
  to   space 2560K, 0% used [0x00000000ebf00000,0x00000000ebf00000,0x00000000ec180000)
 ParOldGen       total 68608K, used 36184K [0x00000000c0000000, 0x00000000c4300000, 0x00000000eab00000)
  object space 68608K, 52% used [0x00000000c0000000,0x00000000c2356278,0x00000000c4300000)
 Metaspace       used 58623K, committed 59648K, reserved 1114112K
  class space    used 6262K, committed 6656K, reserved 1048576K
}
Event: 6.088 GC heap before
{Heap before GC invocations=33 (full 2):
 PSYoungGen      total 21504K, used 3317K [0x00000000eab00000, 0x00000000ec400000, 0x0000000100000000)
  eden space 20480K, 11% used [0x00000000eab00000,0x00000000ead41d60,0x00000000ebf00000)
  from space 1024K, 98% used [0x00000000ec200000,0x00000000ec2fb9e8,0x00000000ec300000)
  to   space 2560K, 0% used [0x00000000ebf00000,0x00000000ebf00000,0x00000000ec180000)
 ParOldGen       total 68608K, used 36184K [0x00000000c0000000, 0x00000000c4300000, 0x00000000eab00000)
  object space 68608K, 52% used [0x00000000c0000000,0x00000000c2356278,0x00000000c4300000)
 Metaspace       used 58768K, committed 59776K, reserved 1114112K
  class space    used 6275K, committed 6656K, reserved 1048576K
}
Event: 6.092 GC heap after
{Heap after GC invocations=33 (full 2):
 PSYoungGen      total 23040K, used 352K [0x00000000eab00000, 0x00000000ec280000, 0x0000000100000000)
  eden space 20480K, 0% used [0x00000000eab00000,0x00000000eab00000,0x00000000ebf00000)
  from space 2560K, 13% used [0x00000000ebf00000,0x00000000ebf583e8,0x00000000ec180000)
  to   space 1024K, 0% used [0x00000000ec180000,0x00000000ec180000,0x00000000ec280000)
 ParOldGen       total 68608K, used 37037K [0x00000000c0000000, 0x00000000c4300000, 0x00000000eab00000)
  object space 68608K, 53% used [0x00000000c0000000,0x00000000c242b558,0x00000000c4300000)
 Metaspace       used 58768K, committed 59776K, reserved 1114112K
  class space    used 6275K, committed 6656K, reserved 1048576K
}
Event: 6.092 GC heap before
{Heap before GC invocations=34 (full 3):
 PSYoungGen      total 23040K, used 352K [0x00000000eab00000, 0x00000000ec280000, 0x0000000100000000)
  eden space 20480K, 0% used [0x00000000eab00000,0x00000000eab00000,0x00000000ebf00000)
  from space 2560K, 13% used [0x00000000ebf00000,0x00000000ebf583e8,0x00000000ec180000)
  to   space 1024K, 0% used [0x00000000ec180000,0x00000000ec180000,0x00000000ec280000)
 ParOldGen       total 68608K, used 37037K [0x00000000c0000000, 0x00000000c4300000, 0x00000000eab00000)
  object space 68608K, 53% used [0x00000000c0000000,0x00000000c242b558,0x00000000c4300000)
 Metaspace       used 58768K, committed 59776K, reserved 1114112K
  class space    used 6275K, committed 6656K, reserved 1048576K
}
Event: 6.144 GC heap after
{Heap after GC invocations=34 (full 3):
 PSYoungGen      total 23040K, used 0K [0x00000000eab00000, 0x00000000ec280000, 0x0000000100000000)
  eden space 20480K, 0% used [0x00000000eab00000,0x00000000eab00000,0x00000000ebf00000)
  from space 2560K, 0% used [0x00000000ebf00000,0x00000000ebf00000,0x00000000ec180000)
  to   space 1024K, 0% used [0x00000000ec180000,0x00000000ec180000,0x00000000ec280000)
 ParOldGen       total 68608K, used 33862K [0x00000000c0000000, 0x00000000c4300000, 0x00000000eab00000)
  object space 68608K, 49% used [0x00000000c0000000,0x00000000c2111ad8,0x00000000c4300000)
 Metaspace       used 58768K, committed 59776K, reserved 1114112K
  class space    used 6275K, committed 6656K, reserved 1048576K
}

Dll operation events (10 events):
Event: 0.014 Loaded shared library c:\Users\jab525\.vscode\extensions\redhat.java-1.29.0-win32-x64\jre\17.0.10-win32-x86_64\bin\java.dll
Event: 0.167 Loaded shared library c:\Users\jab525\.vscode\extensions\redhat.java-1.29.0-win32-x64\jre\17.0.10-win32-x86_64\bin\zip.dll
Event: 0.180 Loaded shared library C:\Users\jab525\.vscode\extensions\redhat.java-1.29.0-win32-x64\jre\17.0.10-win32-x86_64\bin\instrument.dll
Event: 0.210 Loaded shared library C:\Users\jab525\.vscode\extensions\redhat.java-1.29.0-win32-x64\jre\17.0.10-win32-x86_64\bin\net.dll
Event: 0.218 Loaded shared library C:\Users\jab525\.vscode\extensions\redhat.java-1.29.0-win32-x64\jre\17.0.10-win32-x86_64\bin\nio.dll
Event: 0.233 Loaded shared library C:\Users\jab525\.vscode\extensions\redhat.java-1.29.0-win32-x64\jre\17.0.10-win32-x86_64\bin\zip.dll
Event: 0.252 Loaded shared library C:\Users\jab525\.vscode\extensions\redhat.java-1.29.0-win32-x64\jre\17.0.10-win32-x86_64\bin\jimage.dll
Event: 0.343 Loaded shared library c:\Users\jab525\.vscode\extensions\redhat.java-1.29.0-win32-x64\jre\17.0.10-win32-x86_64\bin\verify.dll
Event: 1.413 Loaded shared library C:\Users\jab525\AppData\Roaming\Code\User\globalStorage\redhat.java\1.29.0\config_win\org.eclipse.equinox.launcher\org.eclipse.equinox.launcher.win32.win32.x86_64_1.2.900.v20240213-1244\eclipse_11900.dll
Event: 4.020 Loaded shared library C:\Users\local_jab5252\Temp\162\jna--1167723699\jna15673543761054219478.dll

Deoptimization events (20 events):
Event: 6.208 Thread 0x000002062a14e8e0 DEOPT PACKING pc=0x000002061a9a6cb0 sp=0x000000bb48ffe7b0
Event: 6.208 Thread 0x000002062a14e8e0 DEOPT UNPACKING pc=0x000002061a1766a3 sp=0x000000bb48ffe6a8 mode 2
Event: 6.209 Thread 0x000002062a14e8e0 Uncommon trap: trap_request=0xffffffc6 fr.pc=0x000002061a9a4cf8 relative=0x0000000000000518
Event: 6.209 Thread 0x000002062a14e8e0 Uncommon trap: reason=bimorphic_or_optimized_type_check action=maybe_recompile pc=0x000002061a9a4cf8 method=java.util.HashMap.removeNode(ILjava/lang/Object;Ljava/lang/Object;ZZ)Ljava/util/HashMap$Node; @ 68 c2
Event: 6.209 Thread 0x000002062a14e8e0 DEOPT PACKING pc=0x000002061a9a4cf8 sp=0x000000bb48ffe860
Event: 6.209 Thread 0x000002062a14e8e0 DEOPT UNPACKING pc=0x000002061a1766a3 sp=0x000000bb48ffe808 mode 2
Event: 6.229 Thread 0x000002062a14e8e0 Uncommon trap: trap_request=0xffffffd6 fr.pc=0x000002061aa01f50 relative=0x0000000000000390
Event: 6.229 Thread 0x000002062a14e8e0 Uncommon trap: reason=array_check action=maybe_recompile pc=0x000002061aa01f50 method=java.util.TimSort.binarySort([Ljava/lang/Object;IIILjava/util/Comparator;)V @ 215 c2
Event: 6.229 Thread 0x000002062a14e8e0 DEOPT PACKING pc=0x000002061aa01f50 sp=0x000000bb48ffdad0
Event: 6.229 Thread 0x000002062a14e8e0 DEOPT UNPACKING pc=0x000002061a1766a3 sp=0x000000bb48ffda68 mode 2
Event: 6.231 Thread 0x000002062a14e8e0 Uncommon trap: trap_request=0xffffffd6 fr.pc=0x000002061aa02194 relative=0x00000000000005d4
Event: 6.231 Thread 0x000002062a14e8e0 Uncommon trap: reason=array_check action=maybe_recompile pc=0x000002061aa02194 method=java.util.TimSort.binarySort([Ljava/lang/Object;IIILjava/util/Comparator;)V @ 183 c2
Event: 6.231 Thread 0x000002062a14e8e0 DEOPT PACKING pc=0x000002061aa02194 sp=0x000000bb48ffdb70
Event: 6.231 Thread 0x000002062a14e8e0 DEOPT UNPACKING pc=0x000002061a1766a3 sp=0x000000bb48ffdb08 mode 2
Event: 6.261 Thread 0x000002062b10f860 DEOPT PACKING pc=0x00000206132ecdbf sp=0x000000bb477f8380
Event: 6.261 Thread 0x000002062b10f860 DEOPT UNPACKING pc=0x000002061a176e43 sp=0x000000bb477f7888 mode 0
Event: 6.378 Thread 0x000002062b10e420 Uncommon trap: trap_request=0xffffff45 fr.pc=0x000002061a9c5460 relative=0x00000000000003a0
Event: 6.378 Thread 0x000002062b10e420 Uncommon trap: reason=unstable_if action=reinterpret pc=0x000002061a9c5460 method=java.lang.ThreadLocal$ThreadLocalMap.set(Ljava/lang/ThreadLocal;Ljava/lang/Object;)V @ 116 c2
Event: 6.378 Thread 0x000002062b10e420 DEOPT PACKING pc=0x000002061a9c5460 sp=0x000000bb485fd4d0
Event: 6.378 Thread 0x000002062b10e420 DEOPT UNPACKING pc=0x000002061a1766a3 sp=0x000000bb485fd470 mode 2

Classes unloaded (7 events):
Event: 3.806 Thread 0x000002060f907820 Unloading class 0x0000000100250400 'java/lang/invoke/LambdaForm$MH+0x0000000100250400'
Event: 3.806 Thread 0x000002060f907820 Unloading class 0x0000000100250000 'java/lang/invoke/LambdaForm$MH+0x0000000100250000'
Event: 3.806 Thread 0x000002060f907820 Unloading class 0x000000010024fc00 'java/lang/invoke/LambdaForm$MH+0x000000010024fc00'
Event: 3.806 Thread 0x000002060f907820 Unloading class 0x000000010024f800 'java/lang/invoke/LambdaForm$MH+0x000000010024f800'
Event: 3.806 Thread 0x000002060f907820 Unloading class 0x000000010024f400 'java/lang/invoke/LambdaForm$BMH+0x000000010024f400'
Event: 3.806 Thread 0x000002060f907820 Unloading class 0x000000010024f000 'java/lang/invoke/LambdaForm$DMH+0x000000010024f000'
Event: 3.806 Thread 0x000002060f907820 Unloading class 0x000000010024c400 'java/lang/invoke/LambdaForm$DMH+0x000000010024c400'

Classes redefined (0 events):
No events

Internal exceptions (20 events):
Event: 4.653 Thread 0x000002062b10e420 Exception <a 'java/lang/NoClassDefFoundError'{0x00000000eaf16900}: javax/enterprise/inject/Typed> (0x00000000eaf16900) 
thrown [s\src\hotspot\share\classfile\systemDictionary.cpp, line 245]
Event: 4.709 Thread 0x000002062b10f860 Exception <a 'java/lang/NoSuchMethodError'{0x00000000eb936c50}: 'java.lang.Object java.lang.invoke.DirectMethodHandle$Holder.newInvokeSpecial(java.lang.Object, java.lang.Object, java.lang.Object, int)'> (0x00000000eb936c50) 
thrown [s\src\hotspot\share\interpreter\linkResolver.cpp, line 759]
Event: 4.710 Thread 0x000002062b10f860 Exception <a 'java/lang/NoSuchMethodError'{0x00000000eb93ad58}: 'java.lang.Object java.lang.invoke.DirectMethodHandle$Holder.invokeSpecial(java.lang.Object, java.lang.Object, java.lang.Object, java.lang.Object, int)'> (0x00000000eb93ad58) 
thrown [s\src\hotspot\share\interpreter\linkResolver.cpp, line 759]
Event: 4.710 Thread 0x000002062b10f860 Exception <a 'java/lang/NoSuchMethodError'{0x00000000eb93e460}: 'java.lang.Object java.lang.invoke.Invokers$Holder.linkToTargetMethod(java.lang.Object, java.lang.Object, int, java.lang.Object)'> (0x00000000eb93e460) 
thrown [s\src\hotspot\share\interpreter\linkResolver.cpp, line 759]
Event: 4.805 Thread 0x0000020610000140 Implicit null exception at 0x000002061a816e0c to 0x000002061a816e3c
Event: 5.373 Thread 0x000002062b10e420 Exception <a 'java/lang/ExceptionInInitializerError'{0x00000000ebd6cf98}> (0x00000000ebd6cf98) 
thrown [s\src\hotspot\share\oops\instanceKlass.cpp, line 1218]
Event: 5.397 Thread 0x000002062b10e420 Implicit null exception at 0x000002061a7dddaf to 0x000002061a7ddf3c
Event: 5.397 Thread 0x000002062b10e420 Implicit null exception at 0x000002061a751a89 to 0x000002061a752e0c
Event: 5.398 Thread 0x000002062b10e420 Exception <a 'java/lang/NoSuchMethodError'{0x00000000eab7c118}: 'java.lang.Object java.lang.invoke.Invokers$Holder.invokeExact_MT(java.lang.Object, int, java.lang.Object)'> (0x00000000eab7c118) 
thrown [s\src\hotspot\share\interpreter\linkResolver.cpp, line 759]
Event: 5.703 Thread 0x000002062b10e420 Exception <a 'java/lang/NoClassDefFoundError'{0x00000000ead9f2c0}: com/google/inject/servlet/ServletModuleTargetVisitor> (0x00000000ead9f2c0) 
thrown [s\src\hotspot\share\classfile\systemDictionary.cpp, line 245]
Event: 5.846 Thread 0x000002062b10f860 Exception <a 'java/lang/NoSuchMethodError'{0x00000000eb1b5f98}: 'int java.lang.invoke.DirectMethodHandle$Holder.invokeSpecialIFC(java.lang.Object, java.lang.Object, java.lang.Object)'> (0x00000000eb1b5f98) 
thrown [s\src\hotspot\share\interpreter\linkResolver.cpp, line 759]
Event: 6.003 Thread 0x000002062a14e8e0 Exception <a 'java/lang/NoSuchMethodError'{0x00000000ebb1c4a8}: 'int java.lang.invoke.DirectMethodHandle$Holder.invokeStatic(java.lang.Object, int, java.lang.Object)'> (0x00000000ebb1c4a8) 
thrown [s\src\hotspot\share\interpreter\linkResolver.cpp, line 759]
Event: 6.067 Thread 0x000002062b10f860 Exception <a 'sun/nio/fs/WindowsException'{0x00000000eabaa688}> (0x00000000eabaa688) 
thrown [s\src\hotspot\share\prims\jni.cpp, line 516]
Event: 6.188 Thread 0x000002062a14e8e0 Exception <a 'java/lang/NoSuchMethodError'{0x00000000eaca3088}: 'void java.lang.invoke.DirectMethodHandle$Holder.invokeStatic(java.lang.Object, int, java.lang.Object)'> (0x00000000eaca3088) 
thrown [s\src\hotspot\share\interpreter\linkResolver.cpp, line 759]
Event: 6.241 Thread 0x000002062b10f860 Exception <a 'sun/nio/fs/WindowsException'{0x00000000eaf98a58}> (0x00000000eaf98a58) 
thrown [s\src\hotspot\share\prims\jni.cpp, line 516]
Event: 6.258 Thread 0x000002062b10f860 Exception <a 'java/io/FileNotFoundException'{0x00000000eaff56d0}> (0x00000000eaff56d0) 
thrown [s\src\hotspot\share\prims\jni.cpp, line 516]
Event: 6.259 Thread 0x000002062b10f860 Exception <a 'java/io/FileNotFoundException'{0x00000000eaff66d0}> (0x00000000eaff66d0) 
thrown [s\src\hotspot\share\prims\jni.cpp, line 516]
Event: 6.259 Thread 0x000002062b10f860 Exception <a 'java/io/FileNotFoundException'{0x00000000eaff7428}> (0x00000000eaff7428) 
thrown [s\src\hotspot\share\prims\jni.cpp, line 516]
Event: 6.325 Thread 0x000002062b10fd70 Exception <a 'java/io/FileNotFoundException'{0x00000000eb537728}> (0x00000000eb537728) 
thrown [s\src\hotspot\share\prims\jni.cpp, line 516]
Event: 6.378 Thread 0x000002062b10e420 Exception <a 'java/lang/NoSuchMethodError'{0x00000000eb82a498}: 'int java.lang.invoke.DirectMethodHandle$Holder.invokeSpecialIFC(java.lang.Object, java.lang.Object, java.lang.Object, java.lang.Object)'> (0x00000000eb82a498) 
thrown [s\src\hotspot\share\interpreter\linkResolver.cpp, line 759]

VM Operations (20 events):
Event: 5.391 Executing VM operation: ParallelGCFailedAllocation
Event: 5.392 Executing VM operation: ParallelGCFailedAllocation done
Event: 5.457 Executing VM operation: HandshakeAllThreads
Event: 5.457 Executing VM operation: HandshakeAllThreads done
Event: 5.622 Executing VM operation: ParallelGCFailedAllocation
Event: 5.625 Executing VM operation: ParallelGCFailedAllocation done
Event: 5.694 Executing VM operation: ParallelGCFailedAllocation
Event: 5.697 Executing VM operation: ParallelGCFailedAllocation done
Event: 5.770 Executing VM operation: ParallelGCFailedAllocation
Event: 5.771 Executing VM operation: ParallelGCFailedAllocation done
Event: 5.784 Executing VM operation: HandshakeAllThreads
Event: 5.784 Executing VM operation: HandshakeAllThreads done
Event: 5.785 Executing VM operation: HandshakeAllThreads
Event: 5.785 Executing VM operation: HandshakeAllThreads done
Event: 5.841 Executing VM operation: HandshakeAllThreads
Event: 5.841 Executing VM operation: HandshakeAllThreads done
Event: 6.053 Executing VM operation: ParallelGCFailedAllocation
Event: 6.055 Executing VM operation: ParallelGCFailedAllocation done
Event: 6.088 Executing VM operation: CollectForMetadataAllocation
Event: 6.144 Executing VM operation: CollectForMetadataAllocation done

Events (20 events):
Event: 6.020 loading class java/util/stream/ReferencePipeline$4$1 done
Event: 6.236 Thread 0x000002062a14e8e0 Thread exited: 0x000002062a14e8e0
Event: 6.256 loading class java/util/WeakHashMap$KeyIterator
Event: 6.256 loading class java/util/WeakHashMap$KeyIterator done
Event: 6.365 loading class java/util/concurrent/CompletableFuture$AltResult
Event: 6.365 loading class java/util/concurrent/CompletableFuture$AltResult done
Event: 6.365 loading class java/util/concurrent/CompletableFuture$Completion
Event: 6.366 loading class java/util/concurrent/CompletableFuture$AsynchronousCompletionTask
Event: 6.366 loading class java/util/concurrent/CompletableFuture$AsynchronousCompletionTask done
Event: 6.366 loading class java/util/concurrent/ForkJoinTask
Event: 6.370 loading class java/util/concurrent/ForkJoinTask done
Event: 6.370 loading class java/util/concurrent/CompletableFuture$Completion done
Event: 6.382 loading class jdk/internal/math/FormattedFloatingDecimal$Form
Event: 6.382 loading class jdk/internal/math/FormattedFloatingDecimal$Form done
Event: 6.382 loading class jdk/internal/math/FormattedFloatingDecimal
Event: 6.382 loading class jdk/internal/math/FormattedFloatingDecimal done
Event: 6.382 loading class jdk/internal/math/FormattedFloatingDecimal$1
Event: 6.382 loading class jdk/internal/math/FormattedFloatingDecimal$1 done
Event: 6.382 loading class jdk/internal/math/FormattedFloatingDecimal$2
Event: 6.382 loading class jdk/internal/math/FormattedFloatingDecimal$2 done


Dynamic libraries:
0x00007ff7aec30000 - 0x00007ff7aec3e000 	c:\Users\jab525\.vscode\extensions\redhat.java-1.29.0-win32-x64\jre\17.0.10-win32-x86_64\bin\java.exe
0x00007ffbf2120000 - 0x00007ffbf230e000 	C:\Windows\SYSTEM32\ntdll.dll
0x00007ffbf0d70000 - 0x00007ffbf0e23000 	C:\Windows\System32\KERNEL32.DLL
0x00007ffbeef40000 - 0x00007ffbef1dd000 	C:\Windows\System32\KERNELBASE.dll
0x00007ffbee5c0000 - 0x00007ffbee6ba000 	C:\Windows\System32\ucrtbase.dll
0x00007ffbce430000 - 0x00007ffbce447000 	c:\Users\jab525\.vscode\extensions\redhat.java-1.29.0-win32-x64\jre\17.0.10-win32-x86_64\bin\jli.dll
0x00007ffbf1c40000 - 0x00007ffbf1dd7000 	C:\Windows\System32\USER32.dll
0x00007ffbdb3e0000 - 0x00007ffbdb659000 	C:\Windows\WinSxS\amd64_microsoft.windows.common-controls_6595b64144ccf1df_6.0.17763.5329_none_de6f1d32534d4c59\COMCTL32.dll
0x00007ffbc7b20000 - 0x00007ffbc7b3b000 	c:\Users\jab525\.vscode\extensions\redhat.java-1.29.0-win32-x64\jre\17.0.10-win32-x86_64\bin\VCRUNTIME140.dll
0x00007ffbee6c0000 - 0x00007ffbee6e0000 	C:\Windows\System32\win32u.dll
0x00007ffbef3c0000 - 0x00007ffbef45e000 	C:\Windows\System32\msvcrt.dll
0x00007ffbf1e40000 - 0x00007ffbf1e69000 	C:\Windows\System32\GDI32.dll
0x00007ffbf1070000 - 0x00007ffbf139b000 	C:\Windows\System32\combase.dll
0x00007ffbee3c0000 - 0x00007ffbee56a000 	C:\Windows\System32\gdi32full.dll
0x00007ffbf1fd0000 - 0x00007ffbf20ee000 	C:\Windows\System32\RPCRT4.dll
0x00007ffbef210000 - 0x00007ffbef2b0000 	C:\Windows\System32\msvcp_win.dll
0x00007ffbef2b0000 - 0x00007ffbef332000 	C:\Windows\System32\bcryptPrimitives.dll
0x00007ffbf0f90000 - 0x00007ffbf0fbe000 	C:\Windows\System32\IMM32.DLL
0x00007ffbedf90000 - 0x00007ffbedfcb000 	C:\Program Files\Citrix\HDX\bin\MfApHook.dll
0x00007ffbedeb0000 - 0x00007ffbedee4000 	C:\Program Files\Citrix\HDX\bin\CtxMFPlugin64.dll
0x00007ffbf1b10000 - 0x00007ffbf1bb8000 	C:\Windows\System32\ADVAPI32.dll
0x00007ffbef460000 - 0x00007ffbef502000 	C:\Windows\System32\sechost.dll
0x00007ffbef1e0000 - 0x00007ffbef206000 	C:\Windows\System32\bcrypt.dll
0x00007ffbede90000 - 0x00007ffbedea3000 	C:\Windows\SYSTEM32\WTSAPI32.dll
0x00007ffbf1e70000 - 0x00007ffbf1fc6000 	C:\Windows\System32\ole32.dll
0x00007ffbf0e30000 - 0x00007ffbf0ef4000 	C:\Windows\System32\OLEAUT32.dll
0x00007ffbedc80000 - 0x00007ffbede81000 	C:\Windows\SYSTEM32\MFPlat.DLL
0x00007ffbee570000 - 0x00007ffbee5ba000 	C:\Windows\System32\cfgmgr32.dll
0x00007ffbe5c90000 - 0x00007ffbe5c9c000 	c:\Users\jab525\.vscode\extensions\redhat.java-1.29.0-win32-x64\jre\17.0.10-win32-x86_64\bin\VCRUNTIME140_1.dll
0x00007ffbf13a0000 - 0x00007ffbf1447000 	C:\Windows\System32\shcore.dll
0x00007ffbedc20000 - 0x00007ffbedc4f000 	C:\Windows\SYSTEM32\RTWorkQ.DLL
0x00007ffbee180000 - 0x00007ffbee191000 	C:\Windows\System32\kernel.appcore.dll
0x00007ffbed6f0000 - 0x00007ffbedc19000 	C:\Windows\system32\mfcore.dll
0x00007ffbee1a0000 - 0x00007ffbee39e000 	C:\Windows\System32\CRYPT32.dll
0x00007ffbee100000 - 0x00007ffbee112000 	C:\Windows\System32\MSASN1.dll
0x00007ffbee120000 - 0x00007ffbee17d000 	C:\Windows\System32\powrprof.dll
0x00007ffbed6e0000 - 0x00007ffbed6e9000 	C:\Windows\SYSTEM32\ksuser.dll
0x00007ffbed6d0000 - 0x00007ffbed6dc000 	C:\Windows\SYSTEM32\CRYPTBASE.DLL
0x00007ffbe5c10000 - 0x00007ffbe5c4a000 	C:\Program Files\Citrix\HDX\bin\mmhook.dll
0x00007ffbec0d0000 - 0x00007ffbec0ff000 	C:\Program Files\Citrix\HDX\bin\SfrHook.dll
0x00007ffbed670000 - 0x00007ffbed69d000 	C:\Program Files\Citrix\HDX\bin\ShellHook.dll
0x00007ffbf18d0000 - 0x00007ffbf1922000 	C:\Windows\System32\SHLWAPI.dll
0x00007ffbed540000 - 0x00007ffbed666000 	C:\Program Files\Citrix\HDX\bin\SCardHook.dll
0x00007ffbb6c30000 - 0x00007ffbb6cbd000 	c:\Users\jab525\.vscode\extensions\redhat.java-1.29.0-win32-x64\jre\17.0.10-win32-x86_64\bin\msvcp140.dll
0x00007ffb74570000 - 0x00007ffb751d2000 	c:\Users\jab525\.vscode\extensions\redhat.java-1.29.0-win32-x64\jre\17.0.10-win32-x86_64\bin\server\jvm.dll
0x00007ffbd9110000 - 0x00007ffbd9119000 	C:\Windows\SYSTEM32\WSOCK32.dll
0x00007ffbf1930000 - 0x00007ffbf199d000 	C:\Windows\System32\WS2_32.dll
0x00007ffbdbab0000 - 0x00007ffbdbad4000 	C:\Windows\SYSTEM32\WINMM.dll
0x00007ffbe7670000 - 0x00007ffbe767a000 	C:\Windows\SYSTEM32\VERSION.dll
0x00007ffbdb7c0000 - 0x00007ffbdb7ed000 	C:\Windows\SYSTEM32\WINMMBASE.dll
0x00007ffbe5bd0000 - 0x00007ffbe5bda000 	c:\Users\jab525\.vscode\extensions\redhat.java-1.29.0-win32-x64\jre\17.0.10-win32-x86_64\bin\jimage.dll
0x00007ffbdad90000 - 0x00007ffbdaf7d000 	C:\Windows\SYSTEM32\DBGHELP.DLL
0x00007ffbdad50000 - 0x00007ffbdad7a000 	C:\Windows\SYSTEM32\dbgcore.DLL
0x00007ffbe5570000 - 0x00007ffbe557e000 	c:\Users\jab525\.vscode\extensions\redhat.java-1.29.0-win32-x64\jre\17.0.10-win32-x86_64\bin\instrument.dll
0x00007ffbb8eb0000 - 0x00007ffbb8ed5000 	c:\Users\jab525\.vscode\extensions\redhat.java-1.29.0-win32-x64\jre\17.0.10-win32-x86_64\bin\java.dll
0x00007ffbc7b00000 - 0x00007ffbc7b18000 	c:\Users\jab525\.vscode\extensions\redhat.java-1.29.0-win32-x64\jre\17.0.10-win32-x86_64\bin\zip.dll
0x00007ffbef870000 - 0x00007ffbf0d68000 	C:\Windows\System32\SHELL32.dll
0x00007ffbee7f0000 - 0x00007ffbeef37000 	C:\Windows\System32\windows.storage.dll
0x00007ffbee0d0000 - 0x00007ffbee0f3000 	C:\Windows\System32\profapi.dll
0x00007ffbee3a0000 - 0x00007ffbee3bb000 	C:\Windows\System32\cryptsp.dll
0x00007ffbb9d80000 - 0x00007ffbb9d99000 	C:\Users\jab525\.vscode\extensions\redhat.java-1.29.0-win32-x64\jre\17.0.10-win32-x86_64\bin\net.dll
0x00007ffbe76a0000 - 0x00007ffbe779d000 	C:\Windows\SYSTEM32\WINHTTP.dll
0x00007ffbecca0000 - 0x00007ffbecd07000 	C:\Windows\system32\mswsock.dll
0x00007ffbb84f0000 - 0x00007ffbb8506000 	C:\Users\jab525\.vscode\extensions\redhat.java-1.29.0-win32-x64\jre\17.0.10-win32-x86_64\bin\nio.dll
0x00007ffbd5d10000 - 0x00007ffbd5d20000 	c:\Users\jab525\.vscode\extensions\redhat.java-1.29.0-win32-x64\jre\17.0.10-win32-x86_64\bin\verify.dll
0x00007ffba2b50000 - 0x00007ffba2b8e000 	C:\Users\jab525\AppData\Roaming\Code\User\globalStorage\redhat.java\1.29.0\config_win\org.eclipse.equinox.launcher\org.eclipse.equinox.launcher.win32.win32.x86_64_1.2.900.v20240213-1244\eclipse_11900.dll
0x00007ffbec670000 - 0x00007ffbec6a3000 	C:\Windows\system32\rsaenh.dll
0x00007ffbee000000 - 0x00007ffbee029000 	C:\Windows\SYSTEM32\USERENV.dll
0x00007ffbed460000 - 0x00007ffbed49d000 	C:\Windows\SYSTEM32\IPHLPAPI.DLL
0x00007ffbf0f70000 - 0x00007ffbf0f78000 	C:\Windows\System32\NSI.dll
0x00007ffbe9350000 - 0x00007ffbe9366000 	C:\Windows\SYSTEM32\dhcpcsvc6.DLL
0x00007ffbe9330000 - 0x00007ffbe934c000 	C:\Windows\SYSTEM32\dhcpcsvc.DLL
0x00007ffbeca50000 - 0x00007ffbecb16000 	C:\Windows\SYSTEM32\DNSAPI.dll
0x00007ffba2ab0000 - 0x00007ffba2af5000 	C:\Users\local_jab5252\Temp\162\jna--1167723699\jna15673543761054219478.dll
0x00007ffbf0f00000 - 0x00007ffbf0f08000 	C:\Windows\System32\PSAPI.DLL

dbghelp: loaded successfully - version: 4.0.5 - missing functions: none
symbol engine: initialized successfully - sym options: 0x614 - pdb path: .;c:\Users\jab525\.vscode\extensions\redhat.java-1.29.0-win32-x64\jre\17.0.10-win32-x86_64\bin;C:\Windows\SYSTEM32;C:\Windows\WinSxS\amd64_microsoft.windows.common-controls_6595b64144ccf1df_6.0.17763.5329_none_de6f1d32534d4c59;C:\Program Files\Citrix\HDX\bin;c:\Users\jab525\.vscode\extensions\redhat.java-1.29.0-win32-x64\jre\17.0.10-win32-x86_64\bin\server;C:\Users\jab525\AppData\Roaming\Code\User\globalStorage\redhat.java\1.29.0\config_win\org.eclipse.equinox.launcher\org.eclipse.equinox.launcher.win32.win32.x86_64_1.2.900.v20240213-1244;C:\Users\local_jab5252\Temp\162\jna--1167723699

VM Arguments:
jvm_args: --add-modules=ALL-SYSTEM --add-opens=java.base/java.util=ALL-UNNAMED --add-opens=java.base/java.lang=ALL-UNNAMED --add-opens=java.base/sun.nio.fs=ALL-UNNAMED -Declipse.application=org.eclipse.jdt.ls.core.id1 -Dosgi.bundles.defaultStartLevel=4 -Declipse.product=org.eclipse.jdt.ls.core.product -Djava.import.generatesMetadataFilesAtProjectRoot=false -DDetectVMInstallationsJob.disabled=true -Dfile.encoding=utf8 -XX:+UseParallelGC -XX:GCTimeRatio=4 -XX:AdaptiveSizePolicyWeight=90 -Dsun.zip.disableMemoryMapping=true -Xmx1G -Xms100m -Xlog:disable -javaagent:c:\Users\jab525\.vscode\extensions\redhat.java-1.29.0-win32-x64\lombok\lombok-1.18.32.jar -XX:+HeapDumpOnOutOfMemoryError -XX:HeapDumpPath=c:\Users\jab525\AppData\Roaming\Code\User\workspaceStorage\5092cb17a02b7fcc3c168c651c70f762\redhat.java -Daether.dependencyCollector.impl=bf 
java_command: c:\Users\jab525\.vscode\extensions\redhat.java-1.29.0-win32-x64\server\plugins\org.eclipse.equinox.launcher_1.6.800.v20240304-1850.jar -configuration c:\Users\jab525\AppData\Roaming\Code\User\globalStorage\redhat.java\1.29.0\config_win -data c:\Users\jab525\AppData\Roaming\Code\User\workspaceStorage\5092cb17a02b7fcc3c168c651c70f762\redhat.java\jdt_ws --stdio
java_class_path (initial): c:\Users\jab525\.vscode\extensions\redhat.java-1.29.0-win32-x64\server\plugins\org.eclipse.equinox.launcher_1.6.800.v20240304-1850.jar
Launcher Type: SUN_STANDARD

[Global flags]
    uintx AdaptiveSizePolicyWeight                 = 90                                        {product} {command line}
     intx CICompilerCount                          = 4                                         {product} {ergonomic}
    uintx GCTimeRatio                              = 4                                         {product} {command line}
     bool HeapDumpOnOutOfMemoryError               = true                                   {manageable} {command line}
    ccstr HeapDumpPath                             = c:\Users\jab525\AppData\Roaming\Code\User\workspaceStorage\5092cb17a02b7fcc3c168c651c70f762\redhat.java         {manageable} {command line}
   size_t InitialHeapSize                          = 104857600                                 {product} {command line}
   size_t MaxHeapSize                              = 1073741824                                {product} {command line}
   size_t MaxNewSize                               = 357564416                                 {product} {ergonomic}
   size_t MinHeapDeltaBytes                        = 524288                                    {product} {ergonomic}
   size_t MinHeapSize                              = 104857600                                 {product} {command line}
   size_t NewSize                                  = 34603008                                  {product} {ergonomic}
    uintx NonNMethodCodeHeapSize                   = 5839372                                {pd product} {ergonomic}
    uintx NonProfiledCodeHeapSize                  = 122909434                              {pd product} {ergonomic}
   size_t OldSize                                  = 70254592                                  {product} {ergonomic}
    uintx ProfiledCodeHeapSize                     = 122909434                              {pd product} {ergonomic}
    uintx ReservedCodeCacheSize                    = 251658240                              {pd product} {ergonomic}
     bool SegmentedCodeCache                       = true                                      {product} {ergonomic}
   size_t SoftMaxHeapSize                          = 1073741824                             {manageable} {ergonomic}
     bool UseCompressedClassPointers               = true                           {product lp64_product} {ergonomic}
     bool UseCompressedOops                        = true                           {product lp64_product} {ergonomic}
     bool UseLargePagesIndividualAllocation        = false                                  {pd product} {ergonomic}
     bool UseParallelGC                            = true                                      {product} {command line}

Logging:
Log output configuration:
 #0: stdout all=off uptime,level,tags
 #1: stderr all=off uptime,level,tags

Environment Variables:
JAVA_HOME=C:\Program Files\Microsoft\jdk-11.0.21.9-hotspot\
PATH=C:\Program Files\Microsoft\jdk-11.0.21.9-hotspot\bin;C:\Windows\system32;C:\Windows;C:\Windows\System32\Wbem;C:\Windows\System32\WindowsPowerShell\v1.0\;C:\Windows\System32\OpenSSH\;C:\Program Files (x86)\Citrix\HDX\bin\;C:\Program Files\Citrix\HDX\bin\;C:\Program Files\Microsoft VS Code\bin;C:\Program Files (x86)\Microsoft SQL Server\160\DTS\Binn\;C:\Program Files\Azure Data Studio\bin;C:\Program Files (x86)\Citrix\Workspace Environment Management Agent;C:\Program Files\AzureConnectedMachineAgent\;C:\Users\jab525\AppData\Local\Microsoft\WindowsApps;C:\Users\jab525\AppData\Local\Programs\Git\cmd;C:\Users\jab525\AppData\Local\GitHubDesktop\bin
USERNAME=jab525
OS=Windows_NT
PROCESSOR_IDENTIFIER=Intel64 Family 6 Model 85 Stepping 0, GenuineIntel
TMP=C:\Users\LOFE7E~1\Temp\162
TEMP=C:\Users\LOFE7E~1\Temp\162



Periodic native trim disabled


---------------  S Y S T E M  ---------------

OS:
 Windows Server 2019 , 64 bit Build 17763 (10.0.17763.4974)
OS uptime: 93 days 22:51 hours
VMWare virtualization detected

CPU: total 8 (initial active 8) (2 cores per cpu, 1 threads per core) family 6 model 85 stepping 0 microcode 0x5003501, cx8, cmov, fxsr, mmx, 3dnowpref, sse, sse2, sse3, ssse3, sse4.1, sse4.2, popcnt, lzcnt, tsc, tscinvbit, avx, avx2, aes, erms, clmul, bmi1, bmi2, adx, fma, vzeroupper, clflush, clflushopt, clwb, hv
Processor Information for all 8 processors :
  Max Mhz: 2993, Current Mhz: 2993, Mhz Limit: 2993

Memory: 4k page, system-wide physical 16383M (634M free)
TotalPageFile size 24479M (AvailPageFile size 9M)
current process WorkingSet (physical memory assigned to process): 259M, peak: 264M
current process commit charge ("private bytes"): 330M, peak: 336M

vm_info: OpenJDK 64-Bit Server VM (17.0.10+7) for windows-amd64 JRE (17.0.10+7), built on Jan 16 2024 23:25:11 by "admin" with MS VC++ 16.10 / 16.11 (VS2019)

END.
