#
# There is insufficient memory for the Java Runtime Environment to continue.
# Native memory allocation (malloc) failed to allocate 326496 bytes for Chunk::new
# Possible reasons:
#   The system is out of physical RAM or swap space
#   The process is running with CompressedOops enabled, and the Java Heap may be blocking the growth of the native heap
# Possible solutions:
#   Reduce memory load on the system
#   Increase physical memory or swap space
#   Check if swap backing store is full
#   Decrease Java heap size (-Xmx/-Xms)
#   Decrease number of Java threads
#   Decrease Java thread stack sizes (-Xss)
#   Set larger code cache with -XX:ReservedCodeCacheSize=
#   JVM is running with Unscaled Compressed Oops mode in which the Java heap is
#     placed in the first 4GB address space. The Java Heap base address is the
#     maximum limit for the native heap growth. Please use -XX:HeapBaseMinAddress
#     to set the Java Heap base and to place the Java Heap above 4GB virtual address.
# This output file may be truncated or incomplete.
#
#  Out of Memory Error (arena.cpp:191), pid=104620, tid=113888
#
# JRE version: OpenJDK Runtime Environment Temurin-17.0.10+7 (17.0.10+7) (build 17.0.10+7)
# Java VM: OpenJDK 64-Bit Server VM Temurin-17.0.10+7 (17.0.10+7, mixed mode, tiered, compressed oops, compressed class ptrs, parallel gc, windows-amd64)
# Core dump will be written. Default location: c:\Users\jab525\Documents\GitHub\CRSMain\hs_err_pid104620.mdmp
#

---------------  S U M M A R Y ------------

Command Line: --add-modules=ALL-SYSTEM --add-opens=java.base/java.util=ALL-UNNAMED --add-opens=java.base/java.lang=ALL-UNNAMED --add-opens=java.base/sun.nio.fs=ALL-UNNAMED -Declipse.application=org.eclipse.jdt.ls.core.id1 -Dosgi.bundles.defaultStartLevel=4 -Declipse.product=org.eclipse.jdt.ls.core.product -Djava.import.generatesMetadataFilesAtProjectRoot=false -DDetectVMInstallationsJob.disabled=true -Dfile.encoding=utf8 -XX:+UseParallelGC -XX:GCTimeRatio=4 -XX:AdaptiveSizePolicyWeight=90 -Dsun.zip.disableMemoryMapping=true -Xmx1G -Xms100m -Xlog:disable -javaagent:c:\Users\jab525\.vscode\extensions\redhat.java-1.29.0-win32-x64\lombok\lombok-1.18.32.jar c:\Users\jab525\.vscode\extensions\redhat.java-1.29.0-win32-x64\server\plugins\org.eclipse.equinox.launcher_1.6.800.v20240304-1850.jar -configuration c:\Users\jab525\AppData\Roaming\Code\User\globalStorage\redhat.java\1.29.0\config_ss_win -data c:\Users\jab525\AppData\Roaming\Code\User\workspaceStorage\5092cb17a02b7fcc3c168c651c70f762\redhat.java\ss_ws --stdio

Host: Intel(R) Xeon(R) Gold 6248R CPU @ 3.00GHz, 8 cores, 15G,  Windows Server 2019 , 64 bit Build 17763 (10.0.17763.4974)
Time: Sun Apr 21 18:27:00 2024 Eastern Daylight Time elapsed time: 0.770501 seconds (0d 0h 0m 0s)

---------------  T H R E A D  ---------------

Current thread (0x000002cbf970c7d0):  JavaThread "C2 CompilerThread1" daemon [_thread_in_native, id=113888, stack(0x000000e9c3400000,0x000000e9c3500000)]


Current CompileTask:
C2:    770  572       4       lombok.patcher.scripts.MethodLevelPatchScript::patch (21 bytes)

Stack: [0x000000e9c3400000,0x000000e9c3500000]
Native frames: (J=compiled Java code, j=interpreted, Vv=VM code, C=native code)
V  [jvm.dll+0x67d2c9]
V  [jvm.dll+0x834afa]
V  [jvm.dll+0x8365be]
V  [jvm.dll+0x836c23]
V  [jvm.dll+0x2477ff]
V  [jvm.dll+0xac514]
V  [jvm.dll+0xacb5c]
V  [jvm.dll+0x3667d7]
V  [jvm.dll+0x330bfa]
V  [jvm.dll+0x33009a]
V  [jvm.dll+0x219ef1]
V  [jvm.dll+0x219311]
V  [jvm.dll+0x1a502d]
V  [jvm.dll+0x2290de]
V  [jvm.dll+0x2272ac]
V  [jvm.dll+0x7e9bb7]
V  [jvm.dll+0x7e3fba]
V  [jvm.dll+0x67c1b5]
C  [ucrtbase.dll+0x2268a]
C  [KERNEL32.DLL+0x17ac4]
C  [ntdll.dll+0x5a4e1]


---------------  P R O C E S S  ---------------

Threads class SMR info:
_java_thread_list=0x000002cbf982d870, length=13, elements={
0x000002cbefdeb6c0, 0x000002cbf9519020, 0x000002cbf951b640, 0x000002cbf9544040,
0x000002cbf9544bd0, 0x000002cbf9546320, 0x000002cbf9548920, 0x000002cbf9550650,
0x000002cbf95550d0, 0x000002cbf95589c0, 0x000002cbf9697fb0, 0x000002cbf970c7d0,
0x000002cbf983e890
}

Java Threads: ( => current thread )
  0x000002cbefdeb6c0 JavaThread "main" [_thread_in_Java, id=88188, stack(0x000000e9c2700000,0x000000e9c2800000)]
  0x000002cbf9519020 JavaThread "Reference Handler" daemon [_thread_blocked, id=58436, stack(0x000000e9c2a00000,0x000000e9c2b00000)]
  0x000002cbf951b640 JavaThread "Finalizer" daemon [_thread_blocked, id=103400, stack(0x000000e9c2b00000,0x000000e9c2c00000)]
  0x000002cbf9544040 JavaThread "Signal Dispatcher" daemon [_thread_blocked, id=105260, stack(0x000000e9c2c00000,0x000000e9c2d00000)]
  0x000002cbf9544bd0 JavaThread "Attach Listener" daemon [_thread_blocked, id=110972, stack(0x000000e9c2d00000,0x000000e9c2e00000)]
  0x000002cbf9546320 JavaThread "Service Thread" daemon [_thread_blocked, id=81052, stack(0x000000e9c2e00000,0x000000e9c2f00000)]
  0x000002cbf9548920 JavaThread "Monitor Deflation Thread" daemon [_thread_blocked, id=88380, stack(0x000000e9c2f00000,0x000000e9c3000000)]
  0x000002cbf9550650 JavaThread "C2 CompilerThread0" daemon [_thread_in_native, id=109904, stack(0x000000e9c3000000,0x000000e9c3100000)]
  0x000002cbf95550d0 JavaThread "C1 CompilerThread0" daemon [_thread_in_vm, id=72616, stack(0x000000e9c3100000,0x000000e9c3200000)]
  0x000002cbf95589c0 JavaThread "Sweeper thread" daemon [_thread_blocked, id=115344, stack(0x000000e9c3200000,0x000000e9c3300000)]
  0x000002cbf9697fb0 JavaThread "Common-Cleaner" daemon [_thread_blocked, id=93248, stack(0x000000e9c3300000,0x000000e9c3400000)]
=>0x000002cbf970c7d0 JavaThread "C2 CompilerThread1" daemon [_thread_in_native, id=113888, stack(0x000000e9c3400000,0x000000e9c3500000)]
  0x000002cbf983e890 JavaThread "Notification Thread" daemon [_thread_blocked, id=94720, stack(0x000000e9c3500000,0x000000e9c3600000)]

Other Threads:
  0x000002cbf9506670 VMThread "VM Thread" [stack: 0x000000e9c2900000,0x000000e9c2a00000] [id=7156]
  0x000002cbfaed42c0 WatcherThread [stack: 0x000000e9c3600000,0x000000e9c3700000] [id=88616]
  0x000002cbef546870 GCTaskThread "GC Thread#0" [stack: 0x000000e9c2800000,0x000000e9c2900000] [id=112924]

Threads with active compile tasks:
C2 CompilerThread0      828  641       4       java.util.HashMap::put (13 bytes)
C1 CompilerThread0      828  654       3       java.util.HashMap::<init> (98 bytes)
C2 CompilerThread1      828  572       4       lombok.patcher.scripts.MethodLevelPatchScript::patch (21 bytes)

VM state: not at safepoint (normal execution)

VM Mutex/Monitor currently owned by a thread: None

Heap address: 0x00000000c0000000, size: 1024 MB, Compressed Oops mode: 32-bit

CDS archive(s) not mapped
Compressed class space mapped at: 0x0000000100000000-0x0000000140000000, reserved size: 1073741824
Narrow klass base: 0x0000000000000000, Narrow klass shift: 3, Narrow klass range: 0x140000000

GC Precious Log:
 CPUs: 8 total, 8 available
 Memory: 16383M
 Large Page Support: Disabled
 NUMA Support: Disabled
 Compressed Oops: Enabled (32-bit)
 Alignments: Space 512K, Generation 512K, Heap 2M
 Heap Min Capacity: 100M
 Heap Initial Capacity: 100M
 Heap Max Capacity: 1G
 Pre-touch: Disabled
 Parallel Workers: 8

Heap:
 PSYoungGen      total 29696K, used 16880K [0x00000000eab00000, 0x00000000ecc00000, 0x0000000100000000)
  eden space 25600K, 65% used [0x00000000eab00000,0x00000000ebb7c028,0x00000000ec400000)
  from space 4096K, 0% used [0x00000000ec800000,0x00000000ec800000,0x00000000ecc00000)
  to   space 4096K, 0% used [0x00000000ec400000,0x00000000ec400000,0x00000000ec800000)
 ParOldGen       total 68608K, used 0K [0x00000000c0000000, 0x00000000c4300000, 0x00000000eab00000)
  object space 68608K, 0% used [0x00000000c0000000,0x00000000c0000000,0x00000000c4300000)
 Metaspace       used 9218K, committed 9344K, reserved 1114112K
  class space    used 911K, committed 960K, reserved 1048576K

Card table byte_map: [0x000002cbef920000,0x000002cbefb30000] _byte_map_base: 0x000002cbef320000

Marking Bits: (ParMarkBitMap*) 0x00007ffb7552d7d0
 Begin Bits: [0x000002cbf29f0000, 0x000002cbf39f0000)
 End Bits:   [0x000002cbf39f0000, 0x000002cbf49f0000)

Polling page: 0x000002cbef510000

Metaspace:

Usage:
  Non-class:      8.11 MB used.
      Class:    911.31 KB used.
       Both:      9.00 MB used.

Virtual space:
  Non-class space:       64.00 MB reserved,       8.19 MB ( 13%) committed,  1 nodes.
      Class space:        1.00 GB reserved,     960.00 KB ( <1%) committed,  1 nodes.
             Both:        1.06 GB reserved,       9.13 MB ( <1%) committed. 

Chunk freelists:
   Non-Class:  6.92 MB
       Class:  15.08 MB
        Both:  22.00 MB

MaxMetaspaceSize: unlimited
CompressedClassSpaceSize: 1.00 GB
Initial GC threshold: 21.00 MB
Current GC threshold: 21.00 MB
CDS: off
MetaspaceReclaimPolicy: balanced
 - commit_granule_bytes: 65536.
 - commit_granule_words: 8192.
 - virtual_space_node_default_size: 8388608.
 - enlarge_chunks_in_place: 1.
 - new_chunks_are_fully_committed: 0.
 - uncommit_free_chunks: 1.
 - use_allocation_guard: 0.
 - handle_deallocations: 1.


Internal statistics:

num_allocs_failed_limit: 0.
num_arena_births: 10.
num_arena_deaths: 0.
num_vsnodes_births: 2.
num_vsnodes_deaths: 0.
num_space_committed: 146.
num_space_uncommitted: 0.
num_chunks_returned_to_freelist: 0.
num_chunks_taken_from_freelist: 46.
num_chunk_merges: 0.
num_chunk_splits: 27.
num_chunks_enlarged: 25.
num_inconsistent_stats: 0.

CodeHeap 'non-profiled nmethods': size=120000Kb used=254Kb max_used=254Kb free=119745Kb
 bounds [0x000002cb87ad0000, 0x000002cb87d40000, 0x000002cb8f000000]
CodeHeap 'profiled nmethods': size=120000Kb used=1011Kb max_used=1011Kb free=118988Kb
 bounds [0x000002cb80000000, 0x000002cb80270000, 0x000002cb87530000]
CodeHeap 'non-nmethods': size=5760Kb used=1135Kb max_used=1152Kb free=4624Kb
 bounds [0x000002cb87530000, 0x000002cb877a0000, 0x000002cb87ad0000]
 total_blobs=1083 nmethods=660 adapters=338
 compilation: enabled
              stopped_count=0, restarted_count=0
 full_count=0

Compilation events (20 events):
Event: 0.748 Thread 0x000002cbf95550d0 nmethod 593 0x000002cb87b06910 code [0x000002cb87b06aa0, 0x000002cb87b06b78]
Event: 0.751 Thread 0x000002cbf95550d0  594 %     3       java.util.Properties$LineReader::readLine @ 53 (584 bytes)
Event: 0.753 Thread 0x000002cbf95550d0 nmethod 594% 0x000002cb800cca10 code [0x000002cb800ccde0, 0x000002cb800cf918]
Event: 0.753 Thread 0x000002cbf95550d0  595       3       java.util.Properties::loadConvert (540 bytes)
Event: 0.754 Thread 0x000002cbf95550d0 nmethod 595 0x000002cb800d0610 code [0x000002cb800d0900, 0x000002cb800d1d18]
Event: 0.754 Thread 0x000002cbf95550d0  596       3       java.lang.StringBuilder::<init> (6 bytes)
Event: 0.754 Thread 0x000002cbf95550d0 nmethod 596 0x000002cb800d2390 code [0x000002cb800d2520, 0x000002cb800d2668]
Event: 0.756 Thread 0x000002cbf95550d0  597       3       java.util.Objects::checkFromIndexSize (8 bytes)
Event: 0.757 Thread 0x000002cbf95550d0 nmethod 597 0x000002cb800d2710 code [0x000002cb800d28c0, 0x000002cb800d2ae8]
Event: 0.757 Thread 0x000002cbf95550d0  599       3       java.lang.StringUTF16::compress (50 bytes)
Event: 0.757 Thread 0x000002cbf95550d0 nmethod 599 0x000002cb800d2c10 code [0x000002cb800d2dc0, 0x000002cb800d3018]
Event: 0.757 Thread 0x000002cbf95550d0  600       3       java.util.Properties$LineReader::readLine (584 bytes)
Event: 0.762 Thread 0x000002cbf95550d0 nmethod 600 0x000002cb800d3190 code [0x000002cb800d3540, 0x000002cb800d5d38]
Event: 0.762 Thread 0x000002cbf95550d0  604       3       java.lang.StringBuilder::append (8 bytes)
Event: 0.762 Thread 0x000002cbf95550d0 nmethod 604 0x000002cb800d6910 code [0x000002cb800d6aa0, 0x000002cb800d6be8]
Event: 0.762 Thread 0x000002cbf95550d0  603       3       java.util.StringTokenizer::scanToken (179 bytes)
Event: 0.764 Thread 0x000002cbf95550d0 nmethod 603 0x000002cb800d6c90 code [0x000002cb800d7000, 0x000002cb800d8618]
Event: 0.764 Thread 0x000002cbf95550d0  605       3       java.util.StringTokenizer::skipDelimiters (116 bytes)
Event: 0.765 Thread 0x000002cbf95550d0 nmethod 605 0x000002cb800d8e10 code [0x000002cb800d90c0, 0x000002cb800d9de8]
Event: 0.765 Thread 0x000002cbf95550d0  598       3       jdk.internal.util.Preconditions::checkFromIndexSize (25 bytes)

GC Heap History (0 events):
No events

Dll operation events (8 events):
Event: 0.018 Loaded shared library c:\Users\jab525\.vscode\extensions\redhat.java-1.29.0-win32-x64\jre\17.0.10-win32-x86_64\bin\java.dll
Event: 0.136 Loaded shared library c:\Users\jab525\.vscode\extensions\redhat.java-1.29.0-win32-x64\jre\17.0.10-win32-x86_64\bin\zip.dll
Event: 0.143 Loaded shared library C:\Users\jab525\.vscode\extensions\redhat.java-1.29.0-win32-x64\jre\17.0.10-win32-x86_64\bin\instrument.dll
Event: 0.160 Loaded shared library C:\Users\jab525\.vscode\extensions\redhat.java-1.29.0-win32-x64\jre\17.0.10-win32-x86_64\bin\net.dll
Event: 0.166 Loaded shared library C:\Users\jab525\.vscode\extensions\redhat.java-1.29.0-win32-x64\jre\17.0.10-win32-x86_64\bin\nio.dll
Event: 0.173 Loaded shared library C:\Users\jab525\.vscode\extensions\redhat.java-1.29.0-win32-x64\jre\17.0.10-win32-x86_64\bin\zip.dll
Event: 0.210 Loaded shared library C:\Users\jab525\.vscode\extensions\redhat.java-1.29.0-win32-x64\jre\17.0.10-win32-x86_64\bin\jimage.dll
Event: 0.336 Loaded shared library c:\Users\jab525\.vscode\extensions\redhat.java-1.29.0-win32-x64\jre\17.0.10-win32-x86_64\bin\verify.dll

Deoptimization events (20 events):
Event: 0.636 Thread 0x000002cbefdeb6c0 DEOPT PACKING pc=0x000002cb87ae5840 sp=0x000000e9c27fca40
Event: 0.636 Thread 0x000002cbefdeb6c0 DEOPT UNPACKING pc=0x000002cb875866a3 sp=0x000000e9c27fc9c8 mode 2
Event: 0.645 Thread 0x000002cbefdeb6c0 Uncommon trap: trap_request=0xffffff45 fr.pc=0x000002cb87af82f0 relative=0x0000000000000610
Event: 0.645 Thread 0x000002cbefdeb6c0 Uncommon trap: reason=unstable_if action=reinterpret pc=0x000002cb87af82f0 method=java.lang.String.replace(Ljava/lang/CharSequence;Ljava/lang/CharSequence;)Ljava/lang/String; @ 48 c2
Event: 0.645 Thread 0x000002cbefdeb6c0 DEOPT PACKING pc=0x000002cb87af82f0 sp=0x000000e9c27fc9b0
Event: 0.645 Thread 0x000002cbefdeb6c0 DEOPT UNPACKING pc=0x000002cb875866a3 sp=0x000000e9c27fc930 mode 2
Event: 0.653 Thread 0x000002cbefdeb6c0 DEOPT PACKING pc=0x000002cb8004592d sp=0x000000e9c27fbc10
Event: 0.653 Thread 0x000002cbefdeb6c0 DEOPT UNPACKING pc=0x000002cb87586e43 sp=0x000000e9c27fb0a8 mode 0
Event: 0.704 Thread 0x000002cbefdeb6c0 Uncommon trap: trap_request=0xffffff45 fr.pc=0x000002cb87ae5158 relative=0x00000000000002d8
Event: 0.704 Thread 0x000002cbefdeb6c0 Uncommon trap: reason=unstable_if action=reinterpret pc=0x000002cb87ae5158 method=java.lang.StringUTF16.compress([CI[BII)I @ 20 c2
Event: 0.704 Thread 0x000002cbefdeb6c0 DEOPT PACKING pc=0x000002cb87ae5158 sp=0x000000e9c27fbb20
Event: 0.704 Thread 0x000002cbefdeb6c0 DEOPT UNPACKING pc=0x000002cb875866a3 sp=0x000000e9c27fbaa0 mode 2
Event: 0.720 Thread 0x000002cbefdeb6c0 Uncommon trap: trap_request=0xffffff6e fr.pc=0x000002cb87b03564 relative=0x00000000000001e4
Event: 0.720 Thread 0x000002cbefdeb6c0 Uncommon trap: reason=loop_limit_check action=maybe_recompile pc=0x000002cb87b03564 method=java.math.BigInteger.implMulAdd([I[IIII)I @ 26 c2
Event: 0.720 Thread 0x000002cbefdeb6c0 DEOPT PACKING pc=0x000002cb87b03564 sp=0x000000e9c27fd8c0
Event: 0.720 Thread 0x000002cbefdeb6c0 DEOPT UNPACKING pc=0x000002cb875866a3 sp=0x000000e9c27fd810 mode 2
Event: 0.759 Thread 0x000002cbefdeb6c0 Uncommon trap: trap_request=0xffffff45 fr.pc=0x000002cb87af2d28 relative=0x0000000000000568
Event: 0.759 Thread 0x000002cbefdeb6c0 Uncommon trap: reason=unstable_if action=reinterpret pc=0x000002cb87af2d28 method=java.lang.AbstractStringBuilder.append(Ljava/lang/String;)Ljava/lang/AbstractStringBuilder; @ 1 c2
Event: 0.760 Thread 0x000002cbefdeb6c0 DEOPT PACKING pc=0x000002cb87af2d28 sp=0x000000e9c27fdde0
Event: 0.760 Thread 0x000002cbefdeb6c0 DEOPT UNPACKING pc=0x000002cb875866a3 sp=0x000000e9c27fdd60 mode 2

Classes unloaded (0 events):
No events

Classes redefined (0 events):
No events

Internal exceptions (9 events):
Event: 0.116 Thread 0x000002cbefdeb6c0 Exception <a 'java/lang/NoSuchMethodError'{0x00000000eacb4e00}: 'void java.lang.invoke.DirectMethodHandle$Holder.invokeStatic(java.lang.Object, java.lang.Object, java.lang.Object)'> (0x00000000eacb4e00) 
thrown [s\src\hotspot\share\interpreter\linkResolver.cpp, line 759]
Event: 0.409 Thread 0x000002cbefdeb6c0 Exception <a 'java/lang/reflect/InvocationTargetException'{0x00000000eafe9660}> (0x00000000eafe9660) 
thrown [s\src\hotspot\share\runtime\reflection.cpp, line 1121]
Event: 0.748 Thread 0x000002cbefdeb6c0 Exception <a 'java/lang/ClassNotFoundException'{0x00000000eb8543f0}: sun/net/www/protocol/c/Handler> (0x00000000eb8543f0) 
thrown [s\src\hotspot\share\classfile\systemDictionary.cpp, line 256]
Event: 0.754 Thread 0x000002cbefdeb6c0 Exception <a 'java/io/FileNotFoundException'{0x00000000eb86c008}> (0x00000000eb86c008) 
thrown [s\src\hotspot\share\prims\jni.cpp, line 516]
Event: 0.754 Thread 0x000002cbefdeb6c0 Exception <a 'java/io/FileNotFoundException'{0x00000000eb86cd18}> (0x00000000eb86cd18) 
thrown [s\src\hotspot\share\prims\jni.cpp, line 516]
Event: 0.754 Thread 0x000002cbefdeb6c0 Exception <a 'java/io/FileNotFoundException'{0x00000000eb86da08}> (0x00000000eb86da08) 
thrown [s\src\hotspot\share\prims\jni.cpp, line 516]
Event: 0.754 Thread 0x000002cbefdeb6c0 Exception <a 'java/io/FileNotFoundException'{0x00000000eb86e6c8}> (0x00000000eb86e6c8) 
thrown [s\src\hotspot\share\prims\jni.cpp, line 516]
Event: 0.759 Thread 0x000002cbefdeb6c0 Implicit null exception at 0x000002cb87af27f2 to 0x000002cb87af2d10
Event: 0.762 Thread 0x000002cbefdeb6c0 Exception <a 'java/io/FileNotFoundException'{0x00000000eb8a8fc8}> (0x00000000eb8a8fc8) 
thrown [s\src\hotspot\share\prims\jni.cpp, line 516]

VM Operations (6 events):
Event: 0.120 Executing VM operation: HandshakeAllThreads
Event: 0.120 Executing VM operation: HandshakeAllThreads done
Event: 0.730 Executing VM operation: HandshakeAllThreads
Event: 0.730 Executing VM operation: HandshakeAllThreads done
Event: 0.745 Executing VM operation: HandshakeAllThreads
Event: 0.745 Executing VM operation: HandshakeAllThreads done

Events (20 events):
Event: 0.755 loading class java/net/FileNameMap done
Event: 0.755 loading class java/net/URLConnection$1 done
Event: 0.755 loading class sun/net/www/MimeTable
Event: 0.755 loading class sun/net/www/MimeTable done
Event: 0.755 loading class sun/net/www/MimeTable$1
Event: 0.756 loading class sun/net/www/MimeTable$1 done
Event: 0.756 loading class sun/net/www/MimeTable$DefaultInstanceHolder
Event: 0.756 loading class sun/net/www/MimeTable$DefaultInstanceHolder done
Event: 0.756 loading class sun/net/www/MimeTable$DefaultInstanceHolder$1
Event: 0.756 loading class sun/net/www/MimeTable$DefaultInstanceHolder$1 done
Event: 0.757 loading class java/util/Properties$EntrySet
Event: 0.757 loading class java/util/Properties$EntrySet done
Event: 0.757 loading class java/util/Collections$SynchronizedSet
Event: 0.757 loading class java/util/Collections$SynchronizedCollection
Event: 0.758 loading class java/util/Collections$SynchronizedCollection done
Event: 0.758 loading class java/util/Collections$SynchronizedSet done
Event: 0.758 loading class java/util/Hashtable$Enumerator
Event: 0.758 loading class java/util/Hashtable$Enumerator done
Event: 0.759 loading class sun/net/www/MimeEntry
Event: 0.759 loading class sun/net/www/MimeEntry done


Dynamic libraries:
0x00007ff768d90000 - 0x00007ff768d9e000 	c:\Users\jab525\.vscode\extensions\redhat.java-1.29.0-win32-x64\jre\17.0.10-win32-x86_64\bin\java.exe
0x00007ffbf2120000 - 0x00007ffbf230e000 	C:\Windows\SYSTEM32\ntdll.dll
0x00007ffbf0d70000 - 0x00007ffbf0e23000 	C:\Windows\System32\KERNEL32.DLL
0x00007ffbeef40000 - 0x00007ffbef1dd000 	C:\Windows\System32\KERNELBASE.dll
0x00007ffbee5c0000 - 0x00007ffbee6ba000 	C:\Windows\System32\ucrtbase.dll
0x00007ffbc0490000 - 0x00007ffbc04a7000 	c:\Users\jab525\.vscode\extensions\redhat.java-1.29.0-win32-x64\jre\17.0.10-win32-x86_64\bin\jli.dll
0x00007ffbf1c40000 - 0x00007ffbf1dd7000 	C:\Windows\System32\USER32.dll
0x00007ffbee6c0000 - 0x00007ffbee6e0000 	C:\Windows\System32\win32u.dll
0x00007ffbf1e40000 - 0x00007ffbf1e69000 	C:\Windows\System32\GDI32.dll
0x00007ffbee3c0000 - 0x00007ffbee56a000 	C:\Windows\System32\gdi32full.dll
0x00007ffbef210000 - 0x00007ffbef2b0000 	C:\Windows\System32\msvcp_win.dll
0x00007ffbdb3e0000 - 0x00007ffbdb659000 	C:\Windows\WinSxS\amd64_microsoft.windows.common-controls_6595b64144ccf1df_6.0.17763.5329_none_de6f1d32534d4c59\COMCTL32.dll
0x00007ffbef3c0000 - 0x00007ffbef45e000 	C:\Windows\System32\msvcrt.dll
0x00007ffbc0440000 - 0x00007ffbc045b000 	c:\Users\jab525\.vscode\extensions\redhat.java-1.29.0-win32-x64\jre\17.0.10-win32-x86_64\bin\VCRUNTIME140.dll
0x00007ffbf1070000 - 0x00007ffbf139b000 	C:\Windows\System32\combase.dll
0x00007ffbf1fd0000 - 0x00007ffbf20ee000 	C:\Windows\System32\RPCRT4.dll
0x00007ffbef2b0000 - 0x00007ffbef332000 	C:\Windows\System32\bcryptPrimitives.dll
0x00007ffbf0f90000 - 0x00007ffbf0fbe000 	C:\Windows\System32\IMM32.DLL
0x00007ffbedf90000 - 0x00007ffbedfcb000 	C:\Program Files\Citrix\HDX\bin\MfApHook.dll
0x00007ffbedeb0000 - 0x00007ffbedee4000 	C:\Program Files\Citrix\HDX\bin\CtxMFPlugin64.dll
0x00007ffbf1b10000 - 0x00007ffbf1bb8000 	C:\Windows\System32\ADVAPI32.dll
0x00007ffbef460000 - 0x00007ffbef502000 	C:\Windows\System32\sechost.dll
0x00007ffbef1e0000 - 0x00007ffbef206000 	C:\Windows\System32\bcrypt.dll
0x00007ffbf1e70000 - 0x00007ffbf1fc6000 	C:\Windows\System32\ole32.dll
0x00007ffbf0e30000 - 0x00007ffbf0ef4000 	C:\Windows\System32\OLEAUT32.dll
0x00007ffbede90000 - 0x00007ffbedea3000 	C:\Windows\SYSTEM32\WTSAPI32.dll
0x00007ffbedc80000 - 0x00007ffbede81000 	C:\Windows\SYSTEM32\MFPlat.DLL
0x00007ffbee570000 - 0x00007ffbee5ba000 	C:\Windows\System32\cfgmgr32.dll
0x00007ffbce380000 - 0x00007ffbce38c000 	c:\Users\jab525\.vscode\extensions\redhat.java-1.29.0-win32-x64\jre\17.0.10-win32-x86_64\bin\VCRUNTIME140_1.dll
0x00007ffbf13a0000 - 0x00007ffbf1447000 	C:\Windows\System32\shcore.dll
0x00007ffbee180000 - 0x00007ffbee191000 	C:\Windows\System32\kernel.appcore.dll
0x00007ffbedc20000 - 0x00007ffbedc4f000 	C:\Windows\SYSTEM32\RTWorkQ.DLL
0x00007ffbed6f0000 - 0x00007ffbedc19000 	C:\Windows\system32\mfcore.dll
0x00007ffbee1a0000 - 0x00007ffbee39e000 	C:\Windows\System32\CRYPT32.dll
0x00007ffbee100000 - 0x00007ffbee112000 	C:\Windows\System32\MSASN1.dll
0x00007ffbee120000 - 0x00007ffbee17d000 	C:\Windows\System32\powrprof.dll
0x00007ffbed6e0000 - 0x00007ffbed6e9000 	C:\Windows\SYSTEM32\ksuser.dll
0x00007ffbed6d0000 - 0x00007ffbed6dc000 	C:\Windows\SYSTEM32\CRYPTBASE.DLL
0x00007ffbe5c10000 - 0x00007ffbe5c4a000 	C:\Program Files\Citrix\HDX\bin\mmhook.dll
0x00007ffbec0d0000 - 0x00007ffbec0ff000 	C:\Program Files\Citrix\HDX\bin\SfrHook.dll
0x00007ffbed670000 - 0x00007ffbed69d000 	C:\Program Files\Citrix\HDX\bin\ShellHook.dll
0x00007ffbf18d0000 - 0x00007ffbf1922000 	C:\Windows\System32\SHLWAPI.dll
0x00007ffbed540000 - 0x00007ffbed666000 	C:\Program Files\Citrix\HDX\bin\SCardHook.dll
0x00007ffb7b950000 - 0x00007ffb7b9dd000 	c:\Users\jab525\.vscode\extensions\redhat.java-1.29.0-win32-x64\jre\17.0.10-win32-x86_64\bin\msvcp140.dll
0x00007ffb74990000 - 0x00007ffb755f2000 	c:\Users\jab525\.vscode\extensions\redhat.java-1.29.0-win32-x64\jre\17.0.10-win32-x86_64\bin\server\jvm.dll
0x00007ffbd9110000 - 0x00007ffbd9119000 	C:\Windows\SYSTEM32\WSOCK32.dll
0x00007ffbf1930000 - 0x00007ffbf199d000 	C:\Windows\System32\WS2_32.dll
0x00007ffbdbab0000 - 0x00007ffbdbad4000 	C:\Windows\SYSTEM32\WINMM.dll
0x00007ffbe7670000 - 0x00007ffbe767a000 	C:\Windows\SYSTEM32\VERSION.dll
0x00007ffbdb7c0000 - 0x00007ffbdb7ed000 	C:\Windows\SYSTEM32\WINMMBASE.dll
0x00007ffbcbce0000 - 0x00007ffbcbcea000 	c:\Users\jab525\.vscode\extensions\redhat.java-1.29.0-win32-x64\jre\17.0.10-win32-x86_64\bin\jimage.dll
0x00007ffbdad90000 - 0x00007ffbdaf7d000 	C:\Windows\SYSTEM32\DBGHELP.DLL
0x00007ffbdad50000 - 0x00007ffbdad7a000 	C:\Windows\SYSTEM32\dbgcore.DLL
0x00007ffbcb790000 - 0x00007ffbcb79e000 	c:\Users\jab525\.vscode\extensions\redhat.java-1.29.0-win32-x64\jre\17.0.10-win32-x86_64\bin\instrument.dll
0x00007ffbc0350000 - 0x00007ffbc0375000 	c:\Users\jab525\.vscode\extensions\redhat.java-1.29.0-win32-x64\jre\17.0.10-win32-x86_64\bin\java.dll
0x00007ffbba810000 - 0x00007ffbba828000 	c:\Users\jab525\.vscode\extensions\redhat.java-1.29.0-win32-x64\jre\17.0.10-win32-x86_64\bin\zip.dll
0x00007ffbef870000 - 0x00007ffbf0d68000 	C:\Windows\System32\SHELL32.dll
0x00007ffbee7f0000 - 0x00007ffbeef37000 	C:\Windows\System32\windows.storage.dll
0x00007ffbee0d0000 - 0x00007ffbee0f3000 	C:\Windows\System32\profapi.dll
0x00007ffbee3a0000 - 0x00007ffbee3bb000 	C:\Windows\System32\cryptsp.dll
0x00007ffbba7f0000 - 0x00007ffbba809000 	C:\Users\jab525\.vscode\extensions\redhat.java-1.29.0-win32-x64\jre\17.0.10-win32-x86_64\bin\net.dll
0x00007ffbe76a0000 - 0x00007ffbe779d000 	C:\Windows\SYSTEM32\WINHTTP.dll
0x00007ffbecca0000 - 0x00007ffbecd07000 	C:\Windows\system32\mswsock.dll
0x00007ffbba650000 - 0x00007ffbba666000 	C:\Users\jab525\.vscode\extensions\redhat.java-1.29.0-win32-x64\jre\17.0.10-win32-x86_64\bin\nio.dll
0x00007ffbc89a0000 - 0x00007ffbc89b0000 	c:\Users\jab525\.vscode\extensions\redhat.java-1.29.0-win32-x64\jre\17.0.10-win32-x86_64\bin\verify.dll

dbghelp: loaded successfully - version: 4.0.5 - missing functions: none
symbol engine: initialized successfully - sym options: 0x614 - pdb path: .;c:\Users\jab525\.vscode\extensions\redhat.java-1.29.0-win32-x64\jre\17.0.10-win32-x86_64\bin;C:\Windows\SYSTEM32;C:\Windows\WinSxS\amd64_microsoft.windows.common-controls_6595b64144ccf1df_6.0.17763.5329_none_de6f1d32534d4c59;C:\Program Files\Citrix\HDX\bin;c:\Users\jab525\.vscode\extensions\redhat.java-1.29.0-win32-x64\jre\17.0.10-win32-x86_64\bin\server

VM Arguments:
jvm_args: --add-modules=ALL-SYSTEM --add-opens=java.base/java.util=ALL-UNNAMED --add-opens=java.base/java.lang=ALL-UNNAMED --add-opens=java.base/sun.nio.fs=ALL-UNNAMED -Declipse.application=org.eclipse.jdt.ls.core.id1 -Dosgi.bundles.defaultStartLevel=4 -Declipse.product=org.eclipse.jdt.ls.core.product -Djava.import.generatesMetadataFilesAtProjectRoot=false -DDetectVMInstallationsJob.disabled=true -Dfile.encoding=utf8 -XX:+UseParallelGC -XX:GCTimeRatio=4 -XX:AdaptiveSizePolicyWeight=90 -Dsun.zip.disableMemoryMapping=true -Xmx1G -Xms100m -Xlog:disable -javaagent:c:\Users\jab525\.vscode\extensions\redhat.java-1.29.0-win32-x64\lombok\lombok-1.18.32.jar 
java_command: c:\Users\jab525\.vscode\extensions\redhat.java-1.29.0-win32-x64\server\plugins\org.eclipse.equinox.launcher_1.6.800.v20240304-1850.jar -configuration c:\Users\jab525\AppData\Roaming\Code\User\globalStorage\redhat.java\1.29.0\config_ss_win -data c:\Users\jab525\AppData\Roaming\Code\User\workspaceStorage\5092cb17a02b7fcc3c168c651c70f762\redhat.java\ss_ws --stdio
java_class_path (initial): c:\Users\jab525\.vscode\extensions\redhat.java-1.29.0-win32-x64\server\plugins\org.eclipse.equinox.launcher_1.6.800.v20240304-1850.jar
Launcher Type: SUN_STANDARD

[Global flags]
    uintx AdaptiveSizePolicyWeight                 = 90                                        {product} {command line}
     intx CICompilerCount                          = 4                                         {product} {ergonomic}
    uintx GCTimeRatio                              = 4                                         {product} {command line}
   size_t InitialHeapSize                          = 104857600                                 {product} {command line}
   size_t MaxHeapSize                              = 1073741824                                {product} {command line}
   size_t MaxNewSize                               = 357564416                                 {product} {ergonomic}
   size_t MinHeapDeltaBytes                        = 524288                                    {product} {ergonomic}
   size_t MinHeapSize                              = 104857600                                 {product} {command line}
   size_t NewSize                                  = 34603008                                  {product} {ergonomic}
    uintx NonNMethodCodeHeapSize                   = 5839372                                {pd product} {ergonomic}
    uintx NonProfiledCodeHeapSize                  = 122909434                              {pd product} {ergonomic}
   size_t OldSize                                  = 70254592                                  {product} {ergonomic}
    uintx ProfiledCodeHeapSize                     = 122909434                              {pd product} {ergonomic}
    uintx ReservedCodeCacheSize                    = 251658240                              {pd product} {ergonomic}
     bool SegmentedCodeCache                       = true                                      {product} {ergonomic}
   size_t SoftMaxHeapSize                          = 1073741824                             {manageable} {ergonomic}
     bool UseCompressedClassPointers               = true                           {product lp64_product} {ergonomic}
     bool UseCompressedOops                        = true                           {product lp64_product} {ergonomic}
     bool UseLargePagesIndividualAllocation        = false                                  {pd product} {ergonomic}
     bool UseParallelGC                            = true                                      {product} {command line}

Logging:
Log output configuration:
 #0: stdout all=off uptime,level,tags
 #1: stderr all=off uptime,level,tags

Environment Variables:
JAVA_HOME=C:\Program Files\Microsoft\jdk-11.0.21.9-hotspot\
PATH=C:\Program Files\Microsoft\jdk-11.0.21.9-hotspot\bin;C:\Windows\system32;C:\Windows;C:\Windows\System32\Wbem;C:\Windows\System32\WindowsPowerShell\v1.0\;C:\Windows\System32\OpenSSH\;C:\Program Files (x86)\Citrix\HDX\bin\;C:\Program Files\Citrix\HDX\bin\;C:\Program Files\Microsoft VS Code\bin;C:\Program Files (x86)\Microsoft SQL Server\160\DTS\Binn\;C:\Program Files\Azure Data Studio\bin;C:\Program Files (x86)\Citrix\Workspace Environment Management Agent;C:\Program Files\AzureConnectedMachineAgent\;C:\Users\jab525\AppData\Local\Microsoft\WindowsApps;C:\Users\jab525\AppData\Local\Programs\Git\cmd;C:\Users\jab525\AppData\Local\GitHubDesktop\bin
USERNAME=jab525
OS=Windows_NT
PROCESSOR_IDENTIFIER=Intel64 Family 6 Model 85 Stepping 0, GenuineIntel
TMP=C:\Users\LOFE7E~1\Temp\162
TEMP=C:\Users\LOFE7E~1\Temp\162



Periodic native trim disabled


---------------  S Y S T E M  ---------------

OS:
 Windows Server 2019 , 64 bit Build 17763 (10.0.17763.4974)
OS uptime: 93 days 23:59 hours
VMWare virtualization detected

CPU: total 8 (initial active 8) (2 cores per cpu, 1 threads per core) family 6 model 85 stepping 0 microcode 0x5003501, cx8, cmov, fxsr, mmx, 3dnowpref, sse, sse2, sse3, ssse3, sse4.1, sse4.2, popcnt, lzcnt, tsc, tscinvbit, avx, avx2, aes, erms, clmul, bmi1, bmi2, adx, fma, vzeroupper, clflush, clflushopt, clwb, hv
Processor Information for all 8 processors :
  Max Mhz: 2993, Current Mhz: 2993, Mhz Limit: 2993

Memory: 4k page, system-wide physical 16383M (347M free)
TotalPageFile size 24479M (AvailPageFile size 5M)
current process WorkingSet (physical memory assigned to process): 63M, peak: 63M
current process commit charge ("private bytes"): 199M, peak: 200M

vm_info: OpenJDK 64-Bit Server VM (17.0.10+7) for windows-amd64 JRE (17.0.10+7), built on Jan 16 2024 23:25:11 by "admin" with MS VC++ 16.10 / 16.11 (VS2019)

END.
