#
# There is insufficient memory for the Java Runtime Environment to continue.
# Native memory allocation (malloc) failed to allocate 2707776 bytes for Chunk::new
# Possible reasons:
#   The system is out of physical RAM or swap space
#   The process is running with CompressedOops enabled, and the Java Heap may be blocking the growth of the native heap
# Possible solutions:
#   Reduce memory load on the system
#   Increase physical memory or swap space
#   Check if swap backing store is full
#   Decrease Java heap size (-Xmx/-Xms)
#   Decrease number of Java threads
#   Decrease Java thread stack sizes (-Xss)
#   Set larger code cache with -XX:ReservedCodeCacheSize=
#   JVM is running with Unscaled Compressed Oops mode in which the Java heap is
#     placed in the first 4GB address space. The Java Heap base address is the
#     maximum limit for the native heap growth. Please use -XX:HeapBaseMinAddress
#     to set the Java Heap base and to place the Java Heap above 4GB virtual address.
# This output file may be truncated or incomplete.
#
#  Out of Memory Error (arena.cpp:191), pid=105260, tid=110688
#
# JRE version: OpenJDK Runtime Environment Temurin-17.0.10+7 (17.0.10+7) (build 17.0.10+7)
# Java VM: OpenJDK 64-Bit Server VM Temurin-17.0.10+7 (17.0.10+7, mixed mode, tiered, compressed oops, compressed class ptrs, parallel gc, windows-amd64)
# Core dump will be written. Default location: c:\Users\jab525\Documents\GitHub\CRSMain\hs_err_pid105260.mdmp
#

---------------  S U M M A R Y ------------

Command Line: --add-modules=ALL-SYSTEM --add-opens=java.base/java.util=ALL-UNNAMED --add-opens=java.base/java.lang=ALL-UNNAMED --add-opens=java.base/sun.nio.fs=ALL-UNNAMED -Declipse.application=org.eclipse.jdt.ls.core.id1 -Dosgi.bundles.defaultStartLevel=4 -Declipse.product=org.eclipse.jdt.ls.core.product -Djava.import.generatesMetadataFilesAtProjectRoot=false -DDetectVMInstallationsJob.disabled=true -Dfile.encoding=utf8 -XX:+UseParallelGC -XX:GCTimeRatio=4 -XX:AdaptiveSizePolicyWeight=90 -Dsun.zip.disableMemoryMapping=true -Xmx1G -Xms100m -Xlog:disable -javaagent:c:\Users\jab525\.vscode\extensions\redhat.java-1.29.0-win32-x64\lombok\lombok-1.18.32.jar c:\Users\jab525\.vscode\extensions\redhat.java-1.29.0-win32-x64\server\plugins\org.eclipse.equinox.launcher_1.6.800.v20240304-1850.jar -configuration c:\Users\jab525\AppData\Roaming\Code\User\globalStorage\redhat.java\1.29.0\config_ss_win -data c:\Users\jab525\AppData\Roaming\Code\User\workspaceStorage\5092cb17a02b7fcc3c168c651c70f762\redhat.java\ss_ws --stdio

Host: Intel(R) Xeon(R) Gold 6248R CPU @ 3.00GHz, 8 cores, 15G,  Windows Server 2019 , 64 bit Build 17763 (10.0.17763.4974)
Time: Sun Apr 21 16:39:55 2024 Eastern Daylight Time elapsed time: 2.303014 seconds (0d 0h 0m 2s)

---------------  T H R E A D  ---------------

Current thread (0x0000025c6c1e1980):  JavaThread "C2 CompilerThread1" daemon [_thread_in_native, id=110688, stack(0x00000099cae00000,0x00000099caf00000)]


Current CompileTask:
C2:   2303 2310       4       org.lombokweb.asm.ClassReader::readMethod (1066 bytes)

Stack: [0x00000099cae00000,0x00000099caf00000]
Native frames: (J=compiled Java code, j=interpreted, Vv=VM code, C=native code)
V  [jvm.dll+0x67d2c9]
V  [jvm.dll+0x834afa]
V  [jvm.dll+0x8365be]
V  [jvm.dll+0x836c23]
V  [jvm.dll+0x2477ff]
V  [jvm.dll+0xac514]
V  [jvm.dll+0xacb5c]
V  [jvm.dll+0x3667d7]
V  [jvm.dll+0x1bcf72]
V  [jvm.dll+0x21a049]
V  [jvm.dll+0x219311]
V  [jvm.dll+0x1a502d]
V  [jvm.dll+0x2290de]
V  [jvm.dll+0x2272ac]
V  [jvm.dll+0x7e9bb7]
V  [jvm.dll+0x7e3fba]
V  [jvm.dll+0x67c1b5]
C  [ucrtbase.dll+0x2268a]
C  [KERNEL32.DLL+0x17ac4]
C  [ntdll.dll+0x5a4e1]


---------------  P R O C E S S  ---------------

Threads class SMR info:
_java_thread_list=0x0000025c6f6efbd0, length=22, elements={
0x0000025c539b26f0, 0x0000025c532de5a0, 0x0000025c6c0d9b90, 0x0000025c6c1078f0,
0x0000025c6c1081c0, 0x0000025c6c10d920, 0x0000025c6c10edb0, 0x0000025c6c1109c0,
0x0000025c6c1112d0, 0x0000025c6c119010, 0x0000025c53221ce0, 0x0000025c6c1e1980,
0x0000025c6db707a0, 0x0000025c6e262040, 0x0000025c6e1a0dd0, 0x0000025c6e59db80,
0x0000025c6e214360, 0x0000025c6e1589f0, 0x0000025c6e6f5340, 0x0000025c6e6f4410,
0x0000025c6e6f20a0, 0x0000025c6e6f5850
}

Java Threads: ( => current thread )
  0x0000025c539b26f0 JavaThread "main" [_thread_blocked, id=109780, stack(0x00000099ca100000,0x00000099ca200000)]
  0x0000025c532de5a0 JavaThread "Reference Handler" daemon [_thread_blocked, id=95568, stack(0x00000099ca400000,0x00000099ca500000)]
  0x0000025c6c0d9b90 JavaThread "Finalizer" daemon [_thread_blocked, id=112736, stack(0x00000099ca500000,0x00000099ca600000)]
  0x0000025c6c1078f0 JavaThread "Signal Dispatcher" daemon [_thread_blocked, id=94024, stack(0x00000099ca600000,0x00000099ca700000)]
  0x0000025c6c1081c0 JavaThread "Attach Listener" daemon [_thread_blocked, id=112724, stack(0x00000099ca700000,0x00000099ca800000)]
  0x0000025c6c10d920 JavaThread "Service Thread" daemon [_thread_blocked, id=113636, stack(0x00000099ca800000,0x00000099ca900000)]
  0x0000025c6c10edb0 JavaThread "Monitor Deflation Thread" daemon [_thread_blocked, id=112556, stack(0x00000099ca900000,0x00000099caa00000)]
  0x0000025c6c1109c0 JavaThread "C2 CompilerThread0" daemon [_thread_blocked, id=98700, stack(0x00000099caa00000,0x00000099cab00000)]
  0x0000025c6c1112d0 JavaThread "C1 CompilerThread0" daemon [_thread_blocked, id=93416, stack(0x00000099cab00000,0x00000099cac00000)]
  0x0000025c6c119010 JavaThread "Sweeper thread" daemon [_thread_blocked, id=112124, stack(0x00000099cac00000,0x00000099cad00000)]
  0x0000025c53221ce0 JavaThread "Common-Cleaner" daemon [_thread_blocked, id=79828, stack(0x00000099cad00000,0x00000099cae00000)]
=>0x0000025c6c1e1980 JavaThread "C2 CompilerThread1" daemon [_thread_in_native, id=110688, stack(0x00000099cae00000,0x00000099caf00000)]
  0x0000025c6db707a0 JavaThread "Notification Thread" daemon [_thread_blocked, id=87148, stack(0x00000099caf00000,0x00000099cb000000)]
  0x0000025c6e262040 JavaThread "Active Thread: Equinox Container: 012a10ae-3d93-4c25-8a8b-d98de71f66ec" [_thread_blocked, id=113200, stack(0x00000099cb700000,0x00000099cb800000)]
  0x0000025c6e1a0dd0 JavaThread "Framework Event Dispatcher: Equinox Container: 012a10ae-3d93-4c25-8a8b-d98de71f66ec" daemon [_thread_blocked, id=111112, stack(0x00000099cb800000,0x00000099cb900000)]
  0x0000025c6e59db80 JavaThread "Start Level: Equinox Container: 012a10ae-3d93-4c25-8a8b-d98de71f66ec" daemon [_thread_blocked, id=105344, stack(0x00000099cb900000,0x00000099cba00000)]
  0x0000025c6e214360 JavaThread "SCR Component Actor" daemon [_thread_blocked, id=97140, stack(0x00000099cba00000,0x00000099cbb00000)]
  0x0000025c6e1589f0 JavaThread "SCR Component Registry" daemon [_thread_blocked, id=107676, stack(0x00000099cbc00000,0x00000099cbd00000)]
  0x0000025c6e6f5340 JavaThread "Worker-JM" [_thread_blocked, id=110220, stack(0x00000099cbd00000,0x00000099cbe00000)]
  0x0000025c6e6f4410 JavaThread "Worker-0" [_thread_blocked, id=83804, stack(0x00000099cbe00000,0x00000099cbf00000)]
  0x0000025c6e6f20a0 JavaThread "Worker-1" [_thread_blocked, id=100736, stack(0x00000099cbf00000,0x00000099cc000000)]
  0x0000025c6e6f5850 JavaThread "Java indexing" daemon [_thread_blocked, id=108916, stack(0x00000099cc000000,0x00000099cc100000)]

Other Threads:
  0x0000025c6c0c6810 VMThread "VM Thread" [stack: 0x00000099ca300000,0x00000099ca400000] [id=106956]
  0x0000025c6db70c80 WatcherThread [stack: 0x00000099cb000000,0x00000099cb100000] [id=101232]
  0x0000025c530f7280 GCTaskThread "GC Thread#0" [stack: 0x00000099ca200000,0x00000099ca300000] [id=89832]
  0x0000025c6de605d0 GCTaskThread "GC Thread#1" [stack: 0x00000099cb100000,0x00000099cb200000] [id=102272]
  0x0000025c6dd9d040 GCTaskThread "GC Thread#2" [stack: 0x00000099cb200000,0x00000099cb300000] [id=113256]
  0x0000025c6dd9d300 GCTaskThread "GC Thread#3" [stack: 0x00000099cb300000,0x00000099cb400000] [id=95700]
  0x0000025c6dd9d5c0 GCTaskThread "GC Thread#4" [stack: 0x00000099cb400000,0x00000099cb500000] [id=111508]
  0x0000025c6dd9d880 GCTaskThread "GC Thread#5" [stack: 0x00000099cb500000,0x00000099cb600000] [id=58780]
  0x0000025c6dd9db40 GCTaskThread "GC Thread#6" [stack: 0x00000099cb600000,0x00000099cb700000] [id=104736]
  0x0000025c6daf33f0 GCTaskThread "GC Thread#7" [stack: 0x00000099cbb00000,0x00000099cbc00000] [id=94916]

Threads with active compile tasks:
C2 CompilerThread1     2344 2310       4       org.lombokweb.asm.ClassReader::readMethod (1066 bytes)

VM state: not at safepoint (normal execution)

VM Mutex/Monitor currently owned by a thread: None

Heap address: 0x00000000c0000000, size: 1024 MB, Compressed Oops mode: 32-bit

CDS archive(s) not mapped
Compressed class space mapped at: 0x0000000100000000-0x0000000140000000, reserved size: 1073741824
Narrow klass base: 0x0000000000000000, Narrow klass shift: 3, Narrow klass range: 0x140000000

GC Precious Log:
 CPUs: 8 total, 8 available
 Memory: 16383M
 Large Page Support: Disabled
 NUMA Support: Disabled
 Compressed Oops: Enabled (32-bit)
 Alignments: Space 512K, Generation 512K, Heap 2M
 Heap Min Capacity: 100M
 Heap Initial Capacity: 100M
 Heap Max Capacity: 1G
 Pre-touch: Disabled
 Parallel Workers: 8

Heap:
 PSYoungGen      total 27136K, used 18119K [0x00000000eab00000, 0x00000000ec900000, 0x0000000100000000)
  eden space 24576K, 63% used [0x00000000eab00000,0x00000000eba385c0,0x00000000ec300000)
  from space 2560K, 98% used [0x00000000ec600000,0x00000000ec879780,0x00000000ec880000)
  to   space 3072K, 0% used [0x00000000ec300000,0x00000000ec300000,0x00000000ec600000)
 ParOldGen       total 68608K, used 6672K [0x00000000c0000000, 0x00000000c4300000, 0x00000000eab00000)
  object space 68608K, 9% used [0x00000000c0000000,0x00000000c0684180,0x00000000c4300000)
 Metaspace       used 28740K, committed 29248K, reserved 1114112K
  class space    used 2773K, committed 3008K, reserved 1048576K

Card table byte_map: [0x0000025c534e0000,0x0000025c536f0000] _byte_map_base: 0x0000025c52ee0000

Marking Bits: (ParMarkBitMap*) 0x00007ffb776bd7d0
 Begin Bits: [0x0000025c655b0000, 0x0000025c665b0000)
 End Bits:   [0x0000025c665b0000, 0x0000025c675b0000)

Polling page: 0x0000025c530d0000

Metaspace:

Usage:
  Non-class:     25.36 MB used.
      Class:      2.71 MB used.
       Both:     28.07 MB used.

Virtual space:
  Non-class space:       64.00 MB reserved,      25.63 MB ( 40%) committed,  1 nodes.
      Class space:        1.00 GB reserved,       2.94 MB ( <1%) committed,  1 nodes.
             Both:        1.06 GB reserved,      28.56 MB (  3%) committed. 

Chunk freelists:
   Non-Class:  6.38 MB
       Class:  13.09 MB
        Both:  19.46 MB

MaxMetaspaceSize: unlimited
CompressedClassSpaceSize: 1.00 GB
Initial GC threshold: 21.00 MB
Current GC threshold: 35.00 MB
CDS: off
MetaspaceReclaimPolicy: balanced
 - commit_granule_bytes: 65536.
 - commit_granule_words: 8192.
 - virtual_space_node_default_size: 8388608.
 - enlarge_chunks_in_place: 1.
 - new_chunks_are_fully_committed: 0.
 - uncommit_free_chunks: 1.
 - use_allocation_guard: 0.
 - handle_deallocations: 1.


Internal statistics:

num_allocs_failed_limit: 3.
num_arena_births: 292.
num_arena_deaths: 14.
num_vsnodes_births: 2.
num_vsnodes_deaths: 0.
num_space_committed: 457.
num_space_uncommitted: 0.
num_chunks_returned_to_freelist: 17.
num_chunks_taken_from_freelist: 1073.
num_chunk_merges: 5.
num_chunk_splits: 701.
num_chunks_enlarged: 489.
num_inconsistent_stats: 0.

CodeHeap 'non-profiled nmethods': size=120000Kb used=1075Kb max_used=1075Kb free=118924Kb
 bounds [0x0000025c5e080000, 0x0000025c5e2f0000, 0x0000025c655b0000]
CodeHeap 'profiled nmethods': size=120000Kb used=4947Kb max_used=4947Kb free=115052Kb
 bounds [0x0000025c565b0000, 0x0000025c56a90000, 0x0000025c5dae0000]
CodeHeap 'non-nmethods': size=5760Kb used=1237Kb max_used=1251Kb free=4522Kb
 bounds [0x0000025c5dae0000, 0x0000025c5dd50000, 0x0000025c5e080000]
 total_blobs=3098 nmethods=2544 adapters=468
 compilation: enabled
              stopped_count=0, restarted_count=0
 full_count=0

Compilation events (20 events):
Event: 2.262 Thread 0x0000025c6c1112d0 2537       3       java.lang.StringUTF16::getChar (60 bytes)
Event: 2.262 Thread 0x0000025c6c1112d0 nmethod 2537 0x0000025c56a81890 code [0x0000025c56a81a20, 0x0000025c56a81b98]
Event: 2.263 Thread 0x0000025c6c1109c0 2538       4       java.lang.StringUTF16::getChar (60 bytes)
Event: 2.263 Thread 0x0000025c6c1109c0 nmethod 2538 0x0000025c5e18c910 code [0x0000025c5e18ca80, 0x0000025c5e18cb58]
Event: 2.266 Thread 0x0000025c6c1109c0 2539       4       java.util.HashMap::afterNodeRemoval (1 bytes)
Event: 2.266 Thread 0x0000025c6c1109c0 nmethod 2539 0x0000025c5e18cc10 code [0x0000025c5e18cd80, 0x0000025c5e18cdf8]
Event: 2.267 Thread 0x0000025c6c1112d0 2540       3       java.lang.AbstractStringBuilder::<init> (63 bytes)
Event: 2.267 Thread 0x0000025c6c1112d0 nmethod 2540 0x0000025c56a81c90 code [0x0000025c56a81e80, 0x0000025c56a823b8]
Event: 2.268 Thread 0x0000025c6c1112d0 2541       3       java.util.TreeMap::leftOf (13 bytes)
Event: 2.268 Thread 0x0000025c6c1112d0 nmethod 2541 0x0000025c56a82590 code [0x0000025c56a82720, 0x0000025c56a82898]
Event: 2.268 Thread 0x0000025c6c1112d0 2542       3       java.lang.CharacterData::of (136 bytes)
Event: 2.268 Thread 0x0000025c6c1112d0 nmethod 2542 0x0000025c56a82990 code [0x0000025c56a82bc0, 0x0000025c56a834b8]
Event: 2.268 Thread 0x0000025c6c1112d0 2543       3       java.lang.Character::toUpperCase (6 bytes)
Event: 2.269 Thread 0x0000025c6c1112d0 nmethod 2543 0x0000025c56a83710 code [0x0000025c56a838c0, 0x0000025c56a83b18]
Event: 2.269 Thread 0x0000025c6c1112d0 2544       3       java.lang.Character::toUpperCase (9 bytes)
Event: 2.269 Thread 0x0000025c6c1112d0 nmethod 2544 0x0000025c56a83c10 code [0x0000025c56a83dc0, 0x0000025c56a83fb8]
Event: 2.269 Thread 0x0000025c6c1112d0 2545       3       java.util.TreeMap::setColor (10 bytes)
Event: 2.269 Thread 0x0000025c6c1112d0 nmethod 2545 0x0000025c56a84090 code [0x0000025c56a84220, 0x0000025c56a84358]
Event: 2.269 Thread 0x0000025c6c1112d0 2546       3       java.lang.AbstractStringBuilder::append (77 bytes)
Event: 2.270 Thread 0x0000025c6c1112d0 nmethod 2546 0x0000025c56a84410 code [0x0000025c56a84620, 0x0000025c56a84ca8]

GC Heap History (14 events):
Event: 0.749 GC heap before
{Heap before GC invocations=1 (full 0):
 PSYoungGen      total 29696K, used 25600K [0x00000000eab00000, 0x00000000ecc00000, 0x0000000100000000)
  eden space 25600K, 100% used [0x00000000eab00000,0x00000000ec400000,0x00000000ec400000)
  from space 4096K, 0% used [0x00000000ec800000,0x00000000ec800000,0x00000000ecc00000)
  to   space 4096K, 0% used [0x00000000ec400000,0x00000000ec400000,0x00000000ec800000)
 ParOldGen       total 68608K, used 0K [0x00000000c0000000, 0x00000000c4300000, 0x00000000eab00000)
  object space 68608K, 0% used [0x00000000c0000000,0x00000000c0000000,0x00000000c4300000)
 Metaspace       used 10981K, committed 11200K, reserved 1114112K
  class space    used 1096K, committed 1216K, reserved 1048576K
}
Event: 0.755 GC heap after
{Heap after GC invocations=1 (full 0):
 PSYoungGen      total 29696K, used 3156K [0x00000000eab00000, 0x00000000ecc00000, 0x0000000100000000)
  eden space 25600K, 0% used [0x00000000eab00000,0x00000000eab00000,0x00000000ec400000)
  from space 4096K, 77% used [0x00000000ec400000,0x00000000ec715278,0x00000000ec800000)
  to   space 4096K, 0% used [0x00000000ec800000,0x00000000ec800000,0x00000000ecc00000)
 ParOldGen       total 68608K, used 16K [0x00000000c0000000, 0x00000000c4300000, 0x00000000eab00000)
  object space 68608K, 0% used [0x00000000c0000000,0x00000000c0004000,0x00000000c4300000)
 Metaspace       used 10981K, committed 11200K, reserved 1114112K
  class space    used 1096K, committed 1216K, reserved 1048576K
}
Event: 1.238 GC heap before
{Heap before GC invocations=2 (full 0):
 PSYoungGen      total 29696K, used 28756K [0x00000000eab00000, 0x00000000ecc00000, 0x0000000100000000)
  eden space 25600K, 100% used [0x00000000eab00000,0x00000000ec400000,0x00000000ec400000)
  from space 4096K, 77% used [0x00000000ec400000,0x00000000ec715278,0x00000000ec800000)
  to   space 4096K, 0% used [0x00000000ec800000,0x00000000ec800000,0x00000000ecc00000)
 ParOldGen       total 68608K, used 16K [0x00000000c0000000, 0x00000000c4300000, 0x00000000eab00000)
  object space 68608K, 0% used [0x00000000c0000000,0x00000000c0004000,0x00000000c4300000)
 Metaspace       used 14802K, committed 15104K, reserved 1114112K
  class space    used 1505K, committed 1664K, reserved 1048576K
}
Event: 1.243 GC heap after
{Heap after GC invocations=2 (full 0):
 PSYoungGen      total 29696K, used 4074K [0x00000000eab00000, 0x00000000ecc00000, 0x0000000100000000)
  eden space 25600K, 0% used [0x00000000eab00000,0x00000000eab00000,0x00000000ec400000)
  from space 4096K, 99% used [0x00000000ec800000,0x00000000ecbfaad0,0x00000000ecc00000)
  to   space 4096K, 0% used [0x00000000ec400000,0x00000000ec400000,0x00000000ec800000)
 ParOldGen       total 68608K, used 743K [0x00000000c0000000, 0x00000000c4300000, 0x00000000eab00000)
  object space 68608K, 1% used [0x00000000c0000000,0x00000000c00b9fd8,0x00000000c4300000)
 Metaspace       used 14802K, committed 15104K, reserved 1114112K
  class space    used 1505K, committed 1664K, reserved 1048576K
}
Event: 1.590 GC heap before
{Heap before GC invocations=3 (full 0):
 PSYoungGen      total 29696K, used 29674K [0x00000000eab00000, 0x00000000ecc00000, 0x0000000100000000)
  eden space 25600K, 100% used [0x00000000eab00000,0x00000000ec400000,0x00000000ec400000)
  from space 4096K, 99% used [0x00000000ec800000,0x00000000ecbfaad0,0x00000000ecc00000)
  to   space 4096K, 0% used [0x00000000ec400000,0x00000000ec400000,0x00000000ec800000)
 ParOldGen       total 68608K, used 743K [0x00000000c0000000, 0x00000000c4300000, 0x00000000eab00000)
  object space 68608K, 1% used [0x00000000c0000000,0x00000000c00b9fd8,0x00000000c4300000)
 Metaspace       used 19749K, committed 20160K, reserved 1114112K
  class space    used 2023K, committed 2176K, reserved 1048576K
}
Event: 1.595 GC heap after
{Heap after GC invocations=3 (full 0):
 PSYoungGen      total 29696K, used 4064K [0x00000000eab00000, 0x00000000ecc00000, 0x0000000100000000)
  eden space 25600K, 0% used [0x00000000eab00000,0x00000000eab00000,0x00000000ec400000)
  from space 4096K, 99% used [0x00000000ec400000,0x00000000ec7f8340,0x00000000ec800000)
  to   space 4096K, 0% used [0x00000000ec800000,0x00000000ec800000,0x00000000ecc00000)
 ParOldGen       total 68608K, used 2472K [0x00000000c0000000, 0x00000000c4300000, 0x00000000eab00000)
  object space 68608K, 3% used [0x00000000c0000000,0x00000000c026a230,0x00000000c4300000)
 Metaspace       used 19749K, committed 20160K, reserved 1114112K
  class space    used 2023K, committed 2176K, reserved 1048576K
}
Event: 1.743 GC heap before
{Heap before GC invocations=4 (full 0):
 PSYoungGen      total 29696K, used 11953K [0x00000000eab00000, 0x00000000ecc00000, 0x0000000100000000)
  eden space 25600K, 30% used [0x00000000eab00000,0x00000000eb2b4320,0x00000000ec400000)
  from space 4096K, 99% used [0x00000000ec400000,0x00000000ec7f8340,0x00000000ec800000)
  to   space 4096K, 0% used [0x00000000ec800000,0x00000000ec800000,0x00000000ecc00000)
 ParOldGen       total 68608K, used 2472K [0x00000000c0000000, 0x00000000c4300000, 0x00000000eab00000)
  object space 68608K, 3% used [0x00000000c0000000,0x00000000c026a230,0x00000000c4300000)
 Metaspace       used 21060K, committed 21504K, reserved 1114112K
  class space    used 2167K, committed 2368K, reserved 1048576K
}
Event: 1.745 GC heap after
{Heap after GC invocations=4 (full 0):
 PSYoungGen      total 29696K, used 4074K [0x00000000eab00000, 0x00000000ecc00000, 0x0000000100000000)
  eden space 25600K, 0% used [0x00000000eab00000,0x00000000eab00000,0x00000000ec400000)
  from space 4096K, 99% used [0x00000000ec800000,0x00000000ecbfab00,0x00000000ecc00000)
  to   space 4096K, 0% used [0x00000000ec400000,0x00000000ec400000,0x00000000ec800000)
 ParOldGen       total 68608K, used 2736K [0x00000000c0000000, 0x00000000c4300000, 0x00000000eab00000)
  object space 68608K, 3% used [0x00000000c0000000,0x00000000c02ac230,0x00000000c4300000)
 Metaspace       used 21060K, committed 21504K, reserved 1114112K
  class space    used 2167K, committed 2368K, reserved 1048576K
}
Event: 1.745 GC heap before
{Heap before GC invocations=5 (full 1):
 PSYoungGen      total 29696K, used 4074K [0x00000000eab00000, 0x00000000ecc00000, 0x0000000100000000)
  eden space 25600K, 0% used [0x00000000eab00000,0x00000000eab00000,0x00000000ec400000)
  from space 4096K, 99% used [0x00000000ec800000,0x00000000ecbfab00,0x00000000ecc00000)
  to   space 4096K, 0% used [0x00000000ec400000,0x00000000ec400000,0x00000000ec800000)
 ParOldGen       total 68608K, used 2736K [0x00000000c0000000, 0x00000000c4300000, 0x00000000eab00000)
  object space 68608K, 3% used [0x00000000c0000000,0x00000000c02ac230,0x00000000c4300000)
 Metaspace       used 21060K, committed 21504K, reserved 1114112K
  class space    used 2167K, committed 2368K, reserved 1048576K
}
Event: 1.762 GC heap after
{Heap after GC invocations=5 (full 1):
 PSYoungGen      total 29696K, used 0K [0x00000000eab00000, 0x00000000ecc00000, 0x0000000100000000)
  eden space 25600K, 0% used [0x00000000eab00000,0x00000000eab00000,0x00000000ec400000)
  from space 4096K, 0% used [0x00000000ec800000,0x00000000ec800000,0x00000000ecc00000)
  to   space 4096K, 0% used [0x00000000ec400000,0x00000000ec400000,0x00000000ec800000)
 ParOldGen       total 68608K, used 6648K [0x00000000c0000000, 0x00000000c4300000, 0x00000000eab00000)
  object space 68608K, 9% used [0x00000000c0000000,0x00000000c067e180,0x00000000c4300000)
 Metaspace       used 21047K, committed 21504K, reserved 1114112K
  class space    used 2163K, committed 2368K, reserved 1048576K
}
Event: 1.896 GC heap before
{Heap before GC invocations=6 (full 1):
 PSYoungGen      total 29696K, used 25600K [0x00000000eab00000, 0x00000000ecc00000, 0x0000000100000000)
  eden space 25600K, 100% used [0x00000000eab00000,0x00000000ec400000,0x00000000ec400000)
  from space 4096K, 0% used [0x00000000ec800000,0x00000000ec800000,0x00000000ecc00000)
  to   space 4096K, 0% used [0x00000000ec400000,0x00000000ec400000,0x00000000ec800000)
 ParOldGen       total 68608K, used 6648K [0x00000000c0000000, 0x00000000c4300000, 0x00000000eab00000)
  object space 68608K, 9% used [0x00000000c0000000,0x00000000c067e180,0x00000000c4300000)
 Metaspace       used 24063K, committed 24512K, reserved 1114112K
  class space    used 2366K, committed 2560K, reserved 1048576K
}
Event: 1.897 GC heap after
{Heap after GC invocations=6 (full 1):
 PSYoungGen      total 26112K, used 824K [0x00000000eab00000, 0x00000000ec880000, 0x0000000100000000)
  eden space 25088K, 0% used [0x00000000eab00000,0x00000000eab00000,0x00000000ec380000)
  from space 1024K, 80% used [0x00000000ec400000,0x00000000ec4ce198,0x00000000ec500000)
  to   space 2560K, 0% used [0x00000000ec600000,0x00000000ec600000,0x00000000ec880000)
 ParOldGen       total 68608K, used 6656K [0x00000000c0000000, 0x00000000c4300000, 0x00000000eab00000)
  object space 68608K, 9% used [0x00000000c0000000,0x00000000c0680180,0x00000000c4300000)
 Metaspace       used 24063K, committed 24512K, reserved 1114112K
  class space    used 2366K, committed 2560K, reserved 1048576K
}
Event: 2.040 GC heap before
{Heap before GC invocations=7 (full 1):
 PSYoungGen      total 26112K, used 25912K [0x00000000eab00000, 0x00000000ec880000, 0x0000000100000000)
  eden space 25088K, 100% used [0x00000000eab00000,0x00000000ec380000,0x00000000ec380000)
  from space 1024K, 80% used [0x00000000ec400000,0x00000000ec4ce198,0x00000000ec500000)
  to   space 2560K, 0% used [0x00000000ec600000,0x00000000ec600000,0x00000000ec880000)
 ParOldGen       total 68608K, used 6656K [0x00000000c0000000, 0x00000000c4300000, 0x00000000eab00000)
  object space 68608K, 9% used [0x00000000c0000000,0x00000000c0680180,0x00000000c4300000)
 Metaspace       used 26758K, committed 27264K, reserved 1114112K
  class space    used 2583K, committed 2816K, reserved 1048576K
}
Event: 2.042 GC heap after
{Heap after GC invocations=7 (full 1):
 PSYoungGen      total 27136K, used 2533K [0x00000000eab00000, 0x00000000ec900000, 0x0000000100000000)
  eden space 24576K, 0% used [0x00000000eab00000,0x00000000eab00000,0x00000000ec300000)
  from space 2560K, 98% used [0x00000000ec600000,0x00000000ec879780,0x00000000ec880000)
  to   space 3072K, 0% used [0x00000000ec300000,0x00000000ec300000,0x00000000ec600000)
 ParOldGen       total 68608K, used 6672K [0x00000000c0000000, 0x00000000c4300000, 0x00000000eab00000)
  object space 68608K, 9% used [0x00000000c0000000,0x00000000c0684180,0x00000000c4300000)
 Metaspace       used 26758K, committed 27264K, reserved 1114112K
  class space    used 2583K, committed 2816K, reserved 1048576K
}

Dll operation events (9 events):
Event: 0.010 Loaded shared library c:\Users\jab525\.vscode\extensions\redhat.java-1.29.0-win32-x64\jre\17.0.10-win32-x86_64\bin\java.dll
Event: 0.135 Loaded shared library c:\Users\jab525\.vscode\extensions\redhat.java-1.29.0-win32-x64\jre\17.0.10-win32-x86_64\bin\zip.dll
Event: 0.144 Loaded shared library C:\Users\jab525\.vscode\extensions\redhat.java-1.29.0-win32-x64\jre\17.0.10-win32-x86_64\bin\instrument.dll
Event: 0.162 Loaded shared library C:\Users\jab525\.vscode\extensions\redhat.java-1.29.0-win32-x64\jre\17.0.10-win32-x86_64\bin\net.dll
Event: 0.168 Loaded shared library C:\Users\jab525\.vscode\extensions\redhat.java-1.29.0-win32-x64\jre\17.0.10-win32-x86_64\bin\nio.dll
Event: 0.178 Loaded shared library C:\Users\jab525\.vscode\extensions\redhat.java-1.29.0-win32-x64\jre\17.0.10-win32-x86_64\bin\zip.dll
Event: 0.199 Loaded shared library C:\Users\jab525\.vscode\extensions\redhat.java-1.29.0-win32-x64\jre\17.0.10-win32-x86_64\bin\jimage.dll
Event: 0.273 Loaded shared library c:\Users\jab525\.vscode\extensions\redhat.java-1.29.0-win32-x64\jre\17.0.10-win32-x86_64\bin\verify.dll
Event: 1.161 Loaded shared library C:\Users\jab525\AppData\Roaming\Code\User\globalStorage\redhat.java\1.29.0\config_ss_win\org.eclipse.equinox.launcher\org.eclipse.equinox.launcher.win32.win32.x86_64_1.2.900.v20240213-1244\eclipse_11900.dll

Deoptimization events (20 events):
Event: 2.266 Thread 0x0000025c6e59db80 Uncommon trap: trap_request=0xffffff45 fr.pc=0x0000025c5e099274 relative=0x0000000000000354
Event: 2.266 Thread 0x0000025c6e59db80 Uncommon trap: reason=unstable_if action=reinterpret pc=0x0000025c5e099274 method=java.lang.StringLatin1.canEncode(I)Z @ 4 c2
Event: 2.266 Thread 0x0000025c6e59db80 DEOPT PACKING pc=0x0000025c5e099274 sp=0x00000099cb9fe3e0
Event: 2.266 Thread 0x0000025c6e59db80 DEOPT UNPACKING pc=0x0000025c5db366a3 sp=0x00000099cb9fe308 mode 2
Event: 2.266 Thread 0x0000025c6e59db80 Uncommon trap: trap_request=0xffffff45 fr.pc=0x0000025c5e0c8ea0 relative=0x0000000000000300
Event: 2.266 Thread 0x0000025c6e59db80 Uncommon trap: reason=unstable_if action=reinterpret pc=0x0000025c5e0c8ea0 method=java.lang.AbstractStringBuilder.isLatin1()Z @ 10 c2
Event: 2.266 Thread 0x0000025c6e59db80 DEOPT PACKING pc=0x0000025c5e0c8ea0 sp=0x00000099cb9fe3f0
Event: 2.266 Thread 0x0000025c6e59db80 DEOPT UNPACKING pc=0x0000025c5db366a3 sp=0x00000099cb9fe380 mode 2
Event: 2.268 Thread 0x0000025c6e59db80 Uncommon trap: trap_request=0xffffffc6 fr.pc=0x0000025c5e1093d0 relative=0x0000000000000930
Event: 2.268 Thread 0x0000025c6e59db80 Uncommon trap: reason=bimorphic_or_optimized_type_check action=maybe_recompile pc=0x0000025c5e1093d0 method=java.util.HashMap.putVal(ILjava/lang/Object;Ljava/lang/Object;ZZ)Ljava/lang/Object; @ 56 c2
Event: 2.268 Thread 0x0000025c6e59db80 DEOPT PACKING pc=0x0000025c5e1093d0 sp=0x00000099cb9fdb10
Event: 2.268 Thread 0x0000025c6e59db80 DEOPT UNPACKING pc=0x0000025c5db366a3 sp=0x00000099cb9fda10 mode 2
Event: 2.268 Thread 0x0000025c6e59db80 Uncommon trap: trap_request=0xffffffc6 fr.pc=0x0000025c5e1093d0 relative=0x0000000000000930
Event: 2.268 Thread 0x0000025c6e59db80 Uncommon trap: reason=bimorphic_or_optimized_type_check action=maybe_recompile pc=0x0000025c5e1093d0 method=java.util.HashMap.putVal(ILjava/lang/Object;Ljava/lang/Object;ZZ)Ljava/lang/Object; @ 56 c2
Event: 2.268 Thread 0x0000025c6e59db80 DEOPT PACKING pc=0x0000025c5e1093d0 sp=0x00000099cb9fdb10
Event: 2.268 Thread 0x0000025c6e59db80 DEOPT UNPACKING pc=0x0000025c5db366a3 sp=0x00000099cb9fda10 mode 2
Event: 2.268 Thread 0x0000025c6e59db80 Uncommon trap: trap_request=0xffffffc6 fr.pc=0x0000025c5e106c00 relative=0x00000000000008e0
Event: 2.268 Thread 0x0000025c6e59db80 Uncommon trap: reason=bimorphic_or_optimized_type_check action=maybe_recompile pc=0x0000025c5e106c00 method=java.util.HashMap.putVal(ILjava/lang/Object;Ljava/lang/Object;ZZ)Ljava/lang/Object; @ 56 c2
Event: 2.268 Thread 0x0000025c6e59db80 DEOPT PACKING pc=0x0000025c5e106c00 sp=0x00000099cb9fda80
Event: 2.268 Thread 0x0000025c6e59db80 DEOPT UNPACKING pc=0x0000025c5db366a3 sp=0x00000099cb9fda08 mode 2

Classes unloaded (7 events):
Event: 1.749 Thread 0x0000025c6c0c6810 Unloading class 0x000000010021a400 'java/lang/invoke/LambdaForm$MH+0x000000010021a400'
Event: 1.749 Thread 0x0000025c6c0c6810 Unloading class 0x000000010021a000 'java/lang/invoke/LambdaForm$MH+0x000000010021a000'
Event: 1.749 Thread 0x0000025c6c0c6810 Unloading class 0x0000000100219c00 'java/lang/invoke/LambdaForm$MH+0x0000000100219c00'
Event: 1.749 Thread 0x0000025c6c0c6810 Unloading class 0x0000000100219800 'java/lang/invoke/LambdaForm$MH+0x0000000100219800'
Event: 1.749 Thread 0x0000025c6c0c6810 Unloading class 0x0000000100219400 'java/lang/invoke/LambdaForm$BMH+0x0000000100219400'
Event: 1.749 Thread 0x0000025c6c0c6810 Unloading class 0x0000000100219000 'java/lang/invoke/LambdaForm$DMH+0x0000000100219000'
Event: 1.749 Thread 0x0000025c6c0c6810 Unloading class 0x0000000100214400 'java/lang/invoke/LambdaForm$DMH+0x0000000100214400'

Classes redefined (0 events):
No events

Internal exceptions (20 events):
Event: 1.574 Thread 0x0000025c6e59db80 Exception <a 'java/io/FileNotFoundException'{0x00000000ec2ac110}> (0x00000000ec2ac110) 
thrown [s\src\hotspot\share\prims\jni.cpp, line 516]
Event: 1.616 Thread 0x0000025c6e59db80 Exception <a 'java/lang/NoSuchMethodError'{0x00000000eac74288}: 'java.lang.Object java.lang.invoke.DirectMethodHandle$Holder.newInvokeSpecial(java.lang.Object, java.lang.Object, java.lang.Object, java.lang.Object, java.lang.Object)'> (0x00000000eac74288) 
thrown [s\src\hotspot\share\interpreter\linkResolver.cpp, line 759]
Event: 1.636 Thread 0x0000025c6e59db80 Exception <a 'java/lang/NoSuchMethodError'{0x00000000eadf90f0}: 'java.lang.Object java.lang.invoke.DirectMethodHandle$Holder.invokeStaticInit(java.lang.Object, int)'> (0x00000000eadf90f0) 
thrown [s\src\hotspot\share\interpreter\linkResolver.cpp, line 759]
Event: 1.704 Thread 0x0000025c6e59db80 Exception <a 'java/lang/NoSuchMethodError'{0x00000000eb033840}: 'java.lang.Object java.lang.invoke.DirectMethodHandle$Holder.invokeSpecial(java.lang.Object, java.lang.Object, java.lang.Object, long, java.lang.Object)'> (0x00000000eb033840) 
thrown [s\src\hotspot\share\interpreter\linkResolver.cpp, line 759]
Event: 1.705 Thread 0x0000025c6e59db80 Exception <a 'java/lang/NoSuchMethodError'{0x00000000eb03b9f8}: 'java.lang.Object java.lang.invoke.DirectMethodHandle$Holder.newInvokeSpecial(java.lang.Object, java.lang.Object, java.lang.Object, long)'> (0x00000000eb03b9f8) 
thrown [s\src\hotspot\share\interpreter\linkResolver.cpp, line 759]
Event: 1.705 Thread 0x0000025c6e59db80 Exception <a 'java/lang/NoSuchMethodError'{0x00000000eb03ff98}: 'java.lang.Object java.lang.invoke.DirectMethodHandle$Holder.invokeSpecial(java.lang.Object, java.lang.Object, java.lang.Object, java.lang.Object, long)'> (0x00000000eb03ff98) 
thrown [s\src\hotspot\share\interpreter\linkResolver.cpp, line 759]
Event: 1.705 Thread 0x0000025c6e59db80 Exception <a 'java/lang/NoSuchMethodError'{0x00000000eb043e10}: 'java.lang.Object java.lang.invoke.Invokers$Holder.linkToTargetMethod(java.lang.Object, java.lang.Object, long, java.lang.Object)'> (0x00000000eb043e10) 
thrown [s\src\hotspot\share\interpreter\linkResolver.cpp, line 759]
Event: 1.716 Thread 0x0000025c6e59db80 Exception <a 'java/lang/NoSuchMethodError'{0x00000000eb0c5d80}: 'int java.lang.invoke.DirectMethodHandle$Holder.invokeStaticInit(java.lang.Object, java.lang.Object, java.lang.Object)'> (0x00000000eb0c5d80) 
thrown [s\src\hotspot\share\interpreter\linkResolver.cpp, line 759]
Event: 1.726 Thread 0x0000025c6e59db80 Exception <a 'java/lang/IncompatibleClassChangeError'{0x00000000eb149da8}: Found class java.lang.Object, but interface was expected> (0x00000000eb149da8) 
thrown [s\src\hotspot\share\interpreter\linkResolver.cpp, line 826]
Event: 1.730 Thread 0x0000025c6e59db80 Exception <a 'java/lang/NoSuchMethodError'{0x00000000eb15cec0}: 'java.lang.Object java.lang.invoke.DirectMethodHandle$Holder.invokeSpecial(java.lang.Object, java.lang.Object, java.lang.Object, int, java.lang.Object, java.lang.Object)'> (0x00000000eb15cec0) 
thrown [s\src\hotspot\share\interpreter\linkResolver.cpp, line 759]
Event: 1.731 Thread 0x0000025c6e59db80 Exception <a 'java/lang/NoSuchMethodError'{0x00000000eb165648}: 'java.lang.Object java.lang.invoke.DirectMethodHandle$Holder.newInvokeSpecial(java.lang.Object, java.lang.Object, java.lang.Object, int, java.lang.Object)'> (0x00000000eb165648) 
thrown [s\src\hotspot\share\interpreter\linkResolver.cpp, line 759]
Event: 1.731 Thread 0x0000025c6e59db80 Exception <a 'java/lang/NoSuchMethodError'{0x00000000eb169aa0}: 'java.lang.Object java.lang.invoke.DirectMethodHandle$Holder.invokeSpecial(java.lang.Object, java.lang.Object, java.lang.Object, java.lang.Object, int, java.lang.Object)'> (0x00000000eb169aa0) 
thrown [s\src\hotspot\share\interpreter\linkResolver.cpp, line 759]
Event: 1.732 Thread 0x0000025c6e6f4410 Exception <a 'java/lang/NoSuchMethodError'{0x00000000eb072608}: 'java.lang.Object java.lang.invoke.DirectMethodHandle$Holder.invokeSpecial(java.lang.Object, java.lang.Object, int, java.lang.Object, java.lang.Object)'> (0x00000000eb072608) 
thrown [s\src\hotspot\share\interpreter\linkResolver.cpp, line 759]
Event: 1.732 Thread 0x0000025c6e6f4410 Exception <a 'java/lang/NoSuchMethodError'{0x00000000eb079cd8}: 'java.lang.Object java.lang.invoke.DirectMethodHandle$Holder.newInvokeSpecial(java.lang.Object, java.lang.Object, int, java.lang.Object)'> (0x00000000eb079cd8) 
thrown [s\src\hotspot\share\interpreter\linkResolver.cpp, line 759]
Event: 1.733 Thread 0x0000025c6e6f4410 Exception <a 'java/lang/NoSuchMethodError'{0x00000000eb07d7e8}: 'java.lang.Object java.lang.invoke.DirectMethodHandle$Holder.invokeSpecial(java.lang.Object, java.lang.Object, java.lang.Object, int, java.lang.Object)'> (0x00000000eb07d7e8) 
thrown [s\src\hotspot\share\interpreter\linkResolver.cpp, line 759]
Event: 2.203 Thread 0x0000025c6e59db80 Exception <a 'java/lang/ClassNotFoundException'{0x00000000eb4d5e98}: com/sun/org/apache/xerces/internal/impl/msg/spi/DOMMessagesProvider> (0x00000000eb4d5e98) 
thrown [s\src\hotspot\share\classfile\systemDictionary.cpp, line 256]
Event: 2.205 Thread 0x0000025c6e59db80 Implicit null exception at 0x0000025c5e14b400 to 0x0000025c5e14c0a0
Event: 2.205 Thread 0x0000025c6e59db80 Exception <a 'java/lang/ClassNotFoundException'{0x00000000eb503200}: com/sun/org/apache/xerces/internal/impl/msg/spi/XMLSerializerMessagesProvider> (0x00000000eb503200) 
thrown [s\src\hotspot\share\classfile\systemDictionary.cpp, line 256]
Event: 2.206 Thread 0x0000025c6e59db80 Exception <a 'java/lang/ClassNotFoundException'{0x00000000eb5104e0}: com/sun/org/apache/xerces/internal/impl/msg/spi/XMLMessagesProvider> (0x00000000eb5104e0) 
thrown [s\src\hotspot\share\classfile\systemDictionary.cpp, line 256]
Event: 2.223 Thread 0x0000025c6e59db80 Exception <a 'java/lang/NoSuchMethodError'{0x00000000eb686a30}: 'java.lang.Object java.lang.invoke.DirectMethodHandle$Holder.newInvokeSpecial(java.lang.Object, int, java.lang.Object, java.lang.Object)'> (0x00000000eb686a30) 
thrown [s\src\hotspot\share\interpreter\linkResolver.cpp, line 759]

VM Operations (20 events):
Event: 1.590 Executing VM operation: ParallelGCFailedAllocation
Event: 1.595 Executing VM operation: ParallelGCFailedAllocation done
Event: 1.741 Executing VM operation: HandshakeAllThreads
Event: 1.741 Executing VM operation: HandshakeAllThreads done
Event: 1.743 Executing VM operation: CollectForMetadataAllocation
Event: 1.762 Executing VM operation: CollectForMetadataAllocation done
Event: 1.896 Executing VM operation: ParallelGCFailedAllocation
Event: 1.897 Executing VM operation: ParallelGCFailedAllocation done
Event: 2.040 Executing VM operation: ParallelGCFailedAllocation
Event: 2.042 Executing VM operation: ParallelGCFailedAllocation done
Event: 2.173 Executing VM operation: HandshakeAllThreads
Event: 2.173 Executing VM operation: HandshakeAllThreads done
Event: 2.230 Executing VM operation: HandshakeAllThreads
Event: 2.230 Executing VM operation: HandshakeAllThreads done
Event: 2.262 Executing VM operation: HandshakeAllThreads
Event: 2.262 Executing VM operation: HandshakeAllThreads done
Event: 2.265 Executing VM operation: HandshakeAllThreads
Event: 2.265 Executing VM operation: HandshakeAllThreads done
Event: 2.267 Executing VM operation: HandshakeAllThreads
Event: 2.267 Executing VM operation: HandshakeAllThreads done

Events (20 events):
Event: 2.264 loading class java/text/DigitList
Event: 2.264 loading class java/text/DigitList done
Event: 2.264 loading class java/math/RoundingMode
Event: 2.264 loading class java/math/RoundingMode done
Event: 2.265 loading class java/text/MessageFormat
Event: 2.266 loading class java/text/MessageFormat done
Event: 2.266 loading class java/text/MessageFormat$Field
Event: 2.266 loading class java/text/MessageFormat$Field done
Event: 2.267 loading class java/lang/ProcessEnvironment
Event: 2.267 loading class java/lang/ProcessEnvironment done
Event: 2.267 loading class java/lang/ProcessEnvironment$NameComparator
Event: 2.268 loading class java/lang/ProcessEnvironment$NameComparator done
Event: 2.268 loading class java/lang/ProcessEnvironment$EntryComparator
Event: 2.268 loading class java/lang/ProcessEnvironment$EntryComparator done
Event: 2.268 loading class java/lang/ProcessEnvironment$CheckedEntrySet
Event: 2.268 loading class java/lang/ProcessEnvironment$CheckedEntrySet done
Event: 2.268 loading class java/lang/ProcessEnvironment$CheckedEntrySet$1
Event: 2.268 loading class java/lang/ProcessEnvironment$CheckedEntrySet$1 done
Event: 2.268 loading class java/lang/ProcessEnvironment$CheckedEntry
Event: 2.268 loading class java/lang/ProcessEnvironment$CheckedEntry done


Dynamic libraries:
0x00007ff7aec30000 - 0x00007ff7aec3e000 	c:\Users\jab525\.vscode\extensions\redhat.java-1.29.0-win32-x64\jre\17.0.10-win32-x86_64\bin\java.exe
0x00007ffbf2120000 - 0x00007ffbf230e000 	C:\Windows\SYSTEM32\ntdll.dll
0x00007ffbf0d70000 - 0x00007ffbf0e23000 	C:\Windows\System32\KERNEL32.DLL
0x00007ffbeef40000 - 0x00007ffbef1dd000 	C:\Windows\System32\KERNELBASE.dll
0x00007ffbee5c0000 - 0x00007ffbee6ba000 	C:\Windows\System32\ucrtbase.dll
0x00007ffbc0570000 - 0x00007ffbc0587000 	c:\Users\jab525\.vscode\extensions\redhat.java-1.29.0-win32-x64\jre\17.0.10-win32-x86_64\bin\jli.dll
0x00007ffbf1c40000 - 0x00007ffbf1dd7000 	C:\Windows\System32\USER32.dll
0x00007ffbee6c0000 - 0x00007ffbee6e0000 	C:\Windows\System32\win32u.dll
0x00007ffbf1e40000 - 0x00007ffbf1e69000 	C:\Windows\System32\GDI32.dll
0x00007ffbee3c0000 - 0x00007ffbee56a000 	C:\Windows\System32\gdi32full.dll
0x00007ffbef210000 - 0x00007ffbef2b0000 	C:\Windows\System32\msvcp_win.dll
0x00007ffbba670000 - 0x00007ffbba68b000 	c:\Users\jab525\.vscode\extensions\redhat.java-1.29.0-win32-x64\jre\17.0.10-win32-x86_64\bin\VCRUNTIME140.dll
0x00007ffbdb3e0000 - 0x00007ffbdb659000 	C:\Windows\WinSxS\amd64_microsoft.windows.common-controls_6595b64144ccf1df_6.0.17763.5329_none_de6f1d32534d4c59\COMCTL32.dll
0x00007ffbef3c0000 - 0x00007ffbef45e000 	C:\Windows\System32\msvcrt.dll
0x00007ffbf1070000 - 0x00007ffbf139b000 	C:\Windows\System32\combase.dll
0x00007ffbf1fd0000 - 0x00007ffbf20ee000 	C:\Windows\System32\RPCRT4.dll
0x00007ffbef2b0000 - 0x00007ffbef332000 	C:\Windows\System32\bcryptPrimitives.dll
0x00007ffbf0f90000 - 0x00007ffbf0fbe000 	C:\Windows\System32\IMM32.DLL
0x00007ffbedf90000 - 0x00007ffbedfcb000 	C:\Program Files\Citrix\HDX\bin\MfApHook.dll
0x00007ffbedeb0000 - 0x00007ffbedee4000 	C:\Program Files\Citrix\HDX\bin\CtxMFPlugin64.dll
0x00007ffbf1b10000 - 0x00007ffbf1bb8000 	C:\Windows\System32\ADVAPI32.dll
0x00007ffbef460000 - 0x00007ffbef502000 	C:\Windows\System32\sechost.dll
0x00007ffbedc80000 - 0x00007ffbede81000 	C:\Windows\SYSTEM32\MFPlat.DLL
0x00007ffbef1e0000 - 0x00007ffbef206000 	C:\Windows\System32\bcrypt.dll
0x00007ffbf1e70000 - 0x00007ffbf1fc6000 	C:\Windows\System32\ole32.dll
0x00007ffbf0e30000 - 0x00007ffbf0ef4000 	C:\Windows\System32\OLEAUT32.dll
0x00007ffbee570000 - 0x00007ffbee5ba000 	C:\Windows\System32\cfgmgr32.dll
0x00007ffbf13a0000 - 0x00007ffbf1447000 	C:\Windows\System32\shcore.dll
0x00007ffbce430000 - 0x00007ffbce43c000 	c:\Users\jab525\.vscode\extensions\redhat.java-1.29.0-win32-x64\jre\17.0.10-win32-x86_64\bin\VCRUNTIME140_1.dll
0x00007ffbee180000 - 0x00007ffbee191000 	C:\Windows\System32\kernel.appcore.dll
0x00007ffbede90000 - 0x00007ffbedea3000 	C:\Windows\SYSTEM32\WTSAPI32.dll
0x00007ffbedc20000 - 0x00007ffbedc4f000 	C:\Windows\SYSTEM32\RTWorkQ.DLL
0x00007ffbed6f0000 - 0x00007ffbedc19000 	C:\Windows\system32\mfcore.dll
0x00007ffbee1a0000 - 0x00007ffbee39e000 	C:\Windows\System32\CRYPT32.dll
0x00007ffbee100000 - 0x00007ffbee112000 	C:\Windows\System32\MSASN1.dll
0x00007ffbee120000 - 0x00007ffbee17d000 	C:\Windows\System32\powrprof.dll
0x00007ffbed6e0000 - 0x00007ffbed6e9000 	C:\Windows\SYSTEM32\ksuser.dll
0x00007ffbed6d0000 - 0x00007ffbed6dc000 	C:\Windows\SYSTEM32\CRYPTBASE.DLL
0x00007ffbe5c10000 - 0x00007ffbe5c4a000 	C:\Program Files\Citrix\HDX\bin\mmhook.dll
0x00007ffbec0d0000 - 0x00007ffbec0ff000 	C:\Program Files\Citrix\HDX\bin\SfrHook.dll
0x00007ffbed670000 - 0x00007ffbed69d000 	C:\Program Files\Citrix\HDX\bin\ShellHook.dll
0x00007ffbf18d0000 - 0x00007ffbf1922000 	C:\Windows\System32\SHLWAPI.dll
0x00007ffbed540000 - 0x00007ffbed666000 	C:\Program Files\Citrix\HDX\bin\SCardHook.dll
0x00007ffbb84a0000 - 0x00007ffbb852d000 	c:\Users\jab525\.vscode\extensions\redhat.java-1.29.0-win32-x64\jre\17.0.10-win32-x86_64\bin\msvcp140.dll
0x00007ffb76b20000 - 0x00007ffb77782000 	c:\Users\jab525\.vscode\extensions\redhat.java-1.29.0-win32-x64\jre\17.0.10-win32-x86_64\bin\server\jvm.dll
0x00007ffbd9110000 - 0x00007ffbd9119000 	C:\Windows\SYSTEM32\WSOCK32.dll
0x00007ffbf1930000 - 0x00007ffbf199d000 	C:\Windows\System32\WS2_32.dll
0x00007ffbdbab0000 - 0x00007ffbdbad4000 	C:\Windows\SYSTEM32\WINMM.dll
0x00007ffbe7670000 - 0x00007ffbe767a000 	C:\Windows\SYSTEM32\VERSION.dll
0x00007ffbdb7c0000 - 0x00007ffbdb7ed000 	C:\Windows\SYSTEM32\WINMMBASE.dll
0x00007ffbc7c90000 - 0x00007ffbc7c9a000 	c:\Users\jab525\.vscode\extensions\redhat.java-1.29.0-win32-x64\jre\17.0.10-win32-x86_64\bin\jimage.dll
0x00007ffbdad90000 - 0x00007ffbdaf7d000 	C:\Windows\SYSTEM32\DBGHELP.DLL
0x00007ffbdad50000 - 0x00007ffbdad7a000 	C:\Windows\SYSTEM32\dbgcore.DLL
0x00007ffbc7c20000 - 0x00007ffbc7c2e000 	c:\Users\jab525\.vscode\extensions\redhat.java-1.29.0-win32-x64\jre\17.0.10-win32-x86_64\bin\instrument.dll
0x00007ffbbaa80000 - 0x00007ffbbaaa5000 	c:\Users\jab525\.vscode\extensions\redhat.java-1.29.0-win32-x64\jre\17.0.10-win32-x86_64\bin\java.dll
0x00007ffbc08d0000 - 0x00007ffbc08e8000 	c:\Users\jab525\.vscode\extensions\redhat.java-1.29.0-win32-x64\jre\17.0.10-win32-x86_64\bin\zip.dll
0x00007ffbef870000 - 0x00007ffbf0d68000 	C:\Windows\System32\SHELL32.dll
0x00007ffbee7f0000 - 0x00007ffbeef37000 	C:\Windows\System32\windows.storage.dll
0x00007ffbee0d0000 - 0x00007ffbee0f3000 	C:\Windows\System32\profapi.dll
0x00007ffbee3a0000 - 0x00007ffbee3bb000 	C:\Windows\System32\cryptsp.dll
0x00007ffbba5e0000 - 0x00007ffbba5f9000 	C:\Users\jab525\.vscode\extensions\redhat.java-1.29.0-win32-x64\jre\17.0.10-win32-x86_64\bin\net.dll
0x00007ffbe76a0000 - 0x00007ffbe779d000 	C:\Windows\SYSTEM32\WINHTTP.dll
0x00007ffbecca0000 - 0x00007ffbecd07000 	C:\Windows\system32\mswsock.dll
0x00007ffbba5c0000 - 0x00007ffbba5d6000 	C:\Users\jab525\.vscode\extensions\redhat.java-1.29.0-win32-x64\jre\17.0.10-win32-x86_64\bin\nio.dll
0x00007ffbc7bf0000 - 0x00007ffbc7c00000 	c:\Users\jab525\.vscode\extensions\redhat.java-1.29.0-win32-x64\jre\17.0.10-win32-x86_64\bin\verify.dll
0x00007ffbb8460000 - 0x00007ffbb849e000 	C:\Users\jab525\AppData\Roaming\Code\User\globalStorage\redhat.java\1.29.0\config_ss_win\org.eclipse.equinox.launcher\org.eclipse.equinox.launcher.win32.win32.x86_64_1.2.900.v20240213-1244\eclipse_11900.dll

dbghelp: loaded successfully - version: 4.0.5 - missing functions: none
symbol engine: initialized successfully - sym options: 0x614 - pdb path: .;c:\Users\jab525\.vscode\extensions\redhat.java-1.29.0-win32-x64\jre\17.0.10-win32-x86_64\bin;C:\Windows\SYSTEM32;C:\Windows\WinSxS\amd64_microsoft.windows.common-controls_6595b64144ccf1df_6.0.17763.5329_none_de6f1d32534d4c59;C:\Program Files\Citrix\HDX\bin;c:\Users\jab525\.vscode\extensions\redhat.java-1.29.0-win32-x64\jre\17.0.10-win32-x86_64\bin\server;C:\Users\jab525\AppData\Roaming\Code\User\globalStorage\redhat.java\1.29.0\config_ss_win\org.eclipse.equinox.launcher\org.eclipse.equinox.launcher.win32.win32.x86_64_1.2.900.v20240213-1244

VM Arguments:
jvm_args: --add-modules=ALL-SYSTEM --add-opens=java.base/java.util=ALL-UNNAMED --add-opens=java.base/java.lang=ALL-UNNAMED --add-opens=java.base/sun.nio.fs=ALL-UNNAMED -Declipse.application=org.eclipse.jdt.ls.core.id1 -Dosgi.bundles.defaultStartLevel=4 -Declipse.product=org.eclipse.jdt.ls.core.product -Djava.import.generatesMetadataFilesAtProjectRoot=false -DDetectVMInstallationsJob.disabled=true -Dfile.encoding=utf8 -XX:+UseParallelGC -XX:GCTimeRatio=4 -XX:AdaptiveSizePolicyWeight=90 -Dsun.zip.disableMemoryMapping=true -Xmx1G -Xms100m -Xlog:disable -javaagent:c:\Users\jab525\.vscode\extensions\redhat.java-1.29.0-win32-x64\lombok\lombok-1.18.32.jar 
java_command: c:\Users\jab525\.vscode\extensions\redhat.java-1.29.0-win32-x64\server\plugins\org.eclipse.equinox.launcher_1.6.800.v20240304-1850.jar -configuration c:\Users\jab525\AppData\Roaming\Code\User\globalStorage\redhat.java\1.29.0\config_ss_win -data c:\Users\jab525\AppData\Roaming\Code\User\workspaceStorage\5092cb17a02b7fcc3c168c651c70f762\redhat.java\ss_ws --stdio
java_class_path (initial): c:\Users\jab525\.vscode\extensions\redhat.java-1.29.0-win32-x64\server\plugins\org.eclipse.equinox.launcher_1.6.800.v20240304-1850.jar
Launcher Type: SUN_STANDARD

[Global flags]
    uintx AdaptiveSizePolicyWeight                 = 90                                        {product} {command line}
     intx CICompilerCount                          = 4                                         {product} {ergonomic}
    uintx GCTimeRatio                              = 4                                         {product} {command line}
   size_t InitialHeapSize                          = 104857600                                 {product} {command line}
   size_t MaxHeapSize                              = 1073741824                                {product} {command line}
   size_t MaxNewSize                               = 357564416                                 {product} {ergonomic}
   size_t MinHeapDeltaBytes                        = 524288                                    {product} {ergonomic}
   size_t MinHeapSize                              = 104857600                                 {product} {command line}
   size_t NewSize                                  = 34603008                                  {product} {ergonomic}
    uintx NonNMethodCodeHeapSize                   = 5839372                                {pd product} {ergonomic}
    uintx NonProfiledCodeHeapSize                  = 122909434                              {pd product} {ergonomic}
   size_t OldSize                                  = 70254592                                  {product} {ergonomic}
    uintx ProfiledCodeHeapSize                     = 122909434                              {pd product} {ergonomic}
    uintx ReservedCodeCacheSize                    = 251658240                              {pd product} {ergonomic}
     bool SegmentedCodeCache                       = true                                      {product} {ergonomic}
   size_t SoftMaxHeapSize                          = 1073741824                             {manageable} {ergonomic}
     bool UseCompressedClassPointers               = true                           {product lp64_product} {ergonomic}
     bool UseCompressedOops                        = true                           {product lp64_product} {ergonomic}
     bool UseLargePagesIndividualAllocation        = false                                  {pd product} {ergonomic}
     bool UseParallelGC                            = true                                      {product} {command line}

Logging:
Log output configuration:
 #0: stdout all=off uptime,level,tags
 #1: stderr all=off uptime,level,tags

Environment Variables:
JAVA_HOME=C:\Program Files\Microsoft\jdk-11.0.21.9-hotspot\
PATH=C:\Program Files\Microsoft\jdk-11.0.21.9-hotspot\bin;C:\Windows\system32;C:\Windows;C:\Windows\System32\Wbem;C:\Windows\System32\WindowsPowerShell\v1.0\;C:\Windows\System32\OpenSSH\;C:\Program Files (x86)\Citrix\HDX\bin\;C:\Program Files\Citrix\HDX\bin\;C:\Program Files\Microsoft VS Code\bin;C:\Program Files (x86)\Microsoft SQL Server\160\DTS\Binn\;C:\Program Files\Azure Data Studio\bin;C:\Program Files (x86)\Citrix\Workspace Environment Management Agent;C:\Program Files\AzureConnectedMachineAgent\;C:\Users\jab525\AppData\Local\Microsoft\WindowsApps;C:\Users\jab525\AppData\Local\Programs\Git\cmd;C:\Users\jab525\AppData\Local\GitHubDesktop\bin
USERNAME=jab525
OS=Windows_NT
PROCESSOR_IDENTIFIER=Intel64 Family 6 Model 85 Stepping 0, GenuineIntel
TMP=C:\Users\LOFE7E~1\Temp\162
TEMP=C:\Users\LOFE7E~1\Temp\162



Periodic native trim disabled


---------------  S Y S T E M  ---------------

OS:
 Windows Server 2019 , 64 bit Build 17763 (10.0.17763.4974)
OS uptime: 93 days 22:12 hours
VMWare virtualization detected

CPU: total 8 (initial active 8) (2 cores per cpu, 1 threads per core) family 6 model 85 stepping 0 microcode 0x5003501, cx8, cmov, fxsr, mmx, 3dnowpref, sse, sse2, sse3, ssse3, sse4.1, sse4.2, popcnt, lzcnt, tsc, tscinvbit, avx, avx2, aes, erms, clmul, bmi1, bmi2, adx, fma, vzeroupper, clflush, clflushopt, clwb, hv
Processor Information for all 8 processors :
  Max Mhz: 2993, Current Mhz: 2993, Mhz Limit: 2993

Memory: 4k page, system-wide physical 16383M (345M free)
TotalPageFile size 24479M (AvailPageFile size 6M)
current process WorkingSet (physical memory assigned to process): 138M, peak: 142M
current process commit charge ("private bytes"): 248M, peak: 251M

vm_info: OpenJDK 64-Bit Server VM (17.0.10+7) for windows-amd64 JRE (17.0.10+7), built on Jan 16 2024 23:25:11 by "admin" with MS VC++ 16.10 / 16.11 (VS2019)

END.
